000 (6569.000.000) 2026-04-19 22:22:05 Job submitted from host: <128.105.76.6:9618?addrs=128.105.76.6-9618+[2607-f388-2200-100-216-3eff-fe63-f8a5]-9618&alias=learn.chtc.wisc.edu&noUDP&sock=schedd_6739_f8d1>
...
040 (6569.000.000) 2026-04-19 22:22:36 Started transferring input files
	Transferring to host: <128.105.69.188:9618?addrs=128.105.69.188-9618+[2607-f388-2200-100-1270-fdff-fe56-bf54]-9618&alias=e4040.chtc.wisc.edu&noUDP&sock=slot1_34_2206873_6be7_87899>
...
021 (6569.000.000) 2026-04-19 22:22:39 Error from starter on slot1_34@e4040.chtc.wisc.edu:
	disk usage exceeded request_disk
	Code 21 Subcode 103
...
004 (6569.000.000) 2026-04-19 22:22:39 Job was evicted. Code 21 Subcode 103
	(0) CPU times
		Usr 0 00:00:00, Sys 0 00:00:00  -  Run Remote Usage
		Usr 0 00:00:00, Sys 0 00:00:00  -  Run Local Usage
	0  -  Run Bytes Sent By Job
	0  -  Run Bytes Received By Job
	Reason: Error from slot1_34@e4040.chtc.wisc.edu: disk usage exceeded request_disk
	Partitionable Resources :    Usage  Request Allocated 
	   Cpus                 :                 1         1 
	   Disk (KB)            : 12500000  3145728   3145728 
	   GPUs                 :                           0 
	   IoHeavy              :                           0 
	   Memory (MB)          :              1024      1024 
...
012 (6569.000.000) 2026-04-19 22:22:39 Job was held.
	Error from slot1_34@e4040.chtc.wisc.edu: disk usage exceeded request_disk
	Code 21 Subcode 103
...
009 (6569.000.000) 2026-04-19 22:22:58 Job was aborted.
	via condor_rm (by user sbasnet3)
...
