000 (6571.000.000) 2026-04-19 22:29:20 Job submitted from host: <128.105.76.6:9618?addrs=128.105.76.6-9618+[2607-f388-2200-100-216-3eff-fe63-f8a5]-9618&alias=learn.chtc.wisc.edu&noUDP&sock=schedd_6739_f8d1>
...
000 (6571.001.000) 2026-04-19 22:29:20 Job submitted from host: <128.105.76.6:9618?addrs=128.105.76.6-9618+[2607-f388-2200-100-216-3eff-fe63-f8a5]-9618&alias=learn.chtc.wisc.edu&noUDP&sock=schedd_6739_f8d1>
...
000 (6571.010.000) 2026-04-19 22:29:20 Job submitted from host: <128.105.76.6:9618?addrs=128.105.76.6-9618+[2607-f388-2200-100-216-3eff-fe63-f8a5]-9618&alias=learn.chtc.wisc.edu&noUDP&sock=schedd_6739_f8d1>
...
000 (6571.011.000) 2026-04-19 22:29:20 Job submitted from host: <128.105.76.6:9618?addrs=128.105.76.6-9618+[2607-f388-2200-100-216-3eff-fe63-f8a5]-9618&alias=learn.chtc.wisc.edu&noUDP&sock=schedd_6739_f8d1>
...
000 (6571.012.000) 2026-04-19 22:29:20 Job submitted from host: <128.105.76.6:9618?addrs=128.105.76.6-9618+[2607-f388-2200-100-216-3eff-fe63-f8a5]-9618&alias=learn.chtc.wisc.edu&noUDP&sock=schedd_6739_f8d1>
...
000 (6571.013.000) 2026-04-19 22:29:20 Job submitted from host: <128.105.76.6:9618?addrs=128.105.76.6-9618+[2607-f388-2200-100-216-3eff-fe63-f8a5]-9618&alias=learn.chtc.wisc.edu&noUDP&sock=schedd_6739_f8d1>
...
000 (6571.014.000) 2026-04-19 22:29:20 Job submitted from host: <128.105.76.6:9618?addrs=128.105.76.6-9618+[2607-f388-2200-100-216-3eff-fe63-f8a5]-9618&alias=learn.chtc.wisc.edu&noUDP&sock=schedd_6739_f8d1>
...
000 (6571.015.000) 2026-04-19 22:29:20 Job submitted from host: <128.105.76.6:9618?addrs=128.105.76.6-9618+[2607-f388-2200-100-216-3eff-fe63-f8a5]-9618&alias=learn.chtc.wisc.edu&noUDP&sock=schedd_6739_f8d1>
...
000 (6571.016.000) 2026-04-19 22:29:20 Job submitted from host: <128.105.76.6:9618?addrs=128.105.76.6-9618+[2607-f388-2200-100-216-3eff-fe63-f8a5]-9618&alias=learn.chtc.wisc.edu&noUDP&sock=schedd_6739_f8d1>
...
000 (6571.017.000) 2026-04-19 22:29:20 Job submitted from host: <128.105.76.6:9618?addrs=128.105.76.6-9618+[2607-f388-2200-100-216-3eff-fe63-f8a5]-9618&alias=learn.chtc.wisc.edu&noUDP&sock=schedd_6739_f8d1>
...
000 (6571.018.000) 2026-04-19 22:29:20 Job submitted from host: <128.105.76.6:9618?addrs=128.105.76.6-9618+[2607-f388-2200-100-216-3eff-fe63-f8a5]-9618&alias=learn.chtc.wisc.edu&noUDP&sock=schedd_6739_f8d1>
...
000 (6571.019.000) 2026-04-19 22:29:20 Job submitted from host: <128.105.76.6:9618?addrs=128.105.76.6-9618+[2607-f388-2200-100-216-3eff-fe63-f8a5]-9618&alias=learn.chtc.wisc.edu&noUDP&sock=schedd_6739_f8d1>
...
000 (6571.002.000) 2026-04-19 22:29:20 Job submitted from host: <128.105.76.6:9618?addrs=128.105.76.6-9618+[2607-f388-2200-100-216-3eff-fe63-f8a5]-9618&alias=learn.chtc.wisc.edu&noUDP&sock=schedd_6739_f8d1>
...
000 (6571.020.000) 2026-04-19 22:29:20 Job submitted from host: <128.105.76.6:9618?addrs=128.105.76.6-9618+[2607-f388-2200-100-216-3eff-fe63-f8a5]-9618&alias=learn.chtc.wisc.edu&noUDP&sock=schedd_6739_f8d1>
...
000 (6571.021.000) 2026-04-19 22:29:20 Job submitted from host: <128.105.76.6:9618?addrs=128.105.76.6-9618+[2607-f388-2200-100-216-3eff-fe63-f8a5]-9618&alias=learn.chtc.wisc.edu&noUDP&sock=schedd_6739_f8d1>
...
000 (6571.022.000) 2026-04-19 22:29:20 Job submitted from host: <128.105.76.6:9618?addrs=128.105.76.6-9618+[2607-f388-2200-100-216-3eff-fe63-f8a5]-9618&alias=learn.chtc.wisc.edu&noUDP&sock=schedd_6739_f8d1>
...
000 (6571.023.000) 2026-04-19 22:29:20 Job submitted from host: <128.105.76.6:9618?addrs=128.105.76.6-9618+[2607-f388-2200-100-216-3eff-fe63-f8a5]-9618&alias=learn.chtc.wisc.edu&noUDP&sock=schedd_6739_f8d1>
...
000 (6571.003.000) 2026-04-19 22:29:20 Job submitted from host: <128.105.76.6:9618?addrs=128.105.76.6-9618+[2607-f388-2200-100-216-3eff-fe63-f8a5]-9618&alias=learn.chtc.wisc.edu&noUDP&sock=schedd_6739_f8d1>
...
000 (6571.004.000) 2026-04-19 22:29:20 Job submitted from host: <128.105.76.6:9618?addrs=128.105.76.6-9618+[2607-f388-2200-100-216-3eff-fe63-f8a5]-9618&alias=learn.chtc.wisc.edu&noUDP&sock=schedd_6739_f8d1>
...
000 (6571.005.000) 2026-04-19 22:29:20 Job submitted from host: <128.105.76.6:9618?addrs=128.105.76.6-9618+[2607-f388-2200-100-216-3eff-fe63-f8a5]-9618&alias=learn.chtc.wisc.edu&noUDP&sock=schedd_6739_f8d1>
...
000 (6571.006.000) 2026-04-19 22:29:20 Job submitted from host: <128.105.76.6:9618?addrs=128.105.76.6-9618+[2607-f388-2200-100-216-3eff-fe63-f8a5]-9618&alias=learn.chtc.wisc.edu&noUDP&sock=schedd_6739_f8d1>
...
000 (6571.007.000) 2026-04-19 22:29:20 Job submitted from host: <128.105.76.6:9618?addrs=128.105.76.6-9618+[2607-f388-2200-100-216-3eff-fe63-f8a5]-9618&alias=learn.chtc.wisc.edu&noUDP&sock=schedd_6739_f8d1>
...
000 (6571.008.000) 2026-04-19 22:29:20 Job submitted from host: <128.105.76.6:9618?addrs=128.105.76.6-9618+[2607-f388-2200-100-216-3eff-fe63-f8a5]-9618&alias=learn.chtc.wisc.edu&noUDP&sock=schedd_6739_f8d1>
...
000 (6571.009.000) 2026-04-19 22:29:20 Job submitted from host: <128.105.76.6:9618?addrs=128.105.76.6-9618+[2607-f388-2200-100-216-3eff-fe63-f8a5]-9618&alias=learn.chtc.wisc.edu&noUDP&sock=schedd_6739_f8d1>
...
040 (6571.001.000) 2026-04-19 22:29:52 Started transferring input files
	Transferring to host: <128.105.68.159:9618?addrs=128.105.68.159-9618+[2607-f388-2200-100-b226-28ff-fe51-396c]-9618&alias=e2018.chtc.wisc.edu&noUDP&sock=slot1_10_3497627_61af_88896>
...
040 (6571.006.000) 2026-04-19 22:29:52 Started transferring input files
	Transferring to host: <128.105.68.33:9618?addrs=128.105.68.33-9618+[2607-f388-2200-100-3680-dff-fe2e-7f88]-9618&alias=e2463.chtc.wisc.edu&noUDP&sock=slot1_4_1174138_303b_107899>
...
040 (6571.003.000) 2026-04-19 22:29:52 Started transferring input files
	Transferring to host: <128.105.68.53:9618?addrs=128.105.68.53-9618+[2607-f388-2200-100-3680-dff-fe2e-8828]-9618&alias=e2483.chtc.wisc.edu&noUDP&sock=slot1_2_3468947_ba21_93222>
...
040 (6571.019.000) 2026-04-19 22:29:52 Started transferring input files
	Transferring to host: <128.105.68.26:9618?addrs=128.105.68.26-9618+[2607-f388-2200-100-3680-dff-fe2e-8018]-9618&alias=e2456.chtc.wisc.edu&noUDP&sock=slot1_4_3760662_5597_88052>
...
040 (6571.010.000) 2026-04-19 22:29:52 Started transferring input files
	Transferring to host: <128.105.69.183:9618?addrs=128.105.69.183-9618+[2607-f388-2200-100-1270-fdff-fe56-b9c4]-9618&alias=e2566.chtc.wisc.edu&noUDP&sock=slot1_28_1313068_f10d_143465>
...
040 (6571.007.000) 2026-04-19 22:29:52 Started transferring input files
	Transferring to host: <128.105.68.48:9618?addrs=128.105.68.48-9618+[2607-f388-2200-100-3680-dff-fe2e-8420]-9618&alias=e2478.chtc.wisc.edu&noUDP&sock=slot1_1_2535867_74e9_104739>
...
040 (6571.009.000) 2026-04-19 22:29:52 Started transferring input files
	Transferring to host: <128.105.68.37:9618?addrs=128.105.68.37-9618+[2607-f388-2200-100-3680-dff-fe2e-8438]-9618&alias=e2467.chtc.wisc.edu&noUDP&sock=slot1_14_386295_85f6_94940>
...
040 (6571.015.000) 2026-04-19 22:29:52 Started transferring input files
	Transferring to host: <128.105.69.218:9618?addrs=128.105.69.218-9618+[2607-f388-2200-100-eaeb-d3ff-fe40-f94]-9618&alias=e2601.chtc.wisc.edu&noUDP&sock=slot1_2_4088927_b91c_126199>
...
040 (6571.013.000) 2026-04-19 22:29:57 Entered queue to transfer input files
	Transferring to host: <128.105.68.158:9618?addrs=128.105.68.158-9618+[2607-f388-2200-100-b226-28ff-fe50-6730]-9618&alias=e2017.chtc.wisc.edu&noUDP&sock=slot1_2_1818557_abb8_88274>
...
040 (6571.004.000) 2026-04-19 22:29:57 Entered queue to transfer input files
	Transferring to host: <128.105.69.133:9618?addrs=128.105.69.133-9618+[2607-f388-2200-100-1270-fdff-fe56-70f4]-9618&alias=e4082.chtc.wisc.edu&noUDP&sock=slot1_8_12109_a2c5_113307>
...
040 (6571.005.000) 2026-04-19 22:29:57 Entered queue to transfer input files
	Transferring to host: <128.105.68.154:9618?addrs=128.105.68.154-9618+[fde1-53ba-e9a0-de11-8055-9bb5-58cf-8aeb]-9618&alias=e2013.chtc.wisc.edu&noUDP&sock=slot1_2_11637_11b2_23635>
...
040 (6571.023.000) 2026-04-19 22:29:57 Entered queue to transfer input files
	Transferring to host: <128.105.69.142:9618?addrs=128.105.69.142-9618+[2607-f388-2200-100-1270-fdff-fe56-747c]-9618&alias=e4019.chtc.wisc.edu&noUDP&sock=slot1_3_415195_300d_95598>
...
040 (6571.022.000) 2026-04-19 22:29:57 Entered queue to transfer input files
	Transferring to host: <128.105.69.143:9618?addrs=128.105.69.143-9618+[2607-f388-2200-100-1270-fdff-fe56-7694]-9618&alias=e4020.chtc.wisc.edu&noUDP&sock=slot1_3_1473195_e61c_114083>
...
040 (6571.011.000) 2026-04-19 22:29:58 Entered queue to transfer input files
	Transferring to host: <128.105.69.188:9618?addrs=128.105.69.188-9618+[2607-f388-2200-100-1270-fdff-fe56-bf54]-9618&alias=e4040.chtc.wisc.edu&noUDP&sock=slot1_13_2206873_6be7_87907>
...
040 (6571.016.000) 2026-04-19 22:29:58 Entered queue to transfer input files
	Transferring to host: <128.105.69.184:9618?addrs=128.105.69.184-9618+[2607-f388-2200-100-1270-fdff-fe56-bbfc]-9618&alias=e4036.chtc.wisc.edu&noUDP&sock=slot1_22_2867792_a583_102879>
...
040 (6571.014.000) 2026-04-19 22:29:58 Entered queue to transfer input files
	Transferring to host: <128.105.69.195:9618?addrs=128.105.69.195-9618+[2607-f388-2200-100-1270-fdff-fe56-6f44]-9618&alias=e4048.chtc.wisc.edu&noUDP&sock=slot1_5_3405890_5dbc_115259>
...
040 (6571.008.000) 2026-04-19 22:29:58 Entered queue to transfer input files
	Transferring to host: <128.105.69.199:9618?addrs=128.105.69.199-9618+[2607-f388-2200-100-1270-fdff-fe56-70ec]-9618&alias=e4052.chtc.wisc.edu&noUDP&sock=slot1_7_2635416_bb99_110588>
...
040 (6571.013.000) 2026-04-19 22:29:59 Started transferring input files
	Seconds spent in queue: 2
...
040 (6571.019.000) 2026-04-19 22:29:59 Finished transferring input files
...
001 (6571.019.000) 2026-04-19 22:30:00 Job executing on host: <128.105.68.26:9618?addrs=128.105.68.26-9618+[2607-f388-2200-100-3680-dff-fe2e-8018]-9618&alias=e2456.chtc.wisc.edu&noUDP&sock=startd_11678_b713>
	SlotName: slot1_4@e2456.chtc.wisc.edu
	CondorScratchDir = "/var/lib/condor/execute/slot1/dir_155989/scratch"
	Cpus = 1
	Disk = 3145728
	GPUs = 0
	IoHeavy = 0
	Memory = 1024
...
040 (6571.004.000) 2026-04-19 22:30:01 Started transferring input files
	Seconds spent in queue: 4
...
040 (6571.007.000) 2026-04-19 22:30:01 Finished transferring input files
...
006 (6571.019.000) 2026-04-19 22:30:02 Image size of job updated: 2180
	0  -  MemoryUsage of job (MB)
	0  -  ResidentSetSize of job (KB)
...
040 (6571.019.000) 2026-04-19 22:30:02 Started transferring output files
...
040 (6571.019.000) 2026-04-19 22:30:02 Finished transferring output files
...
001 (6571.007.000) 2026-04-19 22:30:02 Job executing on host: <128.105.68.48:9618?addrs=128.105.68.48-9618+[2607-f388-2200-100-3680-dff-fe2e-8420]-9618&alias=e2478.chtc.wisc.edu&noUDP&sock=startd_11568_43a8>
	SlotName: slot1_1@e2478.chtc.wisc.edu
	CondorScratchDir = "/var/lib/condor/execute/slot1/dir_797198/scratch"
	Cpus = 1
	Disk = 3145728
	GPUs = 0
	IoHeavy = 0
	Memory = 1024
...
005 (6571.019.000) 2026-04-19 22:30:02 Job terminated.
	(1) Normal termination (return value 1)
		Usr 0 00:00:01, Sys 0 00:00:00  -  Run Remote Usage
		Usr 0 00:00:00, Sys 0 00:00:00  -  Run Local Usage
		Usr 0 00:00:01, Sys 0 00:00:00  -  Total Remote Usage
		Usr 0 00:00:00, Sys 0 00:00:00  -  Total Local Usage
	405  -  Run Bytes Sent By Job
	1122283826  -  Run Bytes Received By Job
	405  -  Total Bytes Sent By Job
	1122283826  -  Total Bytes Received By Job
	Partitionable Resources :    Usage  Request Allocated 
	   Cpus                 :        0        1         1 
	   Disk (KB)            :  1096008  3145728   3145728 
	   GPUs                 :                           0 
	   IoHeavy              :                           0 
	   Memory (MB)          :        0     1024      1024 
	   TimeExecute (s)      :        2                    
	   TimeSlotBusy (s)     :       10                    
...
040 (6571.005.000) 2026-04-19 22:30:02 Started transferring input files
	Seconds spent in queue: 5
...
040 (6571.010.000) 2026-04-19 22:30:02 Finished transferring input files
...
040 (6571.023.000) 2026-04-19 22:30:02 Started transferring input files
	Seconds spent in queue: 5
...
040 (6571.006.000) 2026-04-19 22:30:03 Finished transferring input files
...
040 (6571.022.000) 2026-04-19 22:30:03 Started transferring input files
	Seconds spent in queue: 6
...
040 (6571.009.000) 2026-04-19 22:30:03 Finished transferring input files
...
001 (6571.010.000) 2026-04-19 22:30:03 Job executing on host: <128.105.69.183:9618?addrs=128.105.69.183-9618+[2607-f388-2200-100-1270-fdff-fe56-b9c4]-9618&alias=e2566.chtc.wisc.edu&noUDP&sock=startd_14607_c3f8>
	SlotName: slot1_28@e2566.chtc.wisc.edu
	CondorScratchDir = "/var/lib/condor/execute/slot1/dir_1623268/scratch"
	Cpus = 1
	Disk = 3146881
	GPUs = 0
	IoHeavy = 0
	Memory = 1024
...
001 (6571.006.000) 2026-04-19 22:30:04 Job executing on host: <128.105.68.33:9618?addrs=128.105.68.33-9618+[2607-f388-2200-100-3680-dff-fe2e-7f88]-9618&alias=e2463.chtc.wisc.edu&noUDP&sock=startd_12000_9492>
	SlotName: slot1_4@e2463.chtc.wisc.edu
	CondorScratchDir = "/var/lib/condor/execute/slot1/dir_2202414/scratch"
	Cpus = 1
	Disk = 3145728
	GPUs = 0
	IoHeavy = 0
	Memory = 1024
...
001 (6571.009.000) 2026-04-19 22:30:04 Job executing on host: <128.105.68.37:9618?addrs=128.105.68.37-9618+[2607-f388-2200-100-3680-dff-fe2e-8438]-9618&alias=e2467.chtc.wisc.edu&noUDP&sock=startd_11664_1cc0>
	SlotName: slot1_14@e2467.chtc.wisc.edu
	CondorScratchDir = "/var/lib/condor/execute/slot1/dir_1398819/scratch"
	Cpus = 1
	Disk = 3145728
	GPUs = 0
	IoHeavy = 0
	Memory = 1024
...
040 (6571.020.000) 2026-04-19 22:30:04 Entered queue to transfer input files
	Transferring to host: <128.105.69.158:9618?addrs=128.105.69.158-9618+[2607-f388-2200-100-1270-fdff-fe56-4684]-9618&alias=e4091.chtc.wisc.edu&noUDP&sock=slot1_12_2797539_0d7a_99248>
...
040 (6571.000.000) 2026-04-19 22:30:04 Entered queue to transfer input files
	Transferring to host: <128.105.69.122:9618?addrs=128.105.69.122-9618+[2607-f388-2200-100-1270-fdff-fe56-c8bc]-9618&alias=e4071.chtc.wisc.edu&noUDP&sock=slot1_34_2693226_1b88_90865>
...
040 (6571.011.000) 2026-04-19 22:30:04 Started transferring input files
	Seconds spent in queue: 6
...
040 (6571.001.000) 2026-04-19 22:30:04 Finished transferring input files
...
040 (6571.016.000) 2026-04-19 22:30:04 Started transferring input files
	Seconds spent in queue: 6
...
040 (6571.003.000) 2026-04-19 22:30:04 Finished transferring input files
...
006 (6571.007.000) 2026-04-19 22:30:05 Image size of job updated: 444
	0  -  MemoryUsage of job (MB)
	0  -  ResidentSetSize of job (KB)
...
040 (6571.007.000) 2026-04-19 22:30:05 Started transferring output files
...
040 (6571.007.000) 2026-04-19 22:30:05 Finished transferring output files
...
005 (6571.007.000) 2026-04-19 22:30:05 Job terminated.
	(1) Normal termination (return value 1)
		Usr 0 00:00:01, Sys 0 00:00:00  -  Run Remote Usage
		Usr 0 00:00:00, Sys 0 00:00:00  -  Run Local Usage
		Usr 0 00:00:01, Sys 0 00:00:00  -  Total Remote Usage
		Usr 0 00:00:00, Sys 0 00:00:00  -  Total Local Usage
	405  -  Run Bytes Sent By Job
	1122283826  -  Run Bytes Received By Job
	405  -  Total Bytes Sent By Job
	1122283826  -  Total Bytes Received By Job
	Partitionable Resources :    Usage  Request Allocated 
	   Cpus                 :        0        1         1 
	   Disk (KB)            :  1096008  3145728   3145728 
	   GPUs                 :                           0 
	   IoHeavy              :                           0 
	   Memory (MB)          :        0     1024      1024 
	   TimeExecute (s)      :        3                    
	   TimeSlotBusy (s)     :       13                    
...
001 (6571.001.000) 2026-04-19 22:30:05 Job executing on host: <128.105.68.159:9618?addrs=128.105.68.159-9618+[2607-f388-2200-100-b226-28ff-fe51-396c]-9618&alias=e2018.chtc.wisc.edu&noUDP&sock=startd_9513_b489>
	SlotName: slot1_10@e2018.chtc.wisc.edu
	CondorScratchDir = "/var/lib/condor/execute/slot1/dir_3009142/scratch"
	Cpus = 1
	Disk = 3145728
	GPUs = 0
	IoHeavy = 0
	Memory = 1024
...
001 (6571.003.000) 2026-04-19 22:30:05 Job executing on host: <128.105.68.53:9618?addrs=128.105.68.53-9618+[2607-f388-2200-100-3680-dff-fe2e-8828]-9618&alias=e2483.chtc.wisc.edu&noUDP&sock=startd_11660_5e5f>
	SlotName: slot1_2@e2483.chtc.wisc.edu
	CondorScratchDir = "/var/lib/condor/execute/slot1/dir_1285688/scratch"
	Cpus = 1
	Disk = 3145728
	GPUs = 0
	IoHeavy = 0
	Memory = 1024
...
040 (6571.014.000) 2026-04-19 22:30:06 Started transferring input files
	Seconds spent in queue: 8
...
006 (6571.010.000) 2026-04-19 22:30:06 Image size of job updated: 616
	0  -  MemoryUsage of job (MB)
	0  -  ResidentSetSize of job (KB)
...
040 (6571.010.000) 2026-04-19 22:30:06 Started transferring output files
...
040 (6571.010.000) 2026-04-19 22:30:06 Finished transferring output files
...
040 (6571.015.000) 2026-04-19 22:30:06 Finished transferring input files
...
006 (6571.006.000) 2026-04-19 22:30:06 Image size of job updated: 204
	0  -  MemoryUsage of job (MB)
	0  -  ResidentSetSize of job (KB)
...
040 (6571.006.000) 2026-04-19 22:30:06 Started transferring output files
...
040 (6571.006.000) 2026-04-19 22:30:06 Finished transferring output files
...
006 (6571.009.000) 2026-04-19 22:30:06 Image size of job updated: 192
	0  -  MemoryUsage of job (MB)
	0  -  ResidentSetSize of job (KB)
...
040 (6571.009.000) 2026-04-19 22:30:06 Started transferring output files
...
040 (6571.009.000) 2026-04-19 22:30:06 Finished transferring output files
...
005 (6571.010.000) 2026-04-19 22:30:06 Job terminated.
	(1) Normal termination (return value 1)
		Usr 0 00:00:01, Sys 0 00:00:00  -  Run Remote Usage
		Usr 0 00:00:00, Sys 0 00:00:00  -  Run Local Usage
		Usr 0 00:00:01, Sys 0 00:00:00  -  Total Remote Usage
		Usr 0 00:00:00, Sys 0 00:00:00  -  Total Local Usage
	405  -  Run Bytes Sent By Job
	1122283826  -  Run Bytes Received By Job
	405  -  Total Bytes Sent By Job
	1122283826  -  Total Bytes Received By Job
	Partitionable Resources :    Usage  Request Allocated 
	   Cpus                 :        0        1         1 
	   Disk (KB)            :  1096008  3145728   3146881 
	   GPUs                 :                           0 
	   IoHeavy              :                           0 
	   Memory (MB)          :        0     1024      1024 
	   TimeExecute (s)      :        3                    
	   TimeSlotBusy (s)     :       14                    
...
005 (6571.006.000) 2026-04-19 22:30:06 Job terminated.
	(1) Normal termination (return value 1)
		Usr 0 00:00:01, Sys 0 00:00:00  -  Run Remote Usage
		Usr 0 00:00:00, Sys 0 00:00:00  -  Run Local Usage
		Usr 0 00:00:01, Sys 0 00:00:00  -  Total Remote Usage
		Usr 0 00:00:00, Sys 0 00:00:00  -  Total Local Usage
	405  -  Run Bytes Sent By Job
	1122283826  -  Run Bytes Received By Job
	405  -  Total Bytes Sent By Job
	1122283826  -  Total Bytes Received By Job
	Partitionable Resources :    Usage  Request Allocated 
	   Cpus                 :        0        1         1 
	   Disk (KB)            :  1096008  3145728   3145728 
	   GPUs                 :                           0 
	   IoHeavy              :                           0 
	   Memory (MB)          :        0     1024      1024 
	   TimeExecute (s)      :        2                    
	   TimeSlotBusy (s)     :       14                    
...
005 (6571.009.000) 2026-04-19 22:30:07 Job terminated.
	(1) Normal termination (return value 1)
		Usr 0 00:00:01, Sys 0 00:00:00  -  Run Remote Usage
		Usr 0 00:00:00, Sys 0 00:00:00  -  Run Local Usage
		Usr 0 00:00:01, Sys 0 00:00:00  -  Total Remote Usage
		Usr 0 00:00:00, Sys 0 00:00:00  -  Total Local Usage
	405  -  Run Bytes Sent By Job
	1122283826  -  Run Bytes Received By Job
	405  -  Total Bytes Sent By Job
	1122283826  -  Total Bytes Received By Job
	Partitionable Resources :    Usage  Request Allocated 
	   Cpus                 :        0        1         1 
	   Disk (KB)            :  1096008  3145728   3145728 
	   GPUs                 :                           0 
	   IoHeavy              :                           0 
	   Memory (MB)          :        0     1024      1024 
	   TimeExecute (s)      :        2                    
	   TimeSlotBusy (s)     :       14                    
...
040 (6571.008.000) 2026-04-19 22:30:07 Started transferring input files
	Seconds spent in queue: 9
...
040 (6571.013.000) 2026-04-19 22:30:07 Finished transferring input files
...
001 (6571.015.000) 2026-04-19 22:30:07 Job executing on host: <128.105.69.218:9618?addrs=128.105.69.218-9618+[2607-f388-2200-100-eaeb-d3ff-fe40-f94]-9618&alias=e2601.chtc.wisc.edu&noUDP&sock=startd_14562_e635>
	SlotName: slot1_2@e2601.chtc.wisc.edu
	CondorScratchDir = "/var/lib/condor/execute/slot1/dir_1834620/scratch"
	Cpus = 1
	Disk = 3145728
	GPUs = 0
	IoHeavy = 0
	Memory = 1024
...
040 (6571.020.000) 2026-04-19 22:30:07 Started transferring input files
	Seconds spent in queue: 3
...
040 (6571.004.000) 2026-04-19 22:30:07 Finished transferring input files
...
040 (6571.018.000) 2026-04-19 22:30:08 Entered queue to transfer input files
	Transferring to host: <128.105.69.116:9618?addrs=128.105.69.116-9618+[2607-f388-2200-100-1270-fdff-fe56-ccbc]-9618&alias=e4065.chtc.wisc.edu&noUDP&sock=slot1_1_2081490_c15c_105097>
...
001 (6571.013.000) 2026-04-19 22:30:08 Job executing on host: <128.105.68.158:9618?addrs=128.105.68.158-9618+[2607-f388-2200-100-b226-28ff-fe50-6730]-9618&alias=e2017.chtc.wisc.edu&noUDP&sock=startd_9358_635b>
	SlotName: slot1_2@e2017.chtc.wisc.edu
	CondorScratchDir = "/var/lib/condor/execute/slot1/dir_563926/scratch"
	Cpus = 1
	Disk = 3146962
	GPUs = 0
	IoHeavy = 0
	Memory = 1024
...
006 (6571.003.000) 2026-04-19 22:30:08 Image size of job updated: 16
	0  -  MemoryUsage of job (MB)
	0  -  ResidentSetSize of job (KB)
...
040 (6571.003.000) 2026-04-19 22:30:08 Started transferring output files
...
040 (6571.003.000) 2026-04-19 22:30:08 Finished transferring output files
...
001 (6571.004.000) 2026-04-19 22:30:08 Job executing on host: <128.105.69.133:9618?addrs=128.105.69.133-9618+[2607-f388-2200-100-1270-fdff-fe56-70f4]-9618&alias=e4082.chtc.wisc.edu&noUDP&sock=startd_10519_bccf>
	SlotName: slot1_8@e4082.chtc.wisc.edu
	CondorScratchDir = "/var/lib/condor/execute/slot1/dir_1440216/scratch"
	Cpus = 1
	Disk = 3145728
	GPUs = 0
	IoHeavy = 0
	Memory = 1024
...
005 (6571.003.000) 2026-04-19 22:30:08 Job terminated.
	(1) Normal termination (return value 1)
		Usr 0 00:00:01, Sys 0 00:00:00  -  Run Remote Usage
		Usr 0 00:00:00, Sys 0 00:00:00  -  Run Local Usage
		Usr 0 00:00:01, Sys 0 00:00:00  -  Total Remote Usage
		Usr 0 00:00:00, Sys 0 00:00:00  -  Total Local Usage
	405  -  Run Bytes Sent By Job
	1122283826  -  Run Bytes Received By Job
	405  -  Total Bytes Sent By Job
	1122283826  -  Total Bytes Received By Job
	Partitionable Resources :    Usage  Request Allocated 
	   Cpus                 :        0        1         1 
	   Disk (KB)            :  1096008  3145728   3145728 
	   GPUs                 :                           0 
	   IoHeavy              :                           0 
	   Memory (MB)          :        0     1024      1024 
	   TimeExecute (s)      :        3                    
	   TimeSlotBusy (s)     :       16                    
...
006 (6571.015.000) 2026-04-19 22:30:09 Image size of job updated: 3412
	0  -  MemoryUsage of job (MB)
	0  -  ResidentSetSize of job (KB)
...
040 (6571.015.000) 2026-04-19 22:30:09 Started transferring output files
...
040 (6571.015.000) 2026-04-19 22:30:09 Finished transferring output files
...
006 (6571.001.000) 2026-04-19 22:30:09 Image size of job updated: 168
	0  -  MemoryUsage of job (MB)
	0  -  ResidentSetSize of job (KB)
...
040 (6571.001.000) 2026-04-19 22:30:09 Started transferring output files
...
040 (6571.001.000) 2026-04-19 22:30:09 Finished transferring output files
...
005 (6571.015.000) 2026-04-19 22:30:10 Job terminated.
	(1) Normal termination (return value 1)
		Usr 0 00:00:01, Sys 0 00:00:00  -  Run Remote Usage
		Usr 0 00:00:00, Sys 0 00:00:00  -  Run Local Usage
		Usr 0 00:00:01, Sys 0 00:00:00  -  Total Remote Usage
		Usr 0 00:00:00, Sys 0 00:00:00  -  Total Local Usage
	405  -  Run Bytes Sent By Job
	1122283826  -  Run Bytes Received By Job
	405  -  Total Bytes Sent By Job
	1122283826  -  Total Bytes Received By Job
	Partitionable Resources :    Usage  Request Allocated 
	   Cpus                 :        0        1         1 
	   Disk (KB)            :  1096008  3145728   3145728 
	   GPUs                 :                           0 
	   IoHeavy              :                           0 
	   Memory (MB)          :        0     1024      1024 
	   TimeExecute (s)      :        2                    
	   TimeSlotBusy (s)     :       17                    
...
005 (6571.001.000) 2026-04-19 22:30:10 Job terminated.
	(1) Normal termination (return value 1)
		Usr 0 00:00:02, Sys 0 00:00:00  -  Run Remote Usage
		Usr 0 00:00:00, Sys 0 00:00:00  -  Run Local Usage
		Usr 0 00:00:02, Sys 0 00:00:00  -  Total Remote Usage
		Usr 0 00:00:00, Sys 0 00:00:00  -  Total Local Usage
	405  -  Run Bytes Sent By Job
	1122283826  -  Run Bytes Received By Job
	405  -  Total Bytes Sent By Job
	1122283826  -  Total Bytes Received By Job
	Partitionable Resources :    Usage  Request Allocated 
	   Cpus                 :        0        1         1 
	   Disk (KB)            :  1096009  3145728   3145728 
	   GPUs                 :                           0 
	   IoHeavy              :                           0 
	   Memory (MB)          :        0     1024      1024 
	   TimeExecute (s)      :        4                    
	   TimeSlotBusy (s)     :       17                    
...
006 (6571.004.000) 2026-04-19 22:30:11 Image size of job updated: 20
	0  -  MemoryUsage of job (MB)
	0  -  ResidentSetSize of job (KB)
...
040 (6571.004.000) 2026-04-19 22:30:11 Started transferring output files
	Seconds spent in queue: 14
...
040 (6571.004.000) 2026-04-19 22:30:11 Finished transferring output files
...
040 (6571.000.000) 2026-04-19 22:30:11 Started transferring input files
	Seconds spent in queue: 7
...
040 (6571.023.000) 2026-04-19 22:30:11 Finished transferring input files
...
040 (6571.012.000) 2026-04-19 22:30:11 Entered queue to transfer input files
	Transferring to host: <128.105.69.153:9618?addrs=128.105.69.153-9618+[2607-f388-2200-100-1270-fdff-fe56-45dc]-9618&alias=e4086.chtc.wisc.edu&noUDP&sock=slot1_8_13435_ec3b_20984>
...
005 (6571.004.000) 2026-04-19 22:30:11 Job terminated.
	(1) Normal termination (return value 1)
		Usr 0 00:00:01, Sys 0 00:00:00  -  Run Remote Usage
		Usr 0 00:00:00, Sys 0 00:00:00  -  Run Local Usage
		Usr 0 00:00:01, Sys 0 00:00:00  -  Total Remote Usage
		Usr 0 00:00:00, Sys 0 00:00:00  -  Total Local Usage
	405  -  Run Bytes Sent By Job
	1122283826  -  Run Bytes Received By Job
	405  -  Total Bytes Sent By Job
	1122283826  -  Total Bytes Received By Job
	Partitionable Resources :    Usage  Request Allocated 
	   Cpus                 :        0        1         1 
	   Disk (KB)            :  1096084  3145728   3145728 
	   GPUs                 :                           0 
	   IoHeavy              :                           0 
	   Memory (MB)          :        0     1024      1024 
	   TimeExecute (s)      :        3                    
	   TimeSlotBusy (s)     :       19                    
...
006 (6571.013.000) 2026-04-19 22:30:12 Image size of job updated: 2336
	0  -  MemoryUsage of job (MB)
	0  -  ResidentSetSize of job (KB)
...
040 (6571.013.000) 2026-04-19 22:30:12 Started transferring output files
	Seconds spent in queue: 15
...
040 (6571.013.000) 2026-04-19 22:30:12 Finished transferring output files
...
001 (6571.023.000) 2026-04-19 22:30:12 Job executing on host: <128.105.69.142:9618?addrs=128.105.69.142-9618+[2607-f388-2200-100-1270-fdff-fe56-747c]-9618&alias=e4019.chtc.wisc.edu&noUDP&sock=startd_16619_d485>
	SlotName: slot1_3@e4019.chtc.wisc.edu
	CondorScratchDir = "/var/lib/condor/execute/slot1/dir_1802561/scratch"
	Cpus = 1
	Disk = 3145728
	GPUs = 0
	IoHeavy = 0
	Memory = 1024
...
040 (6571.018.000) 2026-04-19 22:30:12 Started transferring input files
	Seconds spent in queue: 4
...
040 (6571.005.000) 2026-04-19 22:30:12 Finished transferring input files
...
005 (6571.013.000) 2026-04-19 22:30:13 Job terminated.
	(1) Normal termination (return value 1)
		Usr 0 00:00:02, Sys 0 00:00:00  -  Run Remote Usage
		Usr 0 00:00:00, Sys 0 00:00:00  -  Run Local Usage
		Usr 0 00:00:02, Sys 0 00:00:00  -  Total Remote Usage
		Usr 0 00:00:00, Sys 0 00:00:00  -  Total Local Usage
	405  -  Run Bytes Sent By Job
	1122283826  -  Run Bytes Received By Job
	405  -  Total Bytes Sent By Job
	1122283826  -  Total Bytes Received By Job
	Partitionable Resources :    Usage  Request Allocated 
	   Cpus                 :        0        1         1 
	   Disk (KB)            :  1096084  3145728   3146962 
	   GPUs                 :                           0 
	   IoHeavy              :                           0 
	   Memory (MB)          :        0     1024      1024 
	   TimeExecute (s)      :        4                    
	   TimeSlotBusy (s)     :       20                    
...
040 (6571.012.000) 2026-04-19 22:30:13 Started transferring input files
	Seconds spent in queue: 2
...
040 (6571.022.000) 2026-04-19 22:30:13 Finished transferring input files
...
001 (6571.005.000) 2026-04-19 22:30:13 Job executing on host: <128.105.68.154:9618?addrs=128.105.68.154-9618+[fde1-53ba-e9a0-de11-8055-9bb5-58cf-8aeb]-9618&alias=e2013.chtc.wisc.edu&noUDP&sock=startd_11559_174e>
	SlotName: slot1_2@e2013.chtc.wisc.edu
	CondorScratchDir = "/var/lib/condor/execute/slot1/dir_2951597/scratch"
	Cpus = 1
	Disk = 3145728
	GPUs = 0
	IoHeavy = 0
	Memory = 1024
...
022 (6571.005.000) 2026-04-19 22:30:14 Job disconnected, attempting to reconnect
    Socket between submit and execute hosts closed unexpectedly
    Trying to reconnect to slot1_2@e2013.chtc.wisc.edu <128.105.68.154:9618?addrs=128.105.68.154-9618+[fde1-53ba-e9a0-de11-8055-9bb5-58cf-8aeb]-9618&alias=e2013.chtc.wisc.edu&noUDP&sock=startd_11559_174e>
...
001 (6571.022.000) 2026-04-19 22:30:14 Job executing on host: <128.105.69.143:9618?addrs=128.105.69.143-9618+[2607-f388-2200-100-1270-fdff-fe56-7694]-9618&alias=e4020.chtc.wisc.edu&noUDP&sock=startd_16640_3c02>
	SlotName: slot1_3@e4020.chtc.wisc.edu
	CondorScratchDir = "/var/lib/condor/execute/slot1/dir_3300799/scratch"
	Cpus = 1
	Disk = 3145728
	GPUs = 0
	IoHeavy = 0
	Memory = 1024
...
040 (6571.002.000) 2026-04-19 22:30:14 Entered queue to transfer input files
	Transferring to host: <128.105.68.15:9618?addrs=128.105.68.15-9618+[2607-f388-2200-100-b226-28ff-fe51-615c]-9618&alias=e2008.chtc.wisc.edu&noUDP&sock=slot1_25_960781_e177_73313>
...
006 (6571.023.000) 2026-04-19 22:30:14 Image size of job updated: 3648
	0  -  MemoryUsage of job (MB)
	0  -  ResidentSetSize of job (KB)
...
040 (6571.023.000) 2026-04-19 22:30:14 Started transferring output files
	Seconds spent in queue: 17
...
040 (6571.023.000) 2026-04-19 22:30:14 Finished transferring output files
...
005 (6571.023.000) 2026-04-19 22:30:15 Job terminated.
	(1) Normal termination (return value 1)
		Usr 0 00:00:01, Sys 0 00:00:00  -  Run Remote Usage
		Usr 0 00:00:00, Sys 0 00:00:00  -  Run Local Usage
		Usr 0 00:00:01, Sys 0 00:00:00  -  Total Remote Usage
		Usr 0 00:00:00, Sys 0 00:00:00  -  Total Local Usage
	405  -  Run Bytes Sent By Job
	1122283826  -  Run Bytes Received By Job
	405  -  Total Bytes Sent By Job
	1122283826  -  Total Bytes Received By Job
	Partitionable Resources :    Usage  Request Allocated 
	   Cpus                 :        0        1         1 
	   Disk (KB)            :  1096084  3145728   3145728 
	   GPUs                 :                           0 
	   IoHeavy              :                           0 
	   Memory (MB)          :        0     1024      1024 
	   TimeExecute (s)      :        2                    
	   TimeSlotBusy (s)     :       22                    
...
040 (6571.002.000) 2026-04-19 22:30:15 Started transferring input files
	Seconds spent in queue: 1
...
040 (6571.016.000) 2026-04-19 22:30:15 Finished transferring input files
...
040 (6571.021.000) 2026-04-19 22:30:15 Started transferring input files
	Transferring to host: <128.105.69.144:9618?addrs=128.105.69.144-9618+[2607-f388-2200-100-1270-fdff-fe56-7714]-9618&alias=e4021.chtc.wisc.edu&noUDP&sock=slot1_22_597324_8b5b_103135>
...
040 (6571.020.000) 2026-04-19 22:30:15 Finished transferring input files
...
040 (6571.011.000) 2026-04-19 22:30:16 Finished transferring input files
...
001 (6571.016.000) 2026-04-19 22:30:16 Job executing on host: <128.105.69.184:9618?addrs=128.105.69.184-9618+[2607-f388-2200-100-1270-fdff-fe56-bbfc]-9618&alias=e4036.chtc.wisc.edu&noUDP&sock=startd_16584_d2b5>
	SlotName: slot1_22@e4036.chtc.wisc.edu
	CondorScratchDir = "/var/lib/condor/execute/slot1/dir_660514/scratch"
	Cpus = 1
	Disk = 3145728
	GPUs = 0
	IoHeavy = 0
	Memory = 1024
...
001 (6571.020.000) 2026-04-19 22:30:16 Job executing on host: <128.105.69.158:9618?addrs=128.105.69.158-9618+[2607-f388-2200-100-1270-fdff-fe56-4684]-9618&alias=e4091.chtc.wisc.edu&noUDP&sock=startd_15620_9969>
	SlotName: slot1_12@e4091.chtc.wisc.edu
	CondorScratchDir = "/var/lib/condor/execute/slot1/dir_262547/scratch"
	Cpus = 1
	Disk = 3145728
	GPUs = 0
	IoHeavy = 0
	Memory = 1024
...
006 (6571.022.000) 2026-04-19 22:30:16 Image size of job updated: 3372
	0  -  MemoryUsage of job (MB)
	0  -  ResidentSetSize of job (KB)
...
040 (6571.022.000) 2026-04-19 22:30:16 Started transferring output files
	Seconds spent in queue: 19
...
040 (6571.022.000) 2026-04-19 22:30:16 Finished transferring output files
...
001 (6571.011.000) 2026-04-19 22:30:17 Job executing on host: <128.105.69.188:9618?addrs=128.105.69.188-9618+[2607-f388-2200-100-1270-fdff-fe56-bf54]-9618&alias=e4040.chtc.wisc.edu&noUDP&sock=startd_16698_0481>
	SlotName: slot1_13@e4040.chtc.wisc.edu
	CondorScratchDir = "/var/lib/condor/execute/slot1/dir_3434884/scratch"
	Cpus = 1
	Disk = 3145728
	GPUs = 0
	IoHeavy = 0
	Memory = 1024
...
005 (6571.022.000) 2026-04-19 22:30:17 Job terminated.
	(1) Normal termination (return value 1)
		Usr 0 00:00:01, Sys 0 00:00:00  -  Run Remote Usage
		Usr 0 00:00:00, Sys 0 00:00:00  -  Run Local Usage
		Usr 0 00:00:01, Sys 0 00:00:00  -  Total Remote Usage
		Usr 0 00:00:00, Sys 0 00:00:00  -  Total Local Usage
	405  -  Run Bytes Sent By Job
	1122283826  -  Run Bytes Received By Job
	405  -  Total Bytes Sent By Job
	1122283826  -  Total Bytes Received By Job
	Partitionable Resources :    Usage  Request Allocated 
	   Cpus                 :        0        1         1 
	   Disk (KB)            :  1096084  3145728   3145728 
	   GPUs                 :                           0 
	   IoHeavy              :                           0 
	   Memory (MB)          :        0     1024      1024 
	   TimeExecute (s)      :        2                    
	   TimeSlotBusy (s)     :       24                    
...
040 (6571.008.000) 2026-04-19 22:30:18 Finished transferring input files
...
040 (6571.014.000) 2026-04-19 22:30:18 Finished transferring input files
...
001 (6571.008.000) 2026-04-19 22:30:19 Job executing on host: <128.105.69.199:9618?addrs=128.105.69.199-9618+[2607-f388-2200-100-1270-fdff-fe56-70ec]-9618&alias=e4052.chtc.wisc.edu&noUDP&sock=startd_16696_a550>
	SlotName: slot1_7@e4052.chtc.wisc.edu
	CondorScratchDir = "/var/lib/condor/execute/slot1/dir_289842/scratch"
	Cpus = 1
	Disk = 3145728
	GPUs = 0
	IoHeavy = 0
	Memory = 1024
...
040 (6571.012.000) 2026-04-19 22:30:19 Finished transferring input files
...
001 (6571.014.000) 2026-04-19 22:30:19 Job executing on host: <128.105.69.195:9618?addrs=128.105.69.195-9618+[2607-f388-2200-100-1270-fdff-fe56-6f44]-9618&alias=e4048.chtc.wisc.edu&noUDP&sock=startd_16883_e986>
	SlotName: slot1_5@e4048.chtc.wisc.edu
	CondorScratchDir = "/var/lib/condor/execute/slot1/dir_1754085/scratch"
	Cpus = 1
	Disk = 3145728
	GPUs = 0
	IoHeavy = 0
	Memory = 1024
...
006 (6571.016.000) 2026-04-19 22:30:19 Image size of job updated: 172
	0  -  MemoryUsage of job (MB)
	0  -  ResidentSetSize of job (KB)
...
040 (6571.016.000) 2026-04-19 22:30:19 Started transferring output files
	Seconds spent in queue: 21
...
040 (6571.016.000) 2026-04-19 22:30:19 Finished transferring output files
...
006 (6571.020.000) 2026-04-19 22:30:19 Image size of job updated: 20
	0  -  MemoryUsage of job (MB)
	0  -  ResidentSetSize of job (KB)
...
040 (6571.020.000) 2026-04-19 22:30:19 Started transferring output files
	Seconds spent in queue: 15
...
040 (6571.020.000) 2026-04-19 22:30:19 Finished transferring output files
...
006 (6571.011.000) 2026-04-19 22:30:19 Image size of job updated: 3280
	0  -  MemoryUsage of job (MB)
	0  -  ResidentSetSize of job (KB)
...
040 (6571.011.000) 2026-04-19 22:30:20 Started transferring output files
	Seconds spent in queue: 22
...
040 (6571.011.000) 2026-04-19 22:30:20 Finished transferring output files
...
005 (6571.016.000) 2026-04-19 22:30:20 Job terminated.
	(1) Normal termination (return value 1)
		Usr 0 00:00:01, Sys 0 00:00:00  -  Run Remote Usage
		Usr 0 00:00:00, Sys 0 00:00:00  -  Run Local Usage
		Usr 0 00:00:01, Sys 0 00:00:00  -  Total Remote Usage
		Usr 0 00:00:00, Sys 0 00:00:00  -  Total Local Usage
	405  -  Run Bytes Sent By Job
	1122283826  -  Run Bytes Received By Job
	405  -  Total Bytes Sent By Job
	1122283826  -  Total Bytes Received By Job
	Partitionable Resources :    Usage  Request Allocated 
	   Cpus                 :        0        1         1 
	   Disk (KB)            :  1096084  3145728   3145728 
	   GPUs                 :                           0 
	   IoHeavy              :                           0 
	   Memory (MB)          :        0     1024      1024 
	   TimeExecute (s)      :        3                    
	   TimeSlotBusy (s)     :       27                    
...
001 (6571.012.000) 2026-04-19 22:30:20 Job executing on host: <128.105.69.153:9618?addrs=128.105.69.153-9618+[2607-f388-2200-100-1270-fdff-fe56-45dc]-9618&alias=e4086.chtc.wisc.edu&noUDP&sock=startd_10547_f176>
	SlotName: slot1_8@e4086.chtc.wisc.edu
	CondorScratchDir = "/var/lib/condor/execute/slot1/dir_2084350/scratch"
	Cpus = 1
	Disk = 3145728
	GPUs = 0
	IoHeavy = 0
	Memory = 1024
...
005 (6571.011.000) 2026-04-19 22:30:20 Job terminated.
	(1) Normal termination (return value 1)
		Usr 0 00:00:01, Sys 0 00:00:00  -  Run Remote Usage
		Usr 0 00:00:00, Sys 0 00:00:00  -  Run Local Usage
		Usr 0 00:00:01, Sys 0 00:00:00  -  Total Remote Usage
		Usr 0 00:00:00, Sys 0 00:00:00  -  Total Local Usage
	405  -  Run Bytes Sent By Job
	1122283826  -  Run Bytes Received By Job
	405  -  Total Bytes Sent By Job
	1122283826  -  Total Bytes Received By Job
	Partitionable Resources :    Usage  Request Allocated 
	   Cpus                 :        0        1         1 
	   Disk (KB)            :  1096084  3145728   3145728 
	   GPUs                 :                           0 
	   IoHeavy              :                           0 
	   Memory (MB)          :        0     1024      1024 
	   TimeExecute (s)      :        2                    
	   TimeSlotBusy (s)     :       28                    
...
006 (6571.014.000) 2026-04-19 22:30:22 Image size of job updated: 192
	0  -  MemoryUsage of job (MB)
	0  -  ResidentSetSize of job (KB)
...
024 (6571.005.000) 2026-04-19 22:30:22 Job reconnection failed
    Job not found at execution machine
    Can not reconnect to slot1_2@e2013.chtc.wisc.edu, rescheduling job
...
004 (6571.005.000) 2026-04-19 22:30:22 Job was evicted. Code 1008 Subcode 0
	(0) CPU times
		Usr 0 00:00:00, Sys 0 00:00:00  -  Run Remote Usage
		Usr 0 00:00:00, Sys 0 00:00:00  -  Run Local Usage
	0  -  Run Bytes Sent By Job
	1122283826  -  Run Bytes Received By Job
	Reason: Job not found at execution machine
	Partitionable Resources :    Usage  Request Allocated 
	   Cpus                 :        0        1         1 
	   Disk (KB)            :  1096044  3145728   3145728 
	   GPUs                 :                           0 
	   IoHeavy              :                           0 
	   Memory (MB)          :              1024      1024 
	   TimeSlotBusy (s)     :       30                    
...
040 (6571.014.000) 2026-04-19 22:30:22 Started transferring output files
	Seconds spent in queue: 24
...
040 (6571.014.000) 2026-04-19 22:30:22 Finished transferring output files
...
006 (6571.012.000) 2026-04-19 22:30:22 Image size of job updated: 84
	0  -  MemoryUsage of job (MB)
	0  -  ResidentSetSize of job (KB)
...
040 (6571.012.000) 2026-04-19 22:30:22 Started transferring output files
	Seconds spent in queue: 11
...
040 (6571.012.000) 2026-04-19 22:30:22 Finished transferring output files
...
005 (6571.014.000) 2026-04-19 22:30:22 Job terminated.
	(1) Normal termination (return value 1)
		Usr 0 00:00:01, Sys 0 00:00:00  -  Run Remote Usage
		Usr 0 00:00:00, Sys 0 00:00:00  -  Run Local Usage
		Usr 0 00:00:01, Sys 0 00:00:00  -  Total Remote Usage
		Usr 0 00:00:00, Sys 0 00:00:00  -  Total Local Usage
	405  -  Run Bytes Sent By Job
	1122283826  -  Run Bytes Received By Job
	405  -  Total Bytes Sent By Job
	1122283826  -  Total Bytes Received By Job
	Partitionable Resources :    Usage  Request Allocated 
	   Cpus                 :        0        1         1 
	   Disk (KB)            :  1096084  3145728   3145728 
	   GPUs                 :                           0 
	   IoHeavy              :                           0 
	   Memory (MB)          :        0     1024      1024 
	   TimeExecute (s)      :        3                    
	   TimeSlotBusy (s)     :       30                    
...
040 (6571.000.000) 2026-04-19 22:30:23 Finished transferring input files
...
040 (6571.005.000) 2026-04-19 22:30:23 Started transferring input files
	Seconds spent in queue: 26
...
001 (6571.000.000) 2026-04-19 22:30:24 Job executing on host: <128.105.69.122:9618?addrs=128.105.69.122-9618+[2607-f388-2200-100-1270-fdff-fe56-c8bc]-9618&alias=e4071.chtc.wisc.edu&noUDP&sock=startd_16665_61e1>
	SlotName: slot1_34@e4071.chtc.wisc.edu
	CondorScratchDir = "/var/lib/condor/execute/slot1/dir_1848438/scratch"
	Cpus = 1
	Disk = 3145728
	GPUs = 0
	IoHeavy = 0
	Memory = 1024
...
005 (6571.020.000) 2026-04-19 22:30:24 Job terminated.
	(1) Normal termination (return value 1)
		Usr 0 00:00:01, Sys 0 00:00:00  -  Run Remote Usage
		Usr 0 00:00:00, Sys 0 00:00:00  -  Run Local Usage
		Usr 0 00:00:01, Sys 0 00:00:00  -  Total Remote Usage
		Usr 0 00:00:00, Sys 0 00:00:00  -  Total Local Usage
	405  -  Run Bytes Sent By Job
	1122283826  -  Run Bytes Received By Job
	405  -  Total Bytes Sent By Job
	1122283826  -  Total Bytes Received By Job
	Partitionable Resources :    Usage  Request Allocated 
	   Cpus                 :        0        1         1 
	   Disk (KB)            :  1096084  3145728   3145728 
	   GPUs                 :                           0 
	   IoHeavy              :                           0 
	   Memory (MB)          :        0     1024      1024 
	   TimeExecute (s)      :        3                    
	   TimeSlotBusy (s)     :       20                    
...
040 (6571.017.000) 2026-04-19 22:30:24 Started transferring input files
	Transferring to host: <128.105.69.158:9618?addrs=128.105.69.158-9618+[2607-f388-2200-100-1270-fdff-fe56-4684]-9618&alias=e4091.chtc.wisc.edu&noUDP&sock=slot1_12_2797539_0d7a_99249>
...
006 (6571.008.000) 2026-04-19 22:30:24 Image size of job updated: 16
	0  -  MemoryUsage of job (MB)
	0  -  ResidentSetSize of job (KB)
...
040 (6571.008.000) 2026-04-19 22:30:24 Started transferring output files
	Seconds spent in queue: 26
...
040 (6571.008.000) 2026-04-19 22:30:24 Finished transferring output files
...
040 (6571.018.000) 2026-04-19 22:30:24 Finished transferring input files
...
040 (6571.002.000) 2026-04-19 22:30:25 Finished transferring input files
...
005 (6571.008.000) 2026-04-19 22:30:25 Job terminated.
	(1) Normal termination (return value 1)
		Usr 0 00:00:01, Sys 0 00:00:00  -  Run Remote Usage
		Usr 0 00:00:00, Sys 0 00:00:00  -  Run Local Usage
		Usr 0 00:00:01, Sys 0 00:00:00  -  Total Remote Usage
		Usr 0 00:00:00, Sys 0 00:00:00  -  Total Local Usage
	405  -  Run Bytes Sent By Job
	1122283826  -  Run Bytes Received By Job
	405  -  Total Bytes Sent By Job
	1122283826  -  Total Bytes Received By Job
	Partitionable Resources :    Usage  Request Allocated 
	   Cpus                 :                 1         1 
	   Disk (KB)            :  1096084  3145728   3145728 
	   GPUs                 :                           0 
	   IoHeavy              :                           0 
	   Memory (MB)          :        0     1024      1024 
	   TimeExecute (s)      :        5                    
	   TimeSlotBusy (s)     :       32                    
...
001 (6571.018.000) 2026-04-19 22:30:25 Job executing on host: <128.105.69.116:9618?addrs=128.105.69.116-9618+[2607-f388-2200-100-1270-fdff-fe56-ccbc]-9618&alias=e4065.chtc.wisc.edu&noUDP&sock=startd_16637_2d3a>
	SlotName: slot1_1@e4065.chtc.wisc.edu
	CondorScratchDir = "/var/lib/condor/execute/slot1/dir_4185984/scratch"
	Cpus = 1
	Disk = 3145728
	GPUs = 0
	IoHeavy = 0
	Memory = 1024
...
006 (6571.000.000) 2026-04-19 22:30:26 Image size of job updated: 4548
	0  -  MemoryUsage of job (MB)
	0  -  ResidentSetSize of job (KB)
...
001 (6571.002.000) 2026-04-19 22:30:26 Job executing on host: <128.105.68.15:9618?addrs=128.105.68.15-9618+[2607-f388-2200-100-b226-28ff-fe51-615c]-9618&alias=e2008.chtc.wisc.edu&noUDP&sock=startd_9345_78a0>
	SlotName: slot1_25@e2008.chtc.wisc.edu
	CondorScratchDir = "/var/lib/condor/execute/slot1/dir_974913/scratch"
	Cpus = 1
	Disk = 3145728
	GPUs = 0
	IoHeavy = 0
	Memory = 1024
...
040 (6571.000.000) 2026-04-19 22:30:26 Started transferring output files
	Seconds spent in queue: 22
...
040 (6571.000.000) 2026-04-19 22:30:26 Finished transferring output files
...
005 (6571.000.000) 2026-04-19 22:30:26 Job terminated.
	(1) Normal termination (return value 1)
		Usr 0 00:00:01, Sys 0 00:00:00  -  Run Remote Usage
		Usr 0 00:00:00, Sys 0 00:00:00  -  Run Local Usage
		Usr 0 00:00:01, Sys 0 00:00:00  -  Total Remote Usage
		Usr 0 00:00:00, Sys 0 00:00:00  -  Total Local Usage
	405  -  Run Bytes Sent By Job
	1122283826  -  Run Bytes Received By Job
	405  -  Total Bytes Sent By Job
	1122283826  -  Total Bytes Received By Job
	Partitionable Resources :    Usage  Request Allocated 
	   Cpus                 :        0        1         1 
	   Disk (KB)            :  1096084  3145728   3145728 
	   GPUs                 :                           0 
	   IoHeavy              :                           0 
	   Memory (MB)          :        0     1024      1024 
	   TimeExecute (s)      :        2                    
	   TimeSlotBusy (s)     :       27                    
...
006 (6571.018.000) 2026-04-19 22:30:28 Image size of job updated: 188
	0  -  MemoryUsage of job (MB)
	0  -  ResidentSetSize of job (KB)
...
040 (6571.021.000) 2026-04-19 22:30:28 Finished transferring input files
...
040 (6571.018.000) 2026-04-19 22:30:28 Started transferring output files
	Seconds spent in queue: 20
...
040 (6571.018.000) 2026-04-19 22:30:28 Finished transferring output files
...
005 (6571.018.000) 2026-04-19 22:30:29 Job terminated.
	(1) Normal termination (return value 1)
		Usr 0 00:00:01, Sys 0 00:00:00  -  Run Remote Usage
		Usr 0 00:00:00, Sys 0 00:00:00  -  Run Local Usage
		Usr 0 00:00:01, Sys 0 00:00:00  -  Total Remote Usage
		Usr 0 00:00:00, Sys 0 00:00:00  -  Total Local Usage
	405  -  Run Bytes Sent By Job
	1122283826  -  Run Bytes Received By Job
	405  -  Total Bytes Sent By Job
	1122283826  -  Total Bytes Received By Job
	Partitionable Resources :    Usage  Request Allocated 
	   Cpus                 :        0        1         1 
	   Disk (KB)            :  1096084  3145728   3145728 
	   GPUs                 :                           0 
	   IoHeavy              :                           0 
	   Memory (MB)          :        0     1024      1024 
	   TimeExecute (s)      :        3                    
	   TimeSlotBusy (s)     :       26                    
...
001 (6571.021.000) 2026-04-19 22:30:29 Job executing on host: <128.105.69.144:9618?addrs=128.105.69.144-9618+[2607-f388-2200-100-1270-fdff-fe56-7714]-9618&alias=e4021.chtc.wisc.edu&noUDP&sock=startd_14377_0130>
	SlotName: slot1_22@e4021.chtc.wisc.edu
	CondorScratchDir = "/var/lib/condor/execute/slot1/dir_1569237/scratch"
	Cpus = 1
	Disk = 3145728
	GPUs = 0
	IoHeavy = 0
	Memory = 1024
...
006 (6571.002.000) 2026-04-19 22:30:29 Image size of job updated: 192
	0  -  MemoryUsage of job (MB)
	0  -  ResidentSetSize of job (KB)
...
040 (6571.002.000) 2026-04-19 22:30:29 Started transferring output files
	Seconds spent in queue: 15
...
040 (6571.002.000) 2026-04-19 22:30:29 Finished transferring output files
...
005 (6571.012.000) 2026-04-19 22:30:30 Job terminated.
	(1) Normal termination (return value 1)
		Usr 0 00:00:01, Sys 0 00:00:00  -  Run Remote Usage
		Usr 0 00:00:00, Sys 0 00:00:00  -  Run Local Usage
		Usr 0 00:00:01, Sys 0 00:00:00  -  Total Remote Usage
		Usr 0 00:00:00, Sys 0 00:00:00  -  Total Local Usage
	405  -  Run Bytes Sent By Job
	1122283826  -  Run Bytes Received By Job
	405  -  Total Bytes Sent By Job
	1122283826  -  Total Bytes Received By Job
	Partitionable Resources :    Usage  Request Allocated 
	   Cpus                 :        0        1         1 
	   Disk (KB)            :  1096084  3145728   3145728 
	   GPUs                 :                           0 
	   IoHeavy              :                           0 
	   Memory (MB)          :        0     1024      1024 
	   TimeExecute (s)      :        2                    
	   TimeSlotBusy (s)     :       16                    
...
006 (6571.021.000) 2026-04-19 22:30:32 Image size of job updated: 192
	0  -  MemoryUsage of job (MB)
	0  -  ResidentSetSize of job (KB)
...
040 (6571.021.000) 2026-04-19 22:30:32 Started transferring output files
...
040 (6571.021.000) 2026-04-19 22:30:32 Finished transferring output files
...
040 (6571.017.000) 2026-04-19 22:30:32 Finished transferring input files
...
001 (6571.017.000) 2026-04-19 22:30:33 Job executing on host: <128.105.69.158:9618?addrs=128.105.69.158-9618+[2607-f388-2200-100-1270-fdff-fe56-4684]-9618&alias=e4091.chtc.wisc.edu&noUDP&sock=startd_15620_9969>
	SlotName: slot1_12@e4091.chtc.wisc.edu
	CondorScratchDir = "/var/lib/condor/execute/slot1/dir_262740/scratch"
	Cpus = 1
	Disk = 3145728
	GPUs = 0
	IoHeavy = 0
	Memory = 1024
...
005 (6571.021.000) 2026-04-19 22:30:35 Job terminated.
	(1) Normal termination (return value 1)
		Usr 0 00:00:01, Sys 0 00:00:00  -  Run Remote Usage
		Usr 0 00:00:00, Sys 0 00:00:00  -  Run Local Usage
		Usr 0 00:00:01, Sys 0 00:00:00  -  Total Remote Usage
		Usr 0 00:00:00, Sys 0 00:00:00  -  Total Local Usage
	405  -  Run Bytes Sent By Job
	1122283826  -  Run Bytes Received By Job
	405  -  Total Bytes Sent By Job
	1122283826  -  Total Bytes Received By Job
	Partitionable Resources :    Usage  Request Allocated 
	   Cpus                 :        0        1         1 
	   Disk (KB)            :  1096084  3145728   3145728 
	   GPUs                 :                           0 
	   IoHeavy              :                           0 
	   Memory (MB)          :        0     1024      1024 
	   TimeExecute (s)      :        3                    
	   TimeSlotBusy (s)     :       22                    
...
006 (6571.017.000) 2026-04-19 22:30:35 Image size of job updated: 2636
	0  -  MemoryUsage of job (MB)
	0  -  ResidentSetSize of job (KB)
...
040 (6571.017.000) 2026-04-19 22:30:35 Started transferring output files
...
040 (6571.017.000) 2026-04-19 22:30:35 Finished transferring output files
...
040 (6571.005.000) 2026-04-19 22:30:37 Finished transferring input files
...
001 (6571.005.000) 2026-04-19 22:30:38 Job executing on host: <128.105.69.195:9618?addrs=128.105.69.195-9618+[2607-f388-2200-100-1270-fdff-fe56-6f44]-9618&alias=e4048.chtc.wisc.edu&noUDP&sock=startd_16883_e986>
	SlotName: slot1_5@e4048.chtc.wisc.edu
	CondorScratchDir = "/var/lib/condor/execute/slot1/dir_1754314/scratch"
	Cpus = 1
	Disk = 3145728
	GPUs = 0
	IoHeavy = 0
	Memory = 1024
...
006 (6571.005.000) 2026-04-19 22:30:42 Image size of job updated: 192
	0  -  MemoryUsage of job (MB)
	0  -  ResidentSetSize of job (KB)
...
040 (6571.005.000) 2026-04-19 22:30:42 Started transferring output files
	Seconds spent in queue: 45
...
040 (6571.005.000) 2026-04-19 22:30:42 Finished transferring output files
...
005 (6571.005.000) 2026-04-19 22:30:42 Job terminated.
	(1) Normal termination (return value 1)
		Usr 0 00:00:01, Sys 0 00:00:00  -  Run Remote Usage
		Usr 0 00:00:00, Sys 0 00:00:00  -  Run Local Usage
		Usr 0 00:00:01, Sys 0 00:00:00  -  Total Remote Usage
		Usr 0 00:00:00, Sys 0 00:00:00  -  Total Local Usage
	405  -  Run Bytes Sent By Job
	1122283826  -  Run Bytes Received By Job
	405  -  Total Bytes Sent By Job
	2244567652  -  Total Bytes Received By Job
	Partitionable Resources :    Usage  Request Allocated 
	   Cpus                 :        0        1         1 
	   Disk (KB)            :  1096084  3145728   3145728 
	   GPUs                 :                           0 
	   IoHeavy              :                           0 
	   Memory (MB)          :        0     1024      1024 
	   TimeExecute (s)      :        4                    
	   TimeSlotBusy (s)     :       20                    
...
005 (6571.017.000) 2026-04-19 22:30:48 Job terminated.
	(1) Normal termination (return value 1)
		Usr 0 00:00:01, Sys 0 00:00:00  -  Run Remote Usage
		Usr 0 00:00:00, Sys 0 00:00:00  -  Run Local Usage
		Usr 0 00:00:01, Sys 0 00:00:00  -  Total Remote Usage
		Usr 0 00:00:00, Sys 0 00:00:00  -  Total Local Usage
	405  -  Run Bytes Sent By Job
	1122283826  -  Run Bytes Received By Job
	405  -  Total Bytes Sent By Job
	1122283826  -  Total Bytes Received By Job
	Partitionable Resources :    Usage  Request Allocated 
	   Cpus                 :        0        1         1 
	   Disk (KB)            :  1096084  3145728   3145728 
	   GPUs                 :                           0 
	   IoHeavy              :                           0 
	   Memory (MB)          :        0     1024      1024 
	   TimeExecute (s)      :        2                    
	   TimeSlotBusy (s)     :       11                    
...
005 (6571.002.000) 2026-04-19 22:30:51 Job terminated.
	(1) Normal termination (return value 1)
		Usr 0 00:00:02, Sys 0 00:00:00  -  Run Remote Usage
		Usr 0 00:00:00, Sys 0 00:00:00  -  Run Local Usage
		Usr 0 00:00:02, Sys 0 00:00:00  -  Total Remote Usage
		Usr 0 00:00:00, Sys 0 00:00:00  -  Total Local Usage
	405  -  Run Bytes Sent By Job
	1122283826  -  Run Bytes Received By Job
	405  -  Total Bytes Sent By Job
	1122283826  -  Total Bytes Received By Job
	Partitionable Resources :    Usage  Request Allocated 
	   Cpus                 :        0        1         1 
	   Disk (KB)            :  1096084  3145728   3145728 
	   GPUs                 :                           0 
	   IoHeavy              :                           0 
	   Memory (MB)          :        0     1024      1024 
	   TimeExecute (s)      :        3                    
	   TimeSlotBusy (s)     :       20                    
...
