000 (6573.000.000) 2026-04-19 22:34:44 Job submitted from host: <128.105.76.6:9618?addrs=128.105.76.6-9618+[2607-f388-2200-100-216-3eff-fe63-f8a5]-9618&alias=learn.chtc.wisc.edu&noUDP&sock=schedd_6739_f8d1>
...
000 (6573.001.000) 2026-04-19 22:34:44 Job submitted from host: <128.105.76.6:9618?addrs=128.105.76.6-9618+[2607-f388-2200-100-216-3eff-fe63-f8a5]-9618&alias=learn.chtc.wisc.edu&noUDP&sock=schedd_6739_f8d1>
...
000 (6573.010.000) 2026-04-19 22:34:44 Job submitted from host: <128.105.76.6:9618?addrs=128.105.76.6-9618+[2607-f388-2200-100-216-3eff-fe63-f8a5]-9618&alias=learn.chtc.wisc.edu&noUDP&sock=schedd_6739_f8d1>
...
000 (6573.011.000) 2026-04-19 22:34:44 Job submitted from host: <128.105.76.6:9618?addrs=128.105.76.6-9618+[2607-f388-2200-100-216-3eff-fe63-f8a5]-9618&alias=learn.chtc.wisc.edu&noUDP&sock=schedd_6739_f8d1>
...
000 (6573.012.000) 2026-04-19 22:34:44 Job submitted from host: <128.105.76.6:9618?addrs=128.105.76.6-9618+[2607-f388-2200-100-216-3eff-fe63-f8a5]-9618&alias=learn.chtc.wisc.edu&noUDP&sock=schedd_6739_f8d1>
...
000 (6573.013.000) 2026-04-19 22:34:44 Job submitted from host: <128.105.76.6:9618?addrs=128.105.76.6-9618+[2607-f388-2200-100-216-3eff-fe63-f8a5]-9618&alias=learn.chtc.wisc.edu&noUDP&sock=schedd_6739_f8d1>
...
000 (6573.014.000) 2026-04-19 22:34:44 Job submitted from host: <128.105.76.6:9618?addrs=128.105.76.6-9618+[2607-f388-2200-100-216-3eff-fe63-f8a5]-9618&alias=learn.chtc.wisc.edu&noUDP&sock=schedd_6739_f8d1>
...
000 (6573.015.000) 2026-04-19 22:34:44 Job submitted from host: <128.105.76.6:9618?addrs=128.105.76.6-9618+[2607-f388-2200-100-216-3eff-fe63-f8a5]-9618&alias=learn.chtc.wisc.edu&noUDP&sock=schedd_6739_f8d1>
...
000 (6573.016.000) 2026-04-19 22:34:44 Job submitted from host: <128.105.76.6:9618?addrs=128.105.76.6-9618+[2607-f388-2200-100-216-3eff-fe63-f8a5]-9618&alias=learn.chtc.wisc.edu&noUDP&sock=schedd_6739_f8d1>
...
000 (6573.017.000) 2026-04-19 22:34:44 Job submitted from host: <128.105.76.6:9618?addrs=128.105.76.6-9618+[2607-f388-2200-100-216-3eff-fe63-f8a5]-9618&alias=learn.chtc.wisc.edu&noUDP&sock=schedd_6739_f8d1>
...
000 (6573.018.000) 2026-04-19 22:34:44 Job submitted from host: <128.105.76.6:9618?addrs=128.105.76.6-9618+[2607-f388-2200-100-216-3eff-fe63-f8a5]-9618&alias=learn.chtc.wisc.edu&noUDP&sock=schedd_6739_f8d1>
...
000 (6573.019.000) 2026-04-19 22:34:44 Job submitted from host: <128.105.76.6:9618?addrs=128.105.76.6-9618+[2607-f388-2200-100-216-3eff-fe63-f8a5]-9618&alias=learn.chtc.wisc.edu&noUDP&sock=schedd_6739_f8d1>
...
000 (6573.002.000) 2026-04-19 22:34:44 Job submitted from host: <128.105.76.6:9618?addrs=128.105.76.6-9618+[2607-f388-2200-100-216-3eff-fe63-f8a5]-9618&alias=learn.chtc.wisc.edu&noUDP&sock=schedd_6739_f8d1>
...
000 (6573.020.000) 2026-04-19 22:34:44 Job submitted from host: <128.105.76.6:9618?addrs=128.105.76.6-9618+[2607-f388-2200-100-216-3eff-fe63-f8a5]-9618&alias=learn.chtc.wisc.edu&noUDP&sock=schedd_6739_f8d1>
...
000 (6573.021.000) 2026-04-19 22:34:44 Job submitted from host: <128.105.76.6:9618?addrs=128.105.76.6-9618+[2607-f388-2200-100-216-3eff-fe63-f8a5]-9618&alias=learn.chtc.wisc.edu&noUDP&sock=schedd_6739_f8d1>
...
000 (6573.022.000) 2026-04-19 22:34:44 Job submitted from host: <128.105.76.6:9618?addrs=128.105.76.6-9618+[2607-f388-2200-100-216-3eff-fe63-f8a5]-9618&alias=learn.chtc.wisc.edu&noUDP&sock=schedd_6739_f8d1>
...
000 (6573.023.000) 2026-04-19 22:34:44 Job submitted from host: <128.105.76.6:9618?addrs=128.105.76.6-9618+[2607-f388-2200-100-216-3eff-fe63-f8a5]-9618&alias=learn.chtc.wisc.edu&noUDP&sock=schedd_6739_f8d1>
...
000 (6573.003.000) 2026-04-19 22:34:44 Job submitted from host: <128.105.76.6:9618?addrs=128.105.76.6-9618+[2607-f388-2200-100-216-3eff-fe63-f8a5]-9618&alias=learn.chtc.wisc.edu&noUDP&sock=schedd_6739_f8d1>
...
000 (6573.004.000) 2026-04-19 22:34:44 Job submitted from host: <128.105.76.6:9618?addrs=128.105.76.6-9618+[2607-f388-2200-100-216-3eff-fe63-f8a5]-9618&alias=learn.chtc.wisc.edu&noUDP&sock=schedd_6739_f8d1>
...
000 (6573.005.000) 2026-04-19 22:34:44 Job submitted from host: <128.105.76.6:9618?addrs=128.105.76.6-9618+[2607-f388-2200-100-216-3eff-fe63-f8a5]-9618&alias=learn.chtc.wisc.edu&noUDP&sock=schedd_6739_f8d1>
...
000 (6573.006.000) 2026-04-19 22:34:44 Job submitted from host: <128.105.76.6:9618?addrs=128.105.76.6-9618+[2607-f388-2200-100-216-3eff-fe63-f8a5]-9618&alias=learn.chtc.wisc.edu&noUDP&sock=schedd_6739_f8d1>
...
000 (6573.007.000) 2026-04-19 22:34:44 Job submitted from host: <128.105.76.6:9618?addrs=128.105.76.6-9618+[2607-f388-2200-100-216-3eff-fe63-f8a5]-9618&alias=learn.chtc.wisc.edu&noUDP&sock=schedd_6739_f8d1>
...
000 (6573.008.000) 2026-04-19 22:34:44 Job submitted from host: <128.105.76.6:9618?addrs=128.105.76.6-9618+[2607-f388-2200-100-216-3eff-fe63-f8a5]-9618&alias=learn.chtc.wisc.edu&noUDP&sock=schedd_6739_f8d1>
...
000 (6573.009.000) 2026-04-19 22:34:44 Job submitted from host: <128.105.76.6:9618?addrs=128.105.76.6-9618+[2607-f388-2200-100-216-3eff-fe63-f8a5]-9618&alias=learn.chtc.wisc.edu&noUDP&sock=schedd_6739_f8d1>
...
040 (6573.000.000) 2026-04-19 22:35:07 Started transferring input files
	Transferring to host: <128.105.68.37:9618?addrs=128.105.68.37-9618+[2607-f388-2200-100-3680-dff-fe2e-8438]-9618&alias=e2467.chtc.wisc.edu&noUDP&sock=slot1_29_386295_85f6_94952>
...
040 (6573.021.000) 2026-04-19 22:35:07 Started transferring input files
	Transferring to host: <128.105.68.159:9618?addrs=128.105.68.159-9618+[2607-f388-2200-100-b226-28ff-fe51-396c]-9618&alias=e2018.chtc.wisc.edu&noUDP&sock=slot1_5_3497627_61af_88923>
...
040 (6573.018.000) 2026-04-19 22:35:07 Started transferring input files
	Transferring to host: <128.105.68.33:9618?addrs=128.105.68.33-9618+[2607-f388-2200-100-3680-dff-fe2e-7f88]-9618&alias=e2463.chtc.wisc.edu&noUDP&sock=slot1_12_1174138_303b_107909>
...
040 (6573.012.000) 2026-04-19 22:35:07 Started transferring input files
	Transferring to host: <128.105.68.48:9618?addrs=128.105.68.48-9618+[2607-f388-2200-100-3680-dff-fe2e-8420]-9618&alias=e2478.chtc.wisc.edu&noUDP&sock=slot1_7_2535867_74e9_104748>
...
040 (6573.023.000) 2026-04-19 22:35:07 Started transferring input files
	Transferring to host: <128.105.68.42:9618?addrs=128.105.68.42-9618+[2607-f388-2200-100-3680-dff-fe2e-87b0]-9618&alias=e2472.chtc.wisc.edu&noUDP&sock=slot1_10_3564943_97e0_90934>
...
040 (6573.005.000) 2026-04-19 22:35:07 Started transferring input files
	Transferring to host: <128.105.68.40:9618?addrs=128.105.68.40-9618+[2607-f388-2200-100-3680-dff-fe2e-8810]-9618&alias=e2470.chtc.wisc.edu&noUDP&sock=slot1_4_439080_54b8_97030>
...
040 (6573.016.000) 2026-04-19 22:35:07 Started transferring input files
	Transferring to host: <128.105.69.183:9618?addrs=128.105.69.183-9618+[2607-f388-2200-100-1270-fdff-fe56-b9c4]-9618&alias=e2566.chtc.wisc.edu&noUDP&sock=slot1_20_1313068_f10d_143472>
...
040 (6573.017.000) 2026-04-19 22:35:07 Started transferring input files
	Transferring to host: <128.105.68.156:9618?addrs=128.105.68.156-9618+[2607-f388-2200-100-b226-28ff-fe50-3c4c]-9618&alias=e2015.chtc.wisc.edu&noUDP&sock=slot1_8_3379675_86f2_77904>
...
040 (6573.001.000) 2026-04-19 22:35:07 Started transferring input files
	Transferring to host: <128.105.69.129:9618?addrs=128.105.69.129-9618+[2607-f388-2200-100-1270-fdff-fe56-6734]-9618&alias=e4078.chtc.wisc.edu&noUDP&sock=slot1_44_1900747_f606_106599>
...
040 (6573.007.000) 2026-04-19 22:35:13 Entered queue to transfer input files
	Transferring to host: <128.105.69.204:9618?addrs=128.105.69.204-9618+[2607-f388-2200-100-1270-fdff-fe56-b85c]-9618&alias=e4035.chtc.wisc.edu&noUDP&sock=slot1_28_835179_e8c3_102514>
...
040 (6573.019.000) 2026-04-19 22:35:13 Entered queue to transfer input files
	Transferring to host: <128.105.69.143:9618?addrs=128.105.69.143-9618+[2607-f388-2200-100-1270-fdff-fe56-7694]-9618&alias=e4020.chtc.wisc.edu&noUDP&sock=slot1_55_1473195_e61c_114095>
...
040 (6573.006.000) 2026-04-19 22:35:16 Entered queue to transfer input files
	Transferring to host: <128.105.69.160:9618?addrs=128.105.69.160-9618+[2607-f388-2200-100-1270-fdff-fe56-c2cc]-9618&alias=e4093.chtc.wisc.edu&noUDP&sock=slot1_9_2568318_1f31_102121>
...
040 (6573.008.000) 2026-04-19 22:35:16 Entered queue to transfer input files
	Transferring to host: <128.105.68.154:9618?addrs=128.105.68.154-9618+[fde1-53ba-e9a0-de11-8055-9bb5-58cf-8aeb]-9618&alias=e2013.chtc.wisc.edu&noUDP&sock=slot1_10_11637_11b2_23660>
...
040 (6573.007.000) 2026-04-19 22:35:18 Started transferring input files
	Seconds spent in queue: 5
...
040 (6573.005.000) 2026-04-19 22:35:18 Finished transferring input files
...
040 (6573.014.000) 2026-04-19 22:35:18 Entered queue to transfer input files
	Transferring to host: <128.105.69.128:9618?addrs=128.105.69.128-9618+[2607-f388-2200-100-1270-fdff-fe56-642c]-9618&alias=e4077.chtc.wisc.edu&noUDP&sock=slot1_37_3800455_1a49_104377>
...
001 (6573.005.000) 2026-04-19 22:35:19 Job executing on host: <128.105.68.40:9618?addrs=128.105.68.40-9618+[2607-f388-2200-100-3680-dff-fe2e-8810]-9618&alias=e2470.chtc.wisc.edu&noUDP&sock=startd_11648_233c>
	SlotName: slot1_4@e2470.chtc.wisc.edu
	CondorScratchDir = "/var/lib/condor/execute/slot1/dir_3226255/scratch"
	Cpus = 1
	Disk = 3145728
	GPUs = 0
	IoHeavy = 0
	Memory = 1024
...
040 (6573.019.000) 2026-04-19 22:35:21 Started transferring input files
	Seconds spent in queue: 8
...
040 (6573.000.000) 2026-04-19 22:35:21 Finished transferring input files
...
006 (6573.005.000) 2026-04-19 22:35:21 Image size of job updated: 1176
	0  -  MemoryUsage of job (MB)
	0  -  ResidentSetSize of job (KB)
...
040 (6573.005.000) 2026-04-19 22:35:21 Started transferring output files
...
040 (6573.005.000) 2026-04-19 22:35:21 Finished transferring output files
...
040 (6573.006.000) 2026-04-19 22:35:21 Started transferring input files
	Seconds spent in queue: 5
...
040 (6573.017.000) 2026-04-19 22:35:21 Finished transferring input files
...
005 (6573.005.000) 2026-04-19 22:35:22 Job terminated.
	(1) Normal termination (return value 1)
		Usr 0 00:00:01, Sys 0 00:00:00  -  Run Remote Usage
		Usr 0 00:00:00, Sys 0 00:00:00  -  Run Local Usage
		Usr 0 00:00:01, Sys 0 00:00:00  -  Total Remote Usage
		Usr 0 00:00:00, Sys 0 00:00:00  -  Total Local Usage
	405  -  Run Bytes Sent By Job
	1606701541  -  Run Bytes Received By Job
	405  -  Total Bytes Sent By Job
	1606701541  -  Total Bytes Received By Job
	Partitionable Resources :    Usage  Request Allocated 
	   Cpus                 :        0        1         1 
	   Disk (KB)            :  1569073  3145728   3145728 
	   GPUs                 :                           0 
	   IoHeavy              :                           0 
	   Memory (MB)          :        0     1024      1024 
	   TimeExecute (s)      :        2                    
	   TimeSlotBusy (s)     :       14                    
...
040 (6573.018.000) 2026-04-19 22:35:22 Finished transferring input files
...
040 (6573.008.000) 2026-04-19 22:35:22 Started transferring input files
	Seconds spent in queue: 6
...
001 (6573.000.000) 2026-04-19 22:35:22 Job executing on host: <128.105.68.37:9618?addrs=128.105.68.37-9618+[2607-f388-2200-100-3680-dff-fe2e-8438]-9618&alias=e2467.chtc.wisc.edu&noUDP&sock=startd_11664_1cc0>
	SlotName: slot1_29@e2467.chtc.wisc.edu
	CondorScratchDir = "/var/lib/condor/execute/slot1/dir_1421307/scratch"
	Cpus = 1
	Disk = 3145728
	GPUs = 0
	IoHeavy = 0
	Memory = 1024
...
001 (6573.017.000) 2026-04-19 22:35:23 Job executing on host: <128.105.68.156:9618?addrs=128.105.68.156-9618+[2607-f388-2200-100-b226-28ff-fe50-3c4c]-9618&alias=e2015.chtc.wisc.edu&noUDP&sock=startd_9396_73f4>
	SlotName: slot1_8@e2015.chtc.wisc.edu
	CondorScratchDir = "/var/lib/condor/execute/slot1/dir_2510012/scratch"
	Cpus = 1
	Disk = 3145728
	GPUs = 0
	IoHeavy = 0
	Memory = 1024
...
001 (6573.018.000) 2026-04-19 22:35:23 Job executing on host: <128.105.68.33:9618?addrs=128.105.68.33-9618+[2607-f388-2200-100-3680-dff-fe2e-7f88]-9618&alias=e2463.chtc.wisc.edu&noUDP&sock=startd_12000_9492>
	SlotName: slot1_12@e2463.chtc.wisc.edu
	CondorScratchDir = "/var/lib/condor/execute/slot1/dir_2213857/scratch"
	Cpus = 1
	Disk = 3145728
	GPUs = 0
	IoHeavy = 0
	Memory = 1024
...
040 (6573.014.000) 2026-04-19 22:35:23 Started transferring input files
	Seconds spent in queue: 5
...
040 (6573.001.000) 2026-04-19 22:35:23 Finished transferring input files
...
040 (6573.010.000) 2026-04-19 22:35:24 Started transferring input files
	Transferring to host: <128.105.69.195:9618?addrs=128.105.69.195-9618+[2607-f388-2200-100-1270-fdff-fe56-6f44]-9618&alias=e4048.chtc.wisc.edu&noUDP&sock=slot1_8_3405890_5dbc_115277>
...
040 (6573.021.000) 2026-04-19 22:35:24 Finished transferring input files
...
040 (6573.004.000) 2026-04-19 22:35:24 Started transferring input files
	Transferring to host: <128.105.69.115:9618?addrs=128.105.69.115-9618+[2607-f388-2200-100-1270-fdff-fe56-ced4]-9618&alias=e4064.chtc.wisc.edu&noUDP&sock=slot1_40_158781_5412_118749>
...
040 (6573.023.000) 2026-04-19 22:35:24 Finished transferring input files
...
001 (6573.001.000) 2026-04-19 22:35:24 Job executing on host: <128.105.69.129:9618?addrs=128.105.69.129-9618+[2607-f388-2200-100-1270-fdff-fe56-6734]-9618&alias=e4078.chtc.wisc.edu&noUDP&sock=startd_16904_5103>
	SlotName: slot1_44@e4078.chtc.wisc.edu
	CondorScratchDir = "/var/lib/condor/execute/slot1/dir_3456619/scratch"
	Cpus = 1
	Disk = 3145728
	GPUs = 0
	IoHeavy = 0
	Memory = 1024
...
006 (6573.000.000) 2026-04-19 22:35:25 Image size of job updated: 16
	0  -  MemoryUsage of job (MB)
	0  -  ResidentSetSize of job (KB)
...
040 (6573.000.000) 2026-04-19 22:35:25 Started transferring output files
...
040 (6573.000.000) 2026-04-19 22:35:25 Finished transferring output files
...
001 (6573.021.000) 2026-04-19 22:35:25 Job executing on host: <128.105.68.159:9618?addrs=128.105.68.159-9618+[2607-f388-2200-100-b226-28ff-fe51-396c]-9618&alias=e2018.chtc.wisc.edu&noUDP&sock=startd_9513_b489>
	SlotName: slot1_5@e2018.chtc.wisc.edu
	CondorScratchDir = "/var/lib/condor/execute/slot1/dir_3043864/scratch"
	Cpus = 1
	Disk = 3145728
	GPUs = 0
	IoHeavy = 0
	Memory = 1024
...
001 (6573.023.000) 2026-04-19 22:35:25 Job executing on host: <128.105.68.42:9618?addrs=128.105.68.42-9618+[2607-f388-2200-100-3680-dff-fe2e-87b0]-9618&alias=e2472.chtc.wisc.edu&noUDP&sock=startd_11728_02cf>
	SlotName: slot1_10@e2472.chtc.wisc.edu
	CondorScratchDir = "/var/lib/condor/execute/slot1/dir_40690/scratch"
	Cpus = 1
	Disk = 3145728
	GPUs = 0
	IoHeavy = 0
	Memory = 1024
...
005 (6573.000.000) 2026-04-19 22:35:25 Job terminated.
	(1) Normal termination (return value 1)
		Usr 0 00:00:01, Sys 0 00:00:00  -  Run Remote Usage
		Usr 0 00:00:00, Sys 0 00:00:00  -  Run Local Usage
		Usr 0 00:00:01, Sys 0 00:00:00  -  Total Remote Usage
		Usr 0 00:00:00, Sys 0 00:00:00  -  Total Local Usage
	405  -  Run Bytes Sent By Job
	1595041373  -  Run Bytes Received By Job
	405  -  Total Bytes Sent By Job
	1595041373  -  Total Bytes Received By Job
	Partitionable Resources :    Usage  Request Allocated 
	   Cpus                 :        0        1         1 
	   Disk (KB)            :  1557686  3145728   3145728 
	   GPUs                 :                           0 
	   IoHeavy              :                           0 
	   Memory (MB)          :        0     1024      1024 
	   TimeExecute (s)      :        3                    
	   TimeSlotBusy (s)     :       18                    
...
006 (6573.018.000) 2026-04-19 22:35:25 Image size of job updated: 204
	0  -  MemoryUsage of job (MB)
	0  -  ResidentSetSize of job (KB)
...
040 (6573.018.000) 2026-04-19 22:35:25 Started transferring output files
...
040 (6573.018.000) 2026-04-19 22:35:25 Finished transferring output files
...
040 (6573.012.000) 2026-04-19 22:35:26 Finished transferring input files
...
005 (6573.018.000) 2026-04-19 22:35:26 Job terminated.
	(1) Normal termination (return value 1)
		Usr 0 00:00:01, Sys 0 00:00:00  -  Run Remote Usage
		Usr 0 00:00:00, Sys 0 00:00:00  -  Run Local Usage
		Usr 0 00:00:01, Sys 0 00:00:00  -  Total Remote Usage
		Usr 0 00:00:00, Sys 0 00:00:00  -  Total Local Usage
	405  -  Run Bytes Sent By Job
	1609506806  -  Run Bytes Received By Job
	405  -  Total Bytes Sent By Job
	1609506806  -  Total Bytes Received By Job
	Partitionable Resources :    Usage  Request Allocated 
	   Cpus                 :        0        1         1 
	   Disk (KB)            :  1571812  3145728   3145728 
	   GPUs                 :                           0 
	   IoHeavy              :                           0 
	   Memory (MB)          :        0     1024      1024 
	   TimeExecute (s)      :        2                    
	   TimeSlotBusy (s)     :       18                    
...
006 (6573.017.000) 2026-04-19 22:35:26 Image size of job updated: 368
	0  -  MemoryUsage of job (MB)
	0  -  ResidentSetSize of job (KB)
...
040 (6573.017.000) 2026-04-19 22:35:26 Started transferring output files
...
040 (6573.017.000) 2026-04-19 22:35:26 Finished transferring output files
...
040 (6573.011.000) 2026-04-19 22:35:27 Started transferring input files
	Transferring to host: <128.105.69.186:9618?addrs=128.105.69.186-9618+[2607-f388-2200-100-1270-fdff-fe56-c3b4]-9618&alias=e4038.chtc.wisc.edu&noUDP&sock=slot1_23_646093_b77a_96713>
...
040 (6573.016.000) 2026-04-19 22:35:27 Finished transferring input files
...
001 (6573.012.000) 2026-04-19 22:35:27 Job executing on host: <128.105.68.48:9618?addrs=128.105.68.48-9618+[2607-f388-2200-100-3680-dff-fe2e-8420]-9618&alias=e2478.chtc.wisc.edu&noUDP&sock=startd_11568_43a8>
	SlotName: slot1_7@e2478.chtc.wisc.edu
	CondorScratchDir = "/var/lib/condor/execute/slot1/dir_808488/scratch"
	Cpus = 1
	Disk = 3145728
	GPUs = 0
	IoHeavy = 0
	Memory = 1024
...
006 (6573.001.000) 2026-04-19 22:35:27 Image size of job updated: 200
	0  -  MemoryUsage of job (MB)
	0  -  ResidentSetSize of job (KB)
...
040 (6573.001.000) 2026-04-19 22:35:27 Started transferring output files
...
040 (6573.001.000) 2026-04-19 22:35:27 Finished transferring output files
...
005 (6573.017.000) 2026-04-19 22:35:27 Job terminated.
	(1) Normal termination (return value 1)
		Usr 0 00:00:03, Sys 0 00:00:00  -  Run Remote Usage
		Usr 0 00:00:00, Sys 0 00:00:00  -  Run Local Usage
		Usr 0 00:00:03, Sys 0 00:00:00  -  Total Remote Usage
		Usr 0 00:00:00, Sys 0 00:00:00  -  Total Local Usage
	405  -  Run Bytes Sent By Job
	1613103300  -  Run Bytes Received By Job
	405  -  Total Bytes Sent By Job
	1613103300  -  Total Bytes Received By Job
	Partitionable Resources :    Usage  Request Allocated 
	   Cpus                 :        0        1         1 
	   Disk (KB)            :  1575404  3145728   3145728 
	   GPUs                 :                           0 
	   IoHeavy              :                           0 
	   Memory (MB)          :        0     1024      1024 
	   TimeExecute (s)      :        3                    
	   TimeSlotBusy (s)     :       19                    
...
006 (6573.023.000) 2026-04-19 22:35:27 Image size of job updated: 668
	0  -  MemoryUsage of job (MB)
	0  -  ResidentSetSize of job (KB)
...
040 (6573.023.000) 2026-04-19 22:35:27 Started transferring output files
...
040 (6573.023.000) 2026-04-19 22:35:27 Finished transferring output files
...
040 (6573.009.000) 2026-04-19 22:35:27 Started transferring input files
	Transferring to host: <128.105.69.184:9618?addrs=128.105.69.184-9618+[2607-f388-2200-100-1270-fdff-fe56-bbfc]-9618&alias=e4036.chtc.wisc.edu&noUDP&sock=slot1_2_2867792_a583_102889>
...
001 (6573.016.000) 2026-04-19 22:35:28 Job executing on host: <128.105.69.183:9618?addrs=128.105.69.183-9618+[2607-f388-2200-100-1270-fdff-fe56-b9c4]-9618&alias=e2566.chtc.wisc.edu&noUDP&sock=startd_14607_c3f8>
	SlotName: slot1_20@e2566.chtc.wisc.edu
	CondorScratchDir = "/var/lib/condor/execute/slot1/dir_1655230/scratch"
	Cpus = 1
	Disk = 3146881
	GPUs = 0
	IoHeavy = 0
	Memory = 1024
...
005 (6573.023.000) 2026-04-19 22:35:28 Job terminated.
	(1) Normal termination (return value 1)
		Usr 0 00:00:01, Sys 0 00:00:00  -  Run Remote Usage
		Usr 0 00:00:00, Sys 0 00:00:00  -  Run Local Usage
		Usr 0 00:00:01, Sys 0 00:00:00  -  Total Remote Usage
		Usr 0 00:00:00, Sys 0 00:00:00  -  Total Local Usage
	405  -  Run Bytes Sent By Job
	1658038619  -  Run Bytes Received By Job
	405  -  Total Bytes Sent By Job
	1658038619  -  Total Bytes Received By Job
	Partitionable Resources :    Usage  Request Allocated 
	   Cpus                 :        0        1         1 
	   Disk (KB)            :  1619206  3145728   3145728 
	   GPUs                 :                           0 
	   IoHeavy              :                           0 
	   Memory (MB)          :        0     1024      1024 
	   TimeExecute (s)      :        2                    
	   TimeSlotBusy (s)     :       20                    
...
006 (6573.021.000) 2026-04-19 22:35:28 Image size of job updated: 4496
	0  -  MemoryUsage of job (MB)
	0  -  ResidentSetSize of job (KB)
...
040 (6573.021.000) 2026-04-19 22:35:28 Started transferring output files
...
040 (6573.021.000) 2026-04-19 22:35:28 Finished transferring output files
...
006 (6573.012.000) 2026-04-19 22:35:29 Image size of job updated: 112
	0  -  MemoryUsage of job (MB)
	0  -  ResidentSetSize of job (KB)
...
040 (6573.012.000) 2026-04-19 22:35:29 Started transferring output files
...
040 (6573.012.000) 2026-04-19 22:35:29 Finished transferring output files
...
005 (6573.012.000) 2026-04-19 22:35:30 Job terminated.
	(1) Normal termination (return value 1)
		Usr 0 00:00:01, Sys 0 00:00:00  -  Run Remote Usage
		Usr 0 00:00:00, Sys 0 00:00:00  -  Run Local Usage
		Usr 0 00:00:01, Sys 0 00:00:00  -  Total Remote Usage
		Usr 0 00:00:00, Sys 0 00:00:00  -  Total Local Usage
	405  -  Run Bytes Sent By Job
	1613360468  -  Run Bytes Received By Job
	405  -  Total Bytes Sent By Job
	1613360468  -  Total Bytes Received By Job
	Partitionable Resources :    Usage  Request Allocated 
	   Cpus                 :        0        1         1 
	   Disk (KB)            :  1575575  3145728   3145728 
	   GPUs                 :                           0 
	   IoHeavy              :                           0 
	   Memory (MB)          :        0     1024      1024 
	   TimeExecute (s)      :        2                    
	   TimeSlotBusy (s)     :       22                    
...
006 (6573.016.000) 2026-04-19 22:35:30 Image size of job updated: 16
	0  -  MemoryUsage of job (MB)
	0  -  ResidentSetSize of job (KB)
...
040 (6573.016.000) 2026-04-19 22:35:30 Started transferring output files
...
040 (6573.016.000) 2026-04-19 22:35:30 Finished transferring output files
...
005 (6573.016.000) 2026-04-19 22:35:31 Job terminated.
	(1) Normal termination (return value 1)
		Usr 0 00:00:01, Sys 0 00:00:00  -  Run Remote Usage
		Usr 0 00:00:00, Sys 0 00:00:00  -  Run Local Usage
		Usr 0 00:00:01, Sys 0 00:00:00  -  Total Remote Usage
		Usr 0 00:00:00, Sys 0 00:00:00  -  Total Local Usage
	405  -  Run Bytes Sent By Job
	1639670370  -  Run Bytes Received By Job
	405  -  Total Bytes Sent By Job
	1639670370  -  Total Bytes Received By Job
	Partitionable Resources :    Usage  Request Allocated 
	   Cpus                 :        0        1         1 
	   Disk (KB)            :  1601268  3145728   3146881 
	   GPUs                 :                           0 
	   IoHeavy              :                           0 
	   Memory (MB)          :        0     1024      1024 
	   TimeExecute (s)      :        2                    
	   TimeSlotBusy (s)     :       23                    
...
040 (6573.020.000) 2026-04-19 22:35:34 Started transferring input files
	Transferring to host: <128.105.68.155:9618?addrs=128.105.68.155-9618+[2607-f388-2200-100-b226-28ff-fe50-5c14]-9618&alias=e2014.chtc.wisc.edu&noUDP&sock=slot1_13_3515869_8555_70373>
...
040 (6573.019.000) 2026-04-19 22:35:34 Finished transferring input files
...
001 (6573.019.000) 2026-04-19 22:35:35 Job executing on host: <128.105.69.143:9618?addrs=128.105.69.143-9618+[2607-f388-2200-100-1270-fdff-fe56-7694]-9618&alias=e4020.chtc.wisc.edu&noUDP&sock=startd_16640_3c02>
	SlotName: slot1_55@e4020.chtc.wisc.edu
	CondorScratchDir = "/var/lib/condor/execute/slot1/dir_3313040/scratch"
	Cpus = 1
	Disk = 3145728
	GPUs = 0
	IoHeavy = 0
	Memory = 1024
...
040 (6573.007.000) 2026-04-19 22:35:35 Finished transferring input files
...
001 (6573.007.000) 2026-04-19 22:35:36 Job executing on host: <128.105.69.204:9618?addrs=128.105.69.204-9618+[2607-f388-2200-100-1270-fdff-fe56-b85c]-9618&alias=e4035.chtc.wisc.edu&noUDP&sock=startd_16584_d2b5>
	SlotName: slot1_28@e4035.chtc.wisc.edu
	CondorScratchDir = "/var/lib/condor/execute/slot1/dir_2034825/scratch"
	Cpus = 1
	Disk = 3145728
	GPUs = 0
	IoHeavy = 0
	Memory = 1024
...
040 (6573.008.000) 2026-04-19 22:35:36 Finished transferring input files
...
006 (6573.019.000) 2026-04-19 22:35:37 Image size of job updated: 80
	0  -  MemoryUsage of job (MB)
	0  -  ResidentSetSize of job (KB)
...
040 (6573.019.000) 2026-04-19 22:35:37 Started transferring output files
	Seconds spent in queue: 24
...
040 (6573.019.000) 2026-04-19 22:35:37 Finished transferring output files
...
001 (6573.008.000) 2026-04-19 22:35:37 Job executing on host: <128.105.68.154:9618?addrs=128.105.68.154-9618+[fde1-53ba-e9a0-de11-8055-9bb5-58cf-8aeb]-9618&alias=e2013.chtc.wisc.edu&noUDP&sock=startd_11559_174e>
	SlotName: slot1_10@e2013.chtc.wisc.edu
	CondorScratchDir = "/var/lib/condor/execute/slot1/dir_2990709/scratch"
	Cpus = 1
	Disk = 3145728
	GPUs = 0
	IoHeavy = 0
	Memory = 1024
...
040 (6573.006.000) 2026-04-19 22:35:37 Finished transferring input files
...
022 (6573.008.000) 2026-04-19 22:35:38 Job disconnected, attempting to reconnect
    Socket between submit and execute hosts closed unexpectedly
    Trying to reconnect to slot1_10@e2013.chtc.wisc.edu <128.105.68.154:9618?addrs=128.105.68.154-9618+[fde1-53ba-e9a0-de11-8055-9bb5-58cf-8aeb]-9618&alias=e2013.chtc.wisc.edu&noUDP&sock=startd_11559_174e>
...
001 (6573.006.000) 2026-04-19 22:35:39 Job executing on host: <128.105.69.160:9618?addrs=128.105.69.160-9618+[2607-f388-2200-100-1270-fdff-fe56-c2cc]-9618&alias=e4093.chtc.wisc.edu&noUDP&sock=startd_16910_6e95>
	SlotName: slot1_9@e4093.chtc.wisc.edu
	CondorScratchDir = "/var/lib/condor/execute/slot1/dir_3577558/scratch"
	Cpus = 1
	Disk = 3145728
	GPUs = 0
	IoHeavy = 0
	Memory = 1024
...
006 (6573.007.000) 2026-04-19 22:35:39 Image size of job updated: 20
	0  -  MemoryUsage of job (MB)
	0  -  ResidentSetSize of job (KB)
...
040 (6573.007.000) 2026-04-19 22:35:39 Started transferring output files
	Seconds spent in queue: 26
...
040 (6573.007.000) 2026-04-19 22:35:39 Finished transferring output files
...
040 (6573.004.000) 2026-04-19 22:35:40 Finished transferring input files
...
006 (6573.006.000) 2026-04-19 22:35:41 Image size of job updated: 4288
	0  -  MemoryUsage of job (MB)
	0  -  ResidentSetSize of job (KB)
...
040 (6573.006.000) 2026-04-19 22:35:41 Started transferring output files
	Seconds spent in queue: 25
...
040 (6573.006.000) 2026-04-19 22:35:41 Finished transferring output files
...
001 (6573.004.000) 2026-04-19 22:35:41 Job executing on host: <128.105.69.115:9618?addrs=128.105.69.115-9618+[2607-f388-2200-100-1270-fdff-fe56-ced4]-9618&alias=e4064.chtc.wisc.edu&noUDP&sock=startd_16645_a9fc>
	SlotName: slot1_40@e4064.chtc.wisc.edu
	CondorScratchDir = "/var/lib/condor/execute/slot1/dir_2525576/scratch"
	Cpus = 1
	Disk = 3145728
	GPUs = 0
	IoHeavy = 0
	Memory = 1024
...
040 (6573.011.000) 2026-04-19 22:35:42 Finished transferring input files
...
040 (6573.014.000) 2026-04-19 22:35:42 Finished transferring input files
...
040 (6573.010.000) 2026-04-19 22:35:42 Finished transferring input files
...
001 (6573.011.000) 2026-04-19 22:35:43 Job executing on host: <128.105.69.186:9618?addrs=128.105.69.186-9618+[2607-f388-2200-100-1270-fdff-fe56-c3b4]-9618&alias=e4038.chtc.wisc.edu&noUDP&sock=startd_16653_26be>
	SlotName: slot1_23@e4038.chtc.wisc.edu
	CondorScratchDir = "/var/lib/condor/execute/slot1/dir_2365037/scratch"
	Cpus = 1
	Disk = 3145728
	GPUs = 0
	IoHeavy = 0
	Memory = 1024
...
001 (6573.014.000) 2026-04-19 22:35:43 Job executing on host: <128.105.69.128:9618?addrs=128.105.69.128-9618+[2607-f388-2200-100-1270-fdff-fe56-642c]-9618&alias=e4077.chtc.wisc.edu&noUDP&sock=startd_16912_cdc5>
	SlotName: slot1_37@e4077.chtc.wisc.edu
	CondorScratchDir = "/var/lib/condor/execute/slot1/dir_943968/scratch"
	Cpus = 1
	Disk = 3145728
	GPUs = 0
	IoHeavy = 0
	Memory = 1024
...
001 (6573.010.000) 2026-04-19 22:35:43 Job executing on host: <128.105.69.195:9618?addrs=128.105.69.195-9618+[2607-f388-2200-100-1270-fdff-fe56-6f44]-9618&alias=e4048.chtc.wisc.edu&noUDP&sock=startd_16883_e986>
	SlotName: slot1_8@e4048.chtc.wisc.edu
	CondorScratchDir = "/var/lib/condor/execute/slot1/dir_1762396/scratch"
	Cpus = 1
	Disk = 3145728
	GPUs = 0
	IoHeavy = 0
	Memory = 1024
...
006 (6573.004.000) 2026-04-19 22:35:44 Image size of job updated: 1716
	0  -  MemoryUsage of job (MB)
	0  -  ResidentSetSize of job (KB)
...
040 (6573.004.000) 2026-04-19 22:35:44 Started transferring output files
...
040 (6573.004.000) 2026-04-19 22:35:44 Finished transferring output files
...
040 (6573.020.000) 2026-04-19 22:35:44 Finished transferring input files
...
006 (6573.014.000) 2026-04-19 22:35:45 Image size of job updated: 1516
	0  -  MemoryUsage of job (MB)
	0  -  ResidentSetSize of job (KB)
...
040 (6573.014.000) 2026-04-19 22:35:45 Started transferring output files
	Seconds spent in queue: 27
...
040 (6573.014.000) 2026-04-19 22:35:45 Finished transferring output files
...
006 (6573.011.000) 2026-04-19 22:35:45 Image size of job updated: 4436
	0  -  MemoryUsage of job (MB)
	0  -  ResidentSetSize of job (KB)
...
040 (6573.011.000) 2026-04-19 22:35:45 Started transferring output files
...
040 (6573.011.000) 2026-04-19 22:35:45 Finished transferring output files
...
024 (6573.008.000) 2026-04-19 22:35:46 Job reconnection failed
    Job not found at execution machine
    Can not reconnect to slot1_10@e2013.chtc.wisc.edu, rescheduling job
...
004 (6573.008.000) 2026-04-19 22:35:46 Job was evicted. Code 1008 Subcode 0
	(0) CPU times
		Usr 0 00:00:00, Sys 0 00:00:00  -  Run Remote Usage
		Usr 0 00:00:00, Sys 0 00:00:00  -  Run Local Usage
	0  -  Run Bytes Sent By Job
	1588753944  -  Run Bytes Received By Job
	Reason: Job not found at execution machine
	Partitionable Resources :      Usage  Request Allocated 
	   Cpus                 :       0.31        1         1 
	   Disk (KB)            : 1551588     3145728   3145728 
	   GPUs                 :                             0 
	   IoHeavy              :                             0 
	   Memory (MB)          :                1024      1024 
	   TimeSlotBusy (s)     :      39                       
...
006 (6573.010.000) 2026-04-19 22:35:46 Image size of job updated: 104
	0  -  MemoryUsage of job (MB)
	0  -  ResidentSetSize of job (KB)
...
040 (6573.010.000) 2026-04-19 22:35:46 Started transferring output files
...
040 (6573.010.000) 2026-04-19 22:35:46 Finished transferring output files
...
005 (6573.010.000) 2026-04-19 22:35:47 Job terminated.
	(1) Normal termination (return value 1)
		Usr 0 00:00:01, Sys 0 00:00:00  -  Run Remote Usage
		Usr 0 00:00:00, Sys 0 00:00:00  -  Run Local Usage
		Usr 0 00:00:01, Sys 0 00:00:00  -  Total Remote Usage
		Usr 0 00:00:00, Sys 0 00:00:00  -  Total Local Usage
	405  -  Run Bytes Sent By Job
	1602511878  -  Run Bytes Received By Job
	405  -  Total Bytes Sent By Job
	1602511878  -  Total Bytes Received By Job
	Partitionable Resources :    Usage  Request Allocated 
	   Cpus                 :                 1         1 
	   Disk (KB)            :  1565060  3145728   3145728 
	   GPUs                 :                           0 
	   IoHeavy              :                           0 
	   Memory (MB)          :        0     1024      1024 
	   TimeExecute (s)      :        3                    
	   TimeSlotBusy (s)     :       26                    
...
040 (6573.008.000) 2026-04-19 22:35:47 Started transferring input files
	Seconds spent in queue: 31
...
005 (6573.011.000) 2026-04-19 22:35:48 Job terminated.
	(1) Normal termination (return value 1)
		Usr 0 00:00:01, Sys 0 00:00:00  -  Run Remote Usage
		Usr 0 00:00:00, Sys 0 00:00:00  -  Run Local Usage
		Usr 0 00:00:01, Sys 0 00:00:00  -  Total Remote Usage
		Usr 0 00:00:00, Sys 0 00:00:00  -  Total Local Usage
	405  -  Run Bytes Sent By Job
	1629817941  -  Run Bytes Received By Job
	405  -  Total Bytes Sent By Job
	1629817941  -  Total Bytes Received By Job
	Partitionable Resources :    Usage  Request Allocated 
	   Cpus                 :        0        1         1 
	   Disk (KB)            :  1591728  3145728   3145728 
	   GPUs                 :                           0 
	   IoHeavy              :                           0 
	   Memory (MB)          :        0     1024      1024 
	   TimeExecute (s)      :        2                    
	   TimeSlotBusy (s)     :       19                    
...
040 (6573.013.000) 2026-04-19 22:35:48 Started transferring input files
	Transferring to host: <128.105.69.186:9618?addrs=128.105.69.186-9618+[2607-f388-2200-100-1270-fdff-fe56-c3b4]-9618&alias=e4038.chtc.wisc.edu&noUDP&sock=slot1_23_646093_b77a_96714>
...
005 (6573.021.000) 2026-04-19 22:35:48 Job terminated.
	(1) Normal termination (return value 1)
		Usr 0 00:00:02, Sys 0 00:00:00  -  Run Remote Usage
		Usr 0 00:00:00, Sys 0 00:00:00  -  Run Local Usage
		Usr 0 00:00:02, Sys 0 00:00:00  -  Total Remote Usage
		Usr 0 00:00:00, Sys 0 00:00:00  -  Total Local Usage
	405  -  Run Bytes Sent By Job
	1640769889  -  Run Bytes Received By Job
	405  -  Total Bytes Sent By Job
	1640769889  -  Total Bytes Received By Job
	Partitionable Resources :    Usage  Request Allocated 
	   Cpus                 :        0        1         1 
	   Disk (KB)            :  1602343  3145728   3145728 
	   GPUs                 :                           0 
	   IoHeavy              :                           0 
	   Memory (MB)          :        0     1024      1024 
	   TimeExecute (s)      :        3                    
	   TimeSlotBusy (s)     :       21                    
...
005 (6573.001.000) 2026-04-19 22:35:49 Job terminated.
	(1) Normal termination (return value 1)
		Usr 0 00:00:01, Sys 0 00:00:00  -  Run Remote Usage
		Usr 0 00:00:00, Sys 0 00:00:00  -  Run Local Usage
		Usr 0 00:00:01, Sys 0 00:00:00  -  Total Remote Usage
		Usr 0 00:00:00, Sys 0 00:00:00  -  Total Local Usage
	405  -  Run Bytes Sent By Job
	1584759254  -  Run Bytes Received By Job
	405  -  Total Bytes Sent By Job
	1584759254  -  Total Bytes Received By Job
	Partitionable Resources :      Usage  Request Allocated 
	   Cpus                 :       0.06        1         1 
	   Disk (KB)            : 1547728     3145728   3145728 
	   GPUs                 :                             0 
	   IoHeavy              :                             0 
	   Memory (MB)          :       0        1024      1024 
	   TimeExecute (s)      :       3                       
	   TimeSlotBusy (s)     :      20                       
...
040 (6573.009.000) 2026-04-19 22:35:49 Finished transferring input files
...
040 (6573.015.000) 2026-04-19 22:35:50 Started transferring input files
	Transferring to host: <128.105.68.159:9618?addrs=128.105.68.159-9618+[2607-f388-2200-100-b226-28ff-fe51-396c]-9618&alias=e2018.chtc.wisc.edu&noUDP&sock=slot1_5_3497627_61af_88924>
...
001 (6573.009.000) 2026-04-19 22:35:50 Job executing on host: <128.105.69.184:9618?addrs=128.105.69.184-9618+[2607-f388-2200-100-1270-fdff-fe56-bbfc]-9618&alias=e4036.chtc.wisc.edu&noUDP&sock=startd_16584_d2b5>
	SlotName: slot1_2@e4036.chtc.wisc.edu
	CondorScratchDir = "/var/lib/condor/execute/slot1/dir_666348/scratch"
	Cpus = 1
	Disk = 3145728
	GPUs = 0
	IoHeavy = 0
	Memory = 1024
...
001 (6573.020.000) 2026-04-19 22:35:52 Job executing on host: <128.105.68.155:9618?addrs=128.105.68.155-9618+[2607-f388-2200-100-b226-28ff-fe50-5c14]-9618&alias=e2014.chtc.wisc.edu&noUDP&sock=startd_9440_a21f>
	SlotName: slot1_13@e2014.chtc.wisc.edu
	CondorScratchDir = "/var/lib/condor/execute/slot1/dir_2475865/scratch"
	Cpus = 1
	Disk = 3145728
	GPUs = 0
	IoHeavy = 0
	Memory = 1024
...
006 (6573.009.000) 2026-04-19 22:35:52 Image size of job updated: 1288
	0  -  MemoryUsage of job (MB)
	0  -  ResidentSetSize of job (KB)
...
040 (6573.009.000) 2026-04-19 22:35:52 Started transferring output files
...
040 (6573.009.000) 2026-04-19 22:35:52 Finished transferring output files
...
005 (6573.009.000) 2026-04-19 22:35:53 Job terminated.
	(1) Normal termination (return value 1)
		Usr 0 00:00:01, Sys 0 00:00:00  -  Run Remote Usage
		Usr 0 00:00:00, Sys 0 00:00:00  -  Run Local Usage
		Usr 0 00:00:01, Sys 0 00:00:00  -  Total Remote Usage
		Usr 0 00:00:00, Sys 0 00:00:00  -  Total Local Usage
	405  -  Run Bytes Sent By Job
	1607386185  -  Run Bytes Received By Job
	405  -  Total Bytes Sent By Job
	1607386185  -  Total Bytes Received By Job
	Partitionable Resources :    Usage  Request Allocated 
	   Cpus                 :        0        1         1 
	   Disk (KB)            :  1569824  3145728   3145728 
	   GPUs                 :                           0 
	   IoHeavy              :                           0 
	   Memory (MB)          :        0     1024      1024 
	   TimeExecute (s)      :        2                    
	   TimeSlotBusy (s)     :       25                    
...
006 (6573.020.000) 2026-04-19 22:35:56 Image size of job updated: 200
	0  -  MemoryUsage of job (MB)
	0  -  ResidentSetSize of job (KB)
...
040 (6573.020.000) 2026-04-19 22:35:56 Started transferring output files
...
040 (6573.020.000) 2026-04-19 22:35:56 Finished transferring output files
...
005 (6573.019.000) 2026-04-19 22:35:57 Job terminated.
	(1) Normal termination (return value 1)
		Usr 0 00:00:01, Sys 0 00:00:00  -  Run Remote Usage
		Usr 0 00:00:00, Sys 0 00:00:00  -  Run Local Usage
		Usr 0 00:00:01, Sys 0 00:00:00  -  Total Remote Usage
		Usr 0 00:00:00, Sys 0 00:00:00  -  Total Local Usage
	405  -  Run Bytes Sent By Job
	1601858433  -  Run Bytes Received By Job
	405  -  Total Bytes Sent By Job
	1601858433  -  Total Bytes Received By Job
	Partitionable Resources :    Usage  Request Allocated 
	   Cpus                 :        0        1         1 
	   Disk (KB)            :  1564424  3145728   3145728 
	   GPUs                 :                           0 
	   IoHeavy              :                           0 
	   Memory (MB)          :        0     1024      1024 
	   TimeExecute (s)      :        2                    
	   TimeSlotBusy (s)     :       30                    
...
005 (6573.006.000) 2026-04-19 22:36:01 Job terminated.
	(1) Normal termination (return value 1)
		Usr 0 00:00:01, Sys 0 00:00:00  -  Run Remote Usage
		Usr 0 00:00:00, Sys 0 00:00:00  -  Run Local Usage
		Usr 0 00:00:01, Sys 0 00:00:00  -  Total Remote Usage
		Usr 0 00:00:00, Sys 0 00:00:00  -  Total Local Usage
	405  -  Run Bytes Sent By Job
	1590721348  -  Run Bytes Received By Job
	405  -  Total Bytes Sent By Job
	1590721348  -  Total Bytes Received By Job
	Partitionable Resources :    Usage  Request Allocated 
	   Cpus                 :        0        1         1 
	   Disk (KB)            :  1553548  3145728   3145728 
	   GPUs                 :                           0 
	   IoHeavy              :                           0 
	   Memory (MB)          :        0     1024      1024 
	   TimeExecute (s)      :        2                    
	   TimeSlotBusy (s)     :       31                    
...
040 (6573.013.000) 2026-04-19 22:36:04 Finished transferring input files
...
001 (6573.013.000) 2026-04-19 22:36:05 Job executing on host: <128.105.69.186:9618?addrs=128.105.69.186-9618+[2607-f388-2200-100-1270-fdff-fe56-c3b4]-9618&alias=e4038.chtc.wisc.edu&noUDP&sock=startd_16653_26be>
	SlotName: slot1_23@e4038.chtc.wisc.edu
	CondorScratchDir = "/var/lib/condor/execute/slot1/dir_2365461/scratch"
	Cpus = 1
	Disk = 3145728
	GPUs = 0
	IoHeavy = 0
	Memory = 1024
...
005 (6573.014.000) 2026-04-19 22:36:05 Job terminated.
	(1) Normal termination (return value 1)
		Usr 0 00:00:01, Sys 0 00:00:00  -  Run Remote Usage
		Usr 0 00:00:00, Sys 0 00:00:00  -  Run Local Usage
		Usr 0 00:00:01, Sys 0 00:00:00  -  Total Remote Usage
		Usr 0 00:00:00, Sys 0 00:00:00  -  Total Local Usage
	405  -  Run Bytes Sent By Job
	1624067593  -  Run Bytes Received By Job
	405  -  Total Bytes Sent By Job
	1624067593  -  Total Bytes Received By Job
	Partitionable Resources :    Usage  Request Allocated 
	   Cpus                 :        0        1         1 
	   Disk (KB)            :  1586112  3145728   3145728 
	   GPUs                 :                           0 
	   IoHeavy              :                           0 
	   Memory (MB)          :        0     1024      1024 
	   TimeExecute (s)      :        2                    
	   TimeSlotBusy (s)     :       32                    
...
040 (6573.015.000) 2026-04-19 22:36:05 Finished transferring input files
...
001 (6573.015.000) 2026-04-19 22:36:06 Job executing on host: <128.105.68.159:9618?addrs=128.105.68.159-9618+[2607-f388-2200-100-b226-28ff-fe51-396c]-9618&alias=e2018.chtc.wisc.edu&noUDP&sock=startd_9513_b489>
	SlotName: slot1_5@e2018.chtc.wisc.edu
	CondorScratchDir = "/var/lib/condor/execute/slot1/dir_3048155/scratch"
	Cpus = 1
	Disk = 3145728
	GPUs = 0
	IoHeavy = 0
	Memory = 1024
...
006 (6573.013.000) 2026-04-19 22:36:07 Image size of job updated: 388
	0  -  MemoryUsage of job (MB)
	0  -  ResidentSetSize of job (KB)
...
040 (6573.013.000) 2026-04-19 22:36:07 Started transferring output files
...
040 (6573.013.000) 2026-04-19 22:36:07 Finished transferring output files
...
005 (6573.004.000) 2026-04-19 22:36:07 Job terminated.
	(1) Normal termination (return value 1)
		Usr 0 00:00:01, Sys 0 00:00:00  -  Run Remote Usage
		Usr 0 00:00:00, Sys 0 00:00:00  -  Run Local Usage
		Usr 0 00:00:01, Sys 0 00:00:00  -  Total Remote Usage
		Usr 0 00:00:00, Sys 0 00:00:00  -  Total Local Usage
	405  -  Run Bytes Sent By Job
	1620859744  -  Run Bytes Received By Job
	405  -  Total Bytes Sent By Job
	1620859744  -  Total Bytes Received By Job
	Partitionable Resources :    Usage  Request Allocated 
	   Cpus                 :        0        1         1 
	   Disk (KB)            :  1582980  3145728   3145728 
	   GPUs                 :                           0 
	   IoHeavy              :                           0 
	   Memory (MB)          :        0     1024      1024 
	   TimeExecute (s)      :        3                    
	   TimeSlotBusy (s)     :       22                    
...
040 (6573.008.000) 2026-04-19 22:36:07 Finished transferring input files
...
001 (6573.008.000) 2026-04-19 22:36:09 Job executing on host: <128.105.69.195:9618?addrs=128.105.69.195-9618+[2607-f388-2200-100-1270-fdff-fe56-6f44]-9618&alias=e4048.chtc.wisc.edu&noUDP&sock=startd_16883_e986>
	SlotName: slot1_8@e4048.chtc.wisc.edu
	CondorScratchDir = "/var/lib/condor/execute/slot1/dir_1763487/scratch"
	Cpus = 1
	Disk = 3145728
	GPUs = 0
	IoHeavy = 0
	Memory = 1024
...
005 (6573.007.000) 2026-04-19 22:36:09 Job terminated.
	(1) Normal termination (return value 1)
		Usr 0 00:00:01, Sys 0 00:00:00  -  Run Remote Usage
		Usr 0 00:00:00, Sys 0 00:00:00  -  Run Local Usage
		Usr 0 00:00:01, Sys 0 00:00:00  -  Total Remote Usage
		Usr 0 00:00:00, Sys 0 00:00:00  -  Total Local Usage
	405  -  Run Bytes Sent By Job
	1588275472  -  Run Bytes Received By Job
	405  -  Total Bytes Sent By Job
	1588275472  -  Total Bytes Received By Job
	Partitionable Resources :    Usage  Request Allocated 
	   Cpus                 :        0        1         1 
	   Disk (KB)            :  1551160  3145728   3145728 
	   GPUs                 :                           0 
	   IoHeavy              :                           0 
	   Memory (MB)          :        0     1024      1024 
	   TimeExecute (s)      :        3                    
	   TimeSlotBusy (s)     :       32                    
...
006 (6573.015.000) 2026-04-19 22:36:10 Image size of job updated: 188
	0  -  MemoryUsage of job (MB)
	0  -  ResidentSetSize of job (KB)
...
040 (6573.015.000) 2026-04-19 22:36:10 Started transferring output files
...
040 (6573.015.000) 2026-04-19 22:36:10 Finished transferring output files
...
006 (6573.008.000) 2026-04-19 22:36:11 Image size of job updated: 160
	0  -  MemoryUsage of job (MB)
	0  -  ResidentSetSize of job (KB)
...
040 (6573.008.000) 2026-04-19 22:36:11 Started transferring output files
	Seconds spent in queue: 55
...
040 (6573.008.000) 2026-04-19 22:36:11 Finished transferring output files
...
005 (6573.008.000) 2026-04-19 22:36:12 Job terminated.
	(1) Normal termination (return value 1)
		Usr 0 00:00:01, Sys 0 00:00:00  -  Run Remote Usage
		Usr 0 00:00:00, Sys 0 00:00:00  -  Run Local Usage
		Usr 0 00:00:01, Sys 0 00:00:00  -  Total Remote Usage
		Usr 0 00:00:00, Sys 0 00:00:00  -  Total Local Usage
	405  -  Run Bytes Sent By Job
	1588753944  -  Run Bytes Received By Job
	405  -  Total Bytes Sent By Job
	3177507888  -  Total Bytes Received By Job
	Partitionable Resources :    Usage  Request Allocated 
	   Cpus                 :        0        1         1 
	   Disk (KB)            :  1551624  3145728   3145728 
	   GPUs                 :                           0 
	   IoHeavy              :                           0 
	   Memory (MB)          :        0     1024      1024 
	   TimeExecute (s)      :        2                    
	   TimeSlotBusy (s)     :       24                    
...
040 (6573.022.000) 2026-04-19 22:36:12 Started transferring input files
	Transferring to host: <128.105.69.195:9618?addrs=128.105.69.195-9618+[2607-f388-2200-100-1270-fdff-fe56-6f44]-9618&alias=e4048.chtc.wisc.edu&noUDP&sock=slot1_8_3405890_5dbc_115289>
...
005 (6573.013.000) 2026-04-19 22:36:14 Job terminated.
	(1) Normal termination (return value 1)
		Usr 0 00:00:01, Sys 0 00:00:00  -  Run Remote Usage
		Usr 0 00:00:00, Sys 0 00:00:00  -  Run Local Usage
		Usr 0 00:00:01, Sys 0 00:00:00  -  Total Remote Usage
		Usr 0 00:00:00, Sys 0 00:00:00  -  Total Local Usage
	405  -  Run Bytes Sent By Job
	1583916080  -  Run Bytes Received By Job
	405  -  Total Bytes Sent By Job
	1583916080  -  Total Bytes Received By Job
	Partitionable Resources :    Usage  Request Allocated 
	   Cpus                 :        0        1         1 
	   Disk (KB)            :  1546904  3145728   3145728 
	   GPUs                 :                           0 
	   IoHeavy              :                           0 
	   Memory (MB)          :        0     1024      1024 
	   TimeExecute (s)      :        2                    
	   TimeSlotBusy (s)     :       19                    
...
005 (6573.015.000) 2026-04-19 22:36:31 Job terminated.
	(1) Normal termination (return value 1)
		Usr 0 00:00:02, Sys 0 00:00:00  -  Run Remote Usage
		Usr 0 00:00:00, Sys 0 00:00:00  -  Run Local Usage
		Usr 0 00:00:02, Sys 0 00:00:00  -  Total Remote Usage
		Usr 0 00:00:00, Sys 0 00:00:00  -  Total Local Usage
	405  -  Run Bytes Sent By Job
	1609503412  -  Run Bytes Received By Job
	405  -  Total Bytes Sent By Job
	1609503412  -  Total Bytes Received By Job
	Partitionable Resources :    Usage  Request Allocated 
	   Cpus                 :                 1         1 
	   Disk (KB)            :  1571799  3145728   3145728 
	   GPUs                 :                           0 
	   IoHeavy              :                           0 
	   Memory (MB)          :        0     1024      1024 
	   TimeExecute (s)      :        4                    
	   TimeSlotBusy (s)     :       20                    
...
005 (6573.020.000) 2026-04-19 22:36:31 Job terminated.
	(1) Normal termination (return value 1)
		Usr 0 00:00:02, Sys 0 00:00:00  -  Run Remote Usage
		Usr 0 00:00:00, Sys 0 00:00:00  -  Run Local Usage
		Usr 0 00:00:02, Sys 0 00:00:00  -  Total Remote Usage
		Usr 0 00:00:00, Sys 0 00:00:00  -  Total Local Usage
	405  -  Run Bytes Sent By Job
	1317724466  -  Run Bytes Received By Job
	405  -  Total Bytes Sent By Job
	1317724466  -  Total Bytes Received By Job
	Partitionable Resources :    Usage  Request Allocated 
	   Cpus                 :                 1         1 
	   Disk (KB)            :  1286944  3145728   3145728 
	   GPUs                 :                           0 
	   IoHeavy              :                           0 
	   Memory (MB)          :        0     1024      1024 
	   TimeExecute (s)      :        4                    
	   TimeSlotBusy (s)     :       25                    
...
040 (6573.022.000) 2026-04-19 22:36:38 Finished transferring input files
...
001 (6573.022.000) 2026-04-19 22:36:39 Job executing on host: <128.105.69.195:9618?addrs=128.105.69.195-9618+[2607-f388-2200-100-1270-fdff-fe56-6f44]-9618&alias=e4048.chtc.wisc.edu&noUDP&sock=startd_16883_e986>
	SlotName: slot1_8@e4048.chtc.wisc.edu
	CondorScratchDir = "/var/lib/condor/execute/slot1/dir_1764413/scratch"
	Cpus = 1
	Disk = 3145728
	GPUs = 0
	IoHeavy = 0
	Memory = 1024
...
040 (6573.002.000) 2026-04-19 22:36:39 Started transferring input files
	Transferring to host: <128.105.68.150:9618?addrs=128.105.68.150-9618+[2607-f388-2200-100-b226-28ff-fe50-1774]-9618&alias=e2009.chtc.wisc.edu&noUDP&sock=slot1_1_2878906_7707_71863>
...
006 (6573.022.000) 2026-04-19 22:36:42 Image size of job updated: 4108
	0  -  MemoryUsage of job (MB)
	0  -  ResidentSetSize of job (KB)
...
040 (6573.022.000) 2026-04-19 22:36:42 Started transferring output files
...
040 (6573.022.000) 2026-04-19 22:36:42 Finished transferring output files
...
040 (6573.002.000) 2026-04-19 22:36:47 Finished transferring input files
...
005 (6573.022.000) 2026-04-19 22:36:59 Job terminated.
	(1) Normal termination (return value 1)
		Usr 0 00:00:01, Sys 0 00:00:00  -  Run Remote Usage
		Usr 0 00:00:00, Sys 0 00:00:00  -  Run Local Usage
		Usr 0 00:00:01, Sys 0 00:00:00  -  Total Remote Usage
		Usr 0 00:00:00, Sys 0 00:00:00  -  Total Local Usage
	405  -  Run Bytes Sent By Job
	1629769487  -  Run Bytes Received By Job
	405  -  Total Bytes Sent By Job
	1629769487  -  Total Bytes Received By Job
	Partitionable Resources :    Usage  Request Allocated 
	   Cpus                 :        0        1         1 
	   Disk (KB)            :  1591680  3145728   3145728 
	   GPUs                 :                           0 
	   IoHeavy              :                           0 
	   Memory (MB)          :        0     1024      1024 
	   TimeExecute (s)      :        3                    
	   TimeSlotBusy (s)     :       30                    
...
040 (6573.003.000) 2026-04-19 22:37:00 Started transferring input files
	Transferring to host: <128.105.69.195:9618?addrs=128.105.69.195-9618+[2607-f388-2200-100-1270-fdff-fe56-6f44]-9618&alias=e4048.chtc.wisc.edu&noUDP&sock=slot1_8_3405890_5dbc_115292>
...
040 (6573.003.000) 2026-04-19 22:37:21 Finished transferring input files
...
001 (6573.003.000) 2026-04-19 22:37:22 Job executing on host: <128.105.69.195:9618?addrs=128.105.69.195-9618+[2607-f388-2200-100-1270-fdff-fe56-6f44]-9618&alias=e4048.chtc.wisc.edu&noUDP&sock=startd_16883_e986>
	SlotName: slot1_8@e4048.chtc.wisc.edu
	CondorScratchDir = "/var/lib/condor/execute/slot1/dir_1767218/scratch"
	Cpus = 1
	Disk = 3145728
	GPUs = 0
	IoHeavy = 0
	Memory = 1024
...
006 (6573.003.000) 2026-04-19 22:37:25 Image size of job updated: 260
	0  -  MemoryUsage of job (MB)
	0  -  ResidentSetSize of job (KB)
...
040 (6573.003.000) 2026-04-19 22:37:25 Started transferring output files
...
040 (6573.003.000) 2026-04-19 22:37:25 Finished transferring output files
...
005 (6573.003.000) 2026-04-19 22:37:26 Job terminated.
	(1) Normal termination (return value 1)
		Usr 0 00:00:01, Sys 0 00:00:00  -  Run Remote Usage
		Usr 0 00:00:00, Sys 0 00:00:00  -  Run Local Usage
		Usr 0 00:00:01, Sys 0 00:00:00  -  Total Remote Usage
		Usr 0 00:00:00, Sys 0 00:00:00  -  Total Local Usage
	405  -  Run Bytes Sent By Job
	1598399469  -  Run Bytes Received By Job
	405  -  Total Bytes Sent By Job
	1598399469  -  Total Bytes Received By Job
	Partitionable Resources :    Usage  Request Allocated 
	   Cpus                 :                 1         1 
	   Disk (KB)            :  1561048  3145728   3145728 
	   GPUs                 :                           0 
	   IoHeavy              :                           0 
	   Memory (MB)          :        0     1024      1024 
	   TimeExecute (s)      :        3                    
	   TimeSlotBusy (s)     :       25                    
...
001 (6573.002.000) 2026-04-19 22:37:40 Job executing on host: <128.105.68.150:9618?addrs=128.105.68.150-9618+[2607-f388-2200-100-b226-28ff-fe50-1774]-9618&alias=e2009.chtc.wisc.edu&noUDP&sock=startd_9365_3084>
	SlotName: slot1_1@e2009.chtc.wisc.edu
	CondorScratchDir = "/var/lib/condor/execute/slot1/dir_1436535/scratch"
	Cpus = 1
	Disk = 3145728
	GPUs = 0
	IoHeavy = 0
	Memory = 1024
...
006 (6573.002.000) 2026-04-19 22:37:44 Image size of job updated: 192
	0  -  MemoryUsage of job (MB)
	0  -  ResidentSetSize of job (KB)
...
040 (6573.002.000) 2026-04-19 22:37:44 Started transferring output files
...
040 (6573.002.000) 2026-04-19 22:37:44 Finished transferring output files
...
005 (6573.002.000) 2026-04-19 22:38:04 Job terminated.
	(1) Normal termination (return value 1)
		Usr 0 00:00:02, Sys 0 00:00:00  -  Run Remote Usage
		Usr 0 00:00:00, Sys 0 00:00:00  -  Run Local Usage
		Usr 0 00:00:02, Sys 0 00:00:00  -  Total Remote Usage
		Usr 0 00:00:00, Sys 0 00:00:00  -  Total Local Usage
	405  -  Run Bytes Sent By Job
	1630224386  -  Run Bytes Received By Job
	405  -  Total Bytes Sent By Job
	1630224386  -  Total Bytes Received By Job
	Partitionable Resources :    Usage  Request Allocated 
	   Cpus                 :                 1         1 
	   Disk (KB)            :  1592124  3145728   3145728 
	   GPUs                 :                           0 
	   IoHeavy              :                           0 
	   Memory (MB)          :        0     1024      1024 
	   TimeExecute (s)      :        4                    
	   TimeSlotBusy (s)     :       65                    
...
