000 (6578.000.000) 2026-04-19 22:44:41 Job submitted from host: <128.105.76.6:9618?addrs=128.105.76.6-9618+[2607-f388-2200-100-216-3eff-fe63-f8a5]-9618&alias=learn.chtc.wisc.edu&noUDP&sock=schedd_6739_f8d1>
...
000 (6578.001.000) 2026-04-19 22:44:41 Job submitted from host: <128.105.76.6:9618?addrs=128.105.76.6-9618+[2607-f388-2200-100-216-3eff-fe63-f8a5]-9618&alias=learn.chtc.wisc.edu&noUDP&sock=schedd_6739_f8d1>
...
000 (6578.010.000) 2026-04-19 22:44:41 Job submitted from host: <128.105.76.6:9618?addrs=128.105.76.6-9618+[2607-f388-2200-100-216-3eff-fe63-f8a5]-9618&alias=learn.chtc.wisc.edu&noUDP&sock=schedd_6739_f8d1>
...
000 (6578.011.000) 2026-04-19 22:44:41 Job submitted from host: <128.105.76.6:9618?addrs=128.105.76.6-9618+[2607-f388-2200-100-216-3eff-fe63-f8a5]-9618&alias=learn.chtc.wisc.edu&noUDP&sock=schedd_6739_f8d1>
...
000 (6578.012.000) 2026-04-19 22:44:41 Job submitted from host: <128.105.76.6:9618?addrs=128.105.76.6-9618+[2607-f388-2200-100-216-3eff-fe63-f8a5]-9618&alias=learn.chtc.wisc.edu&noUDP&sock=schedd_6739_f8d1>
...
000 (6578.013.000) 2026-04-19 22:44:41 Job submitted from host: <128.105.76.6:9618?addrs=128.105.76.6-9618+[2607-f388-2200-100-216-3eff-fe63-f8a5]-9618&alias=learn.chtc.wisc.edu&noUDP&sock=schedd_6739_f8d1>
...
000 (6578.014.000) 2026-04-19 22:44:41 Job submitted from host: <128.105.76.6:9618?addrs=128.105.76.6-9618+[2607-f388-2200-100-216-3eff-fe63-f8a5]-9618&alias=learn.chtc.wisc.edu&noUDP&sock=schedd_6739_f8d1>
...
000 (6578.015.000) 2026-04-19 22:44:41 Job submitted from host: <128.105.76.6:9618?addrs=128.105.76.6-9618+[2607-f388-2200-100-216-3eff-fe63-f8a5]-9618&alias=learn.chtc.wisc.edu&noUDP&sock=schedd_6739_f8d1>
...
000 (6578.016.000) 2026-04-19 22:44:41 Job submitted from host: <128.105.76.6:9618?addrs=128.105.76.6-9618+[2607-f388-2200-100-216-3eff-fe63-f8a5]-9618&alias=learn.chtc.wisc.edu&noUDP&sock=schedd_6739_f8d1>
...
000 (6578.017.000) 2026-04-19 22:44:41 Job submitted from host: <128.105.76.6:9618?addrs=128.105.76.6-9618+[2607-f388-2200-100-216-3eff-fe63-f8a5]-9618&alias=learn.chtc.wisc.edu&noUDP&sock=schedd_6739_f8d1>
...
000 (6578.018.000) 2026-04-19 22:44:41 Job submitted from host: <128.105.76.6:9618?addrs=128.105.76.6-9618+[2607-f388-2200-100-216-3eff-fe63-f8a5]-9618&alias=learn.chtc.wisc.edu&noUDP&sock=schedd_6739_f8d1>
...
000 (6578.019.000) 2026-04-19 22:44:41 Job submitted from host: <128.105.76.6:9618?addrs=128.105.76.6-9618+[2607-f388-2200-100-216-3eff-fe63-f8a5]-9618&alias=learn.chtc.wisc.edu&noUDP&sock=schedd_6739_f8d1>
...
000 (6578.002.000) 2026-04-19 22:44:41 Job submitted from host: <128.105.76.6:9618?addrs=128.105.76.6-9618+[2607-f388-2200-100-216-3eff-fe63-f8a5]-9618&alias=learn.chtc.wisc.edu&noUDP&sock=schedd_6739_f8d1>
...
000 (6578.020.000) 2026-04-19 22:44:41 Job submitted from host: <128.105.76.6:9618?addrs=128.105.76.6-9618+[2607-f388-2200-100-216-3eff-fe63-f8a5]-9618&alias=learn.chtc.wisc.edu&noUDP&sock=schedd_6739_f8d1>
...
000 (6578.021.000) 2026-04-19 22:44:41 Job submitted from host: <128.105.76.6:9618?addrs=128.105.76.6-9618+[2607-f388-2200-100-216-3eff-fe63-f8a5]-9618&alias=learn.chtc.wisc.edu&noUDP&sock=schedd_6739_f8d1>
...
000 (6578.022.000) 2026-04-19 22:44:41 Job submitted from host: <128.105.76.6:9618?addrs=128.105.76.6-9618+[2607-f388-2200-100-216-3eff-fe63-f8a5]-9618&alias=learn.chtc.wisc.edu&noUDP&sock=schedd_6739_f8d1>
...
000 (6578.023.000) 2026-04-19 22:44:41 Job submitted from host: <128.105.76.6:9618?addrs=128.105.76.6-9618+[2607-f388-2200-100-216-3eff-fe63-f8a5]-9618&alias=learn.chtc.wisc.edu&noUDP&sock=schedd_6739_f8d1>
...
000 (6578.003.000) 2026-04-19 22:44:41 Job submitted from host: <128.105.76.6:9618?addrs=128.105.76.6-9618+[2607-f388-2200-100-216-3eff-fe63-f8a5]-9618&alias=learn.chtc.wisc.edu&noUDP&sock=schedd_6739_f8d1>
...
000 (6578.004.000) 2026-04-19 22:44:41 Job submitted from host: <128.105.76.6:9618?addrs=128.105.76.6-9618+[2607-f388-2200-100-216-3eff-fe63-f8a5]-9618&alias=learn.chtc.wisc.edu&noUDP&sock=schedd_6739_f8d1>
...
000 (6578.005.000) 2026-04-19 22:44:41 Job submitted from host: <128.105.76.6:9618?addrs=128.105.76.6-9618+[2607-f388-2200-100-216-3eff-fe63-f8a5]-9618&alias=learn.chtc.wisc.edu&noUDP&sock=schedd_6739_f8d1>
...
000 (6578.006.000) 2026-04-19 22:44:41 Job submitted from host: <128.105.76.6:9618?addrs=128.105.76.6-9618+[2607-f388-2200-100-216-3eff-fe63-f8a5]-9618&alias=learn.chtc.wisc.edu&noUDP&sock=schedd_6739_f8d1>
...
000 (6578.007.000) 2026-04-19 22:44:41 Job submitted from host: <128.105.76.6:9618?addrs=128.105.76.6-9618+[2607-f388-2200-100-216-3eff-fe63-f8a5]-9618&alias=learn.chtc.wisc.edu&noUDP&sock=schedd_6739_f8d1>
...
000 (6578.008.000) 2026-04-19 22:44:41 Job submitted from host: <128.105.76.6:9618?addrs=128.105.76.6-9618+[2607-f388-2200-100-216-3eff-fe63-f8a5]-9618&alias=learn.chtc.wisc.edu&noUDP&sock=schedd_6739_f8d1>
...
000 (6578.009.000) 2026-04-19 22:44:41 Job submitted from host: <128.105.76.6:9618?addrs=128.105.76.6-9618+[2607-f388-2200-100-216-3eff-fe63-f8a5]-9618&alias=learn.chtc.wisc.edu&noUDP&sock=schedd_6739_f8d1>
...
040 (6578.000.000) 2026-04-19 22:45:35 Started transferring input files
	Transferring to host: <128.105.68.37:9618?addrs=128.105.68.37-9618+[2607-f388-2200-100-3680-dff-fe2e-8438]-9618&alias=e2467.chtc.wisc.edu&noUDP&sock=slot1_1_386295_85f6_94989>
...
040 (6578.008.000) 2026-04-19 22:45:35 Started transferring input files
	Transferring to host: <128.105.68.33:9618?addrs=128.105.68.33-9618+[2607-f388-2200-100-3680-dff-fe2e-7f88]-9618&alias=e2463.chtc.wisc.edu&noUDP&sock=slot1_28_1174138_303b_107953>
...
040 (6578.010.000) 2026-04-19 22:45:35 Started transferring input files
	Transferring to host: <128.105.69.171:9618?addrs=128.105.69.171-9618+[2607-f388-2200-100-1270-fdff-fe56-76ac]-9618&alias=e2554.chtc.wisc.edu&noUDP&sock=slot1_6_868098_529e_113865>
...
040 (6578.014.000) 2026-04-19 22:45:35 Started transferring input files
	Transferring to host: <128.105.68.48:9618?addrs=128.105.68.48-9618+[2607-f388-2200-100-3680-dff-fe2e-8420]-9618&alias=e2478.chtc.wisc.edu&noUDP&sock=slot1_22_2535867_74e9_104784>
...
040 (6578.015.000) 2026-04-19 22:45:35 Started transferring input files
	Transferring to host: <128.105.68.40:9618?addrs=128.105.68.40-9618+[2607-f388-2200-100-3680-dff-fe2e-8810]-9618&alias=e2470.chtc.wisc.edu&noUDP&sock=slot1_12_439080_54b8_97064>
...
040 (6578.007.000) 2026-04-19 22:45:35 Started transferring input files
	Transferring to host: <128.105.69.234:9618?addrs=128.105.69.234-9618+[2607-f388-2200-100-eaeb-d3ff-fe40-1efc]-9618&alias=e2617.chtc.wisc.edu&noUDP&sock=slot1_18_3025633_e8f5_118304>
...
040 (6578.004.000) 2026-04-19 22:45:35 Started transferring input files
	Transferring to host: <128.105.69.188:9618?addrs=128.105.69.188-9618+[2607-f388-2200-100-1270-fdff-fe56-bf54]-9618&alias=e4040.chtc.wisc.edu&noUDP&sock=slot1_32_2206873_6be7_87950>
...
040 (6578.001.000) 2026-04-19 22:45:36 Started transferring input files
	Transferring to host: <128.105.68.150:9618?addrs=128.105.68.150-9618+[2607-f388-2200-100-b226-28ff-fe50-1774]-9618&alias=e2009.chtc.wisc.edu&noUDP&sock=slot1_12_2878906_7707_71882>
...
040 (6578.002.000) 2026-04-19 22:45:36 Started transferring input files
	Transferring to host: <128.105.69.143:9618?addrs=128.105.69.143-9618+[2607-f388-2200-100-1270-fdff-fe56-7694]-9618&alias=e4020.chtc.wisc.edu&noUDP&sock=slot1_53_1473195_e61c_114126>
...
040 (6578.005.000) 2026-04-19 22:45:36 Started transferring input files
	Transferring to host: <128.105.69.115:9618?addrs=128.105.69.115-9618+[2607-f388-2200-100-1270-fdff-fe56-ced4]-9618&alias=e4064.chtc.wisc.edu&noUDP&sock=slot1_32_158781_5412_118785>
...
040 (6578.003.000) 2026-04-19 22:45:41 Entered queue to transfer input files
	Transferring to host: <128.105.69.145:9618?addrs=128.105.69.145-9618+[2607-f388-2200-100-1270-fdff-fe56-636c]-9618&alias=e4022.chtc.wisc.edu&noUDP&sock=slot1_36_3525607_d2a1_99733>
...
040 (6578.023.000) 2026-04-19 22:45:41 Entered queue to transfer input files
	Transferring to host: <128.105.68.154:9618?addrs=128.105.68.154-9618+[fde1-53ba-e9a0-de11-8055-9bb5-58cf-8aeb]-9618&alias=e2013.chtc.wisc.edu&noUDP&sock=slot1_1_11637_11b2_23699>
...
040 (6578.006.000) 2026-04-19 22:45:41 Entered queue to transfer input files
	Transferring to host: <128.105.69.199:9618?addrs=128.105.69.199-9618+[2607-f388-2200-100-1270-fdff-fe56-70ec]-9618&alias=e4052.chtc.wisc.edu&noUDP&sock=slot1_2_2635416_bb99_110628>
...
040 (6578.022.000) 2026-04-19 22:45:41 Entered queue to transfer input files
	Transferring to host: <128.105.68.47:9618?addrs=128.105.68.47-9618+[2607-f388-2200-100-3680-dff-fe2e-8858]-9618&alias=e2477.chtc.wisc.edu&noUDP&sock=slot1_6_3684851_a06c_83783>
...
040 (6578.009.000) 2026-04-19 22:45:41 Entered queue to transfer input files
	Transferring to host: <128.105.69.129:9618?addrs=128.105.69.129-9618+[2607-f388-2200-100-1270-fdff-fe56-6734]-9618&alias=e4078.chtc.wisc.edu&noUDP&sock=slot1_31_1900747_f606_106620>
...
040 (6578.012.000) 2026-04-19 22:45:41 Entered queue to transfer input files
	Transferring to host: <128.105.68.151:9618?addrs=128.105.68.151-9618+[2607-f388-2200-100-b226-28ff-fe50-4e4c]-9618&alias=e2010.chtc.wisc.edu&noUDP&sock=slot1_26_11040_6dba_11778>
...
040 (6578.018.000) 2026-04-19 22:45:41 Entered queue to transfer input files
	Transferring to host: <128.105.69.144:9618?addrs=128.105.69.144-9618+[2607-f388-2200-100-1270-fdff-fe56-7714]-9618&alias=e4021.chtc.wisc.edu&noUDP&sock=slot1_39_597324_8b5b_103191>
...
040 (6578.019.000) 2026-04-19 22:45:41 Entered queue to transfer input files
	Transferring to host: <128.105.69.184:9618?addrs=128.105.69.184-9618+[2607-f388-2200-100-1270-fdff-fe56-bbfc]-9618&alias=e4036.chtc.wisc.edu&noUDP&sock=slot1_39_2867792_a583_102919>
...
040 (6578.011.000) 2026-04-19 22:45:41 Entered queue to transfer input files
	Transferring to host: <128.105.69.200:9618?addrs=128.105.69.200-9618+[2607-f388-2200-100-1270-fdff-fe36-581c]-9618&alias=e4029.chtc.wisc.edu&noUDP&sock=slot1_30_1898263_c221_99353>
...
040 (6578.020.000) 2026-04-19 22:45:41 Entered queue to transfer input files
	Transferring to host: <128.105.68.158:9618?addrs=128.105.68.158-9618+[2607-f388-2200-100-b226-28ff-fe50-6730]-9618&alias=e2017.chtc.wisc.edu&noUDP&sock=slot1_12_1818557_abb8_88306>
...
040 (6578.016.000) 2026-04-19 22:45:41 Entered queue to transfer input files
	Transferring to host: <128.105.69.113:9618?addrs=128.105.69.113-9618+[2607-f388-2200-100-1270-fdff-fe56-6dbc]-9618&alias=e4062.chtc.wisc.edu&noUDP&sock=slot1_6_2206194_012b_110490>
...
040 (6578.021.000) 2026-04-19 22:45:41 Entered queue to transfer input files
	Transferring to host: <128.105.69.202:9618?addrs=128.105.69.202-9618+[2607-f388-2200-100-1270-fdff-fe56-c3c4]-9618&alias=e4033.chtc.wisc.edu&noUDP&sock=slot1_17_2612763_a520_99131>
...
040 (6578.017.000) 2026-04-19 22:45:41 Entered queue to transfer input files
	Transferring to host: <128.105.69.158:9618?addrs=128.105.69.158-9618+[2607-f388-2200-100-1270-fdff-fe56-4684]-9618&alias=e4091.chtc.wisc.edu&noUDP&sock=slot1_11_2797539_0d7a_99296>
...
040 (6578.013.000) 2026-04-19 22:45:41 Entered queue to transfer input files
	Transferring to host: <128.105.69.195:9618?addrs=128.105.69.195-9618+[2607-f388-2200-100-1270-fdff-fe56-6f44]-9618&alias=e4048.chtc.wisc.edu&noUDP&sock=slot1_51_3405890_5dbc_115318>
...
040 (6578.003.000) 2026-04-19 22:45:46 Started transferring input files
	Seconds spent in queue: 5
...
040 (6578.001.000) 2026-04-19 22:45:46 Finished transferring input files
...
040 (6578.023.000) 2026-04-19 22:45:46 Started transferring input files
	Seconds spent in queue: 5
...
040 (6578.010.000) 2026-04-19 22:45:46 Finished transferring input files
...
040 (6578.006.000) 2026-04-19 22:45:46 Started transferring input files
	Seconds spent in queue: 5
...
040 (6578.015.000) 2026-04-19 22:45:47 Finished transferring input files
...
001 (6578.001.000) 2026-04-19 22:45:47 Job executing on host: <128.105.68.150:9618?addrs=128.105.68.150-9618+[2607-f388-2200-100-b226-28ff-fe50-1774]-9618&alias=e2009.chtc.wisc.edu&noUDP&sock=startd_9365_3084>
	SlotName: slot1_12@e2009.chtc.wisc.edu
	CondorScratchDir = "/var/lib/condor/execute/slot1/dir_1440401/scratch"
	Cpus = 1
	Disk = 3145728
	GPUs = 0
	IoHeavy = 0
	Memory = 1024
...
001 (6578.010.000) 2026-04-19 22:45:48 Job executing on host: <128.105.69.171:9618?addrs=128.105.69.171-9618+[2607-f388-2200-100-1270-fdff-fe56-76ac]-9618&alias=e2554.chtc.wisc.edu&noUDP&sock=startd_14926_92af>
	SlotName: slot1_6@e2554.chtc.wisc.edu
	CondorScratchDir = "/var/lib/condor/execute/slot1/dir_2333690/scratch"
	Cpus = 1
	Disk = 3145728
	GPUs = 0
	IoHeavy = 0
	Memory = 1024
...
001 (6578.015.000) 2026-04-19 22:45:48 Job executing on host: <128.105.68.40:9618?addrs=128.105.68.40-9618+[2607-f388-2200-100-3680-dff-fe2e-8810]-9618&alias=e2470.chtc.wisc.edu&noUDP&sock=startd_11648_233c>
	SlotName: slot1_12@e2470.chtc.wisc.edu
	CondorScratchDir = "/var/lib/condor/execute/slot1/dir_3263366/scratch"
	Cpus = 1
	Disk = 3145728
	GPUs = 0
	IoHeavy = 0
	Memory = 1024
...
040 (6578.022.000) 2026-04-19 22:45:49 Started transferring input files
	Seconds spent in queue: 8
...
040 (6578.000.000) 2026-04-19 22:45:49 Finished transferring input files
...
040 (6578.009.000) 2026-04-19 22:45:49 Started transferring input files
	Seconds spent in queue: 8
...
040 (6578.007.000) 2026-04-19 22:45:49 Finished transferring input files
...
001 (6578.000.000) 2026-04-19 22:45:50 Job executing on host: <128.105.68.37:9618?addrs=128.105.68.37-9618+[2607-f388-2200-100-3680-dff-fe2e-8438]-9618&alias=e2467.chtc.wisc.edu&noUDP&sock=startd_11664_1cc0>
	SlotName: slot1_1@e2467.chtc.wisc.edu
	CondorScratchDir = "/var/lib/condor/execute/slot1/dir_1467155/scratch"
	Cpus = 1
	Disk = 3145728
	GPUs = 0
	IoHeavy = 0
	Memory = 1024
...
006 (6578.015.000) 2026-04-19 22:45:50 Image size of job updated: 16
	0  -  MemoryUsage of job (MB)
	0  -  ResidentSetSize of job (KB)
...
040 (6578.015.000) 2026-04-19 22:45:50 Started transferring output files
...
040 (6578.015.000) 2026-04-19 22:45:50 Finished transferring output files
...
001 (6578.007.000) 2026-04-19 22:45:50 Job executing on host: <128.105.69.234:9618?addrs=128.105.69.234-9618+[2607-f388-2200-100-eaeb-d3ff-fe40-1efc]-9618&alias=e2617.chtc.wisc.edu&noUDP&sock=startd_14847_62b3>
	SlotName: slot1_18@e2617.chtc.wisc.edu
	CondorScratchDir = "/var/lib/condor/execute/slot1/dir_31325/scratch"
	Cpus = 1
	Disk = 3145728
	GPUs = 0
	IoHeavy = 0
	Memory = 1024
...
006 (6578.010.000) 2026-04-19 22:45:50 Image size of job updated: 116
	0  -  MemoryUsage of job (MB)
	0  -  ResidentSetSize of job (KB)
...
040 (6578.010.000) 2026-04-19 22:45:50 Started transferring output files
...
040 (6578.010.000) 2026-04-19 22:45:50 Finished transferring output files
...
006 (6578.001.000) 2026-04-19 22:45:50 Image size of job updated: 192
	0  -  MemoryUsage of job (MB)
	0  -  ResidentSetSize of job (KB)
...
040 (6578.001.000) 2026-04-19 22:45:50 Started transferring output files
...
040 (6578.001.000) 2026-04-19 22:45:50 Finished transferring output files
...
005 (6578.015.000) 2026-04-19 22:45:50 Job terminated.
	(1) Normal termination (return value 1)
		Usr 0 00:00:01, Sys 0 00:00:00  -  Run Remote Usage
		Usr 0 00:00:00, Sys 0 00:00:00  -  Run Local Usage
		Usr 0 00:00:01, Sys 0 00:00:00  -  Total Remote Usage
		Usr 0 00:00:00, Sys 0 00:00:00  -  Total Local Usage
	471  -  Run Bytes Sent By Job
	1609503446  -  Run Bytes Received By Job
	471  -  Total Bytes Sent By Job
	1609503446  -  Total Bytes Received By Job
	Partitionable Resources :    Usage  Request Allocated 
	   Cpus                 :                 1         1 
	   Disk (KB)            :  1571799  3145728   3145728 
	   GPUs                 :                           0 
	   IoHeavy              :                           0 
	   Memory (MB)          :        0     1024      1024 
	   TimeExecute (s)      :        2                    
	   TimeSlotBusy (s)     :       15                    
...
005 (6578.010.000) 2026-04-19 22:45:51 Job terminated.
	(1) Normal termination (return value 1)
		Usr 0 00:00:01, Sys 0 00:00:00  -  Run Remote Usage
		Usr 0 00:00:00, Sys 0 00:00:00  -  Run Local Usage
		Usr 0 00:00:01, Sys 0 00:00:00  -  Total Remote Usage
		Usr 0 00:00:00, Sys 0 00:00:00  -  Total Local Usage
	471  -  Run Bytes Sent By Job
	1602511912  -  Run Bytes Received By Job
	471  -  Total Bytes Sent By Job
	1602511912  -  Total Bytes Received By Job
	Partitionable Resources :    Usage  Request Allocated 
	   Cpus                 :                 1         1 
	   Disk (KB)            :  1564971  3145728   3145728 
	   GPUs                 :                           0 
	   IoHeavy              :                           0 
	   Memory (MB)          :        0     1024      1024 
	   TimeExecute (s)      :        3                    
	   TimeSlotBusy (s)     :       15                    
...
005 (6578.001.000) 2026-04-19 22:45:51 Job terminated.
	(1) Normal termination (return value 1)
		Usr 0 00:00:02, Sys 0 00:00:00  -  Run Remote Usage
		Usr 0 00:00:00, Sys 0 00:00:00  -  Run Local Usage
		Usr 0 00:00:02, Sys 0 00:00:00  -  Total Remote Usage
		Usr 0 00:00:00, Sys 0 00:00:00  -  Total Local Usage
	471  -  Run Bytes Sent By Job
	1584759288  -  Run Bytes Received By Job
	471  -  Total Bytes Sent By Job
	1584759288  -  Total Bytes Received By Job
	Partitionable Resources :    Usage  Request Allocated 
	   Cpus                 :        0        1         1 
	   Disk (KB)            :  1547728  3145728   3145728 
	   GPUs                 :                           0 
	   IoHeavy              :                           0 
	   Memory (MB)          :        0     1024      1024 
	   TimeExecute (s)      :        3                    
	   TimeSlotBusy (s)     :       15                    
...
040 (6578.012.000) 2026-04-19 22:45:51 Started transferring input files
	Seconds spent in queue: 10
...
040 (6578.018.000) 2026-04-19 22:45:51 Started transferring input files
	Seconds spent in queue: 10
...
040 (6578.014.000) 2026-04-19 22:45:51 Finished transferring input files
...
040 (6578.004.000) 2026-04-19 22:45:51 Finished transferring input files
...
040 (6578.019.000) 2026-04-19 22:45:51 Started transferring input files
	Seconds spent in queue: 10
...
040 (6578.002.000) 2026-04-19 22:45:51 Finished transferring input files
...
040 (6578.011.000) 2026-04-19 22:45:52 Started transferring input files
	Seconds spent in queue: 11
...
001 (6578.014.000) 2026-04-19 22:45:52 Job executing on host: <128.105.68.48:9618?addrs=128.105.68.48-9618+[2607-f388-2200-100-3680-dff-fe2e-8420]-9618&alias=e2478.chtc.wisc.edu&noUDP&sock=startd_11568_43a8>
	SlotName: slot1_22@e2478.chtc.wisc.edu
	CondorScratchDir = "/var/lib/condor/execute/slot1/dir_832439/scratch"
	Cpus = 1
	Disk = 3145728
	GPUs = 0
	IoHeavy = 0
	Memory = 1024
...
040 (6578.005.000) 2026-04-19 22:45:52 Finished transferring input files
...
001 (6578.004.000) 2026-04-19 22:45:52 Job executing on host: <128.105.69.188:9618?addrs=128.105.69.188-9618+[2607-f388-2200-100-1270-fdff-fe56-bf54]-9618&alias=e4040.chtc.wisc.edu&noUDP&sock=startd_16698_0481>
	SlotName: slot1_32@e4040.chtc.wisc.edu
	CondorScratchDir = "/var/lib/condor/execute/slot1/dir_3442649/scratch"
	Cpus = 1
	Disk = 3145728
	GPUs = 0
	IoHeavy = 0
	Memory = 1024
...
006 (6578.000.000) 2026-04-19 22:45:52 Image size of job updated: 3516
	0  -  MemoryUsage of job (MB)
	0  -  ResidentSetSize of job (KB)
...
040 (6578.000.000) 2026-04-19 22:45:52 Started transferring output files
...
040 (6578.000.000) 2026-04-19 22:45:52 Finished transferring output files
...
006 (6578.007.000) 2026-04-19 22:45:52 Image size of job updated: 848
	0  -  MemoryUsage of job (MB)
	0  -  ResidentSetSize of job (KB)
...
001 (6578.002.000) 2026-04-19 22:45:52 Job executing on host: <128.105.69.143:9618?addrs=128.105.69.143-9618+[2607-f388-2200-100-1270-fdff-fe56-7694]-9618&alias=e4020.chtc.wisc.edu&noUDP&sock=startd_16640_3c02>
	SlotName: slot1_53@e4020.chtc.wisc.edu
	CondorScratchDir = "/var/lib/condor/execute/slot1/dir_3342967/scratch"
	Cpus = 1
	Disk = 3145728
	GPUs = 0
	IoHeavy = 0
	Memory = 1024
...
040 (6578.007.000) 2026-04-19 22:45:52 Started transferring output files
...
040 (6578.007.000) 2026-04-19 22:45:52 Finished transferring output files
...
005 (6578.000.000) 2026-04-19 22:45:53 Job terminated.
	(1) Normal termination (return value 1)
		Usr 0 00:00:01, Sys 0 00:00:00  -  Run Remote Usage
		Usr 0 00:00:00, Sys 0 00:00:00  -  Run Local Usage
		Usr 0 00:00:01, Sys 0 00:00:00  -  Total Remote Usage
		Usr 0 00:00:00, Sys 0 00:00:00  -  Total Local Usage
	471  -  Run Bytes Sent By Job
	1595041407  -  Run Bytes Received By Job
	471  -  Total Bytes Sent By Job
	1595041407  -  Total Bytes Received By Job
	Partitionable Resources :    Usage  Request Allocated 
	   Cpus                 :        0        1         1 
	   Disk (KB)            :  1557686  3145728   3145728 
	   GPUs                 :                           0 
	   IoHeavy              :                           0 
	   Memory (MB)          :        0     1024      1024 
	   TimeExecute (s)      :        2                    
	   TimeSlotBusy (s)     :       18                    
...
005 (6578.007.000) 2026-04-19 22:45:53 Job terminated.
	(1) Normal termination (return value 1)
		Usr 0 00:00:01, Sys 0 00:00:00  -  Run Remote Usage
		Usr 0 00:00:00, Sys 0 00:00:00  -  Run Local Usage
		Usr 0 00:00:01, Sys 0 00:00:00  -  Total Remote Usage
		Usr 0 00:00:00, Sys 0 00:00:00  -  Total Local Usage
	471  -  Run Bytes Sent By Job
	1588275506  -  Run Bytes Received By Job
	471  -  Total Bytes Sent By Job
	1588275506  -  Total Bytes Received By Job
	Partitionable Resources :    Usage  Request Allocated 
	   Cpus                 :                 1         1 
	   Disk (KB)            :  1551069  3145728   3145728 
	   GPUs                 :                           0 
	   IoHeavy              :                           0 
	   Memory (MB)          :        0     1024      1024 
	   TimeExecute (s)      :        2                    
	   TimeSlotBusy (s)     :       17                    
...
001 (6578.005.000) 2026-04-19 22:45:53 Job executing on host: <128.105.69.115:9618?addrs=128.105.69.115-9618+[2607-f388-2200-100-1270-fdff-fe56-ced4]-9618&alias=e4064.chtc.wisc.edu&noUDP&sock=startd_16645_a9fc>
	SlotName: slot1_32@e4064.chtc.wisc.edu
	CondorScratchDir = "/var/lib/condor/execute/slot1/dir_2620789/scratch"
	Cpus = 1
	Disk = 3145728
	GPUs = 0
	IoHeavy = 0
	Memory = 1024
...
006 (6578.014.000) 2026-04-19 22:45:54 Image size of job updated: 20
	0  -  MemoryUsage of job (MB)
	0  -  ResidentSetSize of job (KB)
...
040 (6578.014.000) 2026-04-19 22:45:54 Started transferring output files
...
040 (6578.014.000) 2026-04-19 22:45:54 Finished transferring output files
...
006 (6578.004.000) 2026-04-19 22:45:55 Image size of job updated: 16
	0  -  MemoryUsage of job (MB)
	0  -  ResidentSetSize of job (KB)
...
040 (6578.004.000) 2026-04-19 22:45:55 Started transferring output files
...
040 (6578.004.000) 2026-04-19 22:45:55 Finished transferring output files
...
005 (6578.014.000) 2026-04-19 22:45:55 Job terminated.
	(1) Normal termination (return value 1)
		Usr 0 00:00:01, Sys 0 00:00:00  -  Run Remote Usage
		Usr 0 00:00:00, Sys 0 00:00:00  -  Run Local Usage
		Usr 0 00:00:01, Sys 0 00:00:00  -  Total Remote Usage
		Usr 0 00:00:00, Sys 0 00:00:00  -  Total Local Usage
	471  -  Run Bytes Sent By Job
	1624067627  -  Run Bytes Received By Job
	471  -  Total Bytes Sent By Job
	1624067627  -  Total Bytes Received By Job
	Partitionable Resources :    Usage  Request Allocated 
	   Cpus                 :                 1         1 
	   Disk (KB)            :  1586022  3145728   3145728 
	   GPUs                 :                           0 
	   IoHeavy              :                           0 
	   Memory (MB)          :        0     1024      1024 
	   TimeExecute (s)      :        2                    
	   TimeSlotBusy (s)     :       19                    
...
006 (6578.002.000) 2026-04-19 22:45:55 Image size of job updated: 188
	0  -  MemoryUsage of job (MB)
	0  -  ResidentSetSize of job (KB)
...
040 (6578.002.000) 2026-04-19 22:45:55 Started transferring output files
...
040 (6578.002.000) 2026-04-19 22:45:55 Finished transferring output files
...
040 (6578.020.000) 2026-04-19 22:45:55 Started transferring input files
	Seconds spent in queue: 14
...
040 (6578.008.000) 2026-04-19 22:45:55 Finished transferring input files
...
005 (6578.004.000) 2026-04-19 22:45:55 Job terminated.
	(1) Normal termination (return value 1)
		Usr 0 00:00:01, Sys 0 00:00:00  -  Run Remote Usage
		Usr 0 00:00:00, Sys 0 00:00:00  -  Run Local Usage
		Usr 0 00:00:01, Sys 0 00:00:00  -  Total Remote Usage
		Usr 0 00:00:00, Sys 0 00:00:00  -  Total Local Usage
	471  -  Run Bytes Sent By Job
	1620859778  -  Run Bytes Received By Job
	471  -  Total Bytes Sent By Job
	1620859778  -  Total Bytes Received By Job
	Partitionable Resources :    Usage  Request Allocated 
	   Cpus                 :                 1         1 
	   Disk (KB)            :  1582980  3145728   3145728 
	   GPUs                 :                           0 
	   IoHeavy              :                           0 
	   Memory (MB)          :        0     1024      1024 
	   TimeExecute (s)      :        3                    
	   TimeSlotBusy (s)     :       20                    
...
006 (6578.005.000) 2026-04-19 22:45:56 Image size of job updated: 20
	0  -  MemoryUsage of job (MB)
	0  -  ResidentSetSize of job (KB)
...
040 (6578.005.000) 2026-04-19 22:45:56 Started transferring output files
...
040 (6578.005.000) 2026-04-19 22:45:56 Finished transferring output files
...
005 (6578.002.000) 2026-04-19 22:45:56 Job terminated.
	(1) Normal termination (return value 1)
		Usr 0 00:00:01, Sys 0 00:00:00  -  Run Remote Usage
		Usr 0 00:00:00, Sys 0 00:00:00  -  Run Local Usage
		Usr 0 00:00:01, Sys 0 00:00:00  -  Total Remote Usage
		Usr 0 00:00:00, Sys 0 00:00:00  -  Total Local Usage
	471  -  Run Bytes Sent By Job
	1630224420  -  Run Bytes Received By Job
	471  -  Total Bytes Sent By Job
	1630224420  -  Total Bytes Received By Job
	Partitionable Resources :    Usage  Request Allocated 
	   Cpus                 :        0        1         1 
	   Disk (KB)            :  1592124  3145728   3145728 
	   GPUs                 :                           0 
	   IoHeavy              :                           0 
	   Memory (MB)          :        0     1024      1024 
	   TimeExecute (s)      :        3                    
	   TimeSlotBusy (s)     :       20                    
...
001 (6578.008.000) 2026-04-19 22:45:56 Job executing on host: <128.105.68.33:9618?addrs=128.105.68.33-9618+[2607-f388-2200-100-3680-dff-fe2e-7f88]-9618&alias=e2463.chtc.wisc.edu&noUDP&sock=startd_12000_9492>
	SlotName: slot1_28@e2463.chtc.wisc.edu
	CondorScratchDir = "/var/lib/condor/execute/slot1/dir_2269265/scratch"
	Cpus = 1
	Disk = 3145728
	GPUs = 0
	IoHeavy = 0
	Memory = 1024
...
005 (6578.005.000) 2026-04-19 22:45:56 Job terminated.
	(1) Normal termination (return value 1)
		Usr 0 00:00:01, Sys 0 00:00:00  -  Run Remote Usage
		Usr 0 00:00:00, Sys 0 00:00:00  -  Run Local Usage
		Usr 0 00:00:01, Sys 0 00:00:00  -  Total Remote Usage
		Usr 0 00:00:00, Sys 0 00:00:00  -  Total Local Usage
	471  -  Run Bytes Sent By Job
	1606701575  -  Run Bytes Received By Job
	471  -  Total Bytes Sent By Job
	1606701575  -  Total Bytes Received By Job
	Partitionable Resources :    Usage  Request Allocated 
	   Cpus                 :        0        1         1 
	   Disk (KB)            :  1569156  3145728   3145728 
	   GPUs                 :                           0 
	   IoHeavy              :                           0 
	   Memory (MB)          :        0     1024      1024 
	   TimeExecute (s)      :        3                    
	   TimeSlotBusy (s)     :       21                    
...
040 (6578.016.000) 2026-04-19 22:45:58 Started transferring input files
	Seconds spent in queue: 17
...
040 (6578.023.000) 2026-04-19 22:45:58 Finished transferring input files
...
001 (6578.023.000) 2026-04-19 22:45:59 Job executing on host: <128.105.68.154:9618?addrs=128.105.68.154-9618+[fde1-53ba-e9a0-de11-8055-9bb5-58cf-8aeb]-9618&alias=e2013.chtc.wisc.edu&noUDP&sock=startd_11559_174e>
	SlotName: slot1_1@e2013.chtc.wisc.edu
	CondorScratchDir = "/var/lib/condor/execute/slot1/dir_3015460/scratch"
	Cpus = 1
	Disk = 3145728
	GPUs = 0
	IoHeavy = 0
	Memory = 1024
...
006 (6578.008.000) 2026-04-19 22:45:59 Image size of job updated: 1892
	0  -  MemoryUsage of job (MB)
	0  -  ResidentSetSize of job (KB)
...
040 (6578.008.000) 2026-04-19 22:45:59 Started transferring output files
...
040 (6578.008.000) 2026-04-19 22:45:59 Finished transferring output files
...
022 (6578.023.000) 2026-04-19 22:45:59 Job disconnected, attempting to reconnect
    Socket between submit and execute hosts closed unexpectedly
    Trying to reconnect to slot1_1@e2013.chtc.wisc.edu <128.105.68.154:9618?addrs=128.105.68.154-9618+[fde1-53ba-e9a0-de11-8055-9bb5-58cf-8aeb]-9618&alias=e2013.chtc.wisc.edu&noUDP&sock=startd_11559_174e>
...
005 (6578.008.000) 2026-04-19 22:46:00 Job terminated.
	(1) Normal termination (return value 1)
		Usr 0 00:00:02, Sys 0 00:00:00  -  Run Remote Usage
		Usr 0 00:00:00, Sys 0 00:00:00  -  Run Local Usage
		Usr 0 00:00:02, Sys 0 00:00:00  -  Total Remote Usage
		Usr 0 00:00:00, Sys 0 00:00:00  -  Total Local Usage
	471  -  Run Bytes Sent By Job
	1588753978  -  Run Bytes Received By Job
	471  -  Total Bytes Sent By Job
	1588753978  -  Total Bytes Received By Job
	Partitionable Resources :    Usage  Request Allocated 
	   Cpus                 :                 1         1 
	   Disk (KB)            :  1551536  3145728   3145728 
	   GPUs                 :                           0 
	   IoHeavy              :                           0 
	   Memory (MB)          :        0     1024      1024 
	   TimeExecute (s)      :        3                    
	   TimeSlotBusy (s)     :       25                    
...
040 (6578.021.000) 2026-04-19 22:46:02 Started transferring input files
	Seconds spent in queue: 21
...
040 (6578.012.000) 2026-04-19 22:46:02 Finished transferring input files
...
040 (6578.017.000) 2026-04-19 22:46:02 Started transferring input files
	Seconds spent in queue: 21
...
040 (6578.003.000) 2026-04-19 22:46:02 Finished transferring input files
...
001 (6578.012.000) 2026-04-19 22:46:03 Job executing on host: <128.105.68.151:9618?addrs=128.105.68.151-9618+[2607-f388-2200-100-b226-28ff-fe50-4e4c]-9618&alias=e2010.chtc.wisc.edu&noUDP&sock=startd_10092_d9df>
	SlotName: slot1_26@e2010.chtc.wisc.edu
	CondorScratchDir = "/var/lib/condor/execute/slot1/dir_802004/scratch"
	Cpus = 1
	Disk = 3145728
	GPUs = 0
	IoHeavy = 0
	Memory = 1024
...
001 (6578.003.000) 2026-04-19 22:46:03 Job executing on host: <128.105.69.145:9618?addrs=128.105.69.145-9618+[2607-f388-2200-100-1270-fdff-fe56-636c]-9618&alias=e4022.chtc.wisc.edu&noUDP&sock=startd_16549_d0e4>
	SlotName: slot1_36@e4022.chtc.wisc.edu
	CondorScratchDir = "/var/lib/condor/execute/slot1/dir_2903693/scratch"
	Cpus = 1
	Disk = 3145728
	GPUs = 0
	IoHeavy = 0
	Memory = 1024
...
040 (6578.013.000) 2026-04-19 22:46:04 Started transferring input files
	Seconds spent in queue: 23
...
040 (6578.022.000) 2026-04-19 22:46:04 Finished transferring input files
...
040 (6578.009.000) 2026-04-19 22:46:05 Finished transferring input files
...
040 (6578.006.000) 2026-04-19 22:46:05 Finished transferring input files
...
040 (6578.020.000) 2026-04-19 22:46:05 Finished transferring input files
...
001 (6578.022.000) 2026-04-19 22:46:05 Job executing on host: <128.105.68.47:9618?addrs=128.105.68.47-9618+[2607-f388-2200-100-3680-dff-fe2e-8858]-9618&alias=e2477.chtc.wisc.edu&noUDP&sock=startd_11615_809c>
	SlotName: slot1_6@e2477.chtc.wisc.edu
	CondorScratchDir = "/var/lib/condor/execute/slot1/dir_1233086/scratch"
	Cpus = 1
	Disk = 3145728
	GPUs = 0
	IoHeavy = 0
	Memory = 1024
...
006 (6578.003.000) 2026-04-19 22:46:05 Image size of job updated: 1736
	0  -  MemoryUsage of job (MB)
	0  -  ResidentSetSize of job (KB)
...
040 (6578.003.000) 2026-04-19 22:46:05 Started transferring output files
	Seconds spent in queue: 24
...
040 (6578.003.000) 2026-04-19 22:46:05 Finished transferring output files
...
001 (6578.009.000) 2026-04-19 22:46:06 Job executing on host: <128.105.69.129:9618?addrs=128.105.69.129-9618+[2607-f388-2200-100-1270-fdff-fe56-6734]-9618&alias=e4078.chtc.wisc.edu&noUDP&sock=startd_16904_5103>
	SlotName: slot1_31@e4078.chtc.wisc.edu
	CondorScratchDir = "/var/lib/condor/execute/slot1/dir_3470855/scratch"
	Cpus = 1
	Disk = 3145728
	GPUs = 0
	IoHeavy = 0
	Memory = 1024
...
006 (6578.012.000) 2026-04-19 22:46:06 Image size of job updated: 200
	0  -  MemoryUsage of job (MB)
	0  -  ResidentSetSize of job (KB)
...
001 (6578.006.000) 2026-04-19 22:46:06 Job executing on host: <128.105.69.199:9618?addrs=128.105.69.199-9618+[2607-f388-2200-100-1270-fdff-fe56-70ec]-9618&alias=e4052.chtc.wisc.edu&noUDP&sock=startd_16696_a550>
	SlotName: slot1_2@e4052.chtc.wisc.edu
	CondorScratchDir = "/var/lib/condor/execute/slot1/dir_407559/scratch"
	Cpus = 1
	Disk = 3145728
	GPUs = 0
	IoHeavy = 0
	Memory = 1024
...
040 (6578.012.000) 2026-04-19 22:46:06 Started transferring output files
	Seconds spent in queue: 25
...
040 (6578.012.000) 2026-04-19 22:46:06 Finished transferring output files
...
005 (6578.003.000) 2026-04-19 22:46:06 Job terminated.
	(1) Normal termination (return value 1)
		Usr 0 00:00:01, Sys 0 00:00:00  -  Run Remote Usage
		Usr 0 00:00:00, Sys 0 00:00:00  -  Run Local Usage
		Usr 0 00:00:01, Sys 0 00:00:00  -  Total Remote Usage
		Usr 0 00:00:00, Sys 0 00:00:00  -  Total Local Usage
	471  -  Run Bytes Sent By Job
	1598399503  -  Run Bytes Received By Job
	471  -  Total Bytes Sent By Job
	1598399503  -  Total Bytes Received By Job
	Partitionable Resources :    Usage  Request Allocated 
	   Cpus                 :        0        1         1 
	   Disk (KB)            :  1561048  3145728   3145728 
	   GPUs                 :                           0 
	   IoHeavy              :                           0 
	   Memory (MB)          :        0     1024      1024 
	   TimeExecute (s)      :        2                    
	   TimeSlotBusy (s)     :       30                    
...
001 (6578.020.000) 2026-04-19 22:46:06 Job executing on host: <128.105.68.158:9618?addrs=128.105.68.158-9618+[2607-f388-2200-100-b226-28ff-fe50-6730]-9618&alias=e2017.chtc.wisc.edu&noUDP&sock=startd_9358_635b>
	SlotName: slot1_12@e2017.chtc.wisc.edu
	CondorScratchDir = "/var/lib/condor/execute/slot1/dir_570071/scratch"
	Cpus = 1
	Disk = 3146962
	GPUs = 0
	IoHeavy = 0
	Memory = 1024
...
005 (6578.012.000) 2026-04-19 22:46:06 Job terminated.
	(1) Normal termination (return value 1)
		Usr 0 00:00:02, Sys 0 00:00:00  -  Run Remote Usage
		Usr 0 00:00:00, Sys 0 00:00:00  -  Run Local Usage
		Usr 0 00:00:02, Sys 0 00:00:00  -  Total Remote Usage
		Usr 0 00:00:00, Sys 0 00:00:00  -  Total Local Usage
	471  -  Run Bytes Sent By Job
	1613360502  -  Run Bytes Received By Job
	471  -  Total Bytes Sent By Job
	1613360502  -  Total Bytes Received By Job
	Partitionable Resources :    Usage  Request Allocated 
	   Cpus                 :        0        1         1 
	   Disk (KB)            :  1575656  3145728   3145728 
	   GPUs                 :                           0 
	   IoHeavy              :                           0 
	   Memory (MB)          :        0     1024      1024 
	   TimeExecute (s)      :        3                    
	   TimeSlotBusy (s)     :       30                    
...
024 (6578.023.000) 2026-04-19 22:46:07 Job reconnection failed
    Job not found at execution machine
    Can not reconnect to slot1_1@e2013.chtc.wisc.edu, rescheduling job
...
004 (6578.023.000) 2026-04-19 22:46:07 Job was evicted. Code 1008 Subcode 0
	(0) CPU times
		Usr 0 00:00:00, Sys 0 00:00:00  -  Run Remote Usage
		Usr 0 00:00:00, Sys 0 00:00:00  -  Run Local Usage
	0  -  Run Bytes Sent By Job
	1658038653  -  Run Bytes Received By Job
	Reason: Job not found at execution machine
	Partitionable Resources :    Usage  Request Allocated 
	   Cpus                 :        0        1         1 
	   Disk (KB)            :  1619248  3145728   3145728 
	   GPUs                 :                           0 
	   IoHeavy              :                           0 
	   Memory (MB)          :              1024      1024 
	   TimeSlotBusy (s)     :       31                    
...
006 (6578.022.000) 2026-04-19 22:46:07 Image size of job updated: 188
	0  -  MemoryUsage of job (MB)
	0  -  ResidentSetSize of job (KB)
...
040 (6578.022.000) 2026-04-19 22:46:07 Started transferring output files
	Seconds spent in queue: 26
...
040 (6578.022.000) 2026-04-19 22:46:07 Finished transferring output files
...
040 (6578.018.000) 2026-04-19 22:46:07 Finished transferring input files
...
040 (6578.011.000) 2026-04-19 22:46:08 Finished transferring input files
...
005 (6578.022.000) 2026-04-19 22:46:08 Job terminated.
	(1) Normal termination (return value 1)
		Usr 0 00:00:01, Sys 0 00:00:00  -  Run Remote Usage
		Usr 0 00:00:00, Sys 0 00:00:00  -  Run Local Usage
		Usr 0 00:00:01, Sys 0 00:00:00  -  Total Remote Usage
		Usr 0 00:00:00, Sys 0 00:00:00  -  Total Local Usage
	471  -  Run Bytes Sent By Job
	1629769521  -  Run Bytes Received By Job
	471  -  Total Bytes Sent By Job
	1629769521  -  Total Bytes Received By Job
	Partitionable Resources :    Usage  Request Allocated 
	   Cpus                 :        0        1         1 
	   Disk (KB)            :  1591600  3145728   3145728 
	   GPUs                 :                           0 
	   IoHeavy              :                           0 
	   Memory (MB)          :        0     1024      1024 
	   TimeExecute (s)      :        2                    
	   TimeSlotBusy (s)     :       31                    
...
040 (6578.023.000) 2026-04-19 22:46:08 Started transferring input files
	Seconds spent in queue: 27
...
006 (6578.009.000) 2026-04-19 22:46:08 Image size of job updated: 20
	0  -  MemoryUsage of job (MB)
	0  -  ResidentSetSize of job (KB)
...
040 (6578.009.000) 2026-04-19 22:46:08 Started transferring output files
	Seconds spent in queue: 27
...
040 (6578.009.000) 2026-04-19 22:46:08 Finished transferring output files
...
001 (6578.018.000) 2026-04-19 22:46:08 Job executing on host: <128.105.69.144:9618?addrs=128.105.69.144-9618+[2607-f388-2200-100-1270-fdff-fe56-7714]-9618&alias=e4021.chtc.wisc.edu&noUDP&sock=startd_14377_0130>
	SlotName: slot1_39@e4021.chtc.wisc.edu
	CondorScratchDir = "/var/lib/condor/execute/slot1/dir_1618159/scratch"
	Cpus = 1
	Disk = 3145728
	GPUs = 0
	IoHeavy = 0
	Memory = 1024
...
001 (6578.011.000) 2026-04-19 22:46:09 Job executing on host: <128.105.69.200:9618?addrs=128.105.69.200-9618+[2607-f388-2200-100-1270-fdff-fe36-581c]-9618&alias=e4029.chtc.wisc.edu&noUDP&sock=startd_11479_37ba>
	SlotName: slot1_30@e4029.chtc.wisc.edu
	CondorScratchDir = "/var/lib/condor/execute/slot1/dir_925695/scratch"
	Cpus = 1
	Disk = 3145728
	GPUs = 0
	IoHeavy = 0
	Memory = 1024
...
005 (6578.009.000) 2026-04-19 22:46:09 Job terminated.
	(1) Normal termination (return value 1)
		Usr 0 00:00:01, Sys 0 00:00:00  -  Run Remote Usage
		Usr 0 00:00:00, Sys 0 00:00:00  -  Run Local Usage
		Usr 0 00:00:01, Sys 0 00:00:00  -  Total Remote Usage
		Usr 0 00:00:00, Sys 0 00:00:00  -  Total Local Usage
	471  -  Run Bytes Sent By Job
	1607386219  -  Run Bytes Received By Job
	471  -  Total Bytes Sent By Job
	1607386219  -  Total Bytes Received By Job
	Partitionable Resources :    Usage  Request Allocated 
	   Cpus                 :        0        1         1 
	   Disk (KB)            :  1569824  3145728   3145728 
	   GPUs                 :                           0 
	   IoHeavy              :                           0 
	   Memory (MB)          :        0     1024      1024 
	   TimeExecute (s)      :        2                    
	   TimeSlotBusy (s)     :       32                    
...
006 (6578.006.000) 2026-04-19 22:46:09 Image size of job updated: 1632
	0  -  MemoryUsage of job (MB)
	0  -  ResidentSetSize of job (KB)
...
040 (6578.006.000) 2026-04-19 22:46:09 Started transferring output files
	Seconds spent in queue: 28
...
040 (6578.006.000) 2026-04-19 22:46:09 Finished transferring output files
...
005 (6578.006.000) 2026-04-19 22:46:10 Job terminated.
	(1) Normal termination (return value 1)
		Usr 0 00:00:01, Sys 0 00:00:00  -  Run Remote Usage
		Usr 0 00:00:00, Sys 0 00:00:00  -  Run Local Usage
		Usr 0 00:00:01, Sys 0 00:00:00  -  Total Remote Usage
		Usr 0 00:00:00, Sys 0 00:00:00  -  Total Local Usage
	471  -  Run Bytes Sent By Job
	1590721382  -  Run Bytes Received By Job
	471  -  Total Bytes Sent By Job
	1590721382  -  Total Bytes Received By Job
	Partitionable Resources :    Usage  Request Allocated 
	   Cpus                 :        0        1         1 
	   Disk (KB)            :  1553544  3145728   3145728 
	   GPUs                 :                           0 
	   IoHeavy              :                           0 
	   Memory (MB)          :        0     1024      1024 
	   TimeExecute (s)      :        3                    
	   TimeSlotBusy (s)     :       33                    
...
006 (6578.020.000) 2026-04-19 22:46:10 Image size of job updated: 88
	0  -  MemoryUsage of job (MB)
	0  -  ResidentSetSize of job (KB)
...
040 (6578.020.000) 2026-04-19 22:46:10 Started transferring output files
	Seconds spent in queue: 29
...
040 (6578.020.000) 2026-04-19 22:46:10 Finished transferring output files
...
040 (6578.019.000) 2026-04-19 22:46:11 Finished transferring input files
...
005 (6578.020.000) 2026-04-19 22:46:11 Job terminated.
	(1) Normal termination (return value 1)
		Usr 0 00:00:02, Sys 0 00:00:00  -  Run Remote Usage
		Usr 0 00:00:00, Sys 0 00:00:00  -  Run Local Usage
		Usr 0 00:00:02, Sys 0 00:00:00  -  Total Remote Usage
		Usr 0 00:00:00, Sys 0 00:00:00  -  Total Local Usage
	471  -  Run Bytes Sent By Job
	1317724500  -  Run Bytes Received By Job
	471  -  Total Bytes Sent By Job
	1317724500  -  Total Bytes Received By Job
	Partitionable Resources :    Usage  Request Allocated 
	   Cpus                 :        0        1         1 
	   Disk (KB)            :  1286944  3145728   3146962 
	   GPUs                 :                           0 
	   IoHeavy              :                           0 
	   Memory (MB)          :        0     1024      1024 
	   TimeExecute (s)      :        4                    
	   TimeSlotBusy (s)     :       34                    
...
006 (6578.011.000) 2026-04-19 22:46:11 Image size of job updated: 3764
	0  -  MemoryUsage of job (MB)
	0  -  ResidentSetSize of job (KB)
...
040 (6578.011.000) 2026-04-19 22:46:11 Started transferring output files
	Seconds spent in queue: 30
...
040 (6578.011.000) 2026-04-19 22:46:11 Finished transferring output files
...
006 (6578.018.000) 2026-04-19 22:46:11 Image size of job updated: 188
	0  -  MemoryUsage of job (MB)
	0  -  ResidentSetSize of job (KB)
...
040 (6578.018.000) 2026-04-19 22:46:11 Started transferring output files
	Seconds spent in queue: 30
...
040 (6578.018.000) 2026-04-19 22:46:11 Finished transferring output files
...
001 (6578.019.000) 2026-04-19 22:46:12 Job executing on host: <128.105.69.184:9618?addrs=128.105.69.184-9618+[2607-f388-2200-100-1270-fdff-fe56-bbfc]-9618&alias=e4036.chtc.wisc.edu&noUDP&sock=startd_16584_d2b5>
	SlotName: slot1_39@e4036.chtc.wisc.edu
	CondorScratchDir = "/var/lib/condor/execute/slot1/dir_706044/scratch"
	Cpus = 1
	Disk = 3145728
	GPUs = 0
	IoHeavy = 0
	Memory = 1024
...
005 (6578.011.000) 2026-04-19 22:46:12 Job terminated.
	(1) Normal termination (return value 1)
		Usr 0 00:00:01, Sys 0 00:00:00  -  Run Remote Usage
		Usr 0 00:00:00, Sys 0 00:00:00  -  Run Local Usage
		Usr 0 00:00:01, Sys 0 00:00:00  -  Total Remote Usage
		Usr 0 00:00:00, Sys 0 00:00:00  -  Total Local Usage
	471  -  Run Bytes Sent By Job
	1629817975  -  Run Bytes Received By Job
	471  -  Total Bytes Sent By Job
	1629817975  -  Total Bytes Received By Job
	Partitionable Resources :    Usage  Request Allocated 
	   Cpus                 :        0        1         1 
	   Disk (KB)            :  1591728  3145728   3145728 
	   GPUs                 :                           0 
	   IoHeavy              :                           0 
	   Memory (MB)          :        0     1024      1024 
	   TimeExecute (s)      :        2                    
	   TimeSlotBusy (s)     :       35                    
...
005 (6578.018.000) 2026-04-19 22:46:12 Job terminated.
	(1) Normal termination (return value 1)
		Usr 0 00:00:01, Sys 0 00:00:00  -  Run Remote Usage
		Usr 0 00:00:00, Sys 0 00:00:00  -  Run Local Usage
		Usr 0 00:00:01, Sys 0 00:00:00  -  Total Remote Usage
		Usr 0 00:00:00, Sys 0 00:00:00  -  Total Local Usage
	471  -  Run Bytes Sent By Job
	1609506840  -  Run Bytes Received By Job
	471  -  Total Bytes Sent By Job
	1609506840  -  Total Bytes Received By Job
	Partitionable Resources :    Usage  Request Allocated 
	   Cpus                 :        0        1         1 
	   Disk (KB)            :  1571892  3145728   3145728 
	   GPUs                 :                           0 
	   IoHeavy              :                           0 
	   Memory (MB)          :        0     1024      1024 
	   TimeExecute (s)      :        3                    
	   TimeSlotBusy (s)     :       35                    
...
040 (6578.016.000) 2026-04-19 22:46:13 Finished transferring input files
...
006 (6578.019.000) 2026-04-19 22:46:14 Image size of job updated: 16
	0  -  MemoryUsage of job (MB)
	0  -  ResidentSetSize of job (KB)
...
040 (6578.019.000) 2026-04-19 22:46:14 Started transferring output files
	Seconds spent in queue: 33
...
040 (6578.019.000) 2026-04-19 22:46:14 Finished transferring output files
...
001 (6578.016.000) 2026-04-19 22:46:14 Job executing on host: <128.105.69.113:9618?addrs=128.105.69.113-9618+[2607-f388-2200-100-1270-fdff-fe56-6dbc]-9618&alias=e4062.chtc.wisc.edu&noUDP&sock=startd_16701_1349>
	SlotName: slot1_6@e4062.chtc.wisc.edu
	CondorScratchDir = "/var/lib/condor/execute/slot1/dir_405546/scratch"
	Cpus = 1
	Disk = 3145728
	GPUs = 0
	IoHeavy = 0
	Memory = 1024
...
005 (6578.019.000) 2026-04-19 22:46:14 Job terminated.
	(1) Normal termination (return value 1)
		Usr 0 00:00:01, Sys 0 00:00:00  -  Run Remote Usage
		Usr 0 00:00:00, Sys 0 00:00:00  -  Run Local Usage
		Usr 0 00:00:01, Sys 0 00:00:00  -  Total Remote Usage
		Usr 0 00:00:00, Sys 0 00:00:00  -  Total Local Usage
	471  -  Run Bytes Sent By Job
	1601858467  -  Run Bytes Received By Job
	471  -  Total Bytes Sent By Job
	1601858467  -  Total Bytes Received By Job
	Partitionable Resources :    Usage  Request Allocated 
	   Cpus                 :        0        1         1 
	   Disk (KB)            :  1564424  3145728   3145728 
	   GPUs                 :                           0 
	   IoHeavy              :                           0 
	   Memory (MB)          :        0     1024      1024 
	   TimeExecute (s)      :        2                    
	   TimeSlotBusy (s)     :       38                    
...
040 (6578.017.000) 2026-04-19 22:46:15 Finished transferring input files
...
001 (6578.017.000) 2026-04-19 22:46:16 Job executing on host: <128.105.69.158:9618?addrs=128.105.69.158-9618+[2607-f388-2200-100-1270-fdff-fe56-4684]-9618&alias=e4091.chtc.wisc.edu&noUDP&sock=startd_15620_9969>
	SlotName: slot1_11@e4091.chtc.wisc.edu
	CondorScratchDir = "/var/lib/condor/execute/slot1/dir_278331/scratch"
	Cpus = 1
	Disk = 3145728
	GPUs = 0
	IoHeavy = 0
	Memory = 1024
...
006 (6578.016.000) 2026-04-19 22:46:16 Image size of job updated: 1488
	0  -  MemoryUsage of job (MB)
	0  -  ResidentSetSize of job (KB)
...
040 (6578.016.000) 2026-04-19 22:46:16 Started transferring output files
	Seconds spent in queue: 35
...
040 (6578.016.000) 2026-04-19 22:46:16 Finished transferring output files
...
005 (6578.016.000) 2026-04-19 22:46:17 Job terminated.
	(1) Normal termination (return value 1)
		Usr 0 00:00:01, Sys 0 00:00:00  -  Run Remote Usage
		Usr 0 00:00:00, Sys 0 00:00:00  -  Run Local Usage
		Usr 0 00:00:01, Sys 0 00:00:00  -  Total Remote Usage
		Usr 0 00:00:00, Sys 0 00:00:00  -  Total Local Usage
	471  -  Run Bytes Sent By Job
	1639670404  -  Run Bytes Received By Job
	471  -  Total Bytes Sent By Job
	1639670404  -  Total Bytes Received By Job
	Partitionable Resources :      Usage  Request Allocated 
	   Cpus                 :       0.98        1         1 
	   Disk (KB)            : 1601352     3145728   3145728 
	   GPUs                 :                             0 
	   IoHeavy              :                             0 
	   Memory (MB)          :       0        1024      1024 
	   TimeExecute (s)      :       2                       
	   TimeSlotBusy (s)     :      40                       
...
006 (6578.017.000) 2026-04-19 22:46:19 Image size of job updated: 456
	0  -  MemoryUsage of job (MB)
	0  -  ResidentSetSize of job (KB)
...
040 (6578.017.000) 2026-04-19 22:46:19 Started transferring output files
	Seconds spent in queue: 38
...
040 (6578.017.000) 2026-04-19 22:46:19 Finished transferring output files
...
040 (6578.021.000) 2026-04-19 22:46:19 Finished transferring input files
...
005 (6578.017.000) 2026-04-19 22:46:19 Job terminated.
	(1) Normal termination (return value 1)
		Usr 0 00:00:01, Sys 0 00:00:00  -  Run Remote Usage
		Usr 0 00:00:00, Sys 0 00:00:00  -  Run Local Usage
		Usr 0 00:00:01, Sys 0 00:00:00  -  Total Remote Usage
		Usr 0 00:00:00, Sys 0 00:00:00  -  Total Local Usage
	471  -  Run Bytes Sent By Job
	1613103334  -  Run Bytes Received By Job
	471  -  Total Bytes Sent By Job
	1613103334  -  Total Bytes Received By Job
	Partitionable Resources :    Usage  Request Allocated 
	   Cpus                 :        0        1         1 
	   Disk (KB)            :  1575404  3145728   3145728 
	   GPUs                 :                           0 
	   IoHeavy              :                           0 
	   Memory (MB)          :        0     1024      1024 
	   TimeExecute (s)      :        3                    
	   TimeSlotBusy (s)     :       43                    
...
001 (6578.021.000) 2026-04-19 22:46:20 Job executing on host: <128.105.69.202:9618?addrs=128.105.69.202-9618+[2607-f388-2200-100-1270-fdff-fe56-c3c4]-9618&alias=e4033.chtc.wisc.edu&noUDP&sock=startd_16636_7da1>
	SlotName: slot1_17@e4033.chtc.wisc.edu
	CondorScratchDir = "/var/lib/condor/execute/slot1/dir_3512405/scratch"
	Cpus = 1
	Disk = 3145728
	GPUs = 0
	IoHeavy = 0
	Memory = 1024
...
006 (6578.021.000) 2026-04-19 22:46:23 Image size of job updated: 120
	0  -  MemoryUsage of job (MB)
	0  -  ResidentSetSize of job (KB)
...
040 (6578.021.000) 2026-04-19 22:46:23 Started transferring output files
	Seconds spent in queue: 42
...
040 (6578.021.000) 2026-04-19 22:46:23 Finished transferring output files
...
005 (6578.021.000) 2026-04-19 22:46:24 Job terminated.
	(1) Normal termination (return value 1)
		Usr 0 00:00:01, Sys 0 00:00:00  -  Run Remote Usage
		Usr 0 00:00:00, Sys 0 00:00:00  -  Run Local Usage
		Usr 0 00:00:01, Sys 0 00:00:00  -  Total Remote Usage
		Usr 0 00:00:00, Sys 0 00:00:00  -  Total Local Usage
	471  -  Run Bytes Sent By Job
	1640769923  -  Run Bytes Received By Job
	471  -  Total Bytes Sent By Job
	1640769923  -  Total Bytes Received By Job
	Partitionable Resources :      Usage  Request Allocated 
	   Cpus                 :       0.99        1         1 
	   Disk (KB)            : 1602424     3145728   3145728 
	   GPUs                 :                             0 
	   IoHeavy              :                             0 
	   Memory (MB)          :       0        1024      1024 
	   TimeExecute (s)      :       3                       
	   TimeSlotBusy (s)     :      47                       
...
040 (6578.013.000) 2026-04-19 22:46:24 Finished transferring input files
...
040 (6578.023.000) 2026-04-19 22:46:25 Finished transferring input files
...
001 (6578.013.000) 2026-04-19 22:46:25 Job executing on host: <128.105.69.195:9618?addrs=128.105.69.195-9618+[2607-f388-2200-100-1270-fdff-fe56-6f44]-9618&alias=e4048.chtc.wisc.edu&noUDP&sock=startd_16883_e986>
	SlotName: slot1_51@e4048.chtc.wisc.edu
	CondorScratchDir = "/var/lib/condor/execute/slot1/dir_1777229/scratch"
	Cpus = 1
	Disk = 3145728
	GPUs = 0
	IoHeavy = 0
	Memory = 1024
...
001 (6578.023.000) 2026-04-19 22:46:26 Job executing on host: <128.105.68.47:9618?addrs=128.105.68.47-9618+[2607-f388-2200-100-3680-dff-fe2e-8858]-9618&alias=e2477.chtc.wisc.edu&noUDP&sock=startd_11615_809c>
	SlotName: slot1_6@e2477.chtc.wisc.edu
	CondorScratchDir = "/var/lib/condor/execute/slot1/dir_1235365/scratch"
	Cpus = 1
	Disk = 3145728
	GPUs = 0
	IoHeavy = 0
	Memory = 1024
...
006 (6578.013.000) 2026-04-19 22:46:28 Image size of job updated: 192
	0  -  MemoryUsage of job (MB)
	0  -  ResidentSetSize of job (KB)
...
040 (6578.013.000) 2026-04-19 22:46:28 Started transferring output files
	Seconds spent in queue: 47
...
040 (6578.013.000) 2026-04-19 22:46:28 Finished transferring output files
...
005 (6578.013.000) 2026-04-19 22:46:28 Job terminated.
	(1) Normal termination (return value 1)
		Usr 0 00:00:01, Sys 0 00:00:00  -  Run Remote Usage
		Usr 0 00:00:00, Sys 0 00:00:00  -  Run Local Usage
		Usr 0 00:00:01, Sys 0 00:00:00  -  Total Remote Usage
		Usr 0 00:00:00, Sys 0 00:00:00  -  Total Local Usage
	471  -  Run Bytes Sent By Job
	1583916114  -  Run Bytes Received By Job
	471  -  Total Bytes Sent By Job
	1583916114  -  Total Bytes Received By Job
	Partitionable Resources :    Usage  Request Allocated 
	   Cpus                 :        0        1         1 
	   Disk (KB)            :  1546904  3145728   3145728 
	   GPUs                 :                           0 
	   IoHeavy              :                           0 
	   Memory (MB)          :        0     1024      1024 
	   TimeExecute (s)      :        3                    
	   TimeSlotBusy (s)     :       52                    
...
006 (6578.023.000) 2026-04-19 22:46:28 Image size of job updated: 204
	0  -  MemoryUsage of job (MB)
	0  -  ResidentSetSize of job (KB)
...
040 (6578.023.000) 2026-04-19 22:46:28 Started transferring output files
	Seconds spent in queue: 47
...
040 (6578.023.000) 2026-04-19 22:46:28 Finished transferring output files
...
005 (6578.023.000) 2026-04-19 22:46:29 Job terminated.
	(1) Normal termination (return value 1)
		Usr 0 00:00:01, Sys 0 00:00:00  -  Run Remote Usage
		Usr 0 00:00:00, Sys 0 00:00:00  -  Run Local Usage
		Usr 0 00:00:01, Sys 0 00:00:00  -  Total Remote Usage
		Usr 0 00:00:00, Sys 0 00:00:00  -  Total Local Usage
	471  -  Run Bytes Sent By Job
	1658038653  -  Run Bytes Received By Job
	471  -  Total Bytes Sent By Job
	3316077306  -  Total Bytes Received By Job
	Partitionable Resources :    Usage  Request Allocated 
	   Cpus                 :        0        1         1 
	   Disk (KB)            :  1619208  3145728   3145728 
	   GPUs                 :                           0 
	   IoHeavy              :                           0 
	   Memory (MB)          :        0     1024      1024 
	   TimeExecute (s)      :        2                    
	   TimeSlotBusy (s)     :       20                    
...
