000 (6580.000.000) 2026-04-19 22:50:03 Job submitted from host: <128.105.76.6:9618?addrs=128.105.76.6-9618+[2607-f388-2200-100-216-3eff-fe63-f8a5]-9618&alias=learn.chtc.wisc.edu&noUDP&sock=schedd_6739_f8d1>
...
000 (6580.001.000) 2026-04-19 22:50:03 Job submitted from host: <128.105.76.6:9618?addrs=128.105.76.6-9618+[2607-f388-2200-100-216-3eff-fe63-f8a5]-9618&alias=learn.chtc.wisc.edu&noUDP&sock=schedd_6739_f8d1>
...
000 (6580.010.000) 2026-04-19 22:50:03 Job submitted from host: <128.105.76.6:9618?addrs=128.105.76.6-9618+[2607-f388-2200-100-216-3eff-fe63-f8a5]-9618&alias=learn.chtc.wisc.edu&noUDP&sock=schedd_6739_f8d1>
...
000 (6580.011.000) 2026-04-19 22:50:03 Job submitted from host: <128.105.76.6:9618?addrs=128.105.76.6-9618+[2607-f388-2200-100-216-3eff-fe63-f8a5]-9618&alias=learn.chtc.wisc.edu&noUDP&sock=schedd_6739_f8d1>
...
000 (6580.012.000) 2026-04-19 22:50:03 Job submitted from host: <128.105.76.6:9618?addrs=128.105.76.6-9618+[2607-f388-2200-100-216-3eff-fe63-f8a5]-9618&alias=learn.chtc.wisc.edu&noUDP&sock=schedd_6739_f8d1>
...
000 (6580.013.000) 2026-04-19 22:50:03 Job submitted from host: <128.105.76.6:9618?addrs=128.105.76.6-9618+[2607-f388-2200-100-216-3eff-fe63-f8a5]-9618&alias=learn.chtc.wisc.edu&noUDP&sock=schedd_6739_f8d1>
...
000 (6580.014.000) 2026-04-19 22:50:03 Job submitted from host: <128.105.76.6:9618?addrs=128.105.76.6-9618+[2607-f388-2200-100-216-3eff-fe63-f8a5]-9618&alias=learn.chtc.wisc.edu&noUDP&sock=schedd_6739_f8d1>
...
000 (6580.015.000) 2026-04-19 22:50:03 Job submitted from host: <128.105.76.6:9618?addrs=128.105.76.6-9618+[2607-f388-2200-100-216-3eff-fe63-f8a5]-9618&alias=learn.chtc.wisc.edu&noUDP&sock=schedd_6739_f8d1>
...
000 (6580.016.000) 2026-04-19 22:50:03 Job submitted from host: <128.105.76.6:9618?addrs=128.105.76.6-9618+[2607-f388-2200-100-216-3eff-fe63-f8a5]-9618&alias=learn.chtc.wisc.edu&noUDP&sock=schedd_6739_f8d1>
...
000 (6580.017.000) 2026-04-19 22:50:03 Job submitted from host: <128.105.76.6:9618?addrs=128.105.76.6-9618+[2607-f388-2200-100-216-3eff-fe63-f8a5]-9618&alias=learn.chtc.wisc.edu&noUDP&sock=schedd_6739_f8d1>
...
000 (6580.018.000) 2026-04-19 22:50:03 Job submitted from host: <128.105.76.6:9618?addrs=128.105.76.6-9618+[2607-f388-2200-100-216-3eff-fe63-f8a5]-9618&alias=learn.chtc.wisc.edu&noUDP&sock=schedd_6739_f8d1>
...
000 (6580.019.000) 2026-04-19 22:50:03 Job submitted from host: <128.105.76.6:9618?addrs=128.105.76.6-9618+[2607-f388-2200-100-216-3eff-fe63-f8a5]-9618&alias=learn.chtc.wisc.edu&noUDP&sock=schedd_6739_f8d1>
...
000 (6580.002.000) 2026-04-19 22:50:03 Job submitted from host: <128.105.76.6:9618?addrs=128.105.76.6-9618+[2607-f388-2200-100-216-3eff-fe63-f8a5]-9618&alias=learn.chtc.wisc.edu&noUDP&sock=schedd_6739_f8d1>
...
000 (6580.020.000) 2026-04-19 22:50:03 Job submitted from host: <128.105.76.6:9618?addrs=128.105.76.6-9618+[2607-f388-2200-100-216-3eff-fe63-f8a5]-9618&alias=learn.chtc.wisc.edu&noUDP&sock=schedd_6739_f8d1>
...
000 (6580.021.000) 2026-04-19 22:50:03 Job submitted from host: <128.105.76.6:9618?addrs=128.105.76.6-9618+[2607-f388-2200-100-216-3eff-fe63-f8a5]-9618&alias=learn.chtc.wisc.edu&noUDP&sock=schedd_6739_f8d1>
...
000 (6580.022.000) 2026-04-19 22:50:03 Job submitted from host: <128.105.76.6:9618?addrs=128.105.76.6-9618+[2607-f388-2200-100-216-3eff-fe63-f8a5]-9618&alias=learn.chtc.wisc.edu&noUDP&sock=schedd_6739_f8d1>
...
000 (6580.023.000) 2026-04-19 22:50:03 Job submitted from host: <128.105.76.6:9618?addrs=128.105.76.6-9618+[2607-f388-2200-100-216-3eff-fe63-f8a5]-9618&alias=learn.chtc.wisc.edu&noUDP&sock=schedd_6739_f8d1>
...
000 (6580.003.000) 2026-04-19 22:50:03 Job submitted from host: <128.105.76.6:9618?addrs=128.105.76.6-9618+[2607-f388-2200-100-216-3eff-fe63-f8a5]-9618&alias=learn.chtc.wisc.edu&noUDP&sock=schedd_6739_f8d1>
...
000 (6580.004.000) 2026-04-19 22:50:03 Job submitted from host: <128.105.76.6:9618?addrs=128.105.76.6-9618+[2607-f388-2200-100-216-3eff-fe63-f8a5]-9618&alias=learn.chtc.wisc.edu&noUDP&sock=schedd_6739_f8d1>
...
000 (6580.005.000) 2026-04-19 22:50:03 Job submitted from host: <128.105.76.6:9618?addrs=128.105.76.6-9618+[2607-f388-2200-100-216-3eff-fe63-f8a5]-9618&alias=learn.chtc.wisc.edu&noUDP&sock=schedd_6739_f8d1>
...
000 (6580.006.000) 2026-04-19 22:50:03 Job submitted from host: <128.105.76.6:9618?addrs=128.105.76.6-9618+[2607-f388-2200-100-216-3eff-fe63-f8a5]-9618&alias=learn.chtc.wisc.edu&noUDP&sock=schedd_6739_f8d1>
...
000 (6580.007.000) 2026-04-19 22:50:03 Job submitted from host: <128.105.76.6:9618?addrs=128.105.76.6-9618+[2607-f388-2200-100-216-3eff-fe63-f8a5]-9618&alias=learn.chtc.wisc.edu&noUDP&sock=schedd_6739_f8d1>
...
000 (6580.008.000) 2026-04-19 22:50:03 Job submitted from host: <128.105.76.6:9618?addrs=128.105.76.6-9618+[2607-f388-2200-100-216-3eff-fe63-f8a5]-9618&alias=learn.chtc.wisc.edu&noUDP&sock=schedd_6739_f8d1>
...
000 (6580.009.000) 2026-04-19 22:50:03 Job submitted from host: <128.105.76.6:9618?addrs=128.105.76.6-9618+[2607-f388-2200-100-216-3eff-fe63-f8a5]-9618&alias=learn.chtc.wisc.edu&noUDP&sock=schedd_6739_f8d1>
...
040 (6580.000.000) 2026-04-19 22:50:17 Started transferring input files
	Transferring to host: <128.105.68.37:9618?addrs=128.105.68.37-9618+[2607-f388-2200-100-3680-dff-fe2e-8438]-9618&alias=e2467.chtc.wisc.edu&noUDP&sock=slot1_20_386295_85f6_95009>
...
040 (6580.009.000) 2026-04-19 22:50:17 Started transferring input files
	Transferring to host: <128.105.68.47:9618?addrs=128.105.68.47-9618+[2607-f388-2200-100-3680-dff-fe2e-8858]-9618&alias=e2477.chtc.wisc.edu&noUDP&sock=slot1_7_3684851_a06c_83801>
...
040 (6580.003.000) 2026-04-19 22:50:17 Started transferring input files
	Transferring to host: <128.105.68.33:9618?addrs=128.105.68.33-9618+[2607-f388-2200-100-3680-dff-fe2e-7f88]-9618&alias=e2463.chtc.wisc.edu&noUDP&sock=slot1_13_1174138_303b_107978>
...
040 (6580.017.000) 2026-04-19 22:50:17 Started transferring input files
	Transferring to host: <128.105.68.27:9618?addrs=128.105.68.27-9618+[2607-f388-2200-100-3680-dff-fe2e-71d8]-9618&alias=e2457.chtc.wisc.edu&noUDP&sock=slot1_13_2529963_8df9_98178>
...
040 (6580.011.000) 2026-04-19 22:50:17 Started transferring input files
	Transferring to host: <128.105.69.214:9618?addrs=128.105.69.214-9618+[2607-f388-2200-100-eaeb-d3ff-fe3f-fbf4]-9618&alias=e2597.chtc.wisc.edu&noUDP&sock=slot1_9_1815723_dc85_115333>
...
040 (6580.014.000) 2026-04-19 22:50:17 Started transferring input files
	Transferring to host: <128.105.69.171:9618?addrs=128.105.69.171-9618+[2607-f388-2200-100-1270-fdff-fe56-76ac]-9618&alias=e2554.chtc.wisc.edu&noUDP&sock=slot1_3_868098_529e_113879>
...
040 (6580.022.000) 2026-04-19 22:50:17 Started transferring input files
	Transferring to host: <128.105.68.48:9618?addrs=128.105.68.48-9618+[2607-f388-2200-100-3680-dff-fe2e-8420]-9618&alias=e2478.chtc.wisc.edu&noUDP&sock=slot1_4_2535867_74e9_104804>
...
040 (6580.004.000) 2026-04-19 22:50:17 Started transferring input files
	Transferring to host: <128.105.68.40:9618?addrs=128.105.68.40-9618+[2607-f388-2200-100-3680-dff-fe2e-8810]-9618&alias=e2470.chtc.wisc.edu&noUDP&sock=slot1_15_439080_54b8_97089>
...
040 (6580.008.000) 2026-04-19 22:50:17 Started transferring input files
	Transferring to host: <128.105.69.234:9618?addrs=128.105.69.234-9618+[2607-f388-2200-100-eaeb-d3ff-fe40-1efc]-9618&alias=e2617.chtc.wisc.edu&noUDP&sock=slot1_9_3025633_e8f5_118326>
...
040 (6580.002.000) 2026-04-19 22:50:17 Started transferring input files
	Transferring to host: <128.105.68.41:9618?addrs=128.105.68.41-9618+[2607-f388-2200-100-3680-dff-fe2e-8480]-9618&alias=e2471.chtc.wisc.edu&noUDP&sock=slot1_2_2752378_0aee_100086>
...
040 (6580.018.000) 2026-04-19 22:50:17 Started transferring input files
	Transferring to host: <128.105.68.42:9618?addrs=128.105.68.42-9618+[2607-f388-2200-100-3680-dff-fe2e-87b0]-9618&alias=e2472.chtc.wisc.edu&noUDP&sock=slot1_5_3564943_97e0_90995>
...
040 (6580.001.000) 2026-04-19 22:50:22 Entered queue to transfer input files
	Transferring to host: <128.105.68.53:9618?addrs=128.105.68.53-9618+[2607-f388-2200-100-3680-dff-fe2e-8828]-9618&alias=e2483.chtc.wisc.edu&noUDP&sock=slot1_3_3468947_ba21_93288>
...
040 (6580.010.000) 2026-04-19 22:50:22 Entered queue to transfer input files
	Transferring to host: <128.105.68.159:9618?addrs=128.105.68.159-9618+[2607-f388-2200-100-b226-28ff-fe51-396c]-9618&alias=e2018.chtc.wisc.edu&noUDP&sock=slot1_8_3497627_61af_88970>
...
040 (6580.013.000) 2026-04-19 22:50:22 Entered queue to transfer input files
	Transferring to host: <128.105.68.32:9618?addrs=128.105.68.32-9618+[2607-f388-2200-100-3680-dff-fe2e-75f8]-9618&alias=e2462.chtc.wisc.edu&noUDP&sock=slot1_2_3683522_39d6_102543>
...
040 (6580.020.000) 2026-04-19 22:50:22 Entered queue to transfer input files
	Transferring to host: <128.105.68.46:9618?addrs=128.105.68.46-9618+[2607-f388-2200-100-3680-dff-fe2e-8780]-9618&alias=e2476.chtc.wisc.edu&noUDP&sock=slot1_6_2894634_4386_90157>
...
040 (6580.016.000) 2026-04-19 22:50:22 Entered queue to transfer input files
	Transferring to host: <128.105.68.151:9618?addrs=128.105.68.151-9618+[2607-f388-2200-100-b226-28ff-fe50-4e4c]-9618&alias=e2010.chtc.wisc.edu&noUDP&sock=slot1_5_11040_6dba_11790>
...
040 (6580.005.000) 2026-04-19 22:50:22 Entered queue to transfer input files
	Transferring to host: <128.105.68.15:9618?addrs=128.105.68.15-9618+[2607-f388-2200-100-b226-28ff-fe51-615c]-9618&alias=e2008.chtc.wisc.edu&noUDP&sock=slot1_26_960781_e177_73355>
...
040 (6580.012.000) 2026-04-19 22:50:22 Entered queue to transfer input files
	Transferring to host: <128.105.69.184:9618?addrs=128.105.69.184-9618+[2607-f388-2200-100-1270-fdff-fe56-bbfc]-9618&alias=e4036.chtc.wisc.edu&noUDP&sock=slot1_39_2867792_a583_102934>
...
040 (6580.023.000) 2026-04-19 22:50:22 Entered queue to transfer input files
	Transferring to host: <128.105.69.113:9618?addrs=128.105.69.113-9618+[2607-f388-2200-100-1270-fdff-fe56-6dbc]-9618&alias=e4062.chtc.wisc.edu&noUDP&sock=slot1_2_2206194_012b_110507>
...
040 (6580.015.000) 2026-04-19 22:50:22 Entered queue to transfer input files
	Transferring to host: <128.105.68.154:9618?addrs=128.105.68.154-9618+[fde1-53ba-e9a0-de11-8055-9bb5-58cf-8aeb]-9618&alias=e2013.chtc.wisc.edu&noUDP&sock=slot1_1_11637_11b2_23716>
...
040 (6580.007.000) 2026-04-19 22:50:22 Entered queue to transfer input files
	Transferring to host: <128.105.68.155:9618?addrs=128.105.68.155-9618+[2607-f388-2200-100-b226-28ff-fe50-5c14]-9618&alias=e2014.chtc.wisc.edu&noUDP&sock=slot1_12_3515869_8555_70414>
...
040 (6580.021.000) 2026-04-19 22:50:22 Entered queue to transfer input files
	Transferring to host: <128.105.69.199:9618?addrs=128.105.69.199-9618+[2607-f388-2200-100-1270-fdff-fe56-70ec]-9618&alias=e4052.chtc.wisc.edu&noUDP&sock=slot1_2_2635416_bb99_110637>
...
040 (6580.019.000) 2026-04-19 22:50:22 Entered queue to transfer input files
	Transferring to host: <128.105.69.115:9618?addrs=128.105.69.115-9618+[2607-f388-2200-100-1270-fdff-fe56-ced4]-9618&alias=e4064.chtc.wisc.edu&noUDP&sock=slot1_16_158781_5412_118798>
...
040 (6580.006.000) 2026-04-19 22:50:22 Entered queue to transfer input files
	Transferring to host: <128.105.69.145:9618?addrs=128.105.69.145-9618+[2607-f388-2200-100-1270-fdff-fe56-636c]-9618&alias=e4022.chtc.wisc.edu&noUDP&sock=slot1_36_3525607_d2a1_99740>
...
040 (6580.013.000) 2026-04-19 22:50:24 Started transferring input files
	Seconds spent in queue: 2
...
040 (6580.017.000) 2026-04-19 22:50:24 Finished transferring input files
...
001 (6580.017.000) 2026-04-19 22:50:25 Job executing on host: <128.105.68.27:9618?addrs=128.105.68.27-9618+[2607-f388-2200-100-3680-dff-fe2e-71d8]-9618&alias=e2457.chtc.wisc.edu&noUDP&sock=startd_11813_505c>
	SlotName: slot1_13@e2457.chtc.wisc.edu
	CondorScratchDir = "/var/lib/condor/execute/slot1/dir_1926138/scratch"
	Cpus = 1
	Disk = 3145728
	GPUs = 0
	IoHeavy = 0
	Memory = 1024
...
040 (6580.001.000) 2026-04-19 22:50:28 Started transferring input files
	Seconds spent in queue: 6
...
040 (6580.011.000) 2026-04-19 22:50:28 Finished transferring input files
...
001 (6580.011.000) 2026-04-19 22:50:29 Job executing on host: <128.105.69.214:9618?addrs=128.105.69.214-9618+[2607-f388-2200-100-eaeb-d3ff-fe3f-fbf4]-9618&alias=e2597.chtc.wisc.edu&noUDP&sock=startd_14159_798b>
	SlotName: slot1_9@e2597.chtc.wisc.edu
	CondorScratchDir = "/var/lib/condor/execute/slot1/dir_2996456/scratch"
	Cpus = 1
	Disk = 3145728
	GPUs = 0
	IoHeavy = 0
	Memory = 1024
...
040 (6580.020.000) 2026-04-19 22:50:30 Started transferring input files
	Seconds spent in queue: 8
...
040 (6580.018.000) 2026-04-19 22:50:30 Finished transferring input files
...
006 (6580.017.000) 2026-04-19 22:50:30 Image size of job updated: 973360
	937  -  MemoryUsage of job (MB)
	959092  -  ResidentSetSize of job (KB)
...
021 (6580.017.000) 2026-04-19 22:50:30 Error from starter on slot1_13@e2457.chtc.wisc.edu:
	Job has gone over cgroup memory limit of 1024 megabytes. Last measured usage: 1024 megabytes.  Consider resubmitting with a higher request_memory.
	Code 34 Subcode 102
...
040 (6580.010.000) 2026-04-19 22:50:30 Started transferring input files
	Seconds spent in queue: 8
...
040 (6580.008.000) 2026-04-19 22:50:30 Finished transferring input files
...
004 (6580.017.000) 2026-04-19 22:50:31 Job was evicted. Code 34 Subcode 102
	(0) CPU times
		Usr 0 00:00:03, Sys 0 00:00:01  -  Run Remote Usage
		Usr 0 00:00:00, Sys 0 00:00:00  -  Run Local Usage
	0  -  Run Bytes Sent By Job
	1613103349  -  Run Bytes Received By Job
	Reason: Error from slot1_13@e2457.chtc.wisc.edu: Job has gone over cgroup memory limit of 1024 megabytes. Last measured usage: 1024 megabytes.  Consider resubmitting with a higher request_memory.
	Partitionable Resources :    Usage  Request Allocated 
	   Cpus                 :                 1         1 
	   Disk (KB)            :  1750000  3145728   3145728 
	   GPUs                 :                           0 
	   IoHeavy              :                           0 
	   Memory (MB)          :      937     1024      1024 
	   TimeSlotBusy (s)     :       13                    
...
012 (6580.017.000) 2026-04-19 22:50:31 Job was held.
	Error from slot1_13@e2457.chtc.wisc.edu: Job has gone over cgroup memory limit of 1024 megabytes. Last measured usage: 1024 megabytes.  Consider resubmitting with a higher request_memory.
	Code 34 Subcode 102
...
001 (6580.018.000) 2026-04-19 22:50:31 Job executing on host: <128.105.68.42:9618?addrs=128.105.68.42-9618+[2607-f388-2200-100-3680-dff-fe2e-87b0]-9618&alias=e2472.chtc.wisc.edu&noUDP&sock=startd_11728_02cf>
	SlotName: slot1_5@e2472.chtc.wisc.edu
	CondorScratchDir = "/var/lib/condor/execute/slot1/dir_75198/scratch"
	Cpus = 1
	Disk = 3145728
	GPUs = 0
	IoHeavy = 0
	Memory = 1024
...
001 (6580.008.000) 2026-04-19 22:50:31 Job executing on host: <128.105.69.234:9618?addrs=128.105.69.234-9618+[2607-f388-2200-100-eaeb-d3ff-fe40-1efc]-9618&alias=e2617.chtc.wisc.edu&noUDP&sock=startd_14847_62b3>
	SlotName: slot1_9@e2617.chtc.wisc.edu
	CondorScratchDir = "/var/lib/condor/execute/slot1/dir_51331/scratch"
	Cpus = 1
	Disk = 3145728
	GPUs = 0
	IoHeavy = 0
	Memory = 1024
...
040 (6580.016.000) 2026-04-19 22:50:32 Started transferring input files
	Seconds spent in queue: 10
...
040 (6580.022.000) 2026-04-19 22:50:32 Finished transferring input files
...
040 (6580.005.000) 2026-04-19 22:50:32 Started transferring input files
	Seconds spent in queue: 10
...
040 (6580.002.000) 2026-04-19 22:50:32 Finished transferring input files
...
040 (6580.012.000) 2026-04-19 22:50:32 Started transferring input files
	Seconds spent in queue: 10
...
040 (6580.014.000) 2026-04-19 22:50:32 Finished transferring input files
...
001 (6580.022.000) 2026-04-19 22:50:33 Job executing on host: <128.105.68.48:9618?addrs=128.105.68.48-9618+[2607-f388-2200-100-3680-dff-fe2e-8420]-9618&alias=e2478.chtc.wisc.edu&noUDP&sock=startd_11568_43a8>
	SlotName: slot1_4@e2478.chtc.wisc.edu
	CondorScratchDir = "/var/lib/condor/execute/slot1/dir_843268/scratch"
	Cpus = 1
	Disk = 3145728
	GPUs = 0
	IoHeavy = 0
	Memory = 1024
...
001 (6580.002.000) 2026-04-19 22:50:33 Job executing on host: <128.105.68.41:9618?addrs=128.105.68.41-9618+[2607-f388-2200-100-3680-dff-fe2e-8480]-9618&alias=e2471.chtc.wisc.edu&noUDP&sock=startd_11756_3776>
	SlotName: slot1_2@e2471.chtc.wisc.edu
	CondorScratchDir = "/var/lib/condor/execute/slot1/dir_3273147/scratch"
	Cpus = 1
	Disk = 3145728
	GPUs = 0
	IoHeavy = 0
	Memory = 1024
...
001 (6580.014.000) 2026-04-19 22:50:33 Job executing on host: <128.105.69.171:9618?addrs=128.105.69.171-9618+[2607-f388-2200-100-1270-fdff-fe56-76ac]-9618&alias=e2554.chtc.wisc.edu&noUDP&sock=startd_14926_92af>
	SlotName: slot1_3@e2554.chtc.wisc.edu
	CondorScratchDir = "/var/lib/condor/execute/slot1/dir_2417769/scratch"
	Cpus = 1
	Disk = 3145728
	GPUs = 0
	IoHeavy = 0
	Memory = 1024
...
040 (6580.023.000) 2026-04-19 22:50:33 Started transferring input files
	Seconds spent in queue: 11
...
040 (6580.000.000) 2026-04-19 22:50:33 Finished transferring input files
...
040 (6580.007.000) 2026-04-19 22:50:34 Started transferring input files
	Seconds spent in queue: 12
...
040 (6580.004.000) 2026-04-19 22:50:34 Finished transferring input files
...
001 (6580.000.000) 2026-04-19 22:50:34 Job executing on host: <128.105.68.37:9618?addrs=128.105.68.37-9618+[2607-f388-2200-100-3680-dff-fe2e-8438]-9618&alias=e2467.chtc.wisc.edu&noUDP&sock=startd_11664_1cc0>
	SlotName: slot1_20@e2467.chtc.wisc.edu
	CondorScratchDir = "/var/lib/condor/execute/slot1/dir_1487028/scratch"
	Cpus = 1
	Disk = 3145728
	GPUs = 0
	IoHeavy = 0
	Memory = 1024
...
040 (6580.015.000) 2026-04-19 22:50:35 Started transferring input files
	Seconds spent in queue: 13
...
040 (6580.003.000) 2026-04-19 22:50:35 Finished transferring input files
...
001 (6580.004.000) 2026-04-19 22:50:35 Job executing on host: <128.105.68.40:9618?addrs=128.105.68.40-9618+[2607-f388-2200-100-3680-dff-fe2e-8810]-9618&alias=e2470.chtc.wisc.edu&noUDP&sock=startd_11648_233c>
	SlotName: slot1_15@e2470.chtc.wisc.edu
	CondorScratchDir = "/var/lib/condor/execute/slot1/dir_3275295/scratch"
	Cpus = 1
	Disk = 3145728
	GPUs = 0
	IoHeavy = 0
	Memory = 1024
...
040 (6580.021.000) 2026-04-19 22:50:36 Started transferring input files
	Seconds spent in queue: 14
...
001 (6580.003.000) 2026-04-19 22:50:36 Job executing on host: <128.105.68.33:9618?addrs=128.105.68.33-9618+[2607-f388-2200-100-3680-dff-fe2e-7f88]-9618&alias=e2463.chtc.wisc.edu&noUDP&sock=startd_12000_9492>
	SlotName: slot1_13@e2463.chtc.wisc.edu
	CondorScratchDir = "/var/lib/condor/execute/slot1/dir_2295816/scratch"
	Cpus = 1
	Disk = 3145728
	GPUs = 0
	IoHeavy = 0
	Memory = 1024
...
040 (6580.013.000) 2026-04-19 22:50:36 Finished transferring input files
...
001 (6580.013.000) 2026-04-19 22:50:37 Job executing on host: <128.105.68.32:9618?addrs=128.105.68.32-9618+[2607-f388-2200-100-3680-dff-fe2e-75f8]-9618&alias=e2462.chtc.wisc.edu&noUDP&sock=startd_11800_65a1>
	SlotName: slot1_2@e2462.chtc.wisc.edu
	CondorScratchDir = "/var/lib/condor/execute/slot1/dir_1046989/scratch"
	Cpus = 1
	Disk = 3145728
	GPUs = 0
	IoHeavy = 0
	Memory = 1024
...
006 (6580.022.000) 2026-04-19 22:50:38 Image size of job updated: 948648
	906  -  MemoryUsage of job (MB)
	927436  -  ResidentSetSize of job (KB)
...
021 (6580.022.000) 2026-04-19 22:50:38 Error from starter on slot1_4@e2478.chtc.wisc.edu:
	Job has gone over cgroup memory limit of 1024 megabytes. Last measured usage: 1024 megabytes.  Consider resubmitting with a higher request_memory.
	Code 34 Subcode 102
...
006 (6580.011.000) 2026-04-19 22:50:38 Image size of job updated: 1041100
	1017  -  MemoryUsage of job (MB)
	1041100  -  ResidentSetSize of job (KB)
...
006 (6580.002.000) 2026-04-19 22:50:38 Image size of job updated: 1019092
	968  -  MemoryUsage of job (MB)
	990604  -  ResidentSetSize of job (KB)
...
021 (6580.002.000) 2026-04-19 22:50:38 Error from starter on slot1_2@e2471.chtc.wisc.edu:
	Job has gone over cgroup memory limit of 1024 megabytes. Last measured usage: 1024 megabytes.  Consider resubmitting with a higher request_memory.
	Code 34 Subcode 102
...
004 (6580.022.000) 2026-04-19 22:50:38 Job was evicted. Code 34 Subcode 102
	(0) CPU times
		Usr 0 00:00:03, Sys 0 00:00:01  -  Run Remote Usage
		Usr 0 00:00:00, Sys 0 00:00:00  -  Run Local Usage
	0  -  Run Bytes Sent By Job
	1629769536  -  Run Bytes Received By Job
	Reason: Error from slot1_4@e2478.chtc.wisc.edu: Job has gone over cgroup memory limit of 1024 megabytes. Last measured usage: 1024 megabytes.  Consider resubmitting with a higher request_memory.
	Partitionable Resources :    Usage  Request Allocated 
	   Cpus                 :                 1         1 
	   Disk (KB)            :  1750000  3145728   3145728 
	   GPUs                 :                           0 
	   IoHeavy              :                           0 
	   Memory (MB)          :      906     1024      1024 
	   TimeSlotBusy (s)     :       21                    
...
012 (6580.022.000) 2026-04-19 22:50:38 Job was held.
	Error from slot1_4@e2478.chtc.wisc.edu: Job has gone over cgroup memory limit of 1024 megabytes. Last measured usage: 1024 megabytes.  Consider resubmitting with a higher request_memory.
	Code 34 Subcode 102
...
006 (6580.008.000) 2026-04-19 22:50:39 Image size of job updated: 1039328
	924  -  MemoryUsage of job (MB)
	945616  -  ResidentSetSize of job (KB)
...
021 (6580.008.000) 2026-04-19 22:50:39 Error from starter on slot1_9@e2617.chtc.wisc.edu:
	Job has gone over cgroup memory limit of 1024 megabytes. Last measured usage: 1024 megabytes.  Consider resubmitting with a higher request_memory.
	Code 34 Subcode 102
...
004 (6580.008.000) 2026-04-19 22:50:39 Job was evicted. Code 34 Subcode 102
	(0) CPU times
		Usr 0 00:00:04, Sys 0 00:00:02  -  Run Remote Usage
		Usr 0 00:00:00, Sys 0 00:00:00  -  Run Local Usage
	0  -  Run Bytes Sent By Job
	1588753993  -  Run Bytes Received By Job
	Reason: Error from slot1_9@e2617.chtc.wisc.edu: Job has gone over cgroup memory limit of 1024 megabytes. Last measured usage: 1024 megabytes.  Consider resubmitting with a higher request_memory.
	Partitionable Resources :    Usage  Request Allocated 
	   Cpus                 :                 1         1 
	   Disk (KB)            :  1750000  3145728   3145728 
	   GPUs                 :                           0 
	   IoHeavy              :                           0 
	   Memory (MB)          :      924     1024      1024 
	   TimeSlotBusy (s)     :       22                    
...
012 (6580.008.000) 2026-04-19 22:50:39 Job was held.
	Error from slot1_9@e2617.chtc.wisc.edu: Job has gone over cgroup memory limit of 1024 megabytes. Last measured usage: 1024 megabytes.  Consider resubmitting with a higher request_memory.
	Code 34 Subcode 102
...
006 (6580.018.000) 2026-04-19 22:50:39 Image size of job updated: 1042472
	1019  -  MemoryUsage of job (MB)
	1042472  -  ResidentSetSize of job (KB)
...
004 (6580.002.000) 2026-04-19 22:50:39 Job was evicted. Code 34 Subcode 102
	(0) CPU times
		Usr 0 00:00:03, Sys 0 00:00:01  -  Run Remote Usage
		Usr 0 00:00:00, Sys 0 00:00:00  -  Run Local Usage
	0  -  Run Bytes Sent By Job
	1630224435  -  Run Bytes Received By Job
	Reason: Error from slot1_2@e2471.chtc.wisc.edu: Job has gone over cgroup memory limit of 1024 megabytes. Last measured usage: 1024 megabytes.  Consider resubmitting with a higher request_memory.
	Partitionable Resources :    Usage  Request Allocated 
	   Cpus                 :                 1         1 
	   Disk (KB)            :  1750000  3145728   3145728 
	   GPUs                 :                           0 
	   IoHeavy              :                           0 
	   Memory (MB)          :      968     1024      1024 
	   TimeSlotBusy (s)     :       21                    
...
012 (6580.002.000) 2026-04-19 22:50:39 Job was held.
	Error from slot1_2@e2471.chtc.wisc.edu: Job has gone over cgroup memory limit of 1024 megabytes. Last measured usage: 1024 megabytes.  Consider resubmitting with a higher request_memory.
	Code 34 Subcode 102
...
040 (6580.019.000) 2026-04-19 22:50:39 Started transferring input files
	Seconds spent in queue: 17
...
040 (6580.009.000) 2026-04-19 22:50:39 Finished transferring input files
...
001 (6580.009.000) 2026-04-19 22:50:40 Job executing on host: <128.105.68.47:9618?addrs=128.105.68.47-9618+[2607-f388-2200-100-3680-dff-fe2e-8858]-9618&alias=e2477.chtc.wisc.edu&noUDP&sock=startd_11615_809c>
	SlotName: slot1_7@e2477.chtc.wisc.edu
	CondorScratchDir = "/var/lib/condor/execute/slot1/dir_1275558/scratch"
	Cpus = 1
	Disk = 3145728
	GPUs = 0
	IoHeavy = 0
	Memory = 1024
...
006 (6580.011.000) 2026-04-19 22:50:41 Image size of job updated: 1041440
	1017  -  MemoryUsage of job (MB)
	1041100  -  ResidentSetSize of job (KB)
...
021 (6580.011.000) 2026-04-19 22:50:41 Error from starter on slot1_9@e2597.chtc.wisc.edu:
	Job has gone over cgroup memory limit of 1024 megabytes. Last measured usage: 1024 megabytes.  Consider resubmitting with a higher request_memory.
	Code 34 Subcode 102
...
006 (6580.013.000) 2026-04-19 22:50:41 Image size of job updated: 931364
	910  -  MemoryUsage of job (MB)
	931364  -  ResidentSetSize of job (KB)
...
021 (6580.013.000) 2026-04-19 22:50:41 Error from starter on slot1_2@e2462.chtc.wisc.edu:
	Job has gone over cgroup memory limit of 1024 megabytes. Last measured usage: 1024 megabytes.  Consider resubmitting with a higher request_memory.
	Code 34 Subcode 102
...
004 (6580.011.000) 2026-04-19 22:50:42 Job was evicted. Code 34 Subcode 102
	(0) CPU times
		Usr 0 00:00:05, Sys 0 00:00:06  -  Run Remote Usage
		Usr 0 00:00:00, Sys 0 00:00:00  -  Run Local Usage
	0  -  Run Bytes Sent By Job
	1629817990  -  Run Bytes Received By Job
	Reason: Error from slot1_9@e2597.chtc.wisc.edu: Job has gone over cgroup memory limit of 1024 megabytes. Last measured usage: 1024 megabytes.  Consider resubmitting with a higher request_memory.
	Partitionable Resources :    Usage  Request Allocated 
	   Cpus                 :        0        1         1 
	   Disk (KB)            :  1591647  3145728   3145728 
	   GPUs                 :                           0 
	   IoHeavy              :                           0 
	   Memory (MB)          :     1017     1024      1024 
	   TimeSlotBusy (s)     :       24                    
...
012 (6580.011.000) 2026-04-19 22:50:42 Job was held.
	Error from slot1_9@e2597.chtc.wisc.edu: Job has gone over cgroup memory limit of 1024 megabytes. Last measured usage: 1024 megabytes.  Consider resubmitting with a higher request_memory.
	Code 34 Subcode 102
...
040 (6580.006.000) 2026-04-19 22:50:42 Started transferring input files
	Seconds spent in queue: 20
...
040 (6580.020.000) 2026-04-19 22:50:42 Finished transferring input files
...
004 (6580.013.000) 2026-04-19 22:50:42 Job was evicted. Code 34 Subcode 102
	(0) CPU times
		Usr 0 00:00:03, Sys 0 00:00:01  -  Run Remote Usage
		Usr 0 00:00:00, Sys 0 00:00:00  -  Run Local Usage
	0  -  Run Bytes Sent By Job
	1583916129  -  Run Bytes Received By Job
	Reason: Error from slot1_2@e2462.chtc.wisc.edu: Job has gone over cgroup memory limit of 1024 megabytes. Last measured usage: 1024 megabytes.  Consider resubmitting with a higher request_memory.
	Partitionable Resources :    Usage  Request Allocated 
	   Cpus                 :                 1         1 
	   Disk (KB)            :  1750000  3145728   3145728 
	   GPUs                 :                           0 
	   IoHeavy              :                           0 
	   Memory (MB)          :      910     1024      1024 
	   TimeSlotBusy (s)     :       24                    
...
012 (6580.013.000) 2026-04-19 22:50:42 Job was held.
	Error from slot1_2@e2462.chtc.wisc.edu: Job has gone over cgroup memory limit of 1024 megabytes. Last measured usage: 1024 megabytes.  Consider resubmitting with a higher request_memory.
	Code 34 Subcode 102
...
006 (6580.014.000) 2026-04-19 22:50:42 Image size of job updated: 1041484
	1018  -  MemoryUsage of job (MB)
	1041484  -  ResidentSetSize of job (KB)
...
006 (6580.004.000) 2026-04-19 22:50:42 Image size of job updated: 1005324
	897  -  MemoryUsage of job (MB)
	917632  -  ResidentSetSize of job (KB)
...
021 (6580.004.000) 2026-04-19 22:50:42 Error from starter on slot1_15@e2470.chtc.wisc.edu:
	Job has gone over cgroup memory limit of 1024 megabytes. Last measured usage: 1024 megabytes.  Consider resubmitting with a higher request_memory.
	Code 34 Subcode 102
...
040 (6580.016.000) 2026-04-19 22:50:42 Finished transferring input files
...
001 (6580.020.000) 2026-04-19 22:50:43 Job executing on host: <128.105.68.46:9618?addrs=128.105.68.46-9618+[2607-f388-2200-100-3680-dff-fe2e-8780]-9618&alias=e2476.chtc.wisc.edu&noUDP&sock=startd_11549_3b5b>
	SlotName: slot1_6@e2476.chtc.wisc.edu
	CondorScratchDir = "/var/lib/condor/execute/slot1/dir_1410947/scratch"
	Cpus = 1
	Disk = 3145728
	GPUs = 0
	IoHeavy = 0
	Memory = 1024
...
006 (6580.000.000) 2026-04-19 22:50:43 Image size of job updated: 1042564
	1019  -  MemoryUsage of job (MB)
	1042564  -  ResidentSetSize of job (KB)
...
004 (6580.004.000) 2026-04-19 22:50:43 Job was evicted. Code 34 Subcode 102
	(0) CPU times
		Usr 0 00:00:04, Sys 0 00:00:02  -  Run Remote Usage
		Usr 0 00:00:00, Sys 0 00:00:00  -  Run Local Usage
	0  -  Run Bytes Sent By Job
	1620859793  -  Run Bytes Received By Job
	Reason: Error from slot1_15@e2470.chtc.wisc.edu: Job has gone over cgroup memory limit of 1024 megabytes. Last measured usage: 1024 megabytes.  Consider resubmitting with a higher request_memory.
	Partitionable Resources :    Usage  Request Allocated 
	   Cpus                 :                 1         1 
	   Disk (KB)            :  1750000  3145728   3145728 
	   GPUs                 :                           0 
	   IoHeavy              :                           0 
	   Memory (MB)          :      897     1024      1024 
	   TimeSlotBusy (s)     :       25                    
...
012 (6580.004.000) 2026-04-19 22:50:43 Job was held.
	Error from slot1_15@e2470.chtc.wisc.edu: Job has gone over cgroup memory limit of 1024 megabytes. Last measured usage: 1024 megabytes.  Consider resubmitting with a higher request_memory.
	Code 34 Subcode 102
...
001 (6580.016.000) 2026-04-19 22:50:43 Job executing on host: <128.105.68.151:9618?addrs=128.105.68.151-9618+[2607-f388-2200-100-b226-28ff-fe50-4e4c]-9618&alias=e2010.chtc.wisc.edu&noUDP&sock=startd_10092_d9df>
	SlotName: slot1_5@e2010.chtc.wisc.edu
	CondorScratchDir = "/var/lib/condor/execute/slot1/dir_835077/scratch"
	Cpus = 1
	Disk = 3145728
	GPUs = 0
	IoHeavy = 0
	Memory = 1024
...
006 (6580.003.000) 2026-04-19 22:50:44 Image size of job updated: 992716
	957  -  MemoryUsage of job (MB)
	979276  -  ResidentSetSize of job (KB)
...
021 (6580.003.000) 2026-04-19 22:50:44 Error from starter on slot1_13@e2463.chtc.wisc.edu:
	Job has gone over cgroup memory limit of 1024 megabytes. Last measured usage: 1024 megabytes.  Consider resubmitting with a higher request_memory.
	Code 34 Subcode 102
...
040 (6580.005.000) 2026-04-19 22:50:44 Finished transferring input files
...
004 (6580.003.000) 2026-04-19 22:50:45 Job was evicted. Code 34 Subcode 102
	(0) CPU times
		Usr 0 00:00:04, Sys 0 00:00:03  -  Run Remote Usage
		Usr 0 00:00:00, Sys 0 00:00:00  -  Run Local Usage
	0  -  Run Bytes Sent By Job
	1598399518  -  Run Bytes Received By Job
	Reason: Error from slot1_13@e2463.chtc.wisc.edu: Job has gone over cgroup memory limit of 1024 megabytes. Last measured usage: 1024 megabytes.  Consider resubmitting with a higher request_memory.
	Partitionable Resources :    Usage  Request Allocated 
	   Cpus                 :                 1         1 
	   Disk (KB)            :  1750000  3145728   3145728 
	   GPUs                 :                           0 
	   IoHeavy              :                           0 
	   Memory (MB)          :      957     1024      1024 
	   TimeSlotBusy (s)     :       27                    
...
012 (6580.003.000) 2026-04-19 22:50:45 Job was held.
	Error from slot1_13@e2463.chtc.wisc.edu: Job has gone over cgroup memory limit of 1024 megabytes. Last measured usage: 1024 megabytes.  Consider resubmitting with a higher request_memory.
	Code 34 Subcode 102
...
006 (6580.020.000) 2026-04-19 22:50:45 Image size of job updated: 108
	0  -  MemoryUsage of job (MB)
	0  -  ResidentSetSize of job (KB)
...
040 (6580.020.000) 2026-04-19 22:50:45 Started transferring output files
	Seconds spent in queue: 23
...
040 (6580.020.000) 2026-04-19 22:50:45 Finished transferring output files
...
001 (6580.005.000) 2026-04-19 22:50:45 Job executing on host: <128.105.68.15:9618?addrs=128.105.68.15-9618+[2607-f388-2200-100-b226-28ff-fe51-615c]-9618&alias=e2008.chtc.wisc.edu&noUDP&sock=startd_9345_78a0>
	SlotName: slot1_26@e2008.chtc.wisc.edu
	CondorScratchDir = "/var/lib/condor/execute/slot1/dir_1043495/scratch"
	Cpus = 1
	Disk = 3145728
	GPUs = 0
	IoHeavy = 0
	Memory = 1024
...
005 (6580.020.000) 2026-04-19 22:50:45 Job terminated.
	(1) Normal termination (return value 1)
		Usr 0 00:00:01, Sys 0 00:00:00  -  Run Remote Usage
		Usr 0 00:00:00, Sys 0 00:00:00  -  Run Local Usage
		Usr 0 00:00:01, Sys 0 00:00:00  -  Total Remote Usage
		Usr 0 00:00:00, Sys 0 00:00:00  -  Total Local Usage
	430  -  Run Bytes Sent By Job
	1317724515  -  Run Bytes Received By Job
	430  -  Total Bytes Sent By Job
	1317724515  -  Total Bytes Received By Job
	Partitionable Resources :    Usage  Request Allocated 
	   Cpus                 :        0        1         1 
	   Disk (KB)            :  1286869  3145728   3145728 
	   GPUs                 :                           0 
	   IoHeavy              :                           0 
	   Memory (MB)          :        0     1024      1024 
	   TimeExecute (s)      :        2                    
	   TimeSlotBusy (s)     :       28                    
...
006 (6580.009.000) 2026-04-19 22:50:47 Image size of job updated: 1013380
	887  -  MemoryUsage of job (MB)
	907688  -  ResidentSetSize of job (KB)
...
021 (6580.009.000) 2026-04-19 22:50:47 Error from starter on slot1_7@e2477.chtc.wisc.edu:
	Job has gone over cgroup memory limit of 1024 megabytes. Last measured usage: 1024 megabytes.  Consider resubmitting with a higher request_memory.
	Code 34 Subcode 102
...
040 (6580.010.000) 2026-04-19 22:50:47 Finished transferring input files
...
040 (6580.001.000) 2026-04-19 22:50:47 Finished transferring input files
...
004 (6580.009.000) 2026-04-19 22:50:47 Job was evicted. Code 34 Subcode 102
	(0) CPU times
		Usr 0 00:00:03, Sys 0 00:00:02  -  Run Remote Usage
		Usr 0 00:00:00, Sys 0 00:00:00  -  Run Local Usage
	0  -  Run Bytes Sent By Job
	1607386234  -  Run Bytes Received By Job
	Reason: Error from slot1_7@e2477.chtc.wisc.edu: Job has gone over cgroup memory limit of 1024 megabytes. Last measured usage: 1024 megabytes.  Consider resubmitting with a higher request_memory.
	Partitionable Resources :    Usage  Request Allocated 
	   Cpus                 :                 1         1 
	   Disk (KB)            :  1750000  3145728   3145728 
	   GPUs                 :                           0 
	   IoHeavy              :                           0 
	   Memory (MB)          :      887     1024      1024 
	   TimeSlotBusy (s)     :       30                    
...
012 (6580.009.000) 2026-04-19 22:50:47 Job was held.
	Error from slot1_7@e2477.chtc.wisc.edu: Job has gone over cgroup memory limit of 1024 megabytes. Last measured usage: 1024 megabytes.  Consider resubmitting with a higher request_memory.
	Code 34 Subcode 102
...
040 (6580.012.000) 2026-04-19 22:50:48 Finished transferring input files
...
001 (6580.010.000) 2026-04-19 22:50:48 Job executing on host: <128.105.68.159:9618?addrs=128.105.68.159-9618+[2607-f388-2200-100-b226-28ff-fe51-396c]-9618&alias=e2018.chtc.wisc.edu&noUDP&sock=startd_9513_b489>
	SlotName: slot1_8@e2018.chtc.wisc.edu
	CondorScratchDir = "/var/lib/condor/execute/slot1/dir_3163033/scratch"
	Cpus = 1
	Disk = 3145728
	GPUs = 0
	IoHeavy = 0
	Memory = 1024
...
001 (6580.001.000) 2026-04-19 22:50:48 Job executing on host: <128.105.68.53:9618?addrs=128.105.68.53-9618+[2607-f388-2200-100-3680-dff-fe2e-8828]-9618&alias=e2483.chtc.wisc.edu&noUDP&sock=startd_11660_5e5f>
	SlotName: slot1_3@e2483.chtc.wisc.edu
	CondorScratchDir = "/var/lib/condor/execute/slot1/dir_1314205/scratch"
	Cpus = 1
	Disk = 3145728
	GPUs = 0
	IoHeavy = 0
	Memory = 1024
...
001 (6580.012.000) 2026-04-19 22:50:49 Job executing on host: <128.105.69.184:9618?addrs=128.105.69.184-9618+[2607-f388-2200-100-1270-fdff-fe56-bbfc]-9618&alias=e4036.chtc.wisc.edu&noUDP&sock=startd_16584_d2b5>
	SlotName: slot1_39@e4036.chtc.wisc.edu
	CondorScratchDir = "/var/lib/condor/execute/slot1/dir_725736/scratch"
	Cpus = 1
	Disk = 3145728
	GPUs = 0
	IoHeavy = 0
	Memory = 1024
...
040 (6580.007.000) 2026-04-19 22:50:49 Finished transferring input files
...
001 (6580.007.000) 2026-04-19 22:50:50 Job executing on host: <128.105.68.155:9618?addrs=128.105.68.155-9618+[2607-f388-2200-100-b226-28ff-fe50-5c14]-9618&alias=e2014.chtc.wisc.edu&noUDP&sock=startd_9440_a21f>
	SlotName: slot1_12@e2014.chtc.wisc.edu
	CondorScratchDir = "/var/lib/condor/execute/slot1/dir_2530368/scratch"
	Cpus = 1
	Disk = 3145728
	GPUs = 0
	IoHeavy = 0
	Memory = 1024
...
006 (6580.016.000) 2026-04-19 22:50:50 Image size of job updated: 966380
	944  -  MemoryUsage of job (MB)
	966380  -  ResidentSetSize of job (KB)
...
021 (6580.016.000) 2026-04-19 22:50:50 Error from starter on slot1_5@e2010.chtc.wisc.edu:
	Job has gone over cgroup memory limit of 1024 megabytes. Last measured usage: 1024 megabytes.  Consider resubmitting with a higher request_memory.
	Code 34 Subcode 102
...
040 (6580.023.000) 2026-04-19 22:50:50 Finished transferring input files
...
001 (6580.023.000) 2026-04-19 22:50:51 Job executing on host: <128.105.69.113:9618?addrs=128.105.69.113-9618+[2607-f388-2200-100-1270-fdff-fe56-6dbc]-9618&alias=e4062.chtc.wisc.edu&noUDP&sock=startd_16701_1349>
	SlotName: slot1_2@e4062.chtc.wisc.edu
	CondorScratchDir = "/var/lib/condor/execute/slot1/dir_409122/scratch"
	Cpus = 1
	Disk = 3145728
	GPUs = 0
	IoHeavy = 0
	Memory = 1024
...
004 (6580.016.000) 2026-04-19 22:50:51 Job was evicted. Code 34 Subcode 102
	(0) CPU times
		Usr 0 00:00:04, Sys 0 00:00:01  -  Run Remote Usage
		Usr 0 00:00:00, Sys 0 00:00:00  -  Run Local Usage
	0  -  Run Bytes Sent By Job
	1639670419  -  Run Bytes Received By Job
	Reason: Error from slot1_5@e2010.chtc.wisc.edu: Job has gone over cgroup memory limit of 1024 megabytes. Last measured usage: 1024 megabytes.  Consider resubmitting with a higher request_memory.
	Partitionable Resources :    Usage  Request Allocated 
	   Cpus                 :                 1         1 
	   Disk (KB)            :  1750000  3145728   3145728 
	   GPUs                 :                           0 
	   IoHeavy              :                           0 
	   Memory (MB)          :      944     1024      1024 
	   TimeSlotBusy (s)     :       33                    
...
012 (6580.016.000) 2026-04-19 22:50:51 Job was held.
	Error from slot1_5@e2010.chtc.wisc.edu: Job has gone over cgroup memory limit of 1024 megabytes. Last measured usage: 1024 megabytes.  Consider resubmitting with a higher request_memory.
	Code 34 Subcode 102
...
040 (6580.015.000) 2026-04-19 22:50:52 Finished transferring input files
...
040 (6580.019.000) 2026-04-19 22:50:53 Finished transferring input files
...
001 (6580.015.000) 2026-04-19 22:50:53 Job executing on host: <128.105.68.154:9618?addrs=128.105.68.154-9618+[fde1-53ba-e9a0-de11-8055-9bb5-58cf-8aeb]-9618&alias=e2013.chtc.wisc.edu&noUDP&sock=startd_11559_174e>
	SlotName: slot1_1@e2013.chtc.wisc.edu
	CondorScratchDir = "/var/lib/condor/execute/slot1/dir_3021455/scratch"
	Cpus = 1
	Disk = 3145728
	GPUs = 0
	IoHeavy = 0
	Memory = 1024
...
022 (6580.015.000) 2026-04-19 22:50:53 Job disconnected, attempting to reconnect
    Socket between submit and execute hosts closed unexpectedly
    Trying to reconnect to slot1_1@e2013.chtc.wisc.edu <128.105.68.154:9618?addrs=128.105.68.154-9618+[fde1-53ba-e9a0-de11-8055-9bb5-58cf-8aeb]-9618&alias=e2013.chtc.wisc.edu&noUDP&sock=startd_11559_174e>
...
006 (6580.005.000) 2026-04-19 22:50:54 Image size of job updated: 951824
	930  -  MemoryUsage of job (MB)
	951824  -  ResidentSetSize of job (KB)
...
001 (6580.019.000) 2026-04-19 22:50:54 Job executing on host: <128.105.69.115:9618?addrs=128.105.69.115-9618+[2607-f388-2200-100-1270-fdff-fe56-ced4]-9618&alias=e4064.chtc.wisc.edu&noUDP&sock=startd_16645_a9fc>
	SlotName: slot1_16@e4064.chtc.wisc.edu
	CondorScratchDir = "/var/lib/condor/execute/slot1/dir_2649492/scratch"
	Cpus = 1
	Disk = 3145728
	GPUs = 0
	IoHeavy = 0
	Memory = 1024
...
006 (6580.001.000) 2026-04-19 22:50:54 Image size of job updated: 1041980
	912  -  MemoryUsage of job (MB)
	933044  -  ResidentSetSize of job (KB)
...
021 (6580.001.000) 2026-04-19 22:50:54 Error from starter on slot1_3@e2483.chtc.wisc.edu:
	Job has gone over cgroup memory limit of 1024 megabytes. Last measured usage: 1024 megabytes.  Consider resubmitting with a higher request_memory.
	Code 34 Subcode 102
...
004 (6580.001.000) 2026-04-19 22:50:55 Job was evicted. Code 34 Subcode 102
	(0) CPU times
		Usr 0 00:00:03, Sys 0 00:00:01  -  Run Remote Usage
		Usr 0 00:00:00, Sys 0 00:00:00  -  Run Local Usage
	0  -  Run Bytes Sent By Job
	1584759303  -  Run Bytes Received By Job
	Reason: Error from slot1_3@e2483.chtc.wisc.edu: Job has gone over cgroup memory limit of 1024 megabytes. Last measured usage: 1024 megabytes.  Consider resubmitting with a higher request_memory.
	Partitionable Resources :    Usage  Request Allocated 
	   Cpus                 :                 1         1 
	   Disk (KB)            :  1750000  3145728   3145728 
	   GPUs                 :                           0 
	   IoHeavy              :                           0 
	   Memory (MB)          :      912     1024      1024 
	   TimeSlotBusy (s)     :       37                    
...
012 (6580.001.000) 2026-04-19 22:50:55 Job was held.
	Error from slot1_3@e2483.chtc.wisc.edu: Job has gone over cgroup memory limit of 1024 megabytes. Last measured usage: 1024 megabytes.  Consider resubmitting with a higher request_memory.
	Code 34 Subcode 102
...
040 (6580.006.000) 2026-04-19 22:50:55 Finished transferring input files
...
006 (6580.005.000) 2026-04-19 22:50:56 Image size of job updated: 1043240
	967  -  MemoryUsage of job (MB)
	989692  -  ResidentSetSize of job (KB)
...
021 (6580.005.000) 2026-04-19 22:50:56 Error from starter on slot1_26@e2008.chtc.wisc.edu:
	Job has gone over cgroup memory limit of 1024 megabytes. Last measured usage: 1024 megabytes.  Consider resubmitting with a higher request_memory.
	Code 34 Subcode 102
...
001 (6580.006.000) 2026-04-19 22:50:56 Job executing on host: <128.105.69.145:9618?addrs=128.105.69.145-9618+[2607-f388-2200-100-1270-fdff-fe56-636c]-9618&alias=e4022.chtc.wisc.edu&noUDP&sock=startd_16549_d0e4>
	SlotName: slot1_36@e4022.chtc.wisc.edu
	CondorScratchDir = "/var/lib/condor/execute/slot1/dir_2922451/scratch"
	Cpus = 1
	Disk = 3145728
	GPUs = 0
	IoHeavy = 0
	Memory = 1024
...
006 (6580.023.000) 2026-04-19 22:50:56 Image size of job updated: 1004388
	943  -  MemoryUsage of job (MB)
	965596  -  ResidentSetSize of job (KB)
...
021 (6580.023.000) 2026-04-19 22:50:56 Error from starter on slot1_2@e4062.chtc.wisc.edu:
	Job has gone over cgroup memory limit of 1024 megabytes. Last measured usage: 1024 megabytes.  Consider resubmitting with a higher request_memory.
	Code 34 Subcode 102
...
006 (6580.010.000) 2026-04-19 22:50:57 Image size of job updated: 911428
	891  -  MemoryUsage of job (MB)
	911428  -  ResidentSetSize of job (KB)
...
006 (6580.012.000) 2026-04-19 22:50:57 Image size of job updated: 1040856
	1017  -  MemoryUsage of job (MB)
	1040856  -  ResidentSetSize of job (KB)
...
004 (6580.005.000) 2026-04-19 22:50:57 Job was evicted. Code 34 Subcode 102
	(0) CPU times
		Usr 0 00:00:07, Sys 0 00:00:02  -  Run Remote Usage
		Usr 0 00:00:00, Sys 0 00:00:00  -  Run Local Usage
	0  -  Run Bytes Sent By Job
	1606701590  -  Run Bytes Received By Job
	Reason: Error from slot1_26@e2008.chtc.wisc.edu: Job has gone over cgroup memory limit of 1024 megabytes. Last measured usage: 1024 megabytes.  Consider resubmitting with a higher request_memory.
	Partitionable Resources :    Usage  Request Allocated 
	   Cpus                 :        0        1         1 
	   Disk (KB)            :  1569156  3145728   3145728 
	   GPUs                 :                           0 
	   IoHeavy              :                           0 
	   Memory (MB)          :      967     1024      1024 
	   TimeSlotBusy (s)     :       39                    
...
012 (6580.005.000) 2026-04-19 22:50:57 Job was held.
	Error from slot1_26@e2008.chtc.wisc.edu: Job has gone over cgroup memory limit of 1024 megabytes. Last measured usage: 1024 megabytes.  Consider resubmitting with a higher request_memory.
	Code 34 Subcode 102
...
004 (6580.023.000) 2026-04-19 22:50:58 Job was evicted. Code 34 Subcode 102
	(0) CPU times
		Usr 0 00:00:03, Sys 0 00:00:01  -  Run Remote Usage
		Usr 0 00:00:00, Sys 0 00:00:00  -  Run Local Usage
	0  -  Run Bytes Sent By Job
	1658038668  -  Run Bytes Received By Job
	Reason: Error from slot1_2@e4062.chtc.wisc.edu: Job has gone over cgroup memory limit of 1024 megabytes. Last measured usage: 1024 megabytes.  Consider resubmitting with a higher request_memory.
	Partitionable Resources :    Usage  Request Allocated 
	   Cpus                 :                 1         1 
	   Disk (KB)            :  1750000  3145728   3145728 
	   GPUs                 :                           0 
	   IoHeavy              :                           0 
	   Memory (MB)          :      943     1024      1024 
	   TimeSlotBusy (s)     :       39                    
...
012 (6580.023.000) 2026-04-19 22:50:58 Job was held.
	Error from slot1_2@e4062.chtc.wisc.edu: Job has gone over cgroup memory limit of 1024 megabytes. Last measured usage: 1024 megabytes.  Consider resubmitting with a higher request_memory.
	Code 34 Subcode 102
...
006 (6580.007.000) 2026-04-19 22:50:59 Image size of job updated: 1042952
	1019  -  MemoryUsage of job (MB)
	1042952  -  ResidentSetSize of job (KB)
...
040 (6580.021.000) 2026-04-19 22:50:59 Finished transferring input files
...
021 (6580.007.000) 2026-04-19 22:50:59 Error from starter on slot1_12@e2014.chtc.wisc.edu:
	Job has gone over cgroup memory limit of 1024 megabytes. Last measured usage: 1024 megabytes.  Consider resubmitting with a higher request_memory.
	Code 34 Subcode 102
...
001 (6580.021.000) 2026-04-19 22:51:00 Job executing on host: <128.105.69.199:9618?addrs=128.105.69.199-9618+[2607-f388-2200-100-1270-fdff-fe56-70ec]-9618&alias=e4052.chtc.wisc.edu&noUDP&sock=startd_16696_a550>
	SlotName: slot1_2@e4052.chtc.wisc.edu
	CondorScratchDir = "/var/lib/condor/execute/slot1/dir_427962/scratch"
	Cpus = 1
	Disk = 3145728
	GPUs = 0
	IoHeavy = 0
	Memory = 1024
...
004 (6580.007.000) 2026-04-19 22:51:01 Job was evicted. Code 34 Subcode 102
	(0) CPU times
		Usr 0 00:00:07, Sys 0 00:00:02  -  Run Remote Usage
		Usr 0 00:00:00, Sys 0 00:00:00  -  Run Local Usage
	0  -  Run Bytes Sent By Job
	1588275521  -  Run Bytes Received By Job
	Reason: Error from slot1_12@e2014.chtc.wisc.edu: Job has gone over cgroup memory limit of 1024 megabytes. Last measured usage: 1024 megabytes.  Consider resubmitting with a higher request_memory.
	Partitionable Resources :    Usage  Request Allocated 
	   Cpus                 :        0        1         1 
	   Disk (KB)            :  1551160  3145728   3145728 
	   GPUs                 :                           0 
	   IoHeavy              :                           0 
	   Memory (MB)          :     1019     1024      1024 
	   TimeSlotBusy (s)     :       42                    
...
012 (6580.007.000) 2026-04-19 22:51:01 Job was held.
	Error from slot1_12@e2014.chtc.wisc.edu: Job has gone over cgroup memory limit of 1024 megabytes. Last measured usage: 1024 megabytes.  Consider resubmitting with a higher request_memory.
	Code 34 Subcode 102
...
024 (6580.015.000) 2026-04-19 22:51:01 Job reconnection failed
    Job not found at execution machine
    Can not reconnect to slot1_1@e2013.chtc.wisc.edu, rescheduling job
...
004 (6580.015.000) 2026-04-19 22:51:01 Job was evicted. Code 1008 Subcode 0
	(0) CPU times
		Usr 0 00:00:00, Sys 0 00:00:00  -  Run Remote Usage
		Usr 0 00:00:00, Sys 0 00:00:00  -  Run Local Usage
	0  -  Run Bytes Sent By Job
	1609503461  -  Run Bytes Received By Job
	Reason: Job not found at execution machine
	Partitionable Resources :      Usage  Request Allocated 
	   Cpus                 :       0.06        1         1 
	   Disk (KB)            : 1571852     3145728   3145728 
	   GPUs                 :                             0 
	   IoHeavy              :                             0 
	   Memory (MB)          :                1024      1024 
	   TimeSlotBusy (s)     :      44                       
...
006 (6580.019.000) 2026-04-19 22:51:02 Image size of job updated: 1040248
	792  -  MemoryUsage of job (MB)
	810148  -  ResidentSetSize of job (KB)
...
021 (6580.019.000) 2026-04-19 22:51:02 Error from starter on slot1_16@e4064.chtc.wisc.edu:
	Job has gone over cgroup memory limit of 1024 megabytes. Last measured usage: 1024 megabytes.  Consider resubmitting with a higher request_memory.
	Code 34 Subcode 102
...
006 (6580.014.000) 2026-04-19 22:51:03 Image size of job updated: 1041584
	1018  -  MemoryUsage of job (MB)
	1041484  -  ResidentSetSize of job (KB)
...
021 (6580.014.000) 2026-04-19 22:51:03 Error from starter on slot1_3@e2554.chtc.wisc.edu:
	Job has gone over cgroup memory limit of 1024 megabytes. Last measured usage: 1024 megabytes.  Consider resubmitting with a higher request_memory.
	Code 34 Subcode 102
...
004 (6580.019.000) 2026-04-19 22:51:03 Job was evicted. Code 34 Subcode 102
	(0) CPU times
		Usr 0 00:00:03, Sys 0 00:00:03  -  Run Remote Usage
		Usr 0 00:00:00, Sys 0 00:00:00  -  Run Local Usage
	0  -  Run Bytes Sent By Job
	1601858482  -  Run Bytes Received By Job
	Reason: Error from slot1_16@e4064.chtc.wisc.edu: Job has gone over cgroup memory limit of 1024 megabytes. Last measured usage: 1024 megabytes.  Consider resubmitting with a higher request_memory.
	Partitionable Resources :    Usage  Request Allocated 
	   Cpus                 :                 1         1 
	   Disk (KB)            :  1750000  3145728   3145728 
	   GPUs                 :                           0 
	   IoHeavy              :                           0 
	   Memory (MB)          :      792     1024      1024 
	   TimeSlotBusy (s)     :       45                    
...
012 (6580.019.000) 2026-04-19 22:51:03 Job was held.
	Error from slot1_16@e4064.chtc.wisc.edu: Job has gone over cgroup memory limit of 1024 megabytes. Last measured usage: 1024 megabytes.  Consider resubmitting with a higher request_memory.
	Code 34 Subcode 102
...
009 (6580.001.000) 2026-04-19 22:51:04 Job was aborted.
	via condor_rm (by user sbasnet3)
...
009 (6580.002.000) 2026-04-19 22:51:04 Job was aborted.
	via condor_rm (by user sbasnet3)
...
009 (6580.003.000) 2026-04-19 22:51:04 Job was aborted.
	via condor_rm (by user sbasnet3)
...
009 (6580.004.000) 2026-04-19 22:51:04 Job was aborted.
	via condor_rm (by user sbasnet3)
...
009 (6580.005.000) 2026-04-19 22:51:04 Job was aborted.
	via condor_rm (by user sbasnet3)
...
009 (6580.007.000) 2026-04-19 22:51:04 Job was aborted.
	via condor_rm (by user sbasnet3)
...
009 (6580.008.000) 2026-04-19 22:51:04 Job was aborted.
	via condor_rm (by user sbasnet3)
...
009 (6580.009.000) 2026-04-19 22:51:04 Job was aborted.
	via condor_rm (by user sbasnet3)
...
009 (6580.011.000) 2026-04-19 22:51:04 Job was aborted.
	via condor_rm (by user sbasnet3)
...
009 (6580.013.000) 2026-04-19 22:51:04 Job was aborted.
	via condor_rm (by user sbasnet3)
...
009 (6580.015.000) 2026-04-19 22:51:04 Job was aborted.
	via condor_rm (by user sbasnet3)
...
009 (6580.016.000) 2026-04-19 22:51:04 Job was aborted.
	via condor_rm (by user sbasnet3)
...
009 (6580.017.000) 2026-04-19 22:51:04 Job was aborted.
	via condor_rm (by user sbasnet3)
...
009 (6580.019.000) 2026-04-19 22:51:04 Job was aborted.
	via condor_rm (by user sbasnet3)
...
009 (6580.022.000) 2026-04-19 22:51:04 Job was aborted.
	via condor_rm (by user sbasnet3)
...
009 (6580.023.000) 2026-04-19 22:51:04 Job was aborted.
	via condor_rm (by user sbasnet3)
...
006 (6580.021.000) 2026-04-19 22:51:04 Image size of job updated: 2836
	0  -  MemoryUsage of job (MB)
	0  -  ResidentSetSize of job (KB)
...
004 (6580.021.000) 2026-04-19 22:51:04 Job was evicted. Code 1023 Subcode 0
	(0) CPU times
		Usr 0 00:00:02, Sys 0 00:00:00  -  Run Remote Usage
		Usr 0 00:00:00, Sys 0 00:00:00  -  Run Local Usage
	0  -  Run Bytes Sent By Job
	1640769938  -  Run Bytes Received By Job
	Reason: via condor_rm (by user sbasnet3)
	Partitionable Resources :    Usage  Request Allocated 
	   Cpus                 :        0        1         1 
	   Disk (KB)            :  1602428  3145728   3145728 
	   GPUs                 :                           0 
	   IoHeavy              :                           0 
	   Memory (MB)          :        0     1024      1024 
	   TimeExecute (s)      :        4                    
	   TimeSlotBusy (s)     :       47                    
...
009 (6580.021.000) 2026-04-19 22:51:04 Job was aborted.
	via condor_rm (by user sbasnet3)
...
006 (6580.006.000) 2026-04-19 22:51:04 Image size of job updated: 1034156
	0  -  MemoryUsage of job (MB)
	0  -  ResidentSetSize of job (KB)
...
006 (6580.000.000) 2026-04-19 22:51:04 Image size of job updated: 1042648
	1019  -  MemoryUsage of job (MB)
	1042564  -  ResidentSetSize of job (KB)
...
006 (6580.012.000) 2026-04-19 22:51:04 Image size of job updated: 1041508
	1017  -  MemoryUsage of job (MB)
	1040856  -  ResidentSetSize of job (KB)
...
006 (6580.018.000) 2026-04-19 22:51:04 Image size of job updated: 1042536
	1019  -  MemoryUsage of job (MB)
	1042472  -  ResidentSetSize of job (KB)
...
004 (6580.006.000) 2026-04-19 22:51:04 Job was evicted. Code 1023 Subcode 0
	(0) CPU times
		Usr 0 00:00:04, Sys 0 00:00:03  -  Run Remote Usage
		Usr 0 00:00:00, Sys 0 00:00:00  -  Run Local Usage
	0  -  Run Bytes Sent By Job
	1590721397  -  Run Bytes Received By Job
	Reason: via condor_rm (by user sbasnet3)
	Partitionable Resources :      Usage  Request Allocated 
	   Cpus                 :       0.36        1         1 
	   Disk (KB)            : 1553552     3145728   3145728 
	   GPUs                 :                             0 
	   IoHeavy              :                             0 
	   Memory (MB)          :       0        1024      1024 
	   TimeExecute (s)      :       8                       
	   TimeSlotBusy (s)     :      47                       
...
009 (6580.006.000) 2026-04-19 22:51:04 Job was aborted.
	via condor_rm (by user sbasnet3)
...
004 (6580.000.000) 2026-04-19 22:51:04 Job was evicted. Code 1023 Subcode 0
	(0) CPU times
		Usr 0 00:00:05, Sys 0 00:00:23  -  Run Remote Usage
		Usr 0 00:00:00, Sys 0 00:00:00  -  Run Local Usage
	0  -  Run Bytes Sent By Job
	1595041422  -  Run Bytes Received By Job
	Reason: via condor_rm (by user sbasnet3)
	Partitionable Resources :    Usage  Request Allocated 
	   Cpus                 :        0        1         1 
	   Disk (KB)            :  1557686  3145728   3145728 
	   GPUs                 :                           0 
	   IoHeavy              :                           0 
	   Memory (MB)          :     1019     1024      1024 
	   TimeExecute (s)      :       30                    
	   TimeSlotBusy (s)     :       47                    
...
009 (6580.000.000) 2026-04-19 22:51:04 Job was aborted.
	via condor_rm (by user sbasnet3)
...
004 (6580.012.000) 2026-04-19 22:51:04 Job was evicted. Code 1023 Subcode 0
	(0) CPU times
		Usr 0 00:00:05, Sys 0 00:00:09  -  Run Remote Usage
		Usr 0 00:00:00, Sys 0 00:00:00  -  Run Local Usage
	0  -  Run Bytes Sent By Job
	1613360517  -  Run Bytes Received By Job
	Reason: via condor_rm (by user sbasnet3)
	Partitionable Resources :    Usage  Request Allocated 
	   Cpus                 :        0        1         1 
	   Disk (KB)            :  1575660  3145728   3145728 
	   GPUs                 :                           0 
	   IoHeavy              :                           0 
	   Memory (MB)          :     1017     1024      1024 
	   TimeExecute (s)      :       15                    
	   TimeSlotBusy (s)     :       47                    
...
004 (6580.018.000) 2026-04-19 22:51:04 Job was evicted. Code 1023 Subcode 0
	(0) CPU times
		Usr 0 00:00:05, Sys 0 00:00:27  -  Run Remote Usage
		Usr 0 00:00:00, Sys 0 00:00:00  -  Run Local Usage
	0  -  Run Bytes Sent By Job
	1609506855  -  Run Bytes Received By Job
	Reason: via condor_rm (by user sbasnet3)
	Partitionable Resources :    Usage  Request Allocated 
	   Cpus                 :        0        1         1 
	   Disk (KB)            :  1571812  3145728   3145728 
	   GPUs                 :                           0 
	   IoHeavy              :                           0 
	   Memory (MB)          :     1019     1024      1024 
	   TimeExecute (s)      :       33                    
	   TimeSlotBusy (s)     :       47                    
...
009 (6580.012.000) 2026-04-19 22:51:04 Job was aborted.
	via condor_rm (by user sbasnet3)
...
009 (6580.018.000) 2026-04-19 22:51:04 Job was aborted.
	via condor_rm (by user sbasnet3)
...
006 (6580.010.000) 2026-04-19 22:51:04 Image size of job updated: 1043376
	892  -  MemoryUsage of job (MB)
	912548  -  ResidentSetSize of job (KB)
...
004 (6580.010.000) 2026-04-19 22:51:04 Job was evicted. Code 1023 Subcode 0
	(0) CPU times
		Usr 0 00:00:08, Sys 0 00:00:06  -  Run Remote Usage
		Usr 0 00:00:00, Sys 0 00:00:00  -  Run Local Usage
	0  -  Run Bytes Sent By Job
	1602511927  -  Run Bytes Received By Job
	Reason: via condor_rm (by user sbasnet3)
	Partitionable Resources :    Usage  Request Allocated 
	   Cpus                 :        0        1         1 
	   Disk (KB)            :  1564981  3145728   3145728 
	   GPUs                 :                           0 
	   IoHeavy              :                           0 
	   Memory (MB)          :      892     1024      1024 
	   TimeExecute (s)      :       16                    
	   TimeSlotBusy (s)     :       47                    
...
009 (6580.010.000) 2026-04-19 22:51:04 Job was aborted.
	via condor_rm (by user sbasnet3)
...
004 (6580.014.000) 2026-04-19 22:51:04 Job was evicted. Code 34 Subcode 102
	(0) CPU times
		Usr 0 00:00:05, Sys 0 00:00:23  -  Run Remote Usage
		Usr 0 00:00:00, Sys 0 00:00:00  -  Run Local Usage
	0  -  Run Bytes Sent By Job
	1624067642  -  Run Bytes Received By Job
	Reason: Error from slot1_3@e2554.chtc.wisc.edu: Job has gone over cgroup memory limit of 1024 megabytes. Last measured usage: 1024 megabytes.  Consider resubmitting with a higher request_memory.
	Partitionable Resources :      Usage  Request Allocated 
	   Cpus                 :       0.89        1         1 
	   Disk (KB)            : 1586031     3145728   3145728 
	   GPUs                 :                             0 
	   IoHeavy              :                             0 
	   Memory (MB)          :    1018        1024      1024 
	   TimeSlotBusy (s)     :      46                       
...
009 (6580.014.000) 2026-04-19 22:51:04 Job was aborted.
	via condor_rm (by user sbasnet3)
...
