000 (6581.000.000) 2026-04-19 22:59:41 Job submitted from host: <128.105.76.6:9618?addrs=128.105.76.6-9618+[2607-f388-2200-100-216-3eff-fe63-f8a5]-9618&alias=learn.chtc.wisc.edu&noUDP&sock=schedd_6739_f8d1>
...
000 (6581.001.000) 2026-04-19 22:59:41 Job submitted from host: <128.105.76.6:9618?addrs=128.105.76.6-9618+[2607-f388-2200-100-216-3eff-fe63-f8a5]-9618&alias=learn.chtc.wisc.edu&noUDP&sock=schedd_6739_f8d1>
...
000 (6581.010.000) 2026-04-19 22:59:41 Job submitted from host: <128.105.76.6:9618?addrs=128.105.76.6-9618+[2607-f388-2200-100-216-3eff-fe63-f8a5]-9618&alias=learn.chtc.wisc.edu&noUDP&sock=schedd_6739_f8d1>
...
000 (6581.011.000) 2026-04-19 22:59:41 Job submitted from host: <128.105.76.6:9618?addrs=128.105.76.6-9618+[2607-f388-2200-100-216-3eff-fe63-f8a5]-9618&alias=learn.chtc.wisc.edu&noUDP&sock=schedd_6739_f8d1>
...
000 (6581.012.000) 2026-04-19 22:59:41 Job submitted from host: <128.105.76.6:9618?addrs=128.105.76.6-9618+[2607-f388-2200-100-216-3eff-fe63-f8a5]-9618&alias=learn.chtc.wisc.edu&noUDP&sock=schedd_6739_f8d1>
...
000 (6581.013.000) 2026-04-19 22:59:41 Job submitted from host: <128.105.76.6:9618?addrs=128.105.76.6-9618+[2607-f388-2200-100-216-3eff-fe63-f8a5]-9618&alias=learn.chtc.wisc.edu&noUDP&sock=schedd_6739_f8d1>
...
000 (6581.014.000) 2026-04-19 22:59:41 Job submitted from host: <128.105.76.6:9618?addrs=128.105.76.6-9618+[2607-f388-2200-100-216-3eff-fe63-f8a5]-9618&alias=learn.chtc.wisc.edu&noUDP&sock=schedd_6739_f8d1>
...
000 (6581.015.000) 2026-04-19 22:59:41 Job submitted from host: <128.105.76.6:9618?addrs=128.105.76.6-9618+[2607-f388-2200-100-216-3eff-fe63-f8a5]-9618&alias=learn.chtc.wisc.edu&noUDP&sock=schedd_6739_f8d1>
...
000 (6581.016.000) 2026-04-19 22:59:41 Job submitted from host: <128.105.76.6:9618?addrs=128.105.76.6-9618+[2607-f388-2200-100-216-3eff-fe63-f8a5]-9618&alias=learn.chtc.wisc.edu&noUDP&sock=schedd_6739_f8d1>
...
000 (6581.017.000) 2026-04-19 22:59:41 Job submitted from host: <128.105.76.6:9618?addrs=128.105.76.6-9618+[2607-f388-2200-100-216-3eff-fe63-f8a5]-9618&alias=learn.chtc.wisc.edu&noUDP&sock=schedd_6739_f8d1>
...
000 (6581.018.000) 2026-04-19 22:59:41 Job submitted from host: <128.105.76.6:9618?addrs=128.105.76.6-9618+[2607-f388-2200-100-216-3eff-fe63-f8a5]-9618&alias=learn.chtc.wisc.edu&noUDP&sock=schedd_6739_f8d1>
...
000 (6581.019.000) 2026-04-19 22:59:41 Job submitted from host: <128.105.76.6:9618?addrs=128.105.76.6-9618+[2607-f388-2200-100-216-3eff-fe63-f8a5]-9618&alias=learn.chtc.wisc.edu&noUDP&sock=schedd_6739_f8d1>
...
000 (6581.002.000) 2026-04-19 22:59:41 Job submitted from host: <128.105.76.6:9618?addrs=128.105.76.6-9618+[2607-f388-2200-100-216-3eff-fe63-f8a5]-9618&alias=learn.chtc.wisc.edu&noUDP&sock=schedd_6739_f8d1>
...
000 (6581.020.000) 2026-04-19 22:59:41 Job submitted from host: <128.105.76.6:9618?addrs=128.105.76.6-9618+[2607-f388-2200-100-216-3eff-fe63-f8a5]-9618&alias=learn.chtc.wisc.edu&noUDP&sock=schedd_6739_f8d1>
...
000 (6581.021.000) 2026-04-19 22:59:41 Job submitted from host: <128.105.76.6:9618?addrs=128.105.76.6-9618+[2607-f388-2200-100-216-3eff-fe63-f8a5]-9618&alias=learn.chtc.wisc.edu&noUDP&sock=schedd_6739_f8d1>
...
000 (6581.022.000) 2026-04-19 22:59:41 Job submitted from host: <128.105.76.6:9618?addrs=128.105.76.6-9618+[2607-f388-2200-100-216-3eff-fe63-f8a5]-9618&alias=learn.chtc.wisc.edu&noUDP&sock=schedd_6739_f8d1>
...
000 (6581.023.000) 2026-04-19 22:59:41 Job submitted from host: <128.105.76.6:9618?addrs=128.105.76.6-9618+[2607-f388-2200-100-216-3eff-fe63-f8a5]-9618&alias=learn.chtc.wisc.edu&noUDP&sock=schedd_6739_f8d1>
...
000 (6581.003.000) 2026-04-19 22:59:41 Job submitted from host: <128.105.76.6:9618?addrs=128.105.76.6-9618+[2607-f388-2200-100-216-3eff-fe63-f8a5]-9618&alias=learn.chtc.wisc.edu&noUDP&sock=schedd_6739_f8d1>
...
000 (6581.004.000) 2026-04-19 22:59:41 Job submitted from host: <128.105.76.6:9618?addrs=128.105.76.6-9618+[2607-f388-2200-100-216-3eff-fe63-f8a5]-9618&alias=learn.chtc.wisc.edu&noUDP&sock=schedd_6739_f8d1>
...
000 (6581.005.000) 2026-04-19 22:59:41 Job submitted from host: <128.105.76.6:9618?addrs=128.105.76.6-9618+[2607-f388-2200-100-216-3eff-fe63-f8a5]-9618&alias=learn.chtc.wisc.edu&noUDP&sock=schedd_6739_f8d1>
...
000 (6581.006.000) 2026-04-19 22:59:41 Job submitted from host: <128.105.76.6:9618?addrs=128.105.76.6-9618+[2607-f388-2200-100-216-3eff-fe63-f8a5]-9618&alias=learn.chtc.wisc.edu&noUDP&sock=schedd_6739_f8d1>
...
000 (6581.007.000) 2026-04-19 22:59:41 Job submitted from host: <128.105.76.6:9618?addrs=128.105.76.6-9618+[2607-f388-2200-100-216-3eff-fe63-f8a5]-9618&alias=learn.chtc.wisc.edu&noUDP&sock=schedd_6739_f8d1>
...
000 (6581.008.000) 2026-04-19 22:59:41 Job submitted from host: <128.105.76.6:9618?addrs=128.105.76.6-9618+[2607-f388-2200-100-216-3eff-fe63-f8a5]-9618&alias=learn.chtc.wisc.edu&noUDP&sock=schedd_6739_f8d1>
...
000 (6581.009.000) 2026-04-19 22:59:41 Job submitted from host: <128.105.76.6:9618?addrs=128.105.76.6-9618+[2607-f388-2200-100-216-3eff-fe63-f8a5]-9618&alias=learn.chtc.wisc.edu&noUDP&sock=schedd_6739_f8d1>
...
040 (6581.001.000) 2026-04-19 23:00:25 Started transferring input files
	Transferring to host: <128.105.68.48:9618?addrs=128.105.68.48-9618+[2607-f388-2200-100-3680-dff-fe2e-8420]-9618&alias=e2478.chtc.wisc.edu&noUDP&sock=slot1_8_2535867_74e9_104843>
...
040 (6581.000.000) 2026-04-19 23:00:25 Started transferring input files
	Transferring to host: <128.105.68.37:9618?addrs=128.105.68.37-9618+[2607-f388-2200-100-3680-dff-fe2e-8438]-9618&alias=e2467.chtc.wisc.edu&noUDP&sock=slot1_9_386295_85f6_95051>
...
040 (6581.005.000) 2026-04-19 23:00:25 Started transferring input files
	Transferring to host: <128.105.68.53:9618?addrs=128.105.68.53-9618+[2607-f388-2200-100-3680-dff-fe2e-8828]-9618&alias=e2483.chtc.wisc.edu&noUDP&sock=slot1_11_3468947_ba21_93337>
...
040 (6581.008.000) 2026-04-19 23:00:25 Started transferring input files
	Transferring to host: <128.105.68.26:9618?addrs=128.105.68.26-9618+[2607-f388-2200-100-3680-dff-fe2e-8018]-9618&alias=e2456.chtc.wisc.edu&noUDP&sock=slot1_9_3760662_5597_88128>
...
040 (6581.013.000) 2026-04-19 23:00:25 Started transferring input files
	Transferring to host: <128.105.68.41:9618?addrs=128.105.68.41-9618+[2607-f388-2200-100-3680-dff-fe2e-8480]-9618&alias=e2471.chtc.wisc.edu&noUDP&sock=slot1_1_2752378_0aee_100134>
...
040 (6581.010.000) 2026-04-19 23:00:25 Started transferring input files
	Transferring to host: <128.105.68.52:9618?addrs=128.105.68.52-9618+[2607-f388-2200-100-3680-dff-fe2e-8720]-9618&alias=e2482.chtc.wisc.edu&noUDP&sock=slot1_20_3247099_bde3_95996>
...
040 (6581.002.000) 2026-04-19 23:00:25 Started transferring input files
	Transferring to host: <128.105.68.42:9618?addrs=128.105.68.42-9618+[2607-f388-2200-100-3680-dff-fe2e-87b0]-9618&alias=e2472.chtc.wisc.edu&noUDP&sock=slot1_16_3564943_97e0_91031>
...
040 (6581.006.000) 2026-04-19 23:00:25 Started transferring input files
	Transferring to host: <128.105.68.31:9618?addrs=128.105.68.31-9618+[2607-f388-2200-100-3680-dff-fe2e-7760]-9618&alias=e2461.chtc.wisc.edu&noUDP&sock=slot1_6_2837503_4e53_86443>
...
040 (6581.009.000) 2026-04-19 23:00:25 Started transferring input files
	Transferring to host: <128.105.68.159:9618?addrs=128.105.68.159-9618+[2607-f388-2200-100-b226-28ff-fe51-396c]-9618&alias=e2018.chtc.wisc.edu&noUDP&sock=slot1_6_3497627_61af_89011>
...
040 (6581.018.000) 2026-04-19 23:00:25 Started transferring input files
	Transferring to host: <128.105.68.32:9618?addrs=128.105.68.32-9618+[2607-f388-2200-100-3680-dff-fe2e-75f8]-9618&alias=e2462.chtc.wisc.edu&noUDP&sock=slot1_5_3683522_39d6_102584>
...
040 (6581.011.000) 2026-04-19 23:00:25 Started transferring input files
	Transferring to host: <128.105.69.234:9618?addrs=128.105.69.234-9618+[2607-f388-2200-100-eaeb-d3ff-fe40-1efc]-9618&alias=e2617.chtc.wisc.edu&noUDP&sock=slot1_6_3025633_e8f5_118367>
...
040 (6581.017.000) 2026-04-19 23:00:25 Started transferring input files
	Transferring to host: <128.105.68.158:9618?addrs=128.105.68.158-9618+[2607-f388-2200-100-b226-28ff-fe50-6730]-9618&alias=e2017.chtc.wisc.edu&noUDP&sock=slot1_21_1818557_abb8_88353>
...
040 (6581.012.000) 2026-04-19 23:00:30 Entered queue to transfer input files
	Transferring to host: <128.105.68.155:9618?addrs=128.105.68.155-9618+[2607-f388-2200-100-b226-28ff-fe50-5c14]-9618&alias=e2014.chtc.wisc.edu&noUDP&sock=slot1_8_3515869_8555_70444>
...
040 (6581.020.000) 2026-04-19 23:00:31 Entered queue to transfer input files
	Transferring to host: <128.105.68.15:9618?addrs=128.105.68.15-9618+[2607-f388-2200-100-b226-28ff-fe51-615c]-9618&alias=e2008.chtc.wisc.edu&noUDP&sock=slot1_7_960781_e177_73387>
...
040 (6581.003.000) 2026-04-19 23:00:31 Entered queue to transfer input files
	Transferring to host: <128.105.69.115:9618?addrs=128.105.69.115-9618+[2607-f388-2200-100-1270-fdff-fe56-ced4]-9618&alias=e4064.chtc.wisc.edu&noUDP&sock=slot1_17_158781_5412_118831>
...
040 (6581.015.000) 2026-04-19 23:00:31 Entered queue to transfer input files
	Transferring to host: <128.105.68.157:9618?addrs=128.105.68.157-9618+[2607-f388-2200-100-b226-28ff-fe50-2c68]-9618&alias=e2016.chtc.wisc.edu&noUDP&sock=slot1_3_3352233_27d7_73915>
...
040 (6581.022.000) 2026-04-19 23:00:31 Entered queue to transfer input files
	Transferring to host: <128.105.68.156:9618?addrs=128.105.68.156-9618+[2607-f388-2200-100-b226-28ff-fe50-3c4c]-9618&alias=e2015.chtc.wisc.edu&noUDP&sock=slot1_1_3379675_86f2_77982>
...
040 (6581.007.000) 2026-04-19 23:00:31 Entered queue to transfer input files
	Transferring to host: <128.105.68.150:9618?addrs=128.105.68.150-9618+[2607-f388-2200-100-b226-28ff-fe50-1774]-9618&alias=e2009.chtc.wisc.edu&noUDP&sock=slot1_12_2878906_7707_71926>
...
040 (6581.014.000) 2026-04-19 23:00:31 Entered queue to transfer input files
	Transferring to host: <128.105.69.129:9618?addrs=128.105.69.129-9618+[2607-f388-2200-100-1270-fdff-fe56-6734]-9618&alias=e4078.chtc.wisc.edu&noUDP&sock=slot1_9_1900747_f606_106657>
...
040 (6581.019.000) 2026-04-19 23:00:31 Entered queue to transfer input files
	Transferring to host: <128.105.69.158:9618?addrs=128.105.69.158-9618+[2607-f388-2200-100-1270-fdff-fe56-4684]-9618&alias=e4091.chtc.wisc.edu&noUDP&sock=slot1_12_2797539_0d7a_99345>
...
040 (6581.023.000) 2026-04-19 23:00:31 Entered queue to transfer input files
	Transferring to host: <128.105.69.142:9618?addrs=128.105.69.142-9618+[2607-f388-2200-100-1270-fdff-fe56-747c]-9618&alias=e4019.chtc.wisc.edu&noUDP&sock=slot1_6_415195_300d_95677>
...
040 (6581.016.000) 2026-04-19 23:00:31 Entered queue to transfer input files
	Transferring to host: <128.105.69.119:9618?addrs=128.105.69.119-9618+[2607-f388-2200-100-1270-fdff-fe56-ccdc]-9618&alias=e4068.chtc.wisc.edu&noUDP&sock=slot1_6_1233785_e555_111452>
...
040 (6581.021.000) 2026-04-19 23:00:31 Entered queue to transfer input files
	Transferring to host: <128.105.69.204:9618?addrs=128.105.69.204-9618+[2607-f388-2200-100-1270-fdff-fe56-b85c]-9618&alias=e4035.chtc.wisc.edu&noUDP&sock=slot1_22_835179_e8c3_102564>
...
040 (6581.004.000) 2026-04-19 23:00:31 Entered queue to transfer input files
	Transferring to host: <128.105.69.184:9618?addrs=128.105.69.184-9618+[2607-f388-2200-100-1270-fdff-fe56-bbfc]-9618&alias=e4036.chtc.wisc.edu&noUDP&sock=slot1_2_2867792_a583_102963>
...
040 (6581.012.000) 2026-04-19 23:00:34 Started transferring input files
	Seconds spent in queue: 4
...
040 (6581.008.000) 2026-04-19 23:00:34 Finished transferring input files
...
040 (6581.020.000) 2026-04-19 23:00:34 Started transferring input files
	Seconds spent in queue: 3
...
040 (6581.011.000) 2026-04-19 23:00:34 Finished transferring input files
...
040 (6581.003.000) 2026-04-19 23:00:35 Started transferring input files
	Seconds spent in queue: 4
...
040 (6581.001.000) 2026-04-19 23:00:35 Finished transferring input files
...
001 (6581.008.000) 2026-04-19 23:00:35 Job executing on host: <128.105.68.26:9618?addrs=128.105.68.26-9618+[2607-f388-2200-100-3680-dff-fe2e-8018]-9618&alias=e2456.chtc.wisc.edu&noUDP&sock=startd_11678_b713>
	SlotName: slot1_9@e2456.chtc.wisc.edu
	CondorScratchDir = "/var/lib/condor/execute/slot1/dir_379672/scratch"
	Cpus = 1
	Disk = 5242880
	GPUs = 0
	IoHeavy = 0
	Memory = 1024
...
040 (6581.015.000) 2026-04-19 23:00:35 Started transferring input files
	Seconds spent in queue: 4
...
040 (6581.002.000) 2026-04-19 23:00:35 Finished transferring input files
...
001 (6581.011.000) 2026-04-19 23:00:35 Job executing on host: <128.105.69.234:9618?addrs=128.105.69.234-9618+[2607-f388-2200-100-eaeb-d3ff-fe40-1efc]-9618&alias=e2617.chtc.wisc.edu&noUDP&sock=startd_14847_62b3>
	SlotName: slot1_6@e2617.chtc.wisc.edu
	CondorScratchDir = "/var/lib/condor/execute/slot1/dir_132825/scratch"
	Cpus = 1
	Disk = 5242880
	GPUs = 0
	IoHeavy = 0
	Memory = 1024
...
040 (6581.022.000) 2026-04-19 23:00:35 Started transferring input files
	Seconds spent in queue: 4
...
040 (6581.017.000) 2026-04-19 23:00:36 Finished transferring input files
...
006 (6581.008.000) 2026-04-19 23:00:36 Image size of job updated: 1756
	0  -  MemoryUsage of job (MB)
	0  -  ResidentSetSize of job (KB)
...
040 (6581.008.000) 2026-04-19 23:00:36 Started transferring output files
...
040 (6581.008.000) 2026-04-19 23:00:36 Finished transferring output files
...
006 (6581.011.000) 2026-04-19 23:00:36 Image size of job updated: 20
	0  -  MemoryUsage of job (MB)
	0  -  ResidentSetSize of job (KB)
...
040 (6581.011.000) 2026-04-19 23:00:36 Started transferring output files
...
040 (6581.011.000) 2026-04-19 23:00:36 Finished transferring output files
...
001 (6581.001.000) 2026-04-19 23:00:36 Job executing on host: <128.105.68.48:9618?addrs=128.105.68.48-9618+[2607-f388-2200-100-3680-dff-fe2e-8420]-9618&alias=e2478.chtc.wisc.edu&noUDP&sock=startd_11568_43a8>
	SlotName: slot1_8@e2478.chtc.wisc.edu
	CondorScratchDir = "/var/lib/condor/execute/slot1/dir_889140/scratch"
	Cpus = 1
	Disk = 5242880
	GPUs = 0
	IoHeavy = 0
	Memory = 1024
...
040 (6581.007.000) 2026-04-19 23:00:36 Started transferring input files
	Seconds spent in queue: 5
...
040 (6581.000.000) 2026-04-19 23:00:36 Finished transferring input files
...
005 (6581.008.000) 2026-04-19 23:00:36 Job terminated.
	(1) Normal termination (return value 1)
		Usr 0 00:00:00, Sys 0 00:00:00  -  Run Remote Usage
		Usr 0 00:00:00, Sys 0 00:00:00  -  Run Local Usage
		Usr 0 00:00:00, Sys 0 00:00:00  -  Total Remote Usage
		Usr 0 00:00:00, Sys 0 00:00:00  -  Total Local Usage
	164  -  Run Bytes Sent By Job
	1122284096  -  Run Bytes Received By Job
	164  -  Total Bytes Sent By Job
	1122284096  -  Total Bytes Received By Job
	Partitionable Resources :    Usage  Request Allocated 
	   Cpus                 :        0        1         1 
	   Disk (KB)            :  1096008  5242880   5242880 
	   GPUs                 :                           0 
	   IoHeavy              :                           0 
	   Memory (MB)          :        0     1024      1024 
	   TimeExecute (s)      :        1                    
	   TimeSlotBusy (s)     :       11                    
...
006 (6581.001.000) 2026-04-19 23:00:36 Image size of job updated: 1256
	0  -  MemoryUsage of job (MB)
	0  -  ResidentSetSize of job (KB)
...
001 (6581.002.000) 2026-04-19 23:00:36 Job executing on host: <128.105.68.42:9618?addrs=128.105.68.42-9618+[2607-f388-2200-100-3680-dff-fe2e-87b0]-9618&alias=e2472.chtc.wisc.edu&noUDP&sock=startd_11728_02cf>
	SlotName: slot1_16@e2472.chtc.wisc.edu
	CondorScratchDir = "/var/lib/condor/execute/slot1/dir_164553/scratch"
	Cpus = 1
	Disk = 5242880
	GPUs = 0
	IoHeavy = 0
	Memory = 1024
...
040 (6581.009.000) 2026-04-19 23:00:36 Finished transferring input files
...
005 (6581.011.000) 2026-04-19 23:00:36 Job terminated.
	(1) Normal termination (return value 1)
		Usr 0 00:00:00, Sys 0 00:00:00  -  Run Remote Usage
		Usr 0 00:00:00, Sys 0 00:00:00  -  Run Local Usage
		Usr 0 00:00:00, Sys 0 00:00:00  -  Total Remote Usage
		Usr 0 00:00:00, Sys 0 00:00:00  -  Total Local Usage
	164  -  Run Bytes Sent By Job
	1122284096  -  Run Bytes Received By Job
	164  -  Total Bytes Sent By Job
	1122284096  -  Total Bytes Received By Job
	Partitionable Resources :    Usage  Request Allocated 
	   Cpus                 :        0        1         1 
	   Disk (KB)            :  1096008  5242880   5242880 
	   GPUs                 :                           0 
	   IoHeavy              :                           0 
	   Memory (MB)          :        0     1024      1024 
	   TimeExecute (s)      :        1                    
	   TimeSlotBusy (s)     :       11                    
...
040 (6581.014.000) 2026-04-19 23:00:36 Started transferring input files
	Seconds spent in queue: 5
...
040 (6581.001.000) 2026-04-19 23:00:37 Started transferring output files
...
040 (6581.001.000) 2026-04-19 23:00:37 Finished transferring output files
...
001 (6581.017.000) 2026-04-19 23:00:37 Job executing on host: <128.105.68.158:9618?addrs=128.105.68.158-9618+[2607-f388-2200-100-b226-28ff-fe50-6730]-9618&alias=e2017.chtc.wisc.edu&noUDP&sock=startd_9358_635b>
	SlotName: slot1_21@e2017.chtc.wisc.edu
	CondorScratchDir = "/var/lib/condor/execute/slot1/dir_578547/scratch"
	Cpus = 1
	Disk = 5244114
	GPUs = 0
	IoHeavy = 0
	Memory = 1024
...
006 (6581.002.000) 2026-04-19 23:00:37 Image size of job updated: 116
	0  -  MemoryUsage of job (MB)
	0  -  ResidentSetSize of job (KB)
...
040 (6581.002.000) 2026-04-19 23:00:37 Started transferring output files
...
001 (6581.000.000) 2026-04-19 23:00:37 Job executing on host: <128.105.68.37:9618?addrs=128.105.68.37-9618+[2607-f388-2200-100-3680-dff-fe2e-8438]-9618&alias=e2467.chtc.wisc.edu&noUDP&sock=startd_11664_1cc0>
	SlotName: slot1_9@e2467.chtc.wisc.edu
	CondorScratchDir = "/var/lib/condor/execute/slot1/dir_1554890/scratch"
	Cpus = 1
	Disk = 5242880
	GPUs = 0
	IoHeavy = 0
	Memory = 1024
...
040 (6581.019.000) 2026-04-19 23:00:37 Started transferring input files
	Seconds spent in queue: 6
...
040 (6581.023.000) 2026-04-19 23:00:37 Started transferring input files
	Seconds spent in queue: 6
...
040 (6581.002.000) 2026-04-19 23:00:37 Finished transferring output files
...
040 (6581.018.000) 2026-04-19 23:00:37 Finished transferring input files
...
040 (6581.013.000) 2026-04-19 23:00:37 Finished transferring input files
...
001 (6581.009.000) 2026-04-19 23:00:38 Job executing on host: <128.105.68.159:9618?addrs=128.105.68.159-9618+[2607-f388-2200-100-b226-28ff-fe51-396c]-9618&alias=e2018.chtc.wisc.edu&noUDP&sock=startd_9513_b489>
	SlotName: slot1_6@e2018.chtc.wisc.edu
	CondorScratchDir = "/var/lib/condor/execute/slot1/dir_3212670/scratch"
	Cpus = 1
	Disk = 5242880
	GPUs = 0
	IoHeavy = 0
	Memory = 1024
...
006 (6581.017.000) 2026-04-19 23:00:38 Image size of job updated: 160
	0  -  MemoryUsage of job (MB)
	0  -  ResidentSetSize of job (KB)
...
006 (6581.000.000) 2026-04-19 23:00:38 Image size of job updated: 976
	0  -  MemoryUsage of job (MB)
	0  -  ResidentSetSize of job (KB)
...
005 (6581.001.000) 2026-04-19 23:00:38 Job terminated.
	(1) Normal termination (return value 1)
		Usr 0 00:00:00, Sys 0 00:00:00  -  Run Remote Usage
		Usr 0 00:00:00, Sys 0 00:00:00  -  Run Local Usage
		Usr 0 00:00:00, Sys 0 00:00:00  -  Total Remote Usage
		Usr 0 00:00:00, Sys 0 00:00:00  -  Total Local Usage
	164  -  Run Bytes Sent By Job
	1122284096  -  Run Bytes Received By Job
	164  -  Total Bytes Sent By Job
	1122284096  -  Total Bytes Received By Job
	Partitionable Resources :    Usage  Request Allocated 
	   Cpus                 :        0        1         1 
	   Disk (KB)            :  1096008  5242880   5242880 
	   GPUs                 :                           0 
	   IoHeavy              :                           0 
	   Memory (MB)          :        0     1024      1024 
	   TimeExecute (s)      :        0                    
	   TimeSlotBusy (s)     :       12                    
...
040 (6581.017.000) 2026-04-19 23:00:38 Started transferring output files
...
040 (6581.017.000) 2026-04-19 23:00:38 Finished transferring output files
...
040 (6581.000.000) 2026-04-19 23:00:38 Started transferring output files
...
005 (6581.002.000) 2026-04-19 23:00:38 Job terminated.
	(1) Normal termination (return value 1)
		Usr 0 00:00:00, Sys 0 00:00:00  -  Run Remote Usage
		Usr 0 00:00:00, Sys 0 00:00:00  -  Run Local Usage
		Usr 0 00:00:00, Sys 0 00:00:00  -  Total Remote Usage
		Usr 0 00:00:00, Sys 0 00:00:00  -  Total Local Usage
	164  -  Run Bytes Sent By Job
	1122284096  -  Run Bytes Received By Job
	164  -  Total Bytes Sent By Job
	1122284096  -  Total Bytes Received By Job
	Partitionable Resources :    Usage  Request Allocated 
	   Cpus                 :        0        1         1 
	   Disk (KB)            :  1096008  5242880   5242880 
	   GPUs                 :                           0 
	   IoHeavy              :                           0 
	   Memory (MB)          :        0     1024      1024 
	   TimeExecute (s)      :        1                    
	   TimeSlotBusy (s)     :       12                    
...
040 (6581.006.000) 2026-04-19 23:00:38 Finished transferring input files
...
001 (6581.018.000) 2026-04-19 23:00:38 Job executing on host: <128.105.68.32:9618?addrs=128.105.68.32-9618+[2607-f388-2200-100-3680-dff-fe2e-75f8]-9618&alias=e2462.chtc.wisc.edu&noUDP&sock=startd_11800_65a1>
	SlotName: slot1_5@e2462.chtc.wisc.edu
	CondorScratchDir = "/var/lib/condor/execute/slot1/dir_1074860/scratch"
	Cpus = 1
	Disk = 5242880
	GPUs = 0
	IoHeavy = 0
	Memory = 1024
...
040 (6581.010.000) 2026-04-19 23:00:38 Finished transferring input files
...
001 (6581.013.000) 2026-04-19 23:00:38 Job executing on host: <128.105.68.41:9618?addrs=128.105.68.41-9618+[2607-f388-2200-100-3680-dff-fe2e-8480]-9618&alias=e2471.chtc.wisc.edu&noUDP&sock=startd_11756_3776>
	SlotName: slot1_1@e2471.chtc.wisc.edu
	CondorScratchDir = "/var/lib/condor/execute/slot1/dir_3320714/scratch"
	Cpus = 1
	Disk = 5242880
	GPUs = 0
	IoHeavy = 0
	Memory = 1024
...
040 (6581.021.000) 2026-04-19 23:00:38 Started transferring input files
	Seconds spent in queue: 7
...
040 (6581.016.000) 2026-04-19 23:00:38 Started transferring input files
	Seconds spent in queue: 7
...
040 (6581.000.000) 2026-04-19 23:00:39 Finished transferring output files
...
040 (6581.004.000) 2026-04-19 23:00:39 Started transferring input files
	Seconds spent in queue: 8
...
006 (6581.018.000) 2026-04-19 23:00:39 Image size of job updated: 16
	0  -  MemoryUsage of job (MB)
	0  -  ResidentSetSize of job (KB)
...
040 (6581.005.000) 2026-04-19 23:00:39 Finished transferring input files
...
006 (6581.013.000) 2026-04-19 23:00:39 Image size of job updated: 192
	0  -  MemoryUsage of job (MB)
	0  -  ResidentSetSize of job (KB)
...
040 (6581.018.000) 2026-04-19 23:00:39 Started transferring output files
...
005 (6581.017.000) 2026-04-19 23:00:39 Job terminated.
	(1) Normal termination (return value 1)
		Usr 0 00:00:00, Sys 0 00:00:00  -  Run Remote Usage
		Usr 0 00:00:00, Sys 0 00:00:00  -  Run Local Usage
		Usr 0 00:00:00, Sys 0 00:00:00  -  Total Remote Usage
		Usr 0 00:00:00, Sys 0 00:00:00  -  Total Local Usage
	164  -  Run Bytes Sent By Job
	1122284096  -  Run Bytes Received By Job
	164  -  Total Bytes Sent By Job
	1122284096  -  Total Bytes Received By Job
	Partitionable Resources :    Usage  Request Allocated 
	   Cpus                 :        0        1         1 
	   Disk (KB)            :  1096088  5242880   5244114 
	   GPUs                 :                           0 
	   IoHeavy              :                           0 
	   Memory (MB)          :        0     1024      1024 
	   TimeExecute (s)      :        1                    
	   TimeSlotBusy (s)     :       13                    
...
040 (6581.013.000) 2026-04-19 23:00:39 Started transferring output files
...
005 (6581.000.000) 2026-04-19 23:00:39 Job terminated.
	(1) Normal termination (return value 1)
		Usr 0 00:00:00, Sys 0 00:00:00  -  Run Remote Usage
		Usr 0 00:00:00, Sys 0 00:00:00  -  Run Local Usage
		Usr 0 00:00:00, Sys 0 00:00:00  -  Total Remote Usage
		Usr 0 00:00:00, Sys 0 00:00:00  -  Total Local Usage
	164  -  Run Bytes Sent By Job
	1122284096  -  Run Bytes Received By Job
	164  -  Total Bytes Sent By Job
	1122284096  -  Total Bytes Received By Job
	Partitionable Resources :    Usage  Request Allocated 
	   Cpus                 :        0        1         1 
	   Disk (KB)            :  1096008  5242880   5242880 
	   GPUs                 :                           0 
	   IoHeavy              :                           0 
	   Memory (MB)          :        0     1024      1024 
	   TimeExecute (s)      :        1                    
	   TimeSlotBusy (s)     :       13                    
...
001 (6581.006.000) 2026-04-19 23:00:39 Job executing on host: <128.105.68.31:9618?addrs=128.105.68.31-9618+[2607-f388-2200-100-3680-dff-fe2e-7760]-9618&alias=e2461.chtc.wisc.edu&noUDP&sock=startd_11580_7ecb>
	SlotName: slot1_6@e2461.chtc.wisc.edu
	CondorScratchDir = "/var/lib/condor/execute/slot1/dir_1154110/scratch"
	Cpus = 1
	Disk = 5242880
	GPUs = 0
	IoHeavy = 0
	Memory = 1024
...
040 (6581.018.000) 2026-04-19 23:00:39 Finished transferring output files
...
001 (6581.010.000) 2026-04-19 23:00:39 Job executing on host: <128.105.68.52:9618?addrs=128.105.68.52-9618+[2607-f388-2200-100-3680-dff-fe2e-8720]-9618&alias=e2482.chtc.wisc.edu&noUDP&sock=startd_11735_cff9>
	SlotName: slot1_20@e2482.chtc.wisc.edu
	CondorScratchDir = "/var/lib/condor/execute/slot1/dir_240939/scratch"
	Cpus = 1
	Disk = 5242880
	GPUs = 0
	IoHeavy = 0
	Memory = 1024
...
040 (6581.013.000) 2026-04-19 23:00:39 Finished transferring output files
...
006 (6581.009.000) 2026-04-19 23:00:39 Image size of job updated: 1108
	0  -  MemoryUsage of job (MB)
	0  -  ResidentSetSize of job (KB)
...
040 (6581.009.000) 2026-04-19 23:00:39 Started transferring output files
...
040 (6581.009.000) 2026-04-19 23:00:39 Finished transferring output files
...
005 (6581.018.000) 2026-04-19 23:00:40 Job terminated.
	(1) Normal termination (return value 1)
		Usr 0 00:00:00, Sys 0 00:00:00  -  Run Remote Usage
		Usr 0 00:00:00, Sys 0 00:00:00  -  Run Local Usage
		Usr 0 00:00:00, Sys 0 00:00:00  -  Total Remote Usage
		Usr 0 00:00:00, Sys 0 00:00:00  -  Total Local Usage
	164  -  Run Bytes Sent By Job
	1122284096  -  Run Bytes Received By Job
	164  -  Total Bytes Sent By Job
	1122284096  -  Total Bytes Received By Job
	Partitionable Resources :    Usage  Request Allocated 
	   Cpus                 :        0        1         1 
	   Disk (KB)            :  1096008  5242880   5242880 
	   GPUs                 :                           0 
	   IoHeavy              :                           0 
	   Memory (MB)          :        0     1024      1024 
	   TimeExecute (s)      :        1                    
	   TimeSlotBusy (s)     :       14                    
...
001 (6581.005.000) 2026-04-19 23:00:40 Job executing on host: <128.105.68.53:9618?addrs=128.105.68.53-9618+[2607-f388-2200-100-3680-dff-fe2e-8828]-9618&alias=e2483.chtc.wisc.edu&noUDP&sock=startd_11660_5e5f>
	SlotName: slot1_11@e2483.chtc.wisc.edu
	CondorScratchDir = "/var/lib/condor/execute/slot1/dir_1347933/scratch"
	Cpus = 1
	Disk = 5242880
	GPUs = 0
	IoHeavy = 0
	Memory = 1024
...
006 (6581.006.000) 2026-04-19 23:00:40 Image size of job updated: 20
	0  -  MemoryUsage of job (MB)
	0  -  ResidentSetSize of job (KB)
...
040 (6581.006.000) 2026-04-19 23:00:40 Started transferring output files
...
005 (6581.009.000) 2026-04-19 23:00:40 Job terminated.
	(1) Normal termination (return value 1)
		Usr 0 00:00:00, Sys 0 00:00:00  -  Run Remote Usage
		Usr 0 00:00:00, Sys 0 00:00:00  -  Run Local Usage
		Usr 0 00:00:00, Sys 0 00:00:00  -  Total Remote Usage
		Usr 0 00:00:00, Sys 0 00:00:00  -  Total Local Usage
	164  -  Run Bytes Sent By Job
	1122284096  -  Run Bytes Received By Job
	164  -  Total Bytes Sent By Job
	1122284096  -  Total Bytes Received By Job
	Partitionable Resources :    Usage  Request Allocated 
	   Cpus                 :        0        1         1 
	   Disk (KB)            :  1096009  5242880   5242880 
	   GPUs                 :                           0 
	   IoHeavy              :                           0 
	   Memory (MB)          :        0     1024      1024 
	   TimeExecute (s)      :        2                    
	   TimeSlotBusy (s)     :       14                    
...
040 (6581.006.000) 2026-04-19 23:00:40 Finished transferring output files
...
006 (6581.010.000) 2026-04-19 23:00:40 Image size of job updated: 16
	0  -  MemoryUsage of job (MB)
	0  -  ResidentSetSize of job (KB)
...
040 (6581.010.000) 2026-04-19 23:00:40 Started transferring output files
...
040 (6581.010.000) 2026-04-19 23:00:40 Finished transferring output files
...
005 (6581.013.000) 2026-04-19 23:00:40 Job terminated.
	(1) Normal termination (return value 1)
		Usr 0 00:00:00, Sys 0 00:00:00  -  Run Remote Usage
		Usr 0 00:00:00, Sys 0 00:00:00  -  Run Local Usage
		Usr 0 00:00:00, Sys 0 00:00:00  -  Total Remote Usage
		Usr 0 00:00:00, Sys 0 00:00:00  -  Total Local Usage
	164  -  Run Bytes Sent By Job
	1122284096  -  Run Bytes Received By Job
	164  -  Total Bytes Sent By Job
	1122284096  -  Total Bytes Received By Job
	Partitionable Resources :    Usage  Request Allocated 
	   Cpus                 :        0        1         1 
	   Disk (KB)            :  1096008  5242880   5242880 
	   GPUs                 :                           0 
	   IoHeavy              :                           0 
	   Memory (MB)          :        0     1024      1024 
	   TimeExecute (s)      :        1                    
	   TimeSlotBusy (s)     :       14                    
...
005 (6581.010.000) 2026-04-19 23:00:40 Job terminated.
	(1) Normal termination (return value 1)
		Usr 0 00:00:00, Sys 0 00:00:00  -  Run Remote Usage
		Usr 0 00:00:00, Sys 0 00:00:00  -  Run Local Usage
		Usr 0 00:00:00, Sys 0 00:00:00  -  Total Remote Usage
		Usr 0 00:00:00, Sys 0 00:00:00  -  Total Local Usage
	164  -  Run Bytes Sent By Job
	1122284096  -  Run Bytes Received By Job
	164  -  Total Bytes Sent By Job
	1122284096  -  Total Bytes Received By Job
	Partitionable Resources :    Usage  Request Allocated 
	   Cpus                 :        0        1         1 
	   Disk (KB)            :  1096008  5242880   5242880 
	   GPUs                 :                           0 
	   IoHeavy              :                           0 
	   Memory (MB)          :        0     1024      1024 
	   TimeExecute (s)      :        1                    
	   TimeSlotBusy (s)     :       15                    
...
006 (6581.005.000) 2026-04-19 23:00:40 Image size of job updated: 3124
	0  -  MemoryUsage of job (MB)
	0  -  ResidentSetSize of job (KB)
...
005 (6581.006.000) 2026-04-19 23:00:40 Job terminated.
	(1) Normal termination (return value 1)
		Usr 0 00:00:00, Sys 0 00:00:00  -  Run Remote Usage
		Usr 0 00:00:00, Sys 0 00:00:00  -  Run Local Usage
		Usr 0 00:00:00, Sys 0 00:00:00  -  Total Remote Usage
		Usr 0 00:00:00, Sys 0 00:00:00  -  Total Local Usage
	164  -  Run Bytes Sent By Job
	1122284096  -  Run Bytes Received By Job
	164  -  Total Bytes Sent By Job
	1122284096  -  Total Bytes Received By Job
	Partitionable Resources :    Usage  Request Allocated 
	   Cpus                 :        0        1         1 
	   Disk (KB)            :  1096008  5242880   5242880 
	   GPUs                 :                           0 
	   IoHeavy              :                           0 
	   Memory (MB)          :        0     1024      1024 
	   TimeExecute (s)      :        1                    
	   TimeSlotBusy (s)     :       15                    
...
040 (6581.005.000) 2026-04-19 23:00:40 Started transferring output files
...
040 (6581.005.000) 2026-04-19 23:00:40 Finished transferring output files
...
005 (6581.005.000) 2026-04-19 23:00:41 Job terminated.
	(1) Normal termination (return value 1)
		Usr 0 00:00:00, Sys 0 00:00:00  -  Run Remote Usage
		Usr 0 00:00:00, Sys 0 00:00:00  -  Run Local Usage
		Usr 0 00:00:00, Sys 0 00:00:00  -  Total Remote Usage
		Usr 0 00:00:00, Sys 0 00:00:00  -  Total Local Usage
	164  -  Run Bytes Sent By Job
	1122284096  -  Run Bytes Received By Job
	164  -  Total Bytes Sent By Job
	1122284096  -  Total Bytes Received By Job
	Partitionable Resources :    Usage  Request Allocated 
	   Cpus                 :        0        1         1 
	   Disk (KB)            :  1096008  5242880   5242880 
	   GPUs                 :                           0 
	   IoHeavy              :                           0 
	   Memory (MB)          :        0     1024      1024 
	   TimeExecute (s)      :        0                    
	   TimeSlotBusy (s)     :       15                    
...
040 (6581.020.000) 2026-04-19 23:00:43 Finished transferring input files
...
040 (6581.012.000) 2026-04-19 23:00:43 Finished transferring input files
...
001 (6581.020.000) 2026-04-19 23:00:44 Job executing on host: <128.105.68.15:9618?addrs=128.105.68.15-9618+[2607-f388-2200-100-b226-28ff-fe51-615c]-9618&alias=e2008.chtc.wisc.edu&noUDP&sock=startd_9345_78a0>
	SlotName: slot1_7@e2008.chtc.wisc.edu
	CondorScratchDir = "/var/lib/condor/execute/slot1/dir_1125244/scratch"
	Cpus = 1
	Disk = 5242880
	GPUs = 0
	IoHeavy = 0
	Memory = 1024
...
040 (6581.003.000) 2026-04-19 23:00:44 Finished transferring input files
...
001 (6581.012.000) 2026-04-19 23:00:44 Job executing on host: <128.105.68.155:9618?addrs=128.105.68.155-9618+[2607-f388-2200-100-b226-28ff-fe50-5c14]-9618&alias=e2014.chtc.wisc.edu&noUDP&sock=startd_9440_a21f>
	SlotName: slot1_8@e2014.chtc.wisc.edu
	CondorScratchDir = "/var/lib/condor/execute/slot1/dir_2568276/scratch"
	Cpus = 1
	Disk = 5242880
	GPUs = 0
	IoHeavy = 0
	Memory = 1024
...
006 (6581.020.000) 2026-04-19 23:00:44 Image size of job updated: 192
	0  -  MemoryUsage of job (MB)
	0  -  ResidentSetSize of job (KB)
...
040 (6581.020.000) 2026-04-19 23:00:44 Started transferring output files
	Seconds spent in queue: 13
...
040 (6581.020.000) 2026-04-19 23:00:44 Finished transferring output files
...
040 (6581.019.000) 2026-04-19 23:00:44 Finished transferring input files
...
005 (6581.020.000) 2026-04-19 23:00:45 Job terminated.
	(1) Normal termination (return value 1)
		Usr 0 00:00:00, Sys 0 00:00:00  -  Run Remote Usage
		Usr 0 00:00:00, Sys 0 00:00:00  -  Run Local Usage
		Usr 0 00:00:00, Sys 0 00:00:00  -  Total Remote Usage
		Usr 0 00:00:00, Sys 0 00:00:00  -  Total Local Usage
	164  -  Run Bytes Sent By Job
	1122284096  -  Run Bytes Received By Job
	164  -  Total Bytes Sent By Job
	1122284096  -  Total Bytes Received By Job
	Partitionable Resources :    Usage  Request Allocated 
	   Cpus                 :                 1         1 
	   Disk (KB)            :  1096088  5242880   5242880 
	   GPUs                 :                           0 
	   IoHeavy              :                           0 
	   Memory (MB)          :        0     1024      1024 
	   TimeExecute (s)      :        0                    
	   TimeSlotBusy (s)     :       19                    
...
006 (6581.012.000) 2026-04-19 23:00:45 Image size of job updated: 192
	0  -  MemoryUsage of job (MB)
	0  -  ResidentSetSize of job (KB)
...
040 (6581.012.000) 2026-04-19 23:00:45 Started transferring output files
	Seconds spent in queue: 15
...
040 (6581.012.000) 2026-04-19 23:00:45 Finished transferring output files
...
040 (6581.015.000) 2026-04-19 23:00:45 Finished transferring input files
...
001 (6581.003.000) 2026-04-19 23:00:45 Job executing on host: <128.105.69.115:9618?addrs=128.105.69.115-9618+[2607-f388-2200-100-1270-fdff-fe56-ced4]-9618&alias=e4064.chtc.wisc.edu&noUDP&sock=startd_16645_a9fc>
	SlotName: slot1_17@e4064.chtc.wisc.edu
	CondorScratchDir = "/var/lib/condor/execute/slot1/dir_2717396/scratch"
	Cpus = 1
	Disk = 5242880
	GPUs = 0
	IoHeavy = 0
	Memory = 1024
...
005 (6581.012.000) 2026-04-19 23:00:45 Job terminated.
	(1) Normal termination (return value 1)
		Usr 0 00:00:00, Sys 0 00:00:00  -  Run Remote Usage
		Usr 0 00:00:00, Sys 0 00:00:00  -  Run Local Usage
		Usr 0 00:00:00, Sys 0 00:00:00  -  Total Remote Usage
		Usr 0 00:00:00, Sys 0 00:00:00  -  Total Local Usage
	164  -  Run Bytes Sent By Job
	1122284096  -  Run Bytes Received By Job
	164  -  Total Bytes Sent By Job
	1122284096  -  Total Bytes Received By Job
	Partitionable Resources :    Usage  Request Allocated 
	   Cpus                 :        0        1         1 
	   Disk (KB)            :  1096088  5242880   5242880 
	   GPUs                 :                           0 
	   IoHeavy              :                           0 
	   Memory (MB)          :        0     1024      1024 
	   TimeExecute (s)      :        1                    
	   TimeSlotBusy (s)     :       20                    
...
040 (6581.007.000) 2026-04-19 23:00:45 Finished transferring input files
...
040 (6581.014.000) 2026-04-19 23:00:45 Finished transferring input files
...
006 (6581.003.000) 2026-04-19 23:00:45 Image size of job updated: 812
	0  -  MemoryUsage of job (MB)
	0  -  ResidentSetSize of job (KB)
...
040 (6581.003.000) 2026-04-19 23:00:45 Started transferring output files
	Seconds spent in queue: 14
...
040 (6581.003.000) 2026-04-19 23:00:45 Finished transferring output files
...
001 (6581.019.000) 2026-04-19 23:00:45 Job executing on host: <128.105.69.158:9618?addrs=128.105.69.158-9618+[2607-f388-2200-100-1270-fdff-fe56-4684]-9618&alias=e4091.chtc.wisc.edu&noUDP&sock=startd_15620_9969>
	SlotName: slot1_12@e4091.chtc.wisc.edu
	CondorScratchDir = "/var/lib/condor/execute/slot1/dir_318651/scratch"
	Cpus = 1
	Disk = 5242880
	GPUs = 0
	IoHeavy = 0
	Memory = 1024
...
001 (6581.015.000) 2026-04-19 23:00:46 Job executing on host: <128.105.68.157:9618?addrs=128.105.68.157-9618+[2607-f388-2200-100-b226-28ff-fe50-2c68]-9618&alias=e2016.chtc.wisc.edu&noUDP&sock=startd_9315_e4c8>
	SlotName: slot1_3@e2016.chtc.wisc.edu
	CondorScratchDir = "/var/lib/condor/execute/slot1/dir_1938108/scratch"
	Cpus = 1
	Disk = 5242880
	GPUs = 0
	IoHeavy = 0
	Memory = 1024
...
006 (6581.019.000) 2026-04-19 23:00:46 Image size of job updated: 20
	0  -  MemoryUsage of job (MB)
	0  -  ResidentSetSize of job (KB)
...
005 (6581.003.000) 2026-04-19 23:00:46 Job terminated.
	(1) Normal termination (return value 1)
		Usr 0 00:00:00, Sys 0 00:00:00  -  Run Remote Usage
		Usr 0 00:00:00, Sys 0 00:00:00  -  Run Local Usage
		Usr 0 00:00:00, Sys 0 00:00:00  -  Total Remote Usage
		Usr 0 00:00:00, Sys 0 00:00:00  -  Total Local Usage
	164  -  Run Bytes Sent By Job
	1122284096  -  Run Bytes Received By Job
	164  -  Total Bytes Sent By Job
	1122284096  -  Total Bytes Received By Job
	Partitionable Resources :    Usage  Request Allocated 
	   Cpus                 :        0        1         1 
	   Disk (KB)            :  1096088  5242880   5242880 
	   GPUs                 :                           0 
	   IoHeavy              :                           0 
	   Memory (MB)          :        0     1024      1024 
	   TimeExecute (s)      :        0                    
	   TimeSlotBusy (s)     :       20                    
...
040 (6581.019.000) 2026-04-19 23:00:46 Started transferring output files
	Seconds spent in queue: 15
...
040 (6581.019.000) 2026-04-19 23:00:46 Finished transferring output files
...
001 (6581.007.000) 2026-04-19 23:00:46 Job executing on host: <128.105.68.150:9618?addrs=128.105.68.150-9618+[2607-f388-2200-100-b226-28ff-fe50-1774]-9618&alias=e2009.chtc.wisc.edu&noUDP&sock=startd_9365_3084>
	SlotName: slot1_12@e2009.chtc.wisc.edu
	CondorScratchDir = "/var/lib/condor/execute/slot1/dir_1448981/scratch"
	Cpus = 1
	Disk = 5242880
	GPUs = 0
	IoHeavy = 0
	Memory = 1024
...
040 (6581.022.000) 2026-04-19 23:00:46 Finished transferring input files
...
001 (6581.014.000) 2026-04-19 23:00:46 Job executing on host: <128.105.69.129:9618?addrs=128.105.69.129-9618+[2607-f388-2200-100-1270-fdff-fe56-6734]-9618&alias=e4078.chtc.wisc.edu&noUDP&sock=startd_16904_5103>
	SlotName: slot1_9@e4078.chtc.wisc.edu
	CondorScratchDir = "/var/lib/condor/execute/slot1/dir_3563824/scratch"
	Cpus = 1
	Disk = 5242880
	GPUs = 0
	IoHeavy = 0
	Memory = 1024
...
006 (6581.015.000) 2026-04-19 23:00:46 Image size of job updated: 20
	0  -  MemoryUsage of job (MB)
	0  -  ResidentSetSize of job (KB)
...
040 (6581.015.000) 2026-04-19 23:00:46 Started transferring output files
	Seconds spent in queue: 15
...
040 (6581.015.000) 2026-04-19 23:00:46 Finished transferring output files
...
005 (6581.019.000) 2026-04-19 23:00:47 Job terminated.
	(1) Normal termination (return value 1)
		Usr 0 00:00:00, Sys 0 00:00:00  -  Run Remote Usage
		Usr 0 00:00:00, Sys 0 00:00:00  -  Run Local Usage
		Usr 0 00:00:00, Sys 0 00:00:00  -  Total Remote Usage
		Usr 0 00:00:00, Sys 0 00:00:00  -  Total Local Usage
	164  -  Run Bytes Sent By Job
	1122284096  -  Run Bytes Received By Job
	164  -  Total Bytes Sent By Job
	1122284096  -  Total Bytes Received By Job
	Partitionable Resources :    Usage  Request Allocated 
	   Cpus                 :        0        1         1 
	   Disk (KB)            :  1096088  5242880   5242880 
	   GPUs                 :                           0 
	   IoHeavy              :                           0 
	   Memory (MB)          :        0     1024      1024 
	   TimeExecute (s)      :        1                    
	   TimeSlotBusy (s)     :       21                    
...
040 (6581.023.000) 2026-04-19 23:00:47 Finished transferring input files
...
006 (6581.007.000) 2026-04-19 23:00:47 Image size of job updated: 192
	0  -  MemoryUsage of job (MB)
	0  -  ResidentSetSize of job (KB)
...
040 (6581.007.000) 2026-04-19 23:00:47 Started transferring output files
	Seconds spent in queue: 16
...
040 (6581.007.000) 2026-04-19 23:00:47 Finished transferring output files
...
006 (6581.014.000) 2026-04-19 23:00:47 Image size of job updated: 156
	0  -  MemoryUsage of job (MB)
	0  -  ResidentSetSize of job (KB)
...
040 (6581.014.000) 2026-04-19 23:00:47 Started transferring output files
	Seconds spent in queue: 16
...
040 (6581.014.000) 2026-04-19 23:00:47 Finished transferring output files
...
005 (6581.015.000) 2026-04-19 23:00:47 Job terminated.
	(1) Normal termination (return value 1)
		Usr 0 00:00:00, Sys 0 00:00:00  -  Run Remote Usage
		Usr 0 00:00:00, Sys 0 00:00:00  -  Run Local Usage
		Usr 0 00:00:00, Sys 0 00:00:00  -  Total Remote Usage
		Usr 0 00:00:00, Sys 0 00:00:00  -  Total Local Usage
	164  -  Run Bytes Sent By Job
	1122284096  -  Run Bytes Received By Job
	164  -  Total Bytes Sent By Job
	1122284096  -  Total Bytes Received By Job
	Partitionable Resources :      Usage  Request Allocated 
	   Cpus                 :       0.05        1         1 
	   Disk (KB)            : 1096088     5242880   5242880 
	   GPUs                 :                             0 
	   IoHeavy              :                             0 
	   Memory (MB)          :       0        1024      1024 
	   TimeExecute (s)      :       0                       
	   TimeSlotBusy (s)     :      21                       
...
005 (6581.007.000) 2026-04-19 23:00:47 Job terminated.
	(1) Normal termination (return value 1)
		Usr 0 00:00:00, Sys 0 00:00:00  -  Run Remote Usage
		Usr 0 00:00:00, Sys 0 00:00:00  -  Run Local Usage
		Usr 0 00:00:00, Sys 0 00:00:00  -  Total Remote Usage
		Usr 0 00:00:00, Sys 0 00:00:00  -  Total Local Usage
	164  -  Run Bytes Sent By Job
	1122284096  -  Run Bytes Received By Job
	164  -  Total Bytes Sent By Job
	1122284096  -  Total Bytes Received By Job
	Partitionable Resources :    Usage  Request Allocated 
	   Cpus                 :                 1         1 
	   Disk (KB)            :  1096088  5242880   5242880 
	   GPUs                 :                           0 
	   IoHeavy              :                           0 
	   Memory (MB)          :        0     1024      1024 
	   TimeExecute (s)      :        1                    
	   TimeSlotBusy (s)     :       22                    
...
001 (6581.022.000) 2026-04-19 23:00:47 Job executing on host: <128.105.68.156:9618?addrs=128.105.68.156-9618+[2607-f388-2200-100-b226-28ff-fe50-3c4c]-9618&alias=e2015.chtc.wisc.edu&noUDP&sock=startd_9396_73f4>
	SlotName: slot1_1@e2015.chtc.wisc.edu
	CondorScratchDir = "/var/lib/condor/execute/slot1/dir_2563922/scratch"
	Cpus = 1
	Disk = 5242880
	GPUs = 0
	IoHeavy = 0
	Memory = 1024
...
005 (6581.014.000) 2026-04-19 23:00:47 Job terminated.
	(1) Normal termination (return value 1)
		Usr 0 00:00:00, Sys 0 00:00:00  -  Run Remote Usage
		Usr 0 00:00:00, Sys 0 00:00:00  -  Run Local Usage
		Usr 0 00:00:00, Sys 0 00:00:00  -  Total Remote Usage
		Usr 0 00:00:00, Sys 0 00:00:00  -  Total Local Usage
	164  -  Run Bytes Sent By Job
	1122284096  -  Run Bytes Received By Job
	164  -  Total Bytes Sent By Job
	1122284096  -  Total Bytes Received By Job
	Partitionable Resources :    Usage  Request Allocated 
	   Cpus                 :                 1         1 
	   Disk (KB)            :  1096088  5242880   5242880 
	   GPUs                 :                           0 
	   IoHeavy              :                           0 
	   Memory (MB)          :        0     1024      1024 
	   TimeExecute (s)      :        1                    
	   TimeSlotBusy (s)     :       22                    
...
001 (6581.023.000) 2026-04-19 23:00:48 Job executing on host: <128.105.69.142:9618?addrs=128.105.69.142-9618+[2607-f388-2200-100-1270-fdff-fe56-747c]-9618&alias=e4019.chtc.wisc.edu&noUDP&sock=startd_16619_d485>
	SlotName: slot1_6@e4019.chtc.wisc.edu
	CondorScratchDir = "/var/lib/condor/execute/slot1/dir_2123214/scratch"
	Cpus = 1
	Disk = 5242880
	GPUs = 0
	IoHeavy = 0
	Memory = 1024
...
006 (6581.022.000) 2026-04-19 23:00:48 Image size of job updated: 228
	0  -  MemoryUsage of job (MB)
	0  -  ResidentSetSize of job (KB)
...
040 (6581.022.000) 2026-04-19 23:00:48 Started transferring output files
	Seconds spent in queue: 17
...
040 (6581.022.000) 2026-04-19 23:00:48 Finished transferring output files
...
040 (6581.016.000) 2026-04-19 23:00:48 Finished transferring input files
...
006 (6581.023.000) 2026-04-19 23:00:48 Image size of job updated: 2132
	0  -  MemoryUsage of job (MB)
	0  -  ResidentSetSize of job (KB)
...
040 (6581.023.000) 2026-04-19 23:00:48 Started transferring output files
	Seconds spent in queue: 17
...
040 (6581.023.000) 2026-04-19 23:00:48 Finished transferring output files
...
040 (6581.021.000) 2026-04-19 23:00:48 Finished transferring input files
...
005 (6581.022.000) 2026-04-19 23:00:49 Job terminated.
	(1) Normal termination (return value 1)
		Usr 0 00:00:00, Sys 0 00:00:00  -  Run Remote Usage
		Usr 0 00:00:00, Sys 0 00:00:00  -  Run Local Usage
		Usr 0 00:00:00, Sys 0 00:00:00  -  Total Remote Usage
		Usr 0 00:00:00, Sys 0 00:00:00  -  Total Local Usage
	164  -  Run Bytes Sent By Job
	1122284096  -  Run Bytes Received By Job
	164  -  Total Bytes Sent By Job
	1122284096  -  Total Bytes Received By Job
	Partitionable Resources :    Usage  Request Allocated 
	   Cpus                 :        0        1         1 
	   Disk (KB)            :  1096088  5242880   5242880 
	   GPUs                 :                           0 
	   IoHeavy              :                           0 
	   Memory (MB)          :        0     1024      1024 
	   TimeExecute (s)      :        1                    
	   TimeSlotBusy (s)     :       23                    
...
005 (6581.023.000) 2026-04-19 23:00:49 Job terminated.
	(1) Normal termination (return value 1)
		Usr 0 00:00:00, Sys 0 00:00:00  -  Run Remote Usage
		Usr 0 00:00:00, Sys 0 00:00:00  -  Run Local Usage
		Usr 0 00:00:00, Sys 0 00:00:00  -  Total Remote Usage
		Usr 0 00:00:00, Sys 0 00:00:00  -  Total Local Usage
	164  -  Run Bytes Sent By Job
	1122284096  -  Run Bytes Received By Job
	164  -  Total Bytes Sent By Job
	1122284096  -  Total Bytes Received By Job
	Partitionable Resources :    Usage  Request Allocated 
	   Cpus                 :                 1         1 
	   Disk (KB)            :  1096088  5242880   5242880 
	   GPUs                 :                           0 
	   IoHeavy              :                           0 
	   Memory (MB)          :        0     1024      1024 
	   TimeExecute (s)      :        0                    
	   TimeSlotBusy (s)     :       23                    
...
001 (6581.016.000) 2026-04-19 23:00:49 Job executing on host: <128.105.69.119:9618?addrs=128.105.69.119-9618+[2607-f388-2200-100-1270-fdff-fe56-ccdc]-9618&alias=e4068.chtc.wisc.edu&noUDP&sock=startd_16634_1e71>
	SlotName: slot1_6@e4068.chtc.wisc.edu
	CondorScratchDir = "/var/lib/condor/execute/slot1/dir_1396019/scratch"
	Cpus = 1
	Disk = 5242880
	GPUs = 0
	IoHeavy = 0
	Memory = 1024
...
001 (6581.021.000) 2026-04-19 23:00:49 Job executing on host: <128.105.69.204:9618?addrs=128.105.69.204-9618+[2607-f388-2200-100-1270-fdff-fe56-b85c]-9618&alias=e4035.chtc.wisc.edu&noUDP&sock=startd_16584_d2b5>
	SlotName: slot1_22@e4035.chtc.wisc.edu
	CondorScratchDir = "/var/lib/condor/execute/slot1/dir_2101245/scratch"
	Cpus = 1
	Disk = 5242880
	GPUs = 0
	IoHeavy = 0
	Memory = 1024
...
006 (6581.016.000) 2026-04-19 23:00:50 Image size of job updated: 112
	0  -  MemoryUsage of job (MB)
	0  -  ResidentSetSize of job (KB)
...
040 (6581.016.000) 2026-04-19 23:00:50 Started transferring output files
	Seconds spent in queue: 19
...
040 (6581.016.000) 2026-04-19 23:00:50 Finished transferring output files
...
006 (6581.021.000) 2026-04-19 23:00:50 Image size of job updated: 640
	0  -  MemoryUsage of job (MB)
	0  -  ResidentSetSize of job (KB)
...
040 (6581.021.000) 2026-04-19 23:00:50 Started transferring output files
	Seconds spent in queue: 19
...
040 (6581.021.000) 2026-04-19 23:00:50 Finished transferring output files
...
005 (6581.016.000) 2026-04-19 23:00:50 Job terminated.
	(1) Normal termination (return value 1)
		Usr 0 00:00:00, Sys 0 00:00:00  -  Run Remote Usage
		Usr 0 00:00:00, Sys 0 00:00:00  -  Run Local Usage
		Usr 0 00:00:00, Sys 0 00:00:00  -  Total Remote Usage
		Usr 0 00:00:00, Sys 0 00:00:00  -  Total Local Usage
	164  -  Run Bytes Sent By Job
	1122284096  -  Run Bytes Received By Job
	164  -  Total Bytes Sent By Job
	1122284096  -  Total Bytes Received By Job
	Partitionable Resources :    Usage  Request Allocated 
	   Cpus                 :                 1         1 
	   Disk (KB)            :  1096088  5242880   5242880 
	   GPUs                 :                           0 
	   IoHeavy              :                           0 
	   Memory (MB)          :        0     1024      1024 
	   TimeExecute (s)      :        1                    
	   TimeSlotBusy (s)     :       25                    
...
040 (6581.004.000) 2026-04-19 23:00:50 Finished transferring input files
...
005 (6581.021.000) 2026-04-19 23:00:51 Job terminated.
	(1) Normal termination (return value 1)
		Usr 0 00:00:00, Sys 0 00:00:00  -  Run Remote Usage
		Usr 0 00:00:00, Sys 0 00:00:00  -  Run Local Usage
		Usr 0 00:00:00, Sys 0 00:00:00  -  Total Remote Usage
		Usr 0 00:00:00, Sys 0 00:00:00  -  Total Local Usage
	164  -  Run Bytes Sent By Job
	1122284096  -  Run Bytes Received By Job
	164  -  Total Bytes Sent By Job
	1122284096  -  Total Bytes Received By Job
	Partitionable Resources :    Usage  Request Allocated 
	   Cpus                 :        0        1         1 
	   Disk (KB)            :  1096088  5242880   5242880 
	   GPUs                 :                           0 
	   IoHeavy              :                           0 
	   Memory (MB)          :        0     1024      1024 
	   TimeExecute (s)      :        1                    
	   TimeSlotBusy (s)     :       25                    
...
001 (6581.004.000) 2026-04-19 23:00:51 Job executing on host: <128.105.69.184:9618?addrs=128.105.69.184-9618+[2607-f388-2200-100-1270-fdff-fe56-bbfc]-9618&alias=e4036.chtc.wisc.edu&noUDP&sock=startd_16584_d2b5>
	SlotName: slot1_2@e4036.chtc.wisc.edu
	CondorScratchDir = "/var/lib/condor/execute/slot1/dir_777526/scratch"
	Cpus = 1
	Disk = 5242880
	GPUs = 0
	IoHeavy = 0
	Memory = 1024
...
006 (6581.004.000) 2026-04-19 23:00:52 Image size of job updated: 16
	0  -  MemoryUsage of job (MB)
	0  -  ResidentSetSize of job (KB)
...
040 (6581.004.000) 2026-04-19 23:00:52 Started transferring output files
	Seconds spent in queue: 21
...
040 (6581.004.000) 2026-04-19 23:00:52 Finished transferring output files
...
005 (6581.004.000) 2026-04-19 23:00:53 Job terminated.
	(1) Normal termination (return value 1)
		Usr 0 00:00:00, Sys 0 00:00:00  -  Run Remote Usage
		Usr 0 00:00:00, Sys 0 00:00:00  -  Run Local Usage
		Usr 0 00:00:00, Sys 0 00:00:00  -  Total Remote Usage
		Usr 0 00:00:00, Sys 0 00:00:00  -  Total Local Usage
	164  -  Run Bytes Sent By Job
	1122284096  -  Run Bytes Received By Job
	164  -  Total Bytes Sent By Job
	1122284096  -  Total Bytes Received By Job
	Partitionable Resources :    Usage  Request Allocated 
	   Cpus                 :        0        1         1 
	   Disk (KB)            :  1096088  5242880   5242880 
	   GPUs                 :                           0 
	   IoHeavy              :                           0 
	   Memory (MB)          :        0     1024      1024 
	   TimeExecute (s)      :        1                    
	   TimeSlotBusy (s)     :       27                    
...
