000 (6582.000.000) 2026-04-19 23:02:34 Job submitted from host: <128.105.76.6:9618?addrs=128.105.76.6-9618+[2607-f388-2200-100-216-3eff-fe63-f8a5]-9618&alias=learn.chtc.wisc.edu&noUDP&sock=schedd_6739_f8d1>
...
000 (6582.001.000) 2026-04-19 23:02:34 Job submitted from host: <128.105.76.6:9618?addrs=128.105.76.6-9618+[2607-f388-2200-100-216-3eff-fe63-f8a5]-9618&alias=learn.chtc.wisc.edu&noUDP&sock=schedd_6739_f8d1>
...
000 (6582.010.000) 2026-04-19 23:02:34 Job submitted from host: <128.105.76.6:9618?addrs=128.105.76.6-9618+[2607-f388-2200-100-216-3eff-fe63-f8a5]-9618&alias=learn.chtc.wisc.edu&noUDP&sock=schedd_6739_f8d1>
...
000 (6582.011.000) 2026-04-19 23:02:34 Job submitted from host: <128.105.76.6:9618?addrs=128.105.76.6-9618+[2607-f388-2200-100-216-3eff-fe63-f8a5]-9618&alias=learn.chtc.wisc.edu&noUDP&sock=schedd_6739_f8d1>
...
000 (6582.012.000) 2026-04-19 23:02:34 Job submitted from host: <128.105.76.6:9618?addrs=128.105.76.6-9618+[2607-f388-2200-100-216-3eff-fe63-f8a5]-9618&alias=learn.chtc.wisc.edu&noUDP&sock=schedd_6739_f8d1>
...
000 (6582.013.000) 2026-04-19 23:02:34 Job submitted from host: <128.105.76.6:9618?addrs=128.105.76.6-9618+[2607-f388-2200-100-216-3eff-fe63-f8a5]-9618&alias=learn.chtc.wisc.edu&noUDP&sock=schedd_6739_f8d1>
...
000 (6582.014.000) 2026-04-19 23:02:34 Job submitted from host: <128.105.76.6:9618?addrs=128.105.76.6-9618+[2607-f388-2200-100-216-3eff-fe63-f8a5]-9618&alias=learn.chtc.wisc.edu&noUDP&sock=schedd_6739_f8d1>
...
000 (6582.015.000) 2026-04-19 23:02:34 Job submitted from host: <128.105.76.6:9618?addrs=128.105.76.6-9618+[2607-f388-2200-100-216-3eff-fe63-f8a5]-9618&alias=learn.chtc.wisc.edu&noUDP&sock=schedd_6739_f8d1>
...
000 (6582.016.000) 2026-04-19 23:02:34 Job submitted from host: <128.105.76.6:9618?addrs=128.105.76.6-9618+[2607-f388-2200-100-216-3eff-fe63-f8a5]-9618&alias=learn.chtc.wisc.edu&noUDP&sock=schedd_6739_f8d1>
...
000 (6582.017.000) 2026-04-19 23:02:34 Job submitted from host: <128.105.76.6:9618?addrs=128.105.76.6-9618+[2607-f388-2200-100-216-3eff-fe63-f8a5]-9618&alias=learn.chtc.wisc.edu&noUDP&sock=schedd_6739_f8d1>
...
000 (6582.018.000) 2026-04-19 23:02:34 Job submitted from host: <128.105.76.6:9618?addrs=128.105.76.6-9618+[2607-f388-2200-100-216-3eff-fe63-f8a5]-9618&alias=learn.chtc.wisc.edu&noUDP&sock=schedd_6739_f8d1>
...
000 (6582.019.000) 2026-04-19 23:02:34 Job submitted from host: <128.105.76.6:9618?addrs=128.105.76.6-9618+[2607-f388-2200-100-216-3eff-fe63-f8a5]-9618&alias=learn.chtc.wisc.edu&noUDP&sock=schedd_6739_f8d1>
...
000 (6582.002.000) 2026-04-19 23:02:34 Job submitted from host: <128.105.76.6:9618?addrs=128.105.76.6-9618+[2607-f388-2200-100-216-3eff-fe63-f8a5]-9618&alias=learn.chtc.wisc.edu&noUDP&sock=schedd_6739_f8d1>
...
000 (6582.020.000) 2026-04-19 23:02:34 Job submitted from host: <128.105.76.6:9618?addrs=128.105.76.6-9618+[2607-f388-2200-100-216-3eff-fe63-f8a5]-9618&alias=learn.chtc.wisc.edu&noUDP&sock=schedd_6739_f8d1>
...
000 (6582.021.000) 2026-04-19 23:02:34 Job submitted from host: <128.105.76.6:9618?addrs=128.105.76.6-9618+[2607-f388-2200-100-216-3eff-fe63-f8a5]-9618&alias=learn.chtc.wisc.edu&noUDP&sock=schedd_6739_f8d1>
...
000 (6582.022.000) 2026-04-19 23:02:34 Job submitted from host: <128.105.76.6:9618?addrs=128.105.76.6-9618+[2607-f388-2200-100-216-3eff-fe63-f8a5]-9618&alias=learn.chtc.wisc.edu&noUDP&sock=schedd_6739_f8d1>
...
000 (6582.023.000) 2026-04-19 23:02:34 Job submitted from host: <128.105.76.6:9618?addrs=128.105.76.6-9618+[2607-f388-2200-100-216-3eff-fe63-f8a5]-9618&alias=learn.chtc.wisc.edu&noUDP&sock=schedd_6739_f8d1>
...
000 (6582.003.000) 2026-04-19 23:02:34 Job submitted from host: <128.105.76.6:9618?addrs=128.105.76.6-9618+[2607-f388-2200-100-216-3eff-fe63-f8a5]-9618&alias=learn.chtc.wisc.edu&noUDP&sock=schedd_6739_f8d1>
...
000 (6582.004.000) 2026-04-19 23:02:34 Job submitted from host: <128.105.76.6:9618?addrs=128.105.76.6-9618+[2607-f388-2200-100-216-3eff-fe63-f8a5]-9618&alias=learn.chtc.wisc.edu&noUDP&sock=schedd_6739_f8d1>
...
000 (6582.005.000) 2026-04-19 23:02:34 Job submitted from host: <128.105.76.6:9618?addrs=128.105.76.6-9618+[2607-f388-2200-100-216-3eff-fe63-f8a5]-9618&alias=learn.chtc.wisc.edu&noUDP&sock=schedd_6739_f8d1>
...
000 (6582.006.000) 2026-04-19 23:02:34 Job submitted from host: <128.105.76.6:9618?addrs=128.105.76.6-9618+[2607-f388-2200-100-216-3eff-fe63-f8a5]-9618&alias=learn.chtc.wisc.edu&noUDP&sock=schedd_6739_f8d1>
...
000 (6582.007.000) 2026-04-19 23:02:34 Job submitted from host: <128.105.76.6:9618?addrs=128.105.76.6-9618+[2607-f388-2200-100-216-3eff-fe63-f8a5]-9618&alias=learn.chtc.wisc.edu&noUDP&sock=schedd_6739_f8d1>
...
000 (6582.008.000) 2026-04-19 23:02:34 Job submitted from host: <128.105.76.6:9618?addrs=128.105.76.6-9618+[2607-f388-2200-100-216-3eff-fe63-f8a5]-9618&alias=learn.chtc.wisc.edu&noUDP&sock=schedd_6739_f8d1>
...
000 (6582.009.000) 2026-04-19 23:02:34 Job submitted from host: <128.105.76.6:9618?addrs=128.105.76.6-9618+[2607-f388-2200-100-216-3eff-fe63-f8a5]-9618&alias=learn.chtc.wisc.edu&noUDP&sock=schedd_6739_f8d1>
...
040 (6582.003.000) 2026-04-19 23:03:09 Started transferring input files
	Transferring to host: <128.105.68.48:9618?addrs=128.105.68.48-9618+[2607-f388-2200-100-3680-dff-fe2e-8420]-9618&alias=e2478.chtc.wisc.edu&noUDP&sock=slot1_8_2535867_74e9_104851>
...
040 (6582.019.000) 2026-04-19 23:03:09 Started transferring input files
	Transferring to host: <128.105.68.32:9618?addrs=128.105.68.32-9618+[2607-f388-2200-100-3680-dff-fe2e-75f8]-9618&alias=e2462.chtc.wisc.edu&noUDP&sock=slot1_10_3683522_39d6_102593>
...
040 (6582.000.000) 2026-04-19 23:03:09 Started transferring input files
	Transferring to host: <128.105.68.37:9618?addrs=128.105.68.37-9618+[2607-f388-2200-100-3680-dff-fe2e-8438]-9618&alias=e2467.chtc.wisc.edu&noUDP&sock=slot1_17_386295_85f6_95056>
...
040 (6582.002.000) 2026-04-19 23:03:09 Started transferring input files
	Transferring to host: <128.105.68.26:9618?addrs=128.105.68.26-9618+[2607-f388-2200-100-3680-dff-fe2e-8018]-9618&alias=e2456.chtc.wisc.edu&noUDP&sock=slot1_5_3760662_5597_88135>
...
040 (6582.012.000) 2026-04-19 23:03:09 Started transferring input files
	Transferring to host: <128.105.69.234:9618?addrs=128.105.69.234-9618+[2607-f388-2200-100-eaeb-d3ff-fe40-1efc]-9618&alias=e2617.chtc.wisc.edu&noUDP&sock=slot1_9_3025633_e8f5_118369>
...
040 (6582.005.000) 2026-04-19 23:03:09 Started transferring input files
	Transferring to host: <128.105.68.52:9618?addrs=128.105.68.52-9618+[2607-f388-2200-100-3680-dff-fe2e-8720]-9618&alias=e2482.chtc.wisc.edu&noUDP&sock=slot1_21_3247099_bde3_96003>
...
040 (6582.004.000) 2026-04-19 23:03:09 Started transferring input files
	Transferring to host: <128.105.68.42:9618?addrs=128.105.68.42-9618+[2607-f388-2200-100-3680-dff-fe2e-87b0]-9618&alias=e2472.chtc.wisc.edu&noUDP&sock=slot1_2_3564943_97e0_91037>
...
040 (6582.001.000) 2026-04-19 23:03:09 Started transferring input files
	Transferring to host: <128.105.68.27:9618?addrs=128.105.68.27-9618+[2607-f388-2200-100-3680-dff-fe2e-71d8]-9618&alias=e2457.chtc.wisc.edu&noUDP&sock=slot1_12_2529963_8df9_98215>
...
040 (6582.021.000) 2026-04-19 23:03:09 Started transferring input files
	Transferring to host: <128.105.69.231:9618?addrs=128.105.69.231-9618+[2607-f388-2200-100-eaeb-d3ff-fe3f-fbfc]-9618&alias=e2614.chtc.wisc.edu&noUDP&sock=slot1_12_1853360_885f_118310>
...
040 (6582.010.000) 2026-04-19 23:03:09 Started transferring input files
	Transferring to host: <128.105.68.159:9618?addrs=128.105.68.159-9618+[2607-f388-2200-100-b226-28ff-fe51-396c]-9618&alias=e2018.chtc.wisc.edu&noUDP&sock=slot1_7_3497627_61af_89020>
...
040 (6582.016.000) 2026-04-19 23:03:09 Started transferring input files
	Transferring to host: <128.105.68.41:9618?addrs=128.105.68.41-9618+[2607-f388-2200-100-3680-dff-fe2e-8480]-9618&alias=e2471.chtc.wisc.edu&noUDP&sock=slot1_7_2752378_0aee_100139>
...
040 (6582.014.000) 2026-04-19 23:03:09 Started transferring input files
	Transferring to host: <128.105.68.156:9618?addrs=128.105.68.156-9618+[2607-f388-2200-100-b226-28ff-fe50-3c4c]-9618&alias=e2015.chtc.wisc.edu&noUDP&sock=slot1_21_3379675_86f2_77989>
...
040 (6582.018.000) 2026-04-19 23:03:09 Started transferring input files
	Transferring to host: <128.105.69.186:9618?addrs=128.105.69.186-9618+[2607-f388-2200-100-1270-fdff-fe56-c3b4]-9618&alias=e4038.chtc.wisc.edu&noUDP&sock=slot1_20_646093_b77a_96794>
...
040 (6582.007.000) 2026-04-19 23:03:14 Entered queue to transfer input files
	Transferring to host: <128.105.68.157:9618?addrs=128.105.68.157-9618+[2607-f388-2200-100-b226-28ff-fe50-2c68]-9618&alias=e2016.chtc.wisc.edu&noUDP&sock=slot1_19_3352233_27d7_73928>
...
040 (6582.017.000) 2026-04-19 23:03:14 Entered queue to transfer input files
	Transferring to host: <128.105.68.15:9618?addrs=128.105.68.15-9618+[2607-f388-2200-100-b226-28ff-fe51-615c]-9618&alias=e2008.chtc.wisc.edu&noUDP&sock=slot1_18_960781_e177_73397>
...
040 (6582.015.000) 2026-04-19 23:03:14 Entered queue to transfer input files
	Transferring to host: <128.105.68.155:9618?addrs=128.105.68.155-9618+[2607-f388-2200-100-b226-28ff-fe50-5c14]-9618&alias=e2014.chtc.wisc.edu&noUDP&sock=slot1_8_3515869_8555_70447>
...
040 (6582.022.000) 2026-04-19 23:03:14 Entered queue to transfer input files
	Transferring to host: <128.105.69.142:9618?addrs=128.105.69.142-9618+[2607-f388-2200-100-1270-fdff-fe56-747c]-9618&alias=e4019.chtc.wisc.edu&noUDP&sock=slot1_6_415195_300d_95688>
...
040 (6582.009.000) 2026-04-19 23:03:15 Entered queue to transfer input files
	Transferring to host: <128.105.69.122:9618?addrs=128.105.69.122-9618+[2607-f388-2200-100-1270-fdff-fe56-c8bc]-9618&alias=e4071.chtc.wisc.edu&noUDP&sock=slot1_17_2693226_1b88_90979>
...
040 (6582.011.000) 2026-04-19 23:03:15 Entered queue to transfer input files
	Transferring to host: <128.105.69.113:9618?addrs=128.105.69.113-9618+[2607-f388-2200-100-1270-fdff-fe56-6dbc]-9618&alias=e4062.chtc.wisc.edu&noUDP&sock=slot1_12_2206194_012b_110545>
...
040 (6582.013.000) 2026-04-19 23:03:15 Entered queue to transfer input files
	Transferring to host: <128.105.69.115:9618?addrs=128.105.69.115-9618+[2607-f388-2200-100-1270-fdff-fe56-ced4]-9618&alias=e4064.chtc.wisc.edu&noUDP&sock=slot1_2_158781_5412_118843>
...
040 (6582.020.000) 2026-04-19 23:03:15 Entered queue to transfer input files
	Transferring to host: <128.105.69.131:9618?addrs=128.105.69.131-9618+[2607-f388-2200-100-1270-fdff-fe56-6724]-9618&alias=e4080.chtc.wisc.edu&noUDP&sock=slot1_7_61247_cd54_114017>
...
040 (6582.023.000) 2026-04-19 23:03:15 Entered queue to transfer input files
	Transferring to host: <128.105.69.109:9618?addrs=128.105.69.109-9618+[2607-f388-2200-100-1270-fdff-fe56-bf64]-9618&alias=e4058.chtc.wisc.edu&noUDP&sock=slot1_4_490898_ccb3_99765>
...
040 (6582.006.000) 2026-04-19 23:03:15 Entered queue to transfer input files
	Transferring to host: <128.105.68.150:9618?addrs=128.105.68.150-9618+[2607-f388-2200-100-b226-28ff-fe50-1774]-9618&alias=e2009.chtc.wisc.edu&noUDP&sock=slot1_8_2878906_7707_71934>
...
040 (6582.007.000) 2026-04-19 23:03:15 Started transferring input files
	Seconds spent in queue: 1
...
040 (6582.001.000) 2026-04-19 23:03:15 Finished transferring input files
...
001 (6582.001.000) 2026-04-19 23:03:16 Job executing on host: <128.105.68.27:9618?addrs=128.105.68.27-9618+[2607-f388-2200-100-3680-dff-fe2e-71d8]-9618&alias=e2457.chtc.wisc.edu&noUDP&sock=startd_11813_505c>
	SlotName: slot1_12@e2457.chtc.wisc.edu
	CondorScratchDir = "/var/lib/condor/execute/slot1/dir_1965220/scratch"
	Cpus = 1
	Disk = 5242880
	GPUs = 0
	IoHeavy = 0
	Memory = 1024
...
006 (6582.001.000) 2026-04-19 23:03:17 Image size of job updated: 16
	0  -  MemoryUsage of job (MB)
	0  -  ResidentSetSize of job (KB)
...
040 (6582.001.000) 2026-04-19 23:03:17 Started transferring output files
...
040 (6582.001.000) 2026-04-19 23:03:17 Finished transferring output files
...
040 (6582.008.000) 2026-04-19 23:03:17 Entered queue to transfer input files
	Transferring to host: <128.105.68.154:9618?addrs=128.105.68.154-9618+[fde1-53ba-e9a0-de11-8055-9bb5-58cf-8aeb]-9618&alias=e2013.chtc.wisc.edu&noUDP&sock=slot1_10_11637_11b2_23770>
...
005 (6582.001.000) 2026-04-19 23:03:17 Job terminated.
	(1) Normal termination (return value 1)
		Usr 0 00:00:00, Sys 0 00:00:00  -  Run Remote Usage
		Usr 0 00:00:00, Sys 0 00:00:00  -  Run Local Usage
		Usr 0 00:00:00, Sys 0 00:00:00  -  Total Remote Usage
		Usr 0 00:00:00, Sys 0 00:00:00  -  Total Local Usage
	168  -  Run Bytes Sent By Job
	1122284100  -  Run Bytes Received By Job
	168  -  Total Bytes Sent By Job
	1122284100  -  Total Bytes Received By Job
	Partitionable Resources :    Usage  Request Allocated 
	   Cpus                 :        0        1         1 
	   Disk (KB)            :  1096008  5242880   5242880 
	   GPUs                 :                           0 
	   IoHeavy              :                           0 
	   Memory (MB)          :        0     1024      1024 
	   TimeExecute (s)      :        1                    
	   TimeSlotBusy (s)     :        8                    
...
040 (6582.017.000) 2026-04-19 23:03:18 Started transferring input files
	Seconds spent in queue: 4
...
040 (6582.019.000) 2026-04-19 23:03:18 Finished transferring input files
...
040 (6582.015.000) 2026-04-19 23:03:19 Started transferring input files
	Seconds spent in queue: 5
...
040 (6582.022.000) 2026-04-19 23:03:19 Started transferring input files
	Seconds spent in queue: 5
...
040 (6582.014.000) 2026-04-19 23:03:19 Finished transferring input files
...
040 (6582.012.000) 2026-04-19 23:03:19 Finished transferring input files
...
001 (6582.019.000) 2026-04-19 23:03:19 Job executing on host: <128.105.68.32:9618?addrs=128.105.68.32-9618+[2607-f388-2200-100-3680-dff-fe2e-75f8]-9618&alias=e2462.chtc.wisc.edu&noUDP&sock=startd_11800_65a1>
	SlotName: slot1_10@e2462.chtc.wisc.edu
	CondorScratchDir = "/var/lib/condor/execute/slot1/dir_1082249/scratch"
	Cpus = 1
	Disk = 5242880
	GPUs = 0
	IoHeavy = 0
	Memory = 1024
...
040 (6582.009.000) 2026-04-19 23:03:20 Started transferring input files
	Seconds spent in queue: 5
...
001 (6582.014.000) 2026-04-19 23:03:20 Job executing on host: <128.105.68.156:9618?addrs=128.105.68.156-9618+[2607-f388-2200-100-b226-28ff-fe50-3c4c]-9618&alias=e2015.chtc.wisc.edu&noUDP&sock=startd_9396_73f4>
	SlotName: slot1_21@e2015.chtc.wisc.edu
	CondorScratchDir = "/var/lib/condor/execute/slot1/dir_2568751/scratch"
	Cpus = 1
	Disk = 5242880
	GPUs = 0
	IoHeavy = 0
	Memory = 1024
...
040 (6582.004.000) 2026-04-19 23:03:20 Finished transferring input files
...
001 (6582.012.000) 2026-04-19 23:03:20 Job executing on host: <128.105.69.234:9618?addrs=128.105.69.234-9618+[2607-f388-2200-100-eaeb-d3ff-fe40-1efc]-9618&alias=e2617.chtc.wisc.edu&noUDP&sock=startd_14847_62b3>
	SlotName: slot1_9@e2617.chtc.wisc.edu
	CondorScratchDir = "/var/lib/condor/execute/slot1/dir_136286/scratch"
	Cpus = 1
	Disk = 5242880
	GPUs = 0
	IoHeavy = 0
	Memory = 1024
...
006 (6582.019.000) 2026-04-19 23:03:20 Image size of job updated: 192
	0  -  MemoryUsage of job (MB)
	0  -  ResidentSetSize of job (KB)
...
040 (6582.019.000) 2026-04-19 23:03:20 Started transferring output files
...
040 (6582.019.000) 2026-04-19 23:03:20 Finished transferring output files
...
040 (6582.011.000) 2026-04-19 23:03:20 Started transferring input files
	Seconds spent in queue: 5
...
040 (6582.018.000) 2026-04-19 23:03:20 Finished transferring input files
...
006 (6582.012.000) 2026-04-19 23:03:20 Image size of job updated: 20
	0  -  MemoryUsage of job (MB)
	0  -  ResidentSetSize of job (KB)
...
040 (6582.012.000) 2026-04-19 23:03:20 Started transferring output files
...
040 (6582.012.000) 2026-04-19 23:03:20 Finished transferring output files
...
005 (6582.019.000) 2026-04-19 23:03:20 Job terminated.
	(1) Normal termination (return value 1)
		Usr 0 00:00:00, Sys 0 00:00:00  -  Run Remote Usage
		Usr 0 00:00:00, Sys 0 00:00:00  -  Run Local Usage
		Usr 0 00:00:00, Sys 0 00:00:00  -  Total Remote Usage
		Usr 0 00:00:00, Sys 0 00:00:00  -  Total Local Usage
	168  -  Run Bytes Sent By Job
	1122284100  -  Run Bytes Received By Job
	168  -  Total Bytes Sent By Job
	1122284100  -  Total Bytes Received By Job
	Partitionable Resources :    Usage  Request Allocated 
	   Cpus                 :        0        1         1 
	   Disk (KB)            :  1096008  5242880   5242880 
	   GPUs                 :                           0 
	   IoHeavy              :                           0 
	   Memory (MB)          :        0     1024      1024 
	   TimeExecute (s)      :        1                    
	   TimeSlotBusy (s)     :       11                    
...
006 (6582.014.000) 2026-04-19 23:03:20 Image size of job updated: 192
	0  -  MemoryUsage of job (MB)
	0  -  ResidentSetSize of job (KB)
...
040 (6582.014.000) 2026-04-19 23:03:20 Started transferring output files
...
040 (6582.014.000) 2026-04-19 23:03:20 Finished transferring output files
...
005 (6582.012.000) 2026-04-19 23:03:21 Job terminated.
	(1) Normal termination (return value 1)
		Usr 0 00:00:00, Sys 0 00:00:00  -  Run Remote Usage
		Usr 0 00:00:00, Sys 0 00:00:00  -  Run Local Usage
		Usr 0 00:00:00, Sys 0 00:00:00  -  Total Remote Usage
		Usr 0 00:00:00, Sys 0 00:00:00  -  Total Local Usage
	168  -  Run Bytes Sent By Job
	1122284100  -  Run Bytes Received By Job
	168  -  Total Bytes Sent By Job
	1122284100  -  Total Bytes Received By Job
	Partitionable Resources :    Usage  Request Allocated 
	   Cpus                 :        0        1         1 
	   Disk (KB)            :  1096008  5242880   5242880 
	   GPUs                 :                           0 
	   IoHeavy              :                           0 
	   Memory (MB)          :        0     1024      1024 
	   TimeExecute (s)      :        0                    
	   TimeSlotBusy (s)     :       11                    
...
001 (6582.004.000) 2026-04-19 23:03:21 Job executing on host: <128.105.68.42:9618?addrs=128.105.68.42-9618+[2607-f388-2200-100-3680-dff-fe2e-87b0]-9618&alias=e2472.chtc.wisc.edu&noUDP&sock=startd_11728_02cf>
	SlotName: slot1_2@e2472.chtc.wisc.edu
	CondorScratchDir = "/var/lib/condor/execute/slot1/dir_192489/scratch"
	Cpus = 1
	Disk = 5242880
	GPUs = 0
	IoHeavy = 0
	Memory = 1024
...
005 (6582.014.000) 2026-04-19 23:03:21 Job terminated.
	(1) Normal termination (return value 1)
		Usr 0 00:00:00, Sys 0 00:00:00  -  Run Remote Usage
		Usr 0 00:00:00, Sys 0 00:00:00  -  Run Local Usage
		Usr 0 00:00:00, Sys 0 00:00:00  -  Total Remote Usage
		Usr 0 00:00:00, Sys 0 00:00:00  -  Total Local Usage
	168  -  Run Bytes Sent By Job
	1122284100  -  Run Bytes Received By Job
	168  -  Total Bytes Sent By Job
	1122284100  -  Total Bytes Received By Job
	Partitionable Resources :    Usage  Request Allocated 
	   Cpus                 :        0        1         1 
	   Disk (KB)            :  1096088  5242880   5242880 
	   GPUs                 :                           0 
	   IoHeavy              :                           0 
	   Memory (MB)          :        0     1024      1024 
	   TimeExecute (s)      :        0                    
	   TimeSlotBusy (s)     :       11                    
...
040 (6582.013.000) 2026-04-19 23:03:21 Started transferring input files
	Seconds spent in queue: 6
...
040 (6582.003.000) 2026-04-19 23:03:21 Finished transferring input files
...
001 (6582.018.000) 2026-04-19 23:03:21 Job executing on host: <128.105.69.186:9618?addrs=128.105.69.186-9618+[2607-f388-2200-100-1270-fdff-fe56-c3b4]-9618&alias=e4038.chtc.wisc.edu&noUDP&sock=startd_16653_26be>
	SlotName: slot1_20@e4038.chtc.wisc.edu
	CondorScratchDir = "/var/lib/condor/execute/slot1/dir_2478092/scratch"
	Cpus = 1
	Disk = 5242880
	GPUs = 0
	IoHeavy = 0
	Memory = 1024
...
006 (6582.004.000) 2026-04-19 23:03:21 Image size of job updated: 16
	0  -  MemoryUsage of job (MB)
	0  -  ResidentSetSize of job (KB)
...
040 (6582.004.000) 2026-04-19 23:03:21 Started transferring output files
...
040 (6582.004.000) 2026-04-19 23:03:21 Finished transferring output files
...
040 (6582.020.000) 2026-04-19 23:03:21 Started transferring input files
	Seconds spent in queue: 6
...
006 (6582.018.000) 2026-04-19 23:03:21 Image size of job updated: 4992
	0  -  MemoryUsage of job (MB)
	0  -  ResidentSetSize of job (KB)
...
040 (6582.018.000) 2026-04-19 23:03:21 Started transferring output files
...
040 (6582.018.000) 2026-04-19 23:03:21 Finished transferring output files
...
040 (6582.021.000) 2026-04-19 23:03:21 Finished transferring input files
...
040 (6582.023.000) 2026-04-19 23:03:22 Started transferring input files
	Seconds spent in queue: 7
...
005 (6582.004.000) 2026-04-19 23:03:22 Job terminated.
	(1) Normal termination (return value 1)
		Usr 0 00:00:00, Sys 0 00:00:00  -  Run Remote Usage
		Usr 0 00:00:00, Sys 0 00:00:00  -  Run Local Usage
		Usr 0 00:00:00, Sys 0 00:00:00  -  Total Remote Usage
		Usr 0 00:00:00, Sys 0 00:00:00  -  Total Local Usage
	168  -  Run Bytes Sent By Job
	1122284100  -  Run Bytes Received By Job
	168  -  Total Bytes Sent By Job
	1122284100  -  Total Bytes Received By Job
	Partitionable Resources :    Usage  Request Allocated 
	   Cpus                 :        0        1         1 
	   Disk (KB)            :  1096008  5242880   5242880 
	   GPUs                 :                           0 
	   IoHeavy              :                           0 
	   Memory (MB)          :        0     1024      1024 
	   TimeExecute (s)      :        0                    
	   TimeSlotBusy (s)     :       12                    
...
040 (6582.010.000) 2026-04-19 23:03:22 Finished transferring input files
...
040 (6582.006.000) 2026-04-19 23:03:22 Started transferring input files
	Seconds spent in queue: 7
...
040 (6582.016.000) 2026-04-19 23:03:22 Finished transferring input files
...
001 (6582.003.000) 2026-04-19 23:03:22 Job executing on host: <128.105.68.48:9618?addrs=128.105.68.48-9618+[2607-f388-2200-100-3680-dff-fe2e-8420]-9618&alias=e2478.chtc.wisc.edu&noUDP&sock=startd_11568_43a8>
	SlotName: slot1_8@e2478.chtc.wisc.edu
	CondorScratchDir = "/var/lib/condor/execute/slot1/dir_910689/scratch"
	Cpus = 1
	Disk = 5242880
	GPUs = 0
	IoHeavy = 0
	Memory = 1024
...
040 (6582.008.000) 2026-04-19 23:03:22 Started transferring input files
	Seconds spent in queue: 5
...
040 (6582.005.000) 2026-04-19 23:03:22 Finished transferring input files
...
005 (6582.018.000) 2026-04-19 23:03:22 Job terminated.
	(1) Normal termination (return value 1)
		Usr 0 00:00:00, Sys 0 00:00:00  -  Run Remote Usage
		Usr 0 00:00:00, Sys 0 00:00:00  -  Run Local Usage
		Usr 0 00:00:00, Sys 0 00:00:00  -  Total Remote Usage
		Usr 0 00:00:00, Sys 0 00:00:00  -  Total Local Usage
	168  -  Run Bytes Sent By Job
	1122284100  -  Run Bytes Received By Job
	168  -  Total Bytes Sent By Job
	1122284100  -  Total Bytes Received By Job
	Partitionable Resources :    Usage  Request Allocated 
	   Cpus                 :        0        1         1 
	   Disk (KB)            :  1096088  5242880   5242880 
	   GPUs                 :                           0 
	   IoHeavy              :                           0 
	   Memory (MB)          :        0     1024      1024 
	   TimeExecute (s)      :        0                    
	   TimeSlotBusy (s)     :       12                    
...
006 (6582.003.000) 2026-04-19 23:03:22 Image size of job updated: 16
	0  -  MemoryUsage of job (MB)
	0  -  ResidentSetSize of job (KB)
...
040 (6582.000.000) 2026-04-19 23:03:22 Finished transferring input files
...
040 (6582.003.000) 2026-04-19 23:03:22 Started transferring output files
...
040 (6582.003.000) 2026-04-19 23:03:22 Finished transferring output files
...
001 (6582.021.000) 2026-04-19 23:03:22 Job executing on host: <128.105.69.231:9618?addrs=128.105.69.231-9618+[2607-f388-2200-100-eaeb-d3ff-fe3f-fbfc]-9618&alias=e2614.chtc.wisc.edu&noUDP&sock=startd_14544_8d81>
	SlotName: slot1_12@e2614.chtc.wisc.edu
	CondorScratchDir = "/var/lib/condor/execute/slot1/dir_1227895/scratch"
	Cpus = 1
	Disk = 5242880
	GPUs = 0
	IoHeavy = 0
	Memory = 1024
...
001 (6582.010.000) 2026-04-19 23:03:23 Job executing on host: <128.105.68.159:9618?addrs=128.105.68.159-9618+[2607-f388-2200-100-b226-28ff-fe51-396c]-9618&alias=e2018.chtc.wisc.edu&noUDP&sock=startd_9513_b489>
	SlotName: slot1_7@e2018.chtc.wisc.edu
	CondorScratchDir = "/var/lib/condor/execute/slot1/dir_3236429/scratch"
	Cpus = 1
	Disk = 5242880
	GPUs = 0
	IoHeavy = 0
	Memory = 1024
...
005 (6582.003.000) 2026-04-19 23:03:23 Job terminated.
	(1) Normal termination (return value 1)
		Usr 0 00:00:00, Sys 0 00:00:00  -  Run Remote Usage
		Usr 0 00:00:00, Sys 0 00:00:00  -  Run Local Usage
		Usr 0 00:00:00, Sys 0 00:00:00  -  Total Remote Usage
		Usr 0 00:00:00, Sys 0 00:00:00  -  Total Local Usage
	168  -  Run Bytes Sent By Job
	1122284100  -  Run Bytes Received By Job
	168  -  Total Bytes Sent By Job
	1122284100  -  Total Bytes Received By Job
	Partitionable Resources :    Usage  Request Allocated 
	   Cpus                 :        0        1         1 
	   Disk (KB)            :  1096008  5242880   5242880 
	   GPUs                 :                           0 
	   IoHeavy              :                           0 
	   Memory (MB)          :        0     1024      1024 
	   TimeExecute (s)      :        0                    
	   TimeSlotBusy (s)     :       13                    
...
001 (6582.016.000) 2026-04-19 23:03:23 Job executing on host: <128.105.68.41:9618?addrs=128.105.68.41-9618+[2607-f388-2200-100-3680-dff-fe2e-8480]-9618&alias=e2471.chtc.wisc.edu&noUDP&sock=startd_11756_3776>
	SlotName: slot1_7@e2471.chtc.wisc.edu
	CondorScratchDir = "/var/lib/condor/execute/slot1/dir_3350195/scratch"
	Cpus = 1
	Disk = 5242880
	GPUs = 0
	IoHeavy = 0
	Memory = 1024
...
006 (6582.021.000) 2026-04-19 23:03:23 Image size of job updated: 20
	0  -  MemoryUsage of job (MB)
	0  -  ResidentSetSize of job (KB)
...
001 (6582.005.000) 2026-04-19 23:03:23 Job executing on host: <128.105.68.52:9618?addrs=128.105.68.52-9618+[2607-f388-2200-100-3680-dff-fe2e-8720]-9618&alias=e2482.chtc.wisc.edu&noUDP&sock=startd_11735_cff9>
	SlotName: slot1_21@e2482.chtc.wisc.edu
	CondorScratchDir = "/var/lib/condor/execute/slot1/dir_260573/scratch"
	Cpus = 1
	Disk = 5242880
	GPUs = 0
	IoHeavy = 0
	Memory = 1024
...
040 (6582.021.000) 2026-04-19 23:03:23 Started transferring output files
...
040 (6582.021.000) 2026-04-19 23:03:23 Finished transferring output files
...
006 (6582.016.000) 2026-04-19 23:03:23 Image size of job updated: 120
	0  -  MemoryUsage of job (MB)
	0  -  ResidentSetSize of job (KB)
...
001 (6582.000.000) 2026-04-19 23:03:23 Job executing on host: <128.105.68.37:9618?addrs=128.105.68.37-9618+[2607-f388-2200-100-3680-dff-fe2e-8438]-9618&alias=e2467.chtc.wisc.edu&noUDP&sock=startd_11664_1cc0>
	SlotName: slot1_17@e2467.chtc.wisc.edu
	CondorScratchDir = "/var/lib/condor/execute/slot1/dir_1567645/scratch"
	Cpus = 1
	Disk = 5242880
	GPUs = 0
	IoHeavy = 0
	Memory = 1024
...
040 (6582.016.000) 2026-04-19 23:03:23 Started transferring output files
...
040 (6582.016.000) 2026-04-19 23:03:23 Finished transferring output files
...
005 (6582.021.000) 2026-04-19 23:03:23 Job terminated.
	(1) Normal termination (return value 1)
		Usr 0 00:00:00, Sys 0 00:00:00  -  Run Remote Usage
		Usr 0 00:00:00, Sys 0 00:00:00  -  Run Local Usage
		Usr 0 00:00:00, Sys 0 00:00:00  -  Total Remote Usage
		Usr 0 00:00:00, Sys 0 00:00:00  -  Total Local Usage
	168  -  Run Bytes Sent By Job
	1122284100  -  Run Bytes Received By Job
	168  -  Total Bytes Sent By Job
	1122284100  -  Total Bytes Received By Job
	Partitionable Resources :    Usage  Request Allocated 
	   Cpus                 :        0        1         1 
	   Disk (KB)            :  1096008  5242880   5242880 
	   GPUs                 :                           0 
	   IoHeavy              :                           0 
	   Memory (MB)          :        0     1024      1024 
	   TimeExecute (s)      :        1                    
	   TimeSlotBusy (s)     :       14                    
...
006 (6582.005.000) 2026-04-19 23:03:24 Image size of job updated: 16
	0  -  MemoryUsage of job (MB)
	0  -  ResidentSetSize of job (KB)
...
040 (6582.005.000) 2026-04-19 23:03:24 Started transferring output files
...
040 (6582.005.000) 2026-04-19 23:03:24 Finished transferring output files
...
040 (6582.002.000) 2026-04-19 23:03:24 Finished transferring input files
...
006 (6582.000.000) 2026-04-19 23:03:24 Image size of job updated: 192
	0  -  MemoryUsage of job (MB)
	0  -  ResidentSetSize of job (KB)
...
040 (6582.000.000) 2026-04-19 23:03:24 Started transferring output files
...
040 (6582.000.000) 2026-04-19 23:03:24 Finished transferring output files
...
005 (6582.016.000) 2026-04-19 23:03:24 Job terminated.
	(1) Normal termination (return value 1)
		Usr 0 00:00:00, Sys 0 00:00:00  -  Run Remote Usage
		Usr 0 00:00:00, Sys 0 00:00:00  -  Run Local Usage
		Usr 0 00:00:00, Sys 0 00:00:00  -  Total Remote Usage
		Usr 0 00:00:00, Sys 0 00:00:00  -  Total Local Usage
	168  -  Run Bytes Sent By Job
	1122284100  -  Run Bytes Received By Job
	168  -  Total Bytes Sent By Job
	1122284100  -  Total Bytes Received By Job
	Partitionable Resources :    Usage  Request Allocated 
	   Cpus                 :        0        1         1 
	   Disk (KB)            :  1096008  5242880   5242880 
	   GPUs                 :                           0 
	   IoHeavy              :                           0 
	   Memory (MB)          :        0     1024      1024 
	   TimeExecute (s)      :        0                    
	   TimeSlotBusy (s)     :       14                    
...
005 (6582.005.000) 2026-04-19 23:03:24 Job terminated.
	(1) Normal termination (return value 1)
		Usr 0 00:00:00, Sys 0 00:00:00  -  Run Remote Usage
		Usr 0 00:00:00, Sys 0 00:00:00  -  Run Local Usage
		Usr 0 00:00:00, Sys 0 00:00:00  -  Total Remote Usage
		Usr 0 00:00:00, Sys 0 00:00:00  -  Total Local Usage
	168  -  Run Bytes Sent By Job
	1122284100  -  Run Bytes Received By Job
	168  -  Total Bytes Sent By Job
	1122284100  -  Total Bytes Received By Job
	Partitionable Resources :    Usage  Request Allocated 
	   Cpus                 :        0        1         1 
	   Disk (KB)            :  1096008  5242880   5242880 
	   GPUs                 :                           0 
	   IoHeavy              :                           0 
	   Memory (MB)          :        0     1024      1024 
	   TimeExecute (s)      :        1                    
	   TimeSlotBusy (s)     :       15                    
...
006 (6582.010.000) 2026-04-19 23:03:24 Image size of job updated: 4384
	0  -  MemoryUsage of job (MB)
	0  -  ResidentSetSize of job (KB)
...
040 (6582.010.000) 2026-04-19 23:03:24 Started transferring output files
...
040 (6582.010.000) 2026-04-19 23:03:24 Finished transferring output files
...
005 (6582.000.000) 2026-04-19 23:03:24 Job terminated.
	(1) Normal termination (return value 1)
		Usr 0 00:00:00, Sys 0 00:00:00  -  Run Remote Usage
		Usr 0 00:00:00, Sys 0 00:00:00  -  Run Local Usage
		Usr 0 00:00:00, Sys 0 00:00:00  -  Total Remote Usage
		Usr 0 00:00:00, Sys 0 00:00:00  -  Total Local Usage
	168  -  Run Bytes Sent By Job
	1122284100  -  Run Bytes Received By Job
	168  -  Total Bytes Sent By Job
	1122284100  -  Total Bytes Received By Job
	Partitionable Resources :    Usage  Request Allocated 
	   Cpus                 :        0        1         1 
	   Disk (KB)            :  1096008  5242880   5242880 
	   GPUs                 :                           0 
	   IoHeavy              :                           0 
	   Memory (MB)          :        0     1024      1024 
	   TimeExecute (s)      :        1                    
	   TimeSlotBusy (s)     :       15                    
...
005 (6582.010.000) 2026-04-19 23:03:24 Job terminated.
	(1) Normal termination (return value 1)
		Usr 0 00:00:00, Sys 0 00:00:00  -  Run Remote Usage
		Usr 0 00:00:00, Sys 0 00:00:00  -  Run Local Usage
		Usr 0 00:00:00, Sys 0 00:00:00  -  Total Remote Usage
		Usr 0 00:00:00, Sys 0 00:00:00  -  Total Local Usage
	168  -  Run Bytes Sent By Job
	1122284100  -  Run Bytes Received By Job
	168  -  Total Bytes Sent By Job
	1122284100  -  Total Bytes Received By Job
	Partitionable Resources :    Usage  Request Allocated 
	   Cpus                 :        0        1         1 
	   Disk (KB)            :  1096009  5242880   5242880 
	   GPUs                 :                           0 
	   IoHeavy              :                           0 
	   Memory (MB)          :        0     1024      1024 
	   TimeExecute (s)      :        1                    
	   TimeSlotBusy (s)     :       15                    
...
001 (6582.002.000) 2026-04-19 23:03:25 Job executing on host: <128.105.68.26:9618?addrs=128.105.68.26-9618+[2607-f388-2200-100-3680-dff-fe2e-8018]-9618&alias=e2456.chtc.wisc.edu&noUDP&sock=startd_11678_b713>
	SlotName: slot1_5@e2456.chtc.wisc.edu
	CondorScratchDir = "/var/lib/condor/execute/slot1/dir_413261/scratch"
	Cpus = 1
	Disk = 5242880
	GPUs = 0
	IoHeavy = 0
	Memory = 1024
...
040 (6582.017.000) 2026-04-19 23:03:25 Finished transferring input files
...
006 (6582.002.000) 2026-04-19 23:03:25 Image size of job updated: 16
	0  -  MemoryUsage of job (MB)
	0  -  ResidentSetSize of job (KB)
...
040 (6582.002.000) 2026-04-19 23:03:25 Started transferring output files
...
040 (6582.002.000) 2026-04-19 23:03:25 Finished transferring output files
...
040 (6582.007.000) 2026-04-19 23:03:25 Finished transferring input files
...
005 (6582.002.000) 2026-04-19 23:03:26 Job terminated.
	(1) Normal termination (return value 1)
		Usr 0 00:00:00, Sys 0 00:00:00  -  Run Remote Usage
		Usr 0 00:00:00, Sys 0 00:00:00  -  Run Local Usage
		Usr 0 00:00:00, Sys 0 00:00:00  -  Total Remote Usage
		Usr 0 00:00:00, Sys 0 00:00:00  -  Total Local Usage
	168  -  Run Bytes Sent By Job
	1122284100  -  Run Bytes Received By Job
	168  -  Total Bytes Sent By Job
	1122284100  -  Total Bytes Received By Job
	Partitionable Resources :    Usage  Request Allocated 
	   Cpus                 :        0        1         1 
	   Disk (KB)            :  1096008  5242880   5242880 
	   GPUs                 :                           0 
	   IoHeavy              :                           0 
	   Memory (MB)          :        0     1024      1024 
	   TimeExecute (s)      :        0                    
	   TimeSlotBusy (s)     :       16                    
...
001 (6582.017.000) 2026-04-19 23:03:26 Job executing on host: <128.105.68.15:9618?addrs=128.105.68.15-9618+[2607-f388-2200-100-b226-28ff-fe51-615c]-9618&alias=e2008.chtc.wisc.edu&noUDP&sock=startd_9345_78a0>
	SlotName: slot1_18@e2008.chtc.wisc.edu
	CondorScratchDir = "/var/lib/condor/execute/slot1/dir_1136188/scratch"
	Cpus = 1
	Disk = 5242880
	GPUs = 0
	IoHeavy = 0
	Memory = 1024
...
001 (6582.007.000) 2026-04-19 23:03:26 Job executing on host: <128.105.68.157:9618?addrs=128.105.68.157-9618+[2607-f388-2200-100-b226-28ff-fe50-2c68]-9618&alias=e2016.chtc.wisc.edu&noUDP&sock=startd_9315_e4c8>
	SlotName: slot1_19@e2016.chtc.wisc.edu
	CondorScratchDir = "/var/lib/condor/execute/slot1/dir_1940928/scratch"
	Cpus = 1
	Disk = 5242880
	GPUs = 0
	IoHeavy = 0
	Memory = 1024
...
006 (6582.017.000) 2026-04-19 23:03:27 Image size of job updated: 188
	0  -  MemoryUsage of job (MB)
	0  -  ResidentSetSize of job (KB)
...
040 (6582.017.000) 2026-04-19 23:03:27 Started transferring output files
	Seconds spent in queue: 13
...
040 (6582.017.000) 2026-04-19 23:03:27 Finished transferring output files
...
006 (6582.007.000) 2026-04-19 23:03:27 Image size of job updated: 20
	0  -  MemoryUsage of job (MB)
	0  -  ResidentSetSize of job (KB)
...
040 (6582.007.000) 2026-04-19 23:03:27 Started transferring output files
	Seconds spent in queue: 13
...
040 (6582.007.000) 2026-04-19 23:03:27 Finished transferring output files
...
005 (6582.017.000) 2026-04-19 23:03:27 Job terminated.
	(1) Normal termination (return value 1)
		Usr 0 00:00:00, Sys 0 00:00:00  -  Run Remote Usage
		Usr 0 00:00:00, Sys 0 00:00:00  -  Run Local Usage
		Usr 0 00:00:00, Sys 0 00:00:00  -  Total Remote Usage
		Usr 0 00:00:00, Sys 0 00:00:00  -  Total Local Usage
	168  -  Run Bytes Sent By Job
	1122284100  -  Run Bytes Received By Job
	168  -  Total Bytes Sent By Job
	1122284100  -  Total Bytes Received By Job
	Partitionable Resources :    Usage  Request Allocated 
	   Cpus                 :        0        1         1 
	   Disk (KB)            :  1096088  5242880   5242880 
	   GPUs                 :                           0 
	   IoHeavy              :                           0 
	   Memory (MB)          :        0     1024      1024 
	   TimeExecute (s)      :        1                    
	   TimeSlotBusy (s)     :       18                    
...
040 (6582.022.000) 2026-04-19 23:03:27 Finished transferring input files
...
040 (6582.015.000) 2026-04-19 23:03:27 Finished transferring input files
...
040 (6582.020.000) 2026-04-19 23:03:27 Finished transferring input files
...
005 (6582.007.000) 2026-04-19 23:03:28 Job terminated.
	(1) Normal termination (return value 1)
		Usr 0 00:00:00, Sys 0 00:00:00  -  Run Remote Usage
		Usr 0 00:00:00, Sys 0 00:00:00  -  Run Local Usage
		Usr 0 00:00:00, Sys 0 00:00:00  -  Total Remote Usage
		Usr 0 00:00:00, Sys 0 00:00:00  -  Total Local Usage
	168  -  Run Bytes Sent By Job
	1122284100  -  Run Bytes Received By Job
	168  -  Total Bytes Sent By Job
	1122284100  -  Total Bytes Received By Job
	Partitionable Resources :    Usage  Request Allocated 
	   Cpus                 :        0        1         1 
	   Disk (KB)            :  1096088  5242880   5242880 
	   GPUs                 :                           0 
	   IoHeavy              :                           0 
	   Memory (MB)          :        0     1024      1024 
	   TimeExecute (s)      :        1                    
	   TimeSlotBusy (s)     :       18                    
...
040 (6582.009.000) 2026-04-19 23:03:28 Finished transferring input files
...
040 (6582.011.000) 2026-04-19 23:03:28 Finished transferring input files
...
001 (6582.022.000) 2026-04-19 23:03:28 Job executing on host: <128.105.69.142:9618?addrs=128.105.69.142-9618+[2607-f388-2200-100-1270-fdff-fe56-747c]-9618&alias=e4019.chtc.wisc.edu&noUDP&sock=startd_16619_d485>
	SlotName: slot1_6@e4019.chtc.wisc.edu
	CondorScratchDir = "/var/lib/condor/execute/slot1/dir_2151658/scratch"
	Cpus = 1
	Disk = 5242880
	GPUs = 0
	IoHeavy = 0
	Memory = 1024
...
001 (6582.015.000) 2026-04-19 23:03:29 Job executing on host: <128.105.68.155:9618?addrs=128.105.68.155-9618+[2607-f388-2200-100-b226-28ff-fe50-5c14]-9618&alias=e2014.chtc.wisc.edu&noUDP&sock=startd_9440_a21f>
	SlotName: slot1_8@e2014.chtc.wisc.edu
	CondorScratchDir = "/var/lib/condor/execute/slot1/dir_2577042/scratch"
	Cpus = 1
	Disk = 5242880
	GPUs = 0
	IoHeavy = 0
	Memory = 1024
...
001 (6582.020.000) 2026-04-19 23:03:29 Job executing on host: <128.105.69.131:9618?addrs=128.105.69.131-9618+[2607-f388-2200-100-1270-fdff-fe56-6724]-9618&alias=e4080.chtc.wisc.edu&noUDP&sock=startd_10652_f6e8>
	SlotName: slot1_7@e4080.chtc.wisc.edu
	CondorScratchDir = "/var/lib/condor/execute/slot1/dir_1237572/scratch"
	Cpus = 1
	Disk = 5242880
	GPUs = 0
	IoHeavy = 0
	Memory = 1024
...
006 (6582.022.000) 2026-04-19 23:03:29 Image size of job updated: 4608
	0  -  MemoryUsage of job (MB)
	0  -  ResidentSetSize of job (KB)
...
006 (6582.015.000) 2026-04-19 23:03:29 Image size of job updated: 188
	0  -  MemoryUsage of job (MB)
	0  -  ResidentSetSize of job (KB)
...
040 (6582.022.000) 2026-04-19 23:03:29 Started transferring output files
	Seconds spent in queue: 15
...
006 (6582.020.000) 2026-04-19 23:03:29 Image size of job updated: 68
	0  -  MemoryUsage of job (MB)
	0  -  ResidentSetSize of job (KB)
...
040 (6582.015.000) 2026-04-19 23:03:29 Started transferring output files
	Seconds spent in queue: 15
...
001 (6582.009.000) 2026-04-19 23:03:29 Job executing on host: <128.105.69.122:9618?addrs=128.105.69.122-9618+[2607-f388-2200-100-1270-fdff-fe56-c8bc]-9618&alias=e4071.chtc.wisc.edu&noUDP&sock=startd_16665_61e1>
	SlotName: slot1_17@e4071.chtc.wisc.edu
	CondorScratchDir = "/var/lib/condor/execute/slot1/dir_2011461/scratch"
	Cpus = 1
	Disk = 5242880
	GPUs = 0
	IoHeavy = 0
	Memory = 1024
...
040 (6582.022.000) 2026-04-19 23:03:29 Finished transferring output files
...
040 (6582.015.000) 2026-04-19 23:03:29 Finished transferring output files
...
040 (6582.020.000) 2026-04-19 23:03:29 Started transferring output files
	Seconds spent in queue: 14
...
040 (6582.020.000) 2026-04-19 23:03:29 Finished transferring output files
...
001 (6582.011.000) 2026-04-19 23:03:29 Job executing on host: <128.105.69.113:9618?addrs=128.105.69.113-9618+[2607-f388-2200-100-1270-fdff-fe56-6dbc]-9618&alias=e4062.chtc.wisc.edu&noUDP&sock=startd_16701_1349>
	SlotName: slot1_12@e4062.chtc.wisc.edu
	CondorScratchDir = "/var/lib/condor/execute/slot1/dir_436779/scratch"
	Cpus = 1
	Disk = 5242880
	GPUs = 0
	IoHeavy = 0
	Memory = 1024
...
040 (6582.006.000) 2026-04-19 23:03:30 Finished transferring input files
...
006 (6582.009.000) 2026-04-19 23:03:30 Image size of job updated: 316
	0  -  MemoryUsage of job (MB)
	0  -  ResidentSetSize of job (KB)
...
006 (6582.011.000) 2026-04-19 23:03:30 Image size of job updated: 2568
	0  -  MemoryUsage of job (MB)
	0  -  ResidentSetSize of job (KB)
...
040 (6582.009.000) 2026-04-19 23:03:30 Started transferring output files
	Seconds spent in queue: 15
...
005 (6582.022.000) 2026-04-19 23:03:30 Job terminated.
	(1) Normal termination (return value 1)
		Usr 0 00:00:00, Sys 0 00:00:00  -  Run Remote Usage
		Usr 0 00:00:00, Sys 0 00:00:00  -  Run Local Usage
		Usr 0 00:00:00, Sys 0 00:00:00  -  Total Remote Usage
		Usr 0 00:00:00, Sys 0 00:00:00  -  Total Local Usage
	168  -  Run Bytes Sent By Job
	1122284100  -  Run Bytes Received By Job
	168  -  Total Bytes Sent By Job
	1122284100  -  Total Bytes Received By Job
	Partitionable Resources :    Usage  Request Allocated 
	   Cpus                 :        0        1         1 
	   Disk (KB)            :  1096088  5242880   5242880 
	   GPUs                 :                           0 
	   IoHeavy              :                           0 
	   Memory (MB)          :        0     1024      1024 
	   TimeExecute (s)      :        1                    
	   TimeSlotBusy (s)     :       20                    
...
005 (6582.015.000) 2026-04-19 23:03:30 Job terminated.
	(1) Normal termination (return value 1)
		Usr 0 00:00:00, Sys 0 00:00:00  -  Run Remote Usage
		Usr 0 00:00:00, Sys 0 00:00:00  -  Run Local Usage
		Usr 0 00:00:00, Sys 0 00:00:00  -  Total Remote Usage
		Usr 0 00:00:00, Sys 0 00:00:00  -  Total Local Usage
	168  -  Run Bytes Sent By Job
	1122284100  -  Run Bytes Received By Job
	168  -  Total Bytes Sent By Job
	1122284100  -  Total Bytes Received By Job
	Partitionable Resources :    Usage  Request Allocated 
	   Cpus                 :        0        1         1 
	   Disk (KB)            :  1096088  5242880   5242880 
	   GPUs                 :                           0 
	   IoHeavy              :                           0 
	   Memory (MB)          :        0     1024      1024 
	   TimeExecute (s)      :        1                    
	   TimeSlotBusy (s)     :       20                    
...
040 (6582.011.000) 2026-04-19 23:03:30 Started transferring output files
	Seconds spent in queue: 15
...
005 (6582.020.000) 2026-04-19 23:03:30 Job terminated.
	(1) Normal termination (return value 1)
		Usr 0 00:00:00, Sys 0 00:00:00  -  Run Remote Usage
		Usr 0 00:00:00, Sys 0 00:00:00  -  Run Local Usage
		Usr 0 00:00:00, Sys 0 00:00:00  -  Total Remote Usage
		Usr 0 00:00:00, Sys 0 00:00:00  -  Total Local Usage
	168  -  Run Bytes Sent By Job
	1122284100  -  Run Bytes Received By Job
	168  -  Total Bytes Sent By Job
	1122284100  -  Total Bytes Received By Job
	Partitionable Resources :    Usage  Request Allocated 
	   Cpus                 :        0        1         1 
	   Disk (KB)            :  1096088  5242880   5242880 
	   GPUs                 :                           0 
	   IoHeavy              :                           0 
	   Memory (MB)          :        0     1024      1024 
	   TimeExecute (s)      :        1                    
	   TimeSlotBusy (s)     :       20                    
...
001 (6582.006.000) 2026-04-19 23:03:31 Job executing on host: <128.105.68.150:9618?addrs=128.105.68.150-9618+[2607-f388-2200-100-b226-28ff-fe50-1774]-9618&alias=e2009.chtc.wisc.edu&noUDP&sock=startd_9365_3084>
	SlotName: slot1_8@e2009.chtc.wisc.edu
	CondorScratchDir = "/var/lib/condor/execute/slot1/dir_1468050/scratch"
	Cpus = 1
	Disk = 5242880
	GPUs = 0
	IoHeavy = 0
	Memory = 1024
...
040 (6582.023.000) 2026-04-19 23:03:31 Finished transferring input files
...
040 (6582.009.000) 2026-04-19 23:03:31 Finished transferring output files
...
040 (6582.011.000) 2026-04-19 23:03:31 Finished transferring output files
...
040 (6582.008.000) 2026-04-19 23:03:31 Finished transferring input files
...
006 (6582.006.000) 2026-04-19 23:03:31 Image size of job updated: 188
	0  -  MemoryUsage of job (MB)
	0  -  ResidentSetSize of job (KB)
...
040 (6582.013.000) 2026-04-19 23:03:31 Finished transferring input files
...
040 (6582.006.000) 2026-04-19 23:03:32 Started transferring output files
	Seconds spent in queue: 17
...
040 (6582.006.000) 2026-04-19 23:03:32 Finished transferring output files
...
005 (6582.009.000) 2026-04-19 23:03:32 Job terminated.
	(1) Normal termination (return value 1)
		Usr 0 00:00:00, Sys 0 00:00:00  -  Run Remote Usage
		Usr 0 00:00:00, Sys 0 00:00:00  -  Run Local Usage
		Usr 0 00:00:00, Sys 0 00:00:00  -  Total Remote Usage
		Usr 0 00:00:00, Sys 0 00:00:00  -  Total Local Usage
	168  -  Run Bytes Sent By Job
	1122284100  -  Run Bytes Received By Job
	168  -  Total Bytes Sent By Job
	1122284100  -  Total Bytes Received By Job
	Partitionable Resources :    Usage  Request Allocated 
	   Cpus                 :        0        1         1 
	   Disk (KB)            :  1096088  5242880   5242880 
	   GPUs                 :                           0 
	   IoHeavy              :                           0 
	   Memory (MB)          :        0     1024      1024 
	   TimeExecute (s)      :        1                    
	   TimeSlotBusy (s)     :       21                    
...
005 (6582.011.000) 2026-04-19 23:03:32 Job terminated.
	(1) Normal termination (return value 1)
		Usr 0 00:00:00, Sys 0 00:00:00  -  Run Remote Usage
		Usr 0 00:00:00, Sys 0 00:00:00  -  Run Local Usage
		Usr 0 00:00:00, Sys 0 00:00:00  -  Total Remote Usage
		Usr 0 00:00:00, Sys 0 00:00:00  -  Total Local Usage
	168  -  Run Bytes Sent By Job
	1122284100  -  Run Bytes Received By Job
	168  -  Total Bytes Sent By Job
	1122284100  -  Total Bytes Received By Job
	Partitionable Resources :    Usage  Request Allocated 
	   Cpus                 :        0        1         1 
	   Disk (KB)            :  1096088  5242880   5242880 
	   GPUs                 :                           0 
	   IoHeavy              :                           0 
	   Memory (MB)          :        0     1024      1024 
	   TimeExecute (s)      :        1                    
	   TimeSlotBusy (s)     :       22                    
...
001 (6582.023.000) 2026-04-19 23:03:32 Job executing on host: <128.105.69.109:9618?addrs=128.105.69.109-9618+[2607-f388-2200-100-1270-fdff-fe56-bf64]-9618&alias=e4058.chtc.wisc.edu&noUDP&sock=startd_16652_7725>
	SlotName: slot1_4@e4058.chtc.wisc.edu
	CondorScratchDir = "/var/lib/condor/execute/slot1/dir_3401777/scratch"
	Cpus = 1
	Disk = 5242880
	GPUs = 0
	IoHeavy = 0
	Memory = 1024
...
005 (6582.006.000) 2026-04-19 23:03:32 Job terminated.
	(1) Normal termination (return value 1)
		Usr 0 00:00:00, Sys 0 00:00:00  -  Run Remote Usage
		Usr 0 00:00:00, Sys 0 00:00:00  -  Run Local Usage
		Usr 0 00:00:00, Sys 0 00:00:00  -  Total Remote Usage
		Usr 0 00:00:00, Sys 0 00:00:00  -  Total Local Usage
	168  -  Run Bytes Sent By Job
	1122284100  -  Run Bytes Received By Job
	168  -  Total Bytes Sent By Job
	1122284100  -  Total Bytes Received By Job
	Partitionable Resources :    Usage  Request Allocated 
	   Cpus                 :        0        1         1 
	   Disk (KB)            :  1096088  5242880   5242880 
	   GPUs                 :                           0 
	   IoHeavy              :                           0 
	   Memory (MB)          :        0     1024      1024 
	   TimeExecute (s)      :        0                    
	   TimeSlotBusy (s)     :       23                    
...
001 (6582.008.000) 2026-04-19 23:03:33 Job executing on host: <128.105.68.154:9618?addrs=128.105.68.154-9618+[fde1-53ba-e9a0-de11-8055-9bb5-58cf-8aeb]-9618&alias=e2013.chtc.wisc.edu&noUDP&sock=startd_11559_174e>
	SlotName: slot1_10@e2013.chtc.wisc.edu
	CondorScratchDir = "/var/lib/condor/execute/slot1/dir_3035571/scratch"
	Cpus = 1
	Disk = 5242880
	GPUs = 0
	IoHeavy = 0
	Memory = 1024
...
001 (6582.013.000) 2026-04-19 23:03:33 Job executing on host: <128.105.69.115:9618?addrs=128.105.69.115-9618+[2607-f388-2200-100-1270-fdff-fe56-ced4]-9618&alias=e4064.chtc.wisc.edu&noUDP&sock=startd_16645_a9fc>
	SlotName: slot1_2@e4064.chtc.wisc.edu
	CondorScratchDir = "/var/lib/condor/execute/slot1/dir_2740291/scratch"
	Cpus = 1
	Disk = 5242880
	GPUs = 0
	IoHeavy = 0
	Memory = 1024
...
022 (6582.008.000) 2026-04-19 23:03:33 Job disconnected, attempting to reconnect
    Socket between submit and execute hosts closed unexpectedly
    Trying to reconnect to slot1_10@e2013.chtc.wisc.edu <128.105.68.154:9618?addrs=128.105.68.154-9618+[fde1-53ba-e9a0-de11-8055-9bb5-58cf-8aeb]-9618&alias=e2013.chtc.wisc.edu&noUDP&sock=startd_11559_174e>
...
006 (6582.023.000) 2026-04-19 23:03:33 Image size of job updated: 4512
	0  -  MemoryUsage of job (MB)
	0  -  ResidentSetSize of job (KB)
...
040 (6582.023.000) 2026-04-19 23:03:33 Started transferring output files
	Seconds spent in queue: 18
...
040 (6582.023.000) 2026-04-19 23:03:33 Finished transferring output files
...
006 (6582.013.000) 2026-04-19 23:03:33 Image size of job updated: 20
	0  -  MemoryUsage of job (MB)
	0  -  ResidentSetSize of job (KB)
...
040 (6582.013.000) 2026-04-19 23:03:34 Started transferring output files
	Seconds spent in queue: 19
...
040 (6582.013.000) 2026-04-19 23:03:34 Finished transferring output files
...
005 (6582.023.000) 2026-04-19 23:03:34 Job terminated.
	(1) Normal termination (return value 1)
		Usr 0 00:00:00, Sys 0 00:00:00  -  Run Remote Usage
		Usr 0 00:00:00, Sys 0 00:00:00  -  Run Local Usage
		Usr 0 00:00:00, Sys 0 00:00:00  -  Total Remote Usage
		Usr 0 00:00:00, Sys 0 00:00:00  -  Total Local Usage
	168  -  Run Bytes Sent By Job
	1122284100  -  Run Bytes Received By Job
	168  -  Total Bytes Sent By Job
	1122284100  -  Total Bytes Received By Job
	Partitionable Resources :    Usage  Request Allocated 
	   Cpus                 :        0        1         1 
	   Disk (KB)            :  1096088  5242880   5242880 
	   GPUs                 :                           0 
	   IoHeavy              :                           0 
	   Memory (MB)          :        0     1024      1024 
	   TimeExecute (s)      :        1                    
	   TimeSlotBusy (s)     :       24                    
...
005 (6582.013.000) 2026-04-19 23:03:35 Job terminated.
	(1) Normal termination (return value 1)
		Usr 0 00:00:00, Sys 0 00:00:00  -  Run Remote Usage
		Usr 0 00:00:00, Sys 0 00:00:00  -  Run Local Usage
		Usr 0 00:00:00, Sys 0 00:00:00  -  Total Remote Usage
		Usr 0 00:00:00, Sys 0 00:00:00  -  Total Local Usage
	168  -  Run Bytes Sent By Job
	1122284100  -  Run Bytes Received By Job
	168  -  Total Bytes Sent By Job
	1122284100  -  Total Bytes Received By Job
	Partitionable Resources :    Usage  Request Allocated 
	   Cpus                 :        0        1         1 
	   Disk (KB)            :  1096088  5242880   5242880 
	   GPUs                 :                           0 
	   IoHeavy              :                           0 
	   Memory (MB)          :        0     1024      1024 
	   TimeExecute (s)      :        1                    
	   TimeSlotBusy (s)     :       25                    
...
024 (6582.008.000) 2026-04-19 23:03:41 Job reconnection failed
    Job not found at execution machine
    Can not reconnect to slot1_10@e2013.chtc.wisc.edu, rescheduling job
...
004 (6582.008.000) 2026-04-19 23:03:41 Job was evicted. Code 1008 Subcode 0
	(0) CPU times
		Usr 0 00:00:00, Sys 0 00:00:00  -  Run Remote Usage
		Usr 0 00:00:00, Sys 0 00:00:00  -  Run Local Usage
	0  -  Run Bytes Sent By Job
	1122284100  -  Run Bytes Received By Job
	Reason: Job not found at execution machine
	Partitionable Resources :    Usage  Request Allocated 
	   Cpus                 :                 1         1 
	   Disk (KB)            :  1096044  5242880   5242880 
	   GPUs                 :                           0 
	   IoHeavy              :                           0 
	   Memory (MB)          :              1024      1024 
	   TimeSlotBusy (s)     :       32                    
...
040 (6582.008.000) 2026-04-19 23:04:07 Started transferring input files
	Seconds spent in queue: 50
...
040 (6582.008.000) 2026-04-19 23:04:13 Finished transferring input files
...
001 (6582.008.000) 2026-04-19 23:04:14 Job executing on host: <128.105.68.27:9618?addrs=128.105.68.27-9618+[2607-f388-2200-100-3680-dff-fe2e-71d8]-9618&alias=e2457.chtc.wisc.edu&noUDP&sock=startd_11813_505c>
	SlotName: slot1_12@e2457.chtc.wisc.edu
	CondorScratchDir = "/var/lib/condor/execute/slot1/dir_1965441/scratch"
	Cpus = 1
	Disk = 5242880
	GPUs = 0
	IoHeavy = 0
	Memory = 1024
...
006 (6582.008.000) 2026-04-19 23:04:14 Image size of job updated: 128
	0  -  MemoryUsage of job (MB)
	0  -  ResidentSetSize of job (KB)
...
040 (6582.008.000) 2026-04-19 23:04:14 Started transferring output files
	Seconds spent in queue: 57
...
040 (6582.008.000) 2026-04-19 23:04:14 Finished transferring output files
...
005 (6582.008.000) 2026-04-19 23:04:15 Job terminated.
	(1) Normal termination (return value 1)
		Usr 0 00:00:00, Sys 0 00:00:00  -  Run Remote Usage
		Usr 0 00:00:00, Sys 0 00:00:00  -  Run Local Usage
		Usr 0 00:00:00, Sys 0 00:00:00  -  Total Remote Usage
		Usr 0 00:00:00, Sys 0 00:00:00  -  Total Local Usage
	168  -  Run Bytes Sent By Job
	1122284100  -  Run Bytes Received By Job
	168  -  Total Bytes Sent By Job
	2244568200  -  Total Bytes Received By Job
	Partitionable Resources :    Usage  Request Allocated 
	   Cpus                 :        0        1         1 
	   Disk (KB)            :  1096010  5242880   5242880 
	   GPUs                 :                           0 
	   IoHeavy              :                           0 
	   Memory (MB)          :        0     1024      1024 
	   TimeExecute (s)      :        0                    
	   TimeSlotBusy (s)     :        7                    
...
