000 (6583.000.000) 2026-04-19 23:08:40 Job submitted from host: <128.105.76.6:9618?addrs=128.105.76.6-9618+[2607-f388-2200-100-216-3eff-fe63-f8a5]-9618&alias=learn.chtc.wisc.edu&noUDP&sock=schedd_6739_f8d1>
...
000 (6583.001.000) 2026-04-19 23:08:40 Job submitted from host: <128.105.76.6:9618?addrs=128.105.76.6-9618+[2607-f388-2200-100-216-3eff-fe63-f8a5]-9618&alias=learn.chtc.wisc.edu&noUDP&sock=schedd_6739_f8d1>
...
000 (6583.010.000) 2026-04-19 23:08:40 Job submitted from host: <128.105.76.6:9618?addrs=128.105.76.6-9618+[2607-f388-2200-100-216-3eff-fe63-f8a5]-9618&alias=learn.chtc.wisc.edu&noUDP&sock=schedd_6739_f8d1>
...
000 (6583.011.000) 2026-04-19 23:08:40 Job submitted from host: <128.105.76.6:9618?addrs=128.105.76.6-9618+[2607-f388-2200-100-216-3eff-fe63-f8a5]-9618&alias=learn.chtc.wisc.edu&noUDP&sock=schedd_6739_f8d1>
...
000 (6583.012.000) 2026-04-19 23:08:40 Job submitted from host: <128.105.76.6:9618?addrs=128.105.76.6-9618+[2607-f388-2200-100-216-3eff-fe63-f8a5]-9618&alias=learn.chtc.wisc.edu&noUDP&sock=schedd_6739_f8d1>
...
000 (6583.013.000) 2026-04-19 23:08:40 Job submitted from host: <128.105.76.6:9618?addrs=128.105.76.6-9618+[2607-f388-2200-100-216-3eff-fe63-f8a5]-9618&alias=learn.chtc.wisc.edu&noUDP&sock=schedd_6739_f8d1>
...
000 (6583.014.000) 2026-04-19 23:08:40 Job submitted from host: <128.105.76.6:9618?addrs=128.105.76.6-9618+[2607-f388-2200-100-216-3eff-fe63-f8a5]-9618&alias=learn.chtc.wisc.edu&noUDP&sock=schedd_6739_f8d1>
...
000 (6583.015.000) 2026-04-19 23:08:40 Job submitted from host: <128.105.76.6:9618?addrs=128.105.76.6-9618+[2607-f388-2200-100-216-3eff-fe63-f8a5]-9618&alias=learn.chtc.wisc.edu&noUDP&sock=schedd_6739_f8d1>
...
000 (6583.016.000) 2026-04-19 23:08:40 Job submitted from host: <128.105.76.6:9618?addrs=128.105.76.6-9618+[2607-f388-2200-100-216-3eff-fe63-f8a5]-9618&alias=learn.chtc.wisc.edu&noUDP&sock=schedd_6739_f8d1>
...
000 (6583.017.000) 2026-04-19 23:08:40 Job submitted from host: <128.105.76.6:9618?addrs=128.105.76.6-9618+[2607-f388-2200-100-216-3eff-fe63-f8a5]-9618&alias=learn.chtc.wisc.edu&noUDP&sock=schedd_6739_f8d1>
...
000 (6583.018.000) 2026-04-19 23:08:40 Job submitted from host: <128.105.76.6:9618?addrs=128.105.76.6-9618+[2607-f388-2200-100-216-3eff-fe63-f8a5]-9618&alias=learn.chtc.wisc.edu&noUDP&sock=schedd_6739_f8d1>
...
000 (6583.019.000) 2026-04-19 23:08:40 Job submitted from host: <128.105.76.6:9618?addrs=128.105.76.6-9618+[2607-f388-2200-100-216-3eff-fe63-f8a5]-9618&alias=learn.chtc.wisc.edu&noUDP&sock=schedd_6739_f8d1>
...
000 (6583.002.000) 2026-04-19 23:08:40 Job submitted from host: <128.105.76.6:9618?addrs=128.105.76.6-9618+[2607-f388-2200-100-216-3eff-fe63-f8a5]-9618&alias=learn.chtc.wisc.edu&noUDP&sock=schedd_6739_f8d1>
...
000 (6583.020.000) 2026-04-19 23:08:40 Job submitted from host: <128.105.76.6:9618?addrs=128.105.76.6-9618+[2607-f388-2200-100-216-3eff-fe63-f8a5]-9618&alias=learn.chtc.wisc.edu&noUDP&sock=schedd_6739_f8d1>
...
000 (6583.021.000) 2026-04-19 23:08:40 Job submitted from host: <128.105.76.6:9618?addrs=128.105.76.6-9618+[2607-f388-2200-100-216-3eff-fe63-f8a5]-9618&alias=learn.chtc.wisc.edu&noUDP&sock=schedd_6739_f8d1>
...
000 (6583.022.000) 2026-04-19 23:08:40 Job submitted from host: <128.105.76.6:9618?addrs=128.105.76.6-9618+[2607-f388-2200-100-216-3eff-fe63-f8a5]-9618&alias=learn.chtc.wisc.edu&noUDP&sock=schedd_6739_f8d1>
...
000 (6583.023.000) 2026-04-19 23:08:40 Job submitted from host: <128.105.76.6:9618?addrs=128.105.76.6-9618+[2607-f388-2200-100-216-3eff-fe63-f8a5]-9618&alias=learn.chtc.wisc.edu&noUDP&sock=schedd_6739_f8d1>
...
000 (6583.003.000) 2026-04-19 23:08:40 Job submitted from host: <128.105.76.6:9618?addrs=128.105.76.6-9618+[2607-f388-2200-100-216-3eff-fe63-f8a5]-9618&alias=learn.chtc.wisc.edu&noUDP&sock=schedd_6739_f8d1>
...
000 (6583.004.000) 2026-04-19 23:08:40 Job submitted from host: <128.105.76.6:9618?addrs=128.105.76.6-9618+[2607-f388-2200-100-216-3eff-fe63-f8a5]-9618&alias=learn.chtc.wisc.edu&noUDP&sock=schedd_6739_f8d1>
...
000 (6583.005.000) 2026-04-19 23:08:40 Job submitted from host: <128.105.76.6:9618?addrs=128.105.76.6-9618+[2607-f388-2200-100-216-3eff-fe63-f8a5]-9618&alias=learn.chtc.wisc.edu&noUDP&sock=schedd_6739_f8d1>
...
000 (6583.006.000) 2026-04-19 23:08:40 Job submitted from host: <128.105.76.6:9618?addrs=128.105.76.6-9618+[2607-f388-2200-100-216-3eff-fe63-f8a5]-9618&alias=learn.chtc.wisc.edu&noUDP&sock=schedd_6739_f8d1>
...
000 (6583.007.000) 2026-04-19 23:08:40 Job submitted from host: <128.105.76.6:9618?addrs=128.105.76.6-9618+[2607-f388-2200-100-216-3eff-fe63-f8a5]-9618&alias=learn.chtc.wisc.edu&noUDP&sock=schedd_6739_f8d1>
...
000 (6583.008.000) 2026-04-19 23:08:40 Job submitted from host: <128.105.76.6:9618?addrs=128.105.76.6-9618+[2607-f388-2200-100-216-3eff-fe63-f8a5]-9618&alias=learn.chtc.wisc.edu&noUDP&sock=schedd_6739_f8d1>
...
000 (6583.009.000) 2026-04-19 23:08:40 Job submitted from host: <128.105.76.6:9618?addrs=128.105.76.6-9618+[2607-f388-2200-100-216-3eff-fe63-f8a5]-9618&alias=learn.chtc.wisc.edu&noUDP&sock=schedd_6739_f8d1>
...
040 (6583.009.000) 2026-04-19 23:09:07 Started transferring input files
	Transferring to host: <128.105.69.234:9618?addrs=128.105.69.234-9618+[2607-f388-2200-100-eaeb-d3ff-fe40-1efc]-9618&alias=e2617.chtc.wisc.edu&noUDP&sock=slot1_9_3025633_e8f5_118380>
...
040 (6583.001.000) 2026-04-19 23:09:07 Started transferring input files
	Transferring to host: <128.105.68.47:9618?addrs=128.105.68.47-9618+[2607-f388-2200-100-3680-dff-fe2e-8858]-9618&alias=e2477.chtc.wisc.edu&noUDP&sock=slot1_8_3684851_a06c_83872>
...
040 (6583.002.000) 2026-04-19 23:09:07 Started transferring input files
	Transferring to host: <128.105.68.36:9618?addrs=128.105.68.36-9618+[2607-f388-2200-100-3680-dff-fe2e-7f70]-9618&alias=e2466.chtc.wisc.edu&noUDP&sock=slot1_14_2366436_fd5f_105059>
...
040 (6583.003.000) 2026-04-19 23:09:07 Started transferring input files
	Transferring to host: <128.105.68.27:9618?addrs=128.105.68.27-9618+[2607-f388-2200-100-3680-dff-fe2e-71d8]-9618&alias=e2457.chtc.wisc.edu&noUDP&sock=slot1_24_2529963_8df9_98241>
...
040 (6583.019.000) 2026-04-19 23:09:07 Started transferring input files
	Transferring to host: <128.105.69.231:9618?addrs=128.105.69.231-9618+[2607-f388-2200-100-eaeb-d3ff-fe3f-fbfc]-9618&alias=e2614.chtc.wisc.edu&noUDP&sock=slot1_12_1853360_885f_118330>
...
040 (6583.017.000) 2026-04-19 23:09:07 Started transferring input files
	Transferring to host: <128.105.68.48:9618?addrs=128.105.68.48-9618+[2607-f388-2200-100-3680-dff-fe2e-8420]-9618&alias=e2478.chtc.wisc.edu&noUDP&sock=slot1_3_2535867_74e9_104873>
...
040 (6583.004.000) 2026-04-19 23:09:07 Started transferring input files
	Transferring to host: <128.105.68.26:9618?addrs=128.105.68.26-9618+[2607-f388-2200-100-3680-dff-fe2e-8018]-9618&alias=e2456.chtc.wisc.edu&noUDP&sock=slot1_6_3760662_5597_88155>
...
040 (6583.000.000) 2026-04-19 23:09:07 Started transferring input files
	Transferring to host: <128.105.68.37:9618?addrs=128.105.68.37-9618+[2607-f388-2200-100-3680-dff-fe2e-8438]-9618&alias=e2467.chtc.wisc.edu&noUDP&sock=slot1_14_386295_85f6_95074>
...
040 (6583.021.000) 2026-04-19 23:09:07 Started transferring input files
	Transferring to host: <128.105.69.181:9618?addrs=128.105.69.181-9618+[2607-f388-2200-100-1270-fdff-fe56-bd24]-9618&alias=e2564.chtc.wisc.edu&noUDP&sock=slot1_9_4079203_4911_99404>
...
040 (6583.013.000) 2026-04-19 23:09:07 Started transferring input files
	Transferring to host: <128.105.68.42:9618?addrs=128.105.68.42-9618+[2607-f388-2200-100-3680-dff-fe2e-87b0]-9618&alias=e2472.chtc.wisc.edu&noUDP&sock=slot1_4_3564943_97e0_91064>
...
040 (6583.011.000) 2026-04-19 23:09:07 Started transferring input files
	Transferring to host: <128.105.68.158:9618?addrs=128.105.68.158-9618+[2607-f388-2200-100-b226-28ff-fe50-6730]-9618&alias=e2017.chtc.wisc.edu&noUDP&sock=slot1_15_1818557_abb8_88383>
...
040 (6583.012.000) 2026-04-19 23:09:07 Started transferring input files
	Transferring to host: <128.105.68.156:9618?addrs=128.105.68.156-9618+[2607-f388-2200-100-b226-28ff-fe50-3c4c]-9618&alias=e2015.chtc.wisc.edu&noUDP&sock=slot1_17_3379675_86f2_78003>
...
040 (6583.007.000) 2026-04-19 23:09:07 Started transferring input files
	Transferring to host: <128.105.69.107:9618?addrs=128.105.69.107-9618+[2607-f388-2200-100-1270-fdff-fe56-bfe4]-9618&alias=e4056.chtc.wisc.edu&noUDP&sock=slot1_7_2135867_455f_118308>
...
040 (6583.008.000) 2026-04-19 23:09:07 Started transferring input files
	Transferring to host: <128.105.68.150:9618?addrs=128.105.68.150-9618+[2607-f388-2200-100-b226-28ff-fe50-1774]-9618&alias=e2009.chtc.wisc.edu&noUDP&sock=slot1_9_2878906_7707_71958>
...
040 (6583.015.000) 2026-04-19 23:09:12 Entered queue to transfer input files
	Transferring to host: <128.105.69.186:9618?addrs=128.105.69.186-9618+[2607-f388-2200-100-1270-fdff-fe56-c3b4]-9618&alias=e4038.chtc.wisc.edu&noUDP&sock=slot1_8_646093_b77a_96818>
...
040 (6583.020.000) 2026-04-19 23:09:12 Entered queue to transfer input files
	Transferring to host: <128.105.68.155:9618?addrs=128.105.68.155-9618+[2607-f388-2200-100-b226-28ff-fe50-5c14]-9618&alias=e2014.chtc.wisc.edu&noUDP&sock=slot1_8_3515869_8555_70474>
...
040 (6583.014.000) 2026-04-19 23:09:12 Entered queue to transfer input files
	Transferring to host: <128.105.69.158:9618?addrs=128.105.69.158-9618+[2607-f388-2200-100-1270-fdff-fe56-4684]-9618&alias=e4091.chtc.wisc.edu&noUDP&sock=slot1_25_2797539_0d7a_99377>
...
040 (6583.016.000) 2026-04-19 23:09:12 Entered queue to transfer input files
	Transferring to host: <128.105.69.204:9618?addrs=128.105.69.204-9618+[2607-f388-2200-100-1270-fdff-fe56-b85c]-9618&alias=e4035.chtc.wisc.edu&noUDP&sock=slot1_17_835179_e8c3_102602>
...
040 (6583.010.000) 2026-04-19 23:09:12 Entered queue to transfer input files
	Transferring to host: <128.105.69.119:9618?addrs=128.105.69.119-9618+[2607-f388-2200-100-1270-fdff-fe56-ccdc]-9618&alias=e4068.chtc.wisc.edu&noUDP&sock=slot1_11_1233785_e555_111468>
...
040 (6583.006.000) 2026-04-19 23:09:12 Entered queue to transfer input files
	Transferring to host: <128.105.69.109:9618?addrs=128.105.69.109-9618+[2607-f388-2200-100-1270-fdff-fe56-bf64]-9618&alias=e4058.chtc.wisc.edu&noUDP&sock=slot1_38_490898_ccb3_99783>
...
040 (6583.022.000) 2026-04-19 23:09:12 Entered queue to transfer input files
	Transferring to host: <128.105.69.113:9618?addrs=128.105.69.113-9618+[2607-f388-2200-100-1270-fdff-fe56-6dbc]-9618&alias=e4062.chtc.wisc.edu&noUDP&sock=slot1_2_2206194_012b_110570>
...
040 (6583.023.000) 2026-04-19 23:09:12 Entered queue to transfer input files
	Transferring to host: <128.105.69.127:9618?addrs=128.105.69.127-9618+[2607-f388-2200-100-1270-fdff-fe56-6744]-9618&alias=e4076.chtc.wisc.edu&noUDP&sock=slot1_7_2823022_21a6_120607>
...
040 (6583.018.000) 2026-04-19 23:09:12 Entered queue to transfer input files
	Transferring to host: <128.105.68.15:9618?addrs=128.105.68.15-9618+[2607-f388-2200-100-b226-28ff-fe51-615c]-9618&alias=e2008.chtc.wisc.edu&noUDP&sock=slot1_8_960781_e177_73421>
...
040 (6583.015.000) 2026-04-19 23:09:13 Started transferring input files
	Seconds spent in queue: 1
...
040 (6583.009.000) 2026-04-19 23:09:13 Finished transferring input files
...
040 (6583.020.000) 2026-04-19 23:09:13 Started transferring input files
	Seconds spent in queue: 1
...
040 (6583.003.000) 2026-04-19 23:09:13 Finished transferring input files
...
040 (6583.005.000) 2026-04-19 23:09:14 Entered queue to transfer input files
	Transferring to host: <128.105.68.154:9618?addrs=128.105.68.154-9618+[fde1-53ba-e9a0-de11-8055-9bb5-58cf-8aeb]-9618&alias=e2013.chtc.wisc.edu&noUDP&sock=slot1_10_11637_11b2_23792>
...
001 (6583.009.000) 2026-04-19 23:09:14 Job executing on host: <128.105.69.234:9618?addrs=128.105.69.234-9618+[2607-f388-2200-100-eaeb-d3ff-fe40-1efc]-9618&alias=e2617.chtc.wisc.edu&noUDP&sock=startd_14847_62b3>
	SlotName: slot1_9@e2617.chtc.wisc.edu
	CondorScratchDir = "/var/lib/condor/execute/slot1/dir_143905/scratch"
	Cpus = 1
	Disk = 5242880
	GPUs = 0
	IoHeavy = 0
	Memory = 1024
...
001 (6583.003.000) 2026-04-19 23:09:14 Job executing on host: <128.105.68.27:9618?addrs=128.105.68.27-9618+[2607-f388-2200-100-3680-dff-fe2e-71d8]-9618&alias=e2457.chtc.wisc.edu&noUDP&sock=startd_11813_505c>
	SlotName: slot1_24@e2457.chtc.wisc.edu
	CondorScratchDir = "/var/lib/condor/execute/slot1/dir_1972881/scratch"
	Cpus = 1
	Disk = 5242880
	GPUs = 0
	IoHeavy = 0
	Memory = 1024
...
040 (6583.014.000) 2026-04-19 23:09:15 Started transferring input files
	Seconds spent in queue: 3
...
006 (6583.009.000) 2026-04-19 23:09:15 Image size of job updated: 516
	0  -  MemoryUsage of job (MB)
	0  -  ResidentSetSize of job (KB)
...
040 (6583.007.000) 2026-04-19 23:09:15 Finished transferring input files
...
040 (6583.009.000) 2026-04-19 23:09:15 Started transferring output files
...
040 (6583.009.000) 2026-04-19 23:09:15 Finished transferring output files
...
006 (6583.003.000) 2026-04-19 23:09:15 Image size of job updated: 188
	0  -  MemoryUsage of job (MB)
	0  -  ResidentSetSize of job (KB)
...
040 (6583.003.000) 2026-04-19 23:09:15 Started transferring output files
...
040 (6583.003.000) 2026-04-19 23:09:15 Finished transferring output files
...
005 (6583.009.000) 2026-04-19 23:09:15 Job terminated.
	(1) Normal termination (return value 1)
		Usr 0 00:00:00, Sys 0 00:00:00  -  Run Remote Usage
		Usr 0 00:00:00, Sys 0 00:00:00  -  Run Local Usage
		Usr 0 00:00:00, Sys 0 00:00:00  -  Total Remote Usage
		Usr 0 00:00:00, Sys 0 00:00:00  -  Total Local Usage
	268  -  Run Bytes Sent By Job
	1122284135  -  Run Bytes Received By Job
	268  -  Total Bytes Sent By Job
	1122284135  -  Total Bytes Received By Job
	Partitionable Resources :    Usage  Request Allocated 
	   Cpus                 :        0        1         1 
	   Disk (KB)            :  1096008  5242880   5242880 
	   GPUs                 :                           0 
	   IoHeavy              :                           0 
	   Memory (MB)          :        0     1024      1024 
	   TimeExecute (s)      :        1                    
	   TimeSlotBusy (s)     :        8                    
...
040 (6583.016.000) 2026-04-19 23:09:15 Started transferring input files
	Seconds spent in queue: 3
...
040 (6583.017.000) 2026-04-19 23:09:15 Finished transferring input files
...
005 (6583.003.000) 2026-04-19 23:09:15 Job terminated.
	(1) Normal termination (return value 1)
		Usr 0 00:00:00, Sys 0 00:00:00  -  Run Remote Usage
		Usr 0 00:00:00, Sys 0 00:00:00  -  Run Local Usage
		Usr 0 00:00:00, Sys 0 00:00:00  -  Total Remote Usage
		Usr 0 00:00:00, Sys 0 00:00:00  -  Total Local Usage
	268  -  Run Bytes Sent By Job
	1122284135  -  Run Bytes Received By Job
	268  -  Total Bytes Sent By Job
	1122284135  -  Total Bytes Received By Job
	Partitionable Resources :    Usage  Request Allocated 
	   Cpus                 :        0        1         1 
	   Disk (KB)            :  1096009  5242880   5242880 
	   GPUs                 :                           0 
	   IoHeavy              :                           0 
	   Memory (MB)          :        0     1024      1024 
	   TimeExecute (s)      :        1                    
	   TimeSlotBusy (s)     :        8                    
...
001 (6583.007.000) 2026-04-19 23:09:16 Job executing on host: <128.105.69.107:9618?addrs=128.105.69.107-9618+[2607-f388-2200-100-1270-fdff-fe56-bfe4]-9618&alias=e4056.chtc.wisc.edu&noUDP&sock=startd_16661_a380>
	SlotName: slot1_7@e4056.chtc.wisc.edu
	CondorScratchDir = "/var/lib/condor/execute/slot1/dir_2116770/scratch"
	Cpus = 1
	Disk = 5242880
	GPUs = 0
	IoHeavy = 0
	Memory = 1024
...
040 (6583.010.000) 2026-04-19 23:09:16 Started transferring input files
	Seconds spent in queue: 4
...
040 (6583.006.000) 2026-04-19 23:09:16 Started transferring input files
	Seconds spent in queue: 4
...
040 (6583.002.000) 2026-04-19 23:09:16 Finished transferring input files
...
040 (6583.001.000) 2026-04-19 23:09:16 Finished transferring input files
...
040 (6583.022.000) 2026-04-19 23:09:16 Started transferring input files
	Seconds spent in queue: 4
...
040 (6583.023.000) 2026-04-19 23:09:16 Started transferring input files
	Seconds spent in queue: 4
...
040 (6583.011.000) 2026-04-19 23:09:16 Finished transferring input files
...
040 (6583.000.000) 2026-04-19 23:09:16 Finished transferring input files
...
006 (6583.007.000) 2026-04-19 23:09:16 Image size of job updated: 4152
	0  -  MemoryUsage of job (MB)
	0  -  ResidentSetSize of job (KB)
...
040 (6583.007.000) 2026-04-19 23:09:16 Started transferring output files
...
040 (6583.007.000) 2026-04-19 23:09:16 Finished transferring output files
...
040 (6583.018.000) 2026-04-19 23:09:16 Started transferring input files
	Seconds spent in queue: 4
...
040 (6583.005.000) 2026-04-19 23:09:16 Started transferring input files
	Seconds spent in queue: 2
...
001 (6583.017.000) 2026-04-19 23:09:16 Job executing on host: <128.105.68.48:9618?addrs=128.105.68.48-9618+[2607-f388-2200-100-3680-dff-fe2e-8420]-9618&alias=e2478.chtc.wisc.edu&noUDP&sock=startd_11568_43a8>
	SlotName: slot1_3@e2478.chtc.wisc.edu
	CondorScratchDir = "/var/lib/condor/execute/slot1/dir_936810/scratch"
	Cpus = 1
	Disk = 5242880
	GPUs = 0
	IoHeavy = 0
	Memory = 1024
...
040 (6583.008.000) 2026-04-19 23:09:16 Finished transferring input files
...
040 (6583.004.000) 2026-04-19 23:09:17 Finished transferring input files
...
001 (6583.002.000) 2026-04-19 23:09:17 Job executing on host: <128.105.68.36:9618?addrs=128.105.68.36-9618+[2607-f388-2200-100-3680-dff-fe2e-7f70]-9618&alias=e2466.chtc.wisc.edu&noUDP&sock=startd_11892_8057>
	SlotName: slot1_14@e2466.chtc.wisc.edu
	CondorScratchDir = "/var/lib/condor/execute/slot1/dir_668856/scratch"
	Cpus = 1
	Disk = 5242880
	GPUs = 0
	IoHeavy = 0
	Memory = 1024
...
001 (6583.001.000) 2026-04-19 23:09:17 Job executing on host: <128.105.68.47:9618?addrs=128.105.68.47-9618+[2607-f388-2200-100-3680-dff-fe2e-8858]-9618&alias=e2477.chtc.wisc.edu&noUDP&sock=startd_11615_809c>
	SlotName: slot1_8@e2477.chtc.wisc.edu
	CondorScratchDir = "/var/lib/condor/execute/slot1/dir_1407679/scratch"
	Cpus = 1
	Disk = 5242880
	GPUs = 0
	IoHeavy = 0
	Memory = 1024
...
006 (6583.017.000) 2026-04-19 23:09:17 Image size of job updated: 272
	0  -  MemoryUsage of job (MB)
	0  -  ResidentSetSize of job (KB)
...
040 (6583.017.000) 2026-04-19 23:09:17 Started transferring output files
...
040 (6583.017.000) 2026-04-19 23:09:17 Finished transferring output files
...
005 (6583.007.000) 2026-04-19 23:09:17 Job terminated.
	(1) Normal termination (return value 1)
		Usr 0 00:00:00, Sys 0 00:00:00  -  Run Remote Usage
		Usr 0 00:00:00, Sys 0 00:00:00  -  Run Local Usage
		Usr 0 00:00:00, Sys 0 00:00:00  -  Total Remote Usage
		Usr 0 00:00:00, Sys 0 00:00:00  -  Total Local Usage
	268  -  Run Bytes Sent By Job
	1122284135  -  Run Bytes Received By Job
	268  -  Total Bytes Sent By Job
	1122284135  -  Total Bytes Received By Job
	Partitionable Resources :    Usage  Request Allocated 
	   Cpus                 :        0        1         1 
	   Disk (KB)            :  1096088  5242880   5242880 
	   GPUs                 :                           0 
	   IoHeavy              :                           0 
	   Memory (MB)          :        0     1024      1024 
	   TimeExecute (s)      :        0                    
	   TimeSlotBusy (s)     :        9                    
...
001 (6583.011.000) 2026-04-19 23:09:17 Job executing on host: <128.105.68.158:9618?addrs=128.105.68.158-9618+[2607-f388-2200-100-b226-28ff-fe50-6730]-9618&alias=e2017.chtc.wisc.edu&noUDP&sock=startd_9358_635b>
	SlotName: slot1_15@e2017.chtc.wisc.edu
	CondorScratchDir = "/var/lib/condor/execute/slot1/dir_583649/scratch"
	Cpus = 1
	Disk = 5244114
	GPUs = 0
	IoHeavy = 0
	Memory = 1024
...
001 (6583.000.000) 2026-04-19 23:09:17 Job executing on host: <128.105.68.37:9618?addrs=128.105.68.37-9618+[2607-f388-2200-100-3680-dff-fe2e-8438]-9618&alias=e2467.chtc.wisc.edu&noUDP&sock=startd_11664_1cc0>
	SlotName: slot1_14@e2467.chtc.wisc.edu
	CondorScratchDir = "/var/lib/condor/execute/slot1/dir_1596212/scratch"
	Cpus = 1
	Disk = 5242880
	GPUs = 0
	IoHeavy = 0
	Memory = 1024
...
006 (6583.002.000) 2026-04-19 23:09:17 Image size of job updated: 2636
	0  -  MemoryUsage of job (MB)
	0  -  ResidentSetSize of job (KB)
...
040 (6583.002.000) 2026-04-19 23:09:17 Started transferring output files
...
040 (6583.002.000) 2026-04-19 23:09:17 Finished transferring output files
...
006 (6583.001.000) 2026-04-19 23:09:17 Image size of job updated: 176
	0  -  MemoryUsage of job (MB)
	0  -  ResidentSetSize of job (KB)
...
005 (6583.017.000) 2026-04-19 23:09:17 Job terminated.
	(1) Normal termination (return value 1)
		Usr 0 00:00:00, Sys 0 00:00:00  -  Run Remote Usage
		Usr 0 00:00:00, Sys 0 00:00:00  -  Run Local Usage
		Usr 0 00:00:00, Sys 0 00:00:00  -  Total Remote Usage
		Usr 0 00:00:00, Sys 0 00:00:00  -  Total Local Usage
	268  -  Run Bytes Sent By Job
	1122284135  -  Run Bytes Received By Job
	268  -  Total Bytes Sent By Job
	1122284135  -  Total Bytes Received By Job
	Partitionable Resources :    Usage  Request Allocated 
	   Cpus                 :        0        1         1 
	   Disk (KB)            :  1096009  5242880   5242880 
	   GPUs                 :                           0 
	   IoHeavy              :                           0 
	   Memory (MB)          :        0     1024      1024 
	   TimeExecute (s)      :        1                    
	   TimeSlotBusy (s)     :       10                    
...
040 (6583.001.000) 2026-04-19 23:09:17 Started transferring output files
...
040 (6583.001.000) 2026-04-19 23:09:17 Finished transferring output files
...
001 (6583.008.000) 2026-04-19 23:09:18 Job executing on host: <128.105.68.150:9618?addrs=128.105.68.150-9618+[2607-f388-2200-100-b226-28ff-fe50-1774]-9618&alias=e2009.chtc.wisc.edu&noUDP&sock=startd_9365_3084>
	SlotName: slot1_9@e2009.chtc.wisc.edu
	CondorScratchDir = "/var/lib/condor/execute/slot1/dir_1479759/scratch"
	Cpus = 1
	Disk = 5242880
	GPUs = 0
	IoHeavy = 0
	Memory = 1024
...
006 (6583.000.000) 2026-04-19 23:09:18 Image size of job updated: 2076
	0  -  MemoryUsage of job (MB)
	0  -  ResidentSetSize of job (KB)
...
040 (6583.000.000) 2026-04-19 23:09:18 Started transferring output files
...
040 (6583.000.000) 2026-04-19 23:09:18 Finished transferring output files
...
001 (6583.004.000) 2026-04-19 23:09:18 Job executing on host: <128.105.68.26:9618?addrs=128.105.68.26-9618+[2607-f388-2200-100-3680-dff-fe2e-8018]-9618&alias=e2456.chtc.wisc.edu&noUDP&sock=startd_11678_b713>
	SlotName: slot1_6@e2456.chtc.wisc.edu
	CondorScratchDir = "/var/lib/condor/execute/slot1/dir_457943/scratch"
	Cpus = 1
	Disk = 5242880
	GPUs = 0
	IoHeavy = 0
	Memory = 1024
...
005 (6583.002.000) 2026-04-19 23:09:18 Job terminated.
	(1) Normal termination (return value 1)
		Usr 0 00:00:00, Sys 0 00:00:00  -  Run Remote Usage
		Usr 0 00:00:00, Sys 0 00:00:00  -  Run Local Usage
		Usr 0 00:00:00, Sys 0 00:00:00  -  Total Remote Usage
		Usr 0 00:00:00, Sys 0 00:00:00  -  Total Local Usage
	268  -  Run Bytes Sent By Job
	1122284135  -  Run Bytes Received By Job
	268  -  Total Bytes Sent By Job
	1122284135  -  Total Bytes Received By Job
	Partitionable Resources :    Usage  Request Allocated 
	   Cpus                 :        0        1         1 
	   Disk (KB)            :  1096009  5242880   5242880 
	   GPUs                 :                           0 
	   IoHeavy              :                           0 
	   Memory (MB)          :        0     1024      1024 
	   TimeExecute (s)      :        0                    
	   TimeSlotBusy (s)     :       10                    
...
006 (6583.011.000) 2026-04-19 23:09:18 Image size of job updated: 192
	0  -  MemoryUsage of job (MB)
	0  -  ResidentSetSize of job (KB)
...
040 (6583.011.000) 2026-04-19 23:09:18 Started transferring output files
...
040 (6583.011.000) 2026-04-19 23:09:18 Finished transferring output files
...
005 (6583.001.000) 2026-04-19 23:09:18 Job terminated.
	(1) Normal termination (return value 1)
		Usr 0 00:00:00, Sys 0 00:00:00  -  Run Remote Usage
		Usr 0 00:00:00, Sys 0 00:00:00  -  Run Local Usage
		Usr 0 00:00:00, Sys 0 00:00:00  -  Total Remote Usage
		Usr 0 00:00:00, Sys 0 00:00:00  -  Total Local Usage
	268  -  Run Bytes Sent By Job
	1122284135  -  Run Bytes Received By Job
	268  -  Total Bytes Sent By Job
	1122284135  -  Total Bytes Received By Job
	Partitionable Resources :      Usage  Request Allocated 
	   Cpus                 :       0.45        1         1 
	   Disk (KB)            : 1096009     5242880   5242880 
	   GPUs                 :                             0 
	   IoHeavy              :                             0 
	   Memory (MB)          :       0        1024      1024 
	   TimeExecute (s)      :       0                       
	   TimeSlotBusy (s)     :      10                       
...
005 (6583.000.000) 2026-04-19 23:09:18 Job terminated.
	(1) Normal termination (return value 1)
		Usr 0 00:00:00, Sys 0 00:00:00  -  Run Remote Usage
		Usr 0 00:00:00, Sys 0 00:00:00  -  Run Local Usage
		Usr 0 00:00:00, Sys 0 00:00:00  -  Total Remote Usage
		Usr 0 00:00:00, Sys 0 00:00:00  -  Total Local Usage
	268  -  Run Bytes Sent By Job
	1122284135  -  Run Bytes Received By Job
	268  -  Total Bytes Sent By Job
	1122284135  -  Total Bytes Received By Job
	Partitionable Resources :    Usage  Request Allocated 
	   Cpus                 :        0        1         1 
	   Disk (KB)            :  1096009  5242880   5242880 
	   GPUs                 :                           0 
	   IoHeavy              :                           0 
	   Memory (MB)          :        0     1024      1024 
	   TimeExecute (s)      :        1                    
	   TimeSlotBusy (s)     :       11                    
...
006 (6583.004.000) 2026-04-19 23:09:18 Image size of job updated: 188
	0  -  MemoryUsage of job (MB)
	0  -  ResidentSetSize of job (KB)
...
040 (6583.004.000) 2026-04-19 23:09:18 Started transferring output files
...
040 (6583.004.000) 2026-04-19 23:09:18 Finished transferring output files
...
006 (6583.008.000) 2026-04-19 23:09:18 Image size of job updated: 68
	0  -  MemoryUsage of job (MB)
	0  -  ResidentSetSize of job (KB)
...
040 (6583.008.000) 2026-04-19 23:09:18 Started transferring output files
...
040 (6583.008.000) 2026-04-19 23:09:18 Finished transferring output files
...
040 (6583.013.000) 2026-04-19 23:09:18 Finished transferring input files
...
005 (6583.004.000) 2026-04-19 23:09:18 Job terminated.
	(1) Normal termination (return value 1)
		Usr 0 00:00:00, Sys 0 00:00:00  -  Run Remote Usage
		Usr 0 00:00:00, Sys 0 00:00:00  -  Run Local Usage
		Usr 0 00:00:00, Sys 0 00:00:00  -  Total Remote Usage
		Usr 0 00:00:00, Sys 0 00:00:00  -  Total Local Usage
	268  -  Run Bytes Sent By Job
	1122284135  -  Run Bytes Received By Job
	268  -  Total Bytes Sent By Job
	1122284135  -  Total Bytes Received By Job
	Partitionable Resources :    Usage  Request Allocated 
	   Cpus                 :        0        1         1 
	   Disk (KB)            :  1096009  5242880   5242880 
	   GPUs                 :                           0 
	   IoHeavy              :                           0 
	   Memory (MB)          :        0     1024      1024 
	   TimeExecute (s)      :        0                    
	   TimeSlotBusy (s)     :       11                    
...
005 (6583.011.000) 2026-04-19 23:09:18 Job terminated.
	(1) Normal termination (return value 1)
		Usr 0 00:00:00, Sys 0 00:00:00  -  Run Remote Usage
		Usr 0 00:00:00, Sys 0 00:00:00  -  Run Local Usage
		Usr 0 00:00:00, Sys 0 00:00:00  -  Total Remote Usage
		Usr 0 00:00:00, Sys 0 00:00:00  -  Total Local Usage
	268  -  Run Bytes Sent By Job
	1122284135  -  Run Bytes Received By Job
	268  -  Total Bytes Sent By Job
	1122284135  -  Total Bytes Received By Job
	Partitionable Resources :    Usage  Request Allocated 
	   Cpus                 :        0        1         1 
	   Disk (KB)            :  1096088  5242880   5244114 
	   GPUs                 :                           0 
	   IoHeavy              :                           0 
	   Memory (MB)          :        0     1024      1024 
	   TimeExecute (s)      :        1                    
	   TimeSlotBusy (s)     :       11                    
...
040 (6583.019.000) 2026-04-19 23:09:19 Finished transferring input files
...
040 (6583.012.000) 2026-04-19 23:09:19 Finished transferring input files
...
005 (6583.008.000) 2026-04-19 23:09:19 Job terminated.
	(1) Normal termination (return value 1)
		Usr 0 00:00:00, Sys 0 00:00:00  -  Run Remote Usage
		Usr 0 00:00:00, Sys 0 00:00:00  -  Run Local Usage
		Usr 0 00:00:00, Sys 0 00:00:00  -  Total Remote Usage
		Usr 0 00:00:00, Sys 0 00:00:00  -  Total Local Usage
	268  -  Run Bytes Sent By Job
	1122284135  -  Run Bytes Received By Job
	268  -  Total Bytes Sent By Job
	1122284135  -  Total Bytes Received By Job
	Partitionable Resources :    Usage  Request Allocated 
	   Cpus                 :        0        1         1 
	   Disk (KB)            :  1096088  5242880   5242880 
	   GPUs                 :                           0 
	   IoHeavy              :                           0 
	   Memory (MB)          :        0     1024      1024 
	   TimeExecute (s)      :        0                    
	   TimeSlotBusy (s)     :       11                    
...
040 (6583.021.000) 2026-04-19 23:09:19 Finished transferring input files
...
001 (6583.013.000) 2026-04-19 23:09:19 Job executing on host: <128.105.68.42:9618?addrs=128.105.68.42-9618+[2607-f388-2200-100-3680-dff-fe2e-87b0]-9618&alias=e2472.chtc.wisc.edu&noUDP&sock=startd_11728_02cf>
	SlotName: slot1_4@e2472.chtc.wisc.edu
	CondorScratchDir = "/var/lib/condor/execute/slot1/dir_218901/scratch"
	Cpus = 1
	Disk = 5242880
	GPUs = 0
	IoHeavy = 0
	Memory = 1024
...
001 (6583.019.000) 2026-04-19 23:09:20 Job executing on host: <128.105.69.231:9618?addrs=128.105.69.231-9618+[2607-f388-2200-100-eaeb-d3ff-fe3f-fbfc]-9618&alias=e2614.chtc.wisc.edu&noUDP&sock=startd_14544_8d81>
	SlotName: slot1_12@e2614.chtc.wisc.edu
	CondorScratchDir = "/var/lib/condor/execute/slot1/dir_1264078/scratch"
	Cpus = 1
	Disk = 5242880
	GPUs = 0
	IoHeavy = 0
	Memory = 1024
...
001 (6583.012.000) 2026-04-19 23:09:20 Job executing on host: <128.105.68.156:9618?addrs=128.105.68.156-9618+[2607-f388-2200-100-b226-28ff-fe50-3c4c]-9618&alias=e2015.chtc.wisc.edu&noUDP&sock=startd_9396_73f4>
	SlotName: slot1_17@e2015.chtc.wisc.edu
	CondorScratchDir = "/var/lib/condor/execute/slot1/dir_2574171/scratch"
	Cpus = 1
	Disk = 5242880
	GPUs = 0
	IoHeavy = 0
	Memory = 1024
...
006 (6583.013.000) 2026-04-19 23:09:20 Image size of job updated: 116
	0  -  MemoryUsage of job (MB)
	0  -  ResidentSetSize of job (KB)
...
040 (6583.013.000) 2026-04-19 23:09:20 Started transferring output files
...
040 (6583.013.000) 2026-04-19 23:09:20 Finished transferring output files
...
001 (6583.021.000) 2026-04-19 23:09:20 Job executing on host: <128.105.69.181:9618?addrs=128.105.69.181-9618+[2607-f388-2200-100-1270-fdff-fe56-bd24]-9618&alias=e2564.chtc.wisc.edu&noUDP&sock=startd_14414_6231>
	SlotName: slot1_9@e2564.chtc.wisc.edu
	CondorScratchDir = "/var/lib/condor/execute/slot1/dir_2939591/scratch"
	Cpus = 1
	Disk = 5242880
	GPUs = 0
	IoHeavy = 0
	Memory = 1024
...
006 (6583.019.000) 2026-04-19 23:09:20 Image size of job updated: 596
	0  -  MemoryUsage of job (MB)
	0  -  ResidentSetSize of job (KB)
...
040 (6583.019.000) 2026-04-19 23:09:20 Started transferring output files
...
040 (6583.019.000) 2026-04-19 23:09:20 Finished transferring output files
...
006 (6583.012.000) 2026-04-19 23:09:20 Image size of job updated: 192
	0  -  MemoryUsage of job (MB)
	0  -  ResidentSetSize of job (KB)
...
005 (6583.013.000) 2026-04-19 23:09:20 Job terminated.
	(1) Normal termination (return value 1)
		Usr 0 00:00:00, Sys 0 00:00:00  -  Run Remote Usage
		Usr 0 00:00:00, Sys 0 00:00:00  -  Run Local Usage
		Usr 0 00:00:00, Sys 0 00:00:00  -  Total Remote Usage
		Usr 0 00:00:00, Sys 0 00:00:00  -  Total Local Usage
	268  -  Run Bytes Sent By Job
	1122284135  -  Run Bytes Received By Job
	268  -  Total Bytes Sent By Job
	1122284135  -  Total Bytes Received By Job
	Partitionable Resources :    Usage  Request Allocated 
	   Cpus                 :        0        1         1 
	   Disk (KB)            :  1096009  5242880   5242880 
	   GPUs                 :                           0 
	   IoHeavy              :                           0 
	   Memory (MB)          :        0     1024      1024 
	   TimeExecute (s)      :        1                    
	   TimeSlotBusy (s)     :       13                    
...
040 (6583.012.000) 2026-04-19 23:09:20 Started transferring output files
...
040 (6583.012.000) 2026-04-19 23:09:20 Finished transferring output files
...
005 (6583.019.000) 2026-04-19 23:09:21 Job terminated.
	(1) Normal termination (return value 1)
		Usr 0 00:00:00, Sys 0 00:00:00  -  Run Remote Usage
		Usr 0 00:00:00, Sys 0 00:00:00  -  Run Local Usage
		Usr 0 00:00:00, Sys 0 00:00:00  -  Total Remote Usage
		Usr 0 00:00:00, Sys 0 00:00:00  -  Total Local Usage
	268  -  Run Bytes Sent By Job
	1122284135  -  Run Bytes Received By Job
	268  -  Total Bytes Sent By Job
	1122284135  -  Total Bytes Received By Job
	Partitionable Resources :    Usage  Request Allocated 
	   Cpus                 :        0        1         1 
	   Disk (KB)            :  1096008  5242880   5242880 
	   GPUs                 :                           0 
	   IoHeavy              :                           0 
	   Memory (MB)          :        0     1024      1024 
	   TimeExecute (s)      :        0                    
	   TimeSlotBusy (s)     :       13                    
...
006 (6583.021.000) 2026-04-19 23:09:21 Image size of job updated: 20
	0  -  MemoryUsage of job (MB)
	0  -  ResidentSetSize of job (KB)
...
040 (6583.021.000) 2026-04-19 23:09:21 Started transferring output files
...
040 (6583.021.000) 2026-04-19 23:09:21 Finished transferring output files
...
005 (6583.012.000) 2026-04-19 23:09:21 Job terminated.
	(1) Normal termination (return value 1)
		Usr 0 00:00:00, Sys 0 00:00:00  -  Run Remote Usage
		Usr 0 00:00:00, Sys 0 00:00:00  -  Run Local Usage
		Usr 0 00:00:00, Sys 0 00:00:00  -  Total Remote Usage
		Usr 0 00:00:00, Sys 0 00:00:00  -  Total Local Usage
	268  -  Run Bytes Sent By Job
	1122284135  -  Run Bytes Received By Job
	268  -  Total Bytes Sent By Job
	1122284135  -  Total Bytes Received By Job
	Partitionable Resources :      Usage  Request Allocated 
	   Cpus                 :       0.46        1         1 
	   Disk (KB)            : 1096088     5242880   5242880 
	   GPUs                 :                             0 
	   IoHeavy              :                             0 
	   Memory (MB)          :       0        1024      1024 
	   TimeExecute (s)      :       0                       
	   TimeSlotBusy (s)     :      13                       
...
005 (6583.021.000) 2026-04-19 23:09:21 Job terminated.
	(1) Normal termination (return value 1)
		Usr 0 00:00:00, Sys 0 00:00:00  -  Run Remote Usage
		Usr 0 00:00:00, Sys 0 00:00:00  -  Run Local Usage
		Usr 0 00:00:00, Sys 0 00:00:00  -  Total Remote Usage
		Usr 0 00:00:00, Sys 0 00:00:00  -  Total Local Usage
	268  -  Run Bytes Sent By Job
	1122284135  -  Run Bytes Received By Job
	268  -  Total Bytes Sent By Job
	1122284135  -  Total Bytes Received By Job
	Partitionable Resources :    Usage  Request Allocated 
	   Cpus                 :        0        1         1 
	   Disk (KB)            :  1096008  5242880   5242880 
	   GPUs                 :                           0 
	   IoHeavy              :                           0 
	   Memory (MB)          :        0     1024      1024 
	   TimeExecute (s)      :        1                    
	   TimeSlotBusy (s)     :       14                    
...
040 (6583.023.000) 2026-04-19 23:09:21 Finished transferring input files
...
001 (6583.023.000) 2026-04-19 23:09:22 Job executing on host: <128.105.69.127:9618?addrs=128.105.69.127-9618+[2607-f388-2200-100-1270-fdff-fe56-6744]-9618&alias=e4076.chtc.wisc.edu&noUDP&sock=startd_10217_9735>
	SlotName: slot1_7@e4076.chtc.wisc.edu
	CondorScratchDir = "/var/lib/condor/execute/slot1/dir_2891097/scratch"
	Cpus = 1
	Disk = 5242880
	GPUs = 0
	IoHeavy = 0
	Memory = 1024
...
040 (6583.020.000) 2026-04-19 23:09:23 Finished transferring input files
...
040 (6583.015.000) 2026-04-19 23:09:23 Finished transferring input files
...
006 (6583.023.000) 2026-04-19 23:09:23 Image size of job updated: 88
	0  -  MemoryUsage of job (MB)
	0  -  ResidentSetSize of job (KB)
...
040 (6583.023.000) 2026-04-19 23:09:23 Started transferring output files
	Seconds spent in queue: 11
...
040 (6583.023.000) 2026-04-19 23:09:23 Finished transferring output files
...
001 (6583.020.000) 2026-04-19 23:09:24 Job executing on host: <128.105.68.155:9618?addrs=128.105.68.155-9618+[2607-f388-2200-100-b226-28ff-fe50-5c14]-9618&alias=e2014.chtc.wisc.edu&noUDP&sock=startd_9440_a21f>
	SlotName: slot1_8@e2014.chtc.wisc.edu
	CondorScratchDir = "/var/lib/condor/execute/slot1/dir_2599649/scratch"
	Cpus = 1
	Disk = 5242880
	GPUs = 0
	IoHeavy = 0
	Memory = 1024
...
001 (6583.015.000) 2026-04-19 23:09:24 Job executing on host: <128.105.69.186:9618?addrs=128.105.69.186-9618+[2607-f388-2200-100-1270-fdff-fe56-c3b4]-9618&alias=e4038.chtc.wisc.edu&noUDP&sock=startd_16653_26be>
	SlotName: slot1_8@e4038.chtc.wisc.edu
	CondorScratchDir = "/var/lib/condor/execute/slot1/dir_2489590/scratch"
	Cpus = 1
	Disk = 5242880
	GPUs = 0
	IoHeavy = 0
	Memory = 1024
...
005 (6583.023.000) 2026-04-19 23:09:24 Job terminated.
	(1) Normal termination (return value 1)
		Usr 0 00:00:00, Sys 0 00:00:00  -  Run Remote Usage
		Usr 0 00:00:00, Sys 0 00:00:00  -  Run Local Usage
		Usr 0 00:00:00, Sys 0 00:00:00  -  Total Remote Usage
		Usr 0 00:00:00, Sys 0 00:00:00  -  Total Local Usage
	268  -  Run Bytes Sent By Job
	1122284135  -  Run Bytes Received By Job
	268  -  Total Bytes Sent By Job
	1122284135  -  Total Bytes Received By Job
	Partitionable Resources :    Usage  Request Allocated 
	   Cpus                 :        0        1         1 
	   Disk (KB)            :  1096088  5242880   5242880 
	   GPUs                 :                           0 
	   IoHeavy              :                           0 
	   Memory (MB)          :        0     1024      1024 
	   TimeExecute (s)      :        1                    
	   TimeSlotBusy (s)     :       16                    
...
040 (6583.014.000) 2026-04-19 23:09:24 Finished transferring input files
...
006 (6583.015.000) 2026-04-19 23:09:24 Image size of job updated: 3832
	0  -  MemoryUsage of job (MB)
	0  -  ResidentSetSize of job (KB)
...
040 (6583.015.000) 2026-04-19 23:09:24 Started transferring output files
	Seconds spent in queue: 12
...
040 (6583.015.000) 2026-04-19 23:09:24 Finished transferring output files
...
006 (6583.020.000) 2026-04-19 23:09:24 Image size of job updated: 204
	0  -  MemoryUsage of job (MB)
	0  -  ResidentSetSize of job (KB)
...
040 (6583.020.000) 2026-04-19 23:09:24 Started transferring output files
	Seconds spent in queue: 12
...
040 (6583.020.000) 2026-04-19 23:09:24 Finished transferring output files
...
005 (6583.015.000) 2026-04-19 23:09:25 Job terminated.
	(1) Normal termination (return value 1)
		Usr 0 00:00:00, Sys 0 00:00:00  -  Run Remote Usage
		Usr 0 00:00:00, Sys 0 00:00:00  -  Run Local Usage
		Usr 0 00:00:00, Sys 0 00:00:00  -  Total Remote Usage
		Usr 0 00:00:00, Sys 0 00:00:00  -  Total Local Usage
	268  -  Run Bytes Sent By Job
	1122284135  -  Run Bytes Received By Job
	268  -  Total Bytes Sent By Job
	1122284135  -  Total Bytes Received By Job
	Partitionable Resources :    Usage  Request Allocated 
	   Cpus                 :        0        1         1 
	   Disk (KB)            :  1096088  5242880   5242880 
	   GPUs                 :                           0 
	   IoHeavy              :                           0 
	   Memory (MB)          :        0     1024      1024 
	   TimeExecute (s)      :        0                    
	   TimeSlotBusy (s)     :       17                    
...
005 (6583.020.000) 2026-04-19 23:09:25 Job terminated.
	(1) Normal termination (return value 1)
		Usr 0 00:00:00, Sys 0 00:00:00  -  Run Remote Usage
		Usr 0 00:00:00, Sys 0 00:00:00  -  Run Local Usage
		Usr 0 00:00:00, Sys 0 00:00:00  -  Total Remote Usage
		Usr 0 00:00:00, Sys 0 00:00:00  -  Total Local Usage
	268  -  Run Bytes Sent By Job
	1122284135  -  Run Bytes Received By Job
	268  -  Total Bytes Sent By Job
	1122284135  -  Total Bytes Received By Job
	Partitionable Resources :    Usage  Request Allocated 
	   Cpus                 :        0        1         1 
	   Disk (KB)            :  1096088  5242880   5242880 
	   GPUs                 :                           0 
	   IoHeavy              :                           0 
	   Memory (MB)          :        0     1024      1024 
	   TimeExecute (s)      :        0                    
	   TimeSlotBusy (s)     :       17                    
...
001 (6583.014.000) 2026-04-19 23:09:25 Job executing on host: <128.105.69.158:9618?addrs=128.105.69.158-9618+[2607-f388-2200-100-1270-fdff-fe56-4684]-9618&alias=e4091.chtc.wisc.edu&noUDP&sock=startd_15620_9969>
	SlotName: slot1_25@e4091.chtc.wisc.edu
	CondorScratchDir = "/var/lib/condor/execute/slot1/dir_332980/scratch"
	Cpus = 1
	Disk = 5242880
	GPUs = 0
	IoHeavy = 0
	Memory = 1024
...
006 (6583.014.000) 2026-04-19 23:09:26 Image size of job updated: 3028
	0  -  MemoryUsage of job (MB)
	0  -  ResidentSetSize of job (KB)
...
040 (6583.014.000) 2026-04-19 23:09:26 Started transferring output files
	Seconds spent in queue: 14
...
040 (6583.014.000) 2026-04-19 23:09:26 Finished transferring output files
...
040 (6583.022.000) 2026-04-19 23:09:26 Finished transferring input files
...
005 (6583.014.000) 2026-04-19 23:09:26 Job terminated.
	(1) Normal termination (return value 1)
		Usr 0 00:00:00, Sys 0 00:00:00  -  Run Remote Usage
		Usr 0 00:00:00, Sys 0 00:00:00  -  Run Local Usage
		Usr 0 00:00:00, Sys 0 00:00:00  -  Total Remote Usage
		Usr 0 00:00:00, Sys 0 00:00:00  -  Total Local Usage
	268  -  Run Bytes Sent By Job
	1122284135  -  Run Bytes Received By Job
	268  -  Total Bytes Sent By Job
	1122284135  -  Total Bytes Received By Job
	Partitionable Resources :    Usage  Request Allocated 
	   Cpus                 :        0        1         1 
	   Disk (KB)            :  1096088  5242880   5242880 
	   GPUs                 :                           0 
	   IoHeavy              :                           0 
	   Memory (MB)          :        0     1024      1024 
	   TimeExecute (s)      :        1                    
	   TimeSlotBusy (s)     :       19                    
...
040 (6583.016.000) 2026-04-19 23:09:27 Finished transferring input files
...
001 (6583.022.000) 2026-04-19 23:09:27 Job executing on host: <128.105.69.113:9618?addrs=128.105.69.113-9618+[2607-f388-2200-100-1270-fdff-fe56-6dbc]-9618&alias=e4062.chtc.wisc.edu&noUDP&sock=startd_16701_1349>
	SlotName: slot1_2@e4062.chtc.wisc.edu
	CondorScratchDir = "/var/lib/condor/execute/slot1/dir_450157/scratch"
	Cpus = 1
	Disk = 5242880
	GPUs = 0
	IoHeavy = 0
	Memory = 1024
...
040 (6583.010.000) 2026-04-19 23:09:27 Finished transferring input files
...
001 (6583.016.000) 2026-04-19 23:09:28 Job executing on host: <128.105.69.204:9618?addrs=128.105.69.204-9618+[2607-f388-2200-100-1270-fdff-fe56-b85c]-9618&alias=e4035.chtc.wisc.edu&noUDP&sock=startd_16584_d2b5>
	SlotName: slot1_17@e4035.chtc.wisc.edu
	CondorScratchDir = "/var/lib/condor/execute/slot1/dir_2114593/scratch"
	Cpus = 1
	Disk = 5242880
	GPUs = 0
	IoHeavy = 0
	Memory = 1024
...
006 (6583.022.000) 2026-04-19 23:09:28 Image size of job updated: 20
	0  -  MemoryUsage of job (MB)
	0  -  ResidentSetSize of job (KB)
...
040 (6583.022.000) 2026-04-19 23:09:28 Started transferring output files
	Seconds spent in queue: 16
...
040 (6583.022.000) 2026-04-19 23:09:28 Finished transferring output files
...
006 (6583.016.000) 2026-04-19 23:09:28 Image size of job updated: 1780
	0  -  MemoryUsage of job (MB)
	0  -  ResidentSetSize of job (KB)
...
040 (6583.016.000) 2026-04-19 23:09:28 Started transferring output files
	Seconds spent in queue: 16
...
040 (6583.016.000) 2026-04-19 23:09:28 Finished transferring output files
...
001 (6583.010.000) 2026-04-19 23:09:28 Job executing on host: <128.105.69.119:9618?addrs=128.105.69.119-9618+[2607-f388-2200-100-1270-fdff-fe56-ccdc]-9618&alias=e4068.chtc.wisc.edu&noUDP&sock=startd_16634_1e71>
	SlotName: slot1_11@e4068.chtc.wisc.edu
	CondorScratchDir = "/var/lib/condor/execute/slot1/dir_1405639/scratch"
	Cpus = 1
	Disk = 5242880
	GPUs = 0
	IoHeavy = 0
	Memory = 1024
...
005 (6583.022.000) 2026-04-19 23:09:28 Job terminated.
	(1) Normal termination (return value 1)
		Usr 0 00:00:00, Sys 0 00:00:00  -  Run Remote Usage
		Usr 0 00:00:00, Sys 0 00:00:00  -  Run Local Usage
		Usr 0 00:00:00, Sys 0 00:00:00  -  Total Remote Usage
		Usr 0 00:00:00, Sys 0 00:00:00  -  Total Local Usage
	268  -  Run Bytes Sent By Job
	1122284135  -  Run Bytes Received By Job
	268  -  Total Bytes Sent By Job
	1122284135  -  Total Bytes Received By Job
	Partitionable Resources :    Usage  Request Allocated 
	   Cpus                 :        0        1         1 
	   Disk (KB)            :  1096088  5242880   5242880 
	   GPUs                 :                           0 
	   IoHeavy              :                           0 
	   Memory (MB)          :        0     1024      1024 
	   TimeExecute (s)      :        1                    
	   TimeSlotBusy (s)     :       21                    
...
005 (6583.016.000) 2026-04-19 23:09:29 Job terminated.
	(1) Normal termination (return value 1)
		Usr 0 00:00:00, Sys 0 00:00:00  -  Run Remote Usage
		Usr 0 00:00:00, Sys 0 00:00:00  -  Run Local Usage
		Usr 0 00:00:00, Sys 0 00:00:00  -  Total Remote Usage
		Usr 0 00:00:00, Sys 0 00:00:00  -  Total Local Usage
	268  -  Run Bytes Sent By Job
	1122284135  -  Run Bytes Received By Job
	268  -  Total Bytes Sent By Job
	1122284135  -  Total Bytes Received By Job
	Partitionable Resources :    Usage  Request Allocated 
	   Cpus                 :        0        1         1 
	   Disk (KB)            :  1096088  5242880   5242880 
	   GPUs                 :                           0 
	   IoHeavy              :                           0 
	   Memory (MB)          :        0     1024      1024 
	   TimeExecute (s)      :        0                    
	   TimeSlotBusy (s)     :       21                    
...
006 (6583.010.000) 2026-04-19 23:09:29 Image size of job updated: 16
	0  -  MemoryUsage of job (MB)
	0  -  ResidentSetSize of job (KB)
...
040 (6583.010.000) 2026-04-19 23:09:29 Started transferring output files
	Seconds spent in queue: 17
...
040 (6583.010.000) 2026-04-19 23:09:29 Finished transferring output files
...
040 (6583.006.000) 2026-04-19 23:09:30 Finished transferring input files
...
005 (6583.010.000) 2026-04-19 23:09:30 Job terminated.
	(1) Normal termination (return value 1)
		Usr 0 00:00:00, Sys 0 00:00:00  -  Run Remote Usage
		Usr 0 00:00:00, Sys 0 00:00:00  -  Run Local Usage
		Usr 0 00:00:00, Sys 0 00:00:00  -  Total Remote Usage
		Usr 0 00:00:00, Sys 0 00:00:00  -  Total Local Usage
	268  -  Run Bytes Sent By Job
	1122284135  -  Run Bytes Received By Job
	268  -  Total Bytes Sent By Job
	1122284135  -  Total Bytes Received By Job
	Partitionable Resources :    Usage  Request Allocated 
	   Cpus                 :        0        1         1 
	   Disk (KB)            :  1096088  5242880   5242880 
	   GPUs                 :                           0 
	   IoHeavy              :                           0 
	   Memory (MB)          :        0     1024      1024 
	   TimeExecute (s)      :        1                    
	   TimeSlotBusy (s)     :       22                    
...
040 (6583.018.000) 2026-04-19 23:09:30 Finished transferring input files
...
001 (6583.006.000) 2026-04-19 23:09:31 Job executing on host: <128.105.69.109:9618?addrs=128.105.69.109-9618+[2607-f388-2200-100-1270-fdff-fe56-bf64]-9618&alias=e4058.chtc.wisc.edu&noUDP&sock=startd_16652_7725>
	SlotName: slot1_38@e4058.chtc.wisc.edu
	CondorScratchDir = "/var/lib/condor/execute/slot1/dir_3408655/scratch"
	Cpus = 1
	Disk = 5242880
	GPUs = 0
	IoHeavy = 0
	Memory = 1024
...
001 (6583.018.000) 2026-04-19 23:09:31 Job executing on host: <128.105.68.15:9618?addrs=128.105.68.15-9618+[2607-f388-2200-100-b226-28ff-fe51-615c]-9618&alias=e2008.chtc.wisc.edu&noUDP&sock=startd_9345_78a0>
	SlotName: slot1_8@e2008.chtc.wisc.edu
	CondorScratchDir = "/var/lib/condor/execute/slot1/dir_1158033/scratch"
	Cpus = 1
	Disk = 5242880
	GPUs = 0
	IoHeavy = 0
	Memory = 1024
...
006 (6583.006.000) 2026-04-19 23:09:31 Image size of job updated: 192
	0  -  MemoryUsage of job (MB)
	0  -  ResidentSetSize of job (KB)
...
040 (6583.006.000) 2026-04-19 23:09:31 Started transferring output files
	Seconds spent in queue: 19
...
040 (6583.006.000) 2026-04-19 23:09:31 Finished transferring output files
...
006 (6583.018.000) 2026-04-19 23:09:31 Image size of job updated: 188
	0  -  MemoryUsage of job (MB)
	0  -  ResidentSetSize of job (KB)
...
040 (6583.018.000) 2026-04-19 23:09:31 Started transferring output files
	Seconds spent in queue: 19
...
040 (6583.018.000) 2026-04-19 23:09:31 Finished transferring output files
...
005 (6583.006.000) 2026-04-19 23:09:32 Job terminated.
	(1) Normal termination (return value 1)
		Usr 0 00:00:00, Sys 0 00:00:00  -  Run Remote Usage
		Usr 0 00:00:00, Sys 0 00:00:00  -  Run Local Usage
		Usr 0 00:00:00, Sys 0 00:00:00  -  Total Remote Usage
		Usr 0 00:00:00, Sys 0 00:00:00  -  Total Local Usage
	268  -  Run Bytes Sent By Job
	1122284135  -  Run Bytes Received By Job
	268  -  Total Bytes Sent By Job
	1122284135  -  Total Bytes Received By Job
	Partitionable Resources :    Usage  Request Allocated 
	   Cpus                 :        0        1         1 
	   Disk (KB)            :  1096088  5242880   5242880 
	   GPUs                 :                           0 
	   IoHeavy              :                           0 
	   Memory (MB)          :        0     1024      1024 
	   TimeExecute (s)      :        0                    
	   TimeSlotBusy (s)     :       24                    
...
005 (6583.018.000) 2026-04-19 23:09:32 Job terminated.
	(1) Normal termination (return value 1)
		Usr 0 00:00:00, Sys 0 00:00:00  -  Run Remote Usage
		Usr 0 00:00:00, Sys 0 00:00:00  -  Run Local Usage
		Usr 0 00:00:00, Sys 0 00:00:00  -  Total Remote Usage
		Usr 0 00:00:00, Sys 0 00:00:00  -  Total Local Usage
	268  -  Run Bytes Sent By Job
	1122284135  -  Run Bytes Received By Job
	268  -  Total Bytes Sent By Job
	1122284135  -  Total Bytes Received By Job
	Partitionable Resources :    Usage  Request Allocated 
	   Cpus                 :        0        1         1 
	   Disk (KB)            :  1096088  5242880   5242880 
	   GPUs                 :                           0 
	   IoHeavy              :                           0 
	   Memory (MB)          :        0     1024      1024 
	   TimeExecute (s)      :        0                    
	   TimeSlotBusy (s)     :       24                    
...
040 (6583.005.000) 2026-04-19 23:09:32 Finished transferring input files
...
001 (6583.005.000) 2026-04-19 23:09:33 Job executing on host: <128.105.68.154:9618?addrs=128.105.68.154-9618+[fde1-53ba-e9a0-de11-8055-9bb5-58cf-8aeb]-9618&alias=e2013.chtc.wisc.edu&noUDP&sock=startd_11559_174e>
	SlotName: slot1_10@e2013.chtc.wisc.edu
	CondorScratchDir = "/var/lib/condor/execute/slot1/dir_3042047/scratch"
	Cpus = 1
	Disk = 5242880
	GPUs = 0
	IoHeavy = 0
	Memory = 1024
...
022 (6583.005.000) 2026-04-19 23:09:33 Job disconnected, attempting to reconnect
    Socket between submit and execute hosts closed unexpectedly
    Trying to reconnect to slot1_10@e2013.chtc.wisc.edu <128.105.68.154:9618?addrs=128.105.68.154-9618+[fde1-53ba-e9a0-de11-8055-9bb5-58cf-8aeb]-9618&alias=e2013.chtc.wisc.edu&noUDP&sock=startd_11559_174e>
...
024 (6583.005.000) 2026-04-19 23:09:41 Job reconnection failed
    Job not found at execution machine
    Can not reconnect to slot1_10@e2013.chtc.wisc.edu, rescheduling job
...
004 (6583.005.000) 2026-04-19 23:09:41 Job was evicted. Code 1008 Subcode 0
	(0) CPU times
		Usr 0 00:00:00, Sys 0 00:00:00  -  Run Remote Usage
		Usr 0 00:00:00, Sys 0 00:00:00  -  Run Local Usage
	0  -  Run Bytes Sent By Job
	1122284135  -  Run Bytes Received By Job
	Reason: Job not found at execution machine
	Partitionable Resources :    Usage  Request Allocated 
	   Cpus                 :                 1         1 
	   Disk (KB)            :  1096044  5242880   5242880 
	   GPUs                 :                           0 
	   IoHeavy              :                           0 
	   Memory (MB)          :              1024      1024 
	   TimeSlotBusy (s)     :       34                    
...
040 (6583.005.000) 2026-04-19 23:09:54 Started transferring input files
	Seconds spent in queue: 40
...
040 (6583.005.000) 2026-04-19 23:10:05 Finished transferring input files
...
001 (6583.005.000) 2026-04-19 23:10:06 Job executing on host: <128.105.68.55:9618?addrs=128.105.68.55-9618+[2607-f388-2200-100-3680-dff-fe2e-8678]-9618&alias=e2485.chtc.wisc.edu&noUDP&sock=startd_11789_da16>
	SlotName: slot1_18@e2485.chtc.wisc.edu
	CondorScratchDir = "/var/lib/condor/execute/slot1/dir_3874902/scratch"
	Cpus = 1
	Disk = 5242880
	GPUs = 0
	IoHeavy = 0
	Memory = 1024
...
006 (6583.005.000) 2026-04-19 23:10:06 Image size of job updated: 952
	0  -  MemoryUsage of job (MB)
	0  -  ResidentSetSize of job (KB)
...
040 (6583.005.000) 2026-04-19 23:10:06 Started transferring output files
	Seconds spent in queue: 52
...
040 (6583.005.000) 2026-04-19 23:10:06 Finished transferring output files
...
005 (6583.005.000) 2026-04-19 23:10:07 Job terminated.
	(1) Normal termination (return value 1)
		Usr 0 00:00:00, Sys 0 00:00:00  -  Run Remote Usage
		Usr 0 00:00:00, Sys 0 00:00:00  -  Run Local Usage
		Usr 0 00:00:00, Sys 0 00:00:00  -  Total Remote Usage
		Usr 0 00:00:00, Sys 0 00:00:00  -  Total Local Usage
	268  -  Run Bytes Sent By Job
	1122284135  -  Run Bytes Received By Job
	268  -  Total Bytes Sent By Job
	2244568270  -  Total Bytes Received By Job
	Partitionable Resources :    Usage  Request Allocated 
	   Cpus                 :        0        1         1 
	   Disk (KB)            :  1096010  5242880   5242880 
	   GPUs                 :                           0 
	   IoHeavy              :                           0 
	   Memory (MB)          :        0     1024      1024 
	   TimeExecute (s)      :        0                    
	   TimeSlotBusy (s)     :       12                    
...
