000 (6705.000.000) 2026-04-20 18:50:48 Job submitted from host: <128.105.76.6:9618?addrs=128.105.76.6-9618+[2607-f388-2200-100-216-3eff-fe63-f8a5]-9618&alias=learn.chtc.wisc.edu&noUDP&sock=schedd_6739_f8d1>
...
040 (6705.000.000) 2026-04-20 18:51:19 Started transferring input files
	Transferring to host: <128.105.68.51:9618?addrs=128.105.68.51-9618+[2607-f388-2200-100-3680-dff-fe2e-8738]-9618&alias=e2481.chtc.wisc.edu&noUDP&sock=slot1_31_85909_697f_90088>
...
040 (6705.000.000) 2026-04-20 18:51:44 Finished transferring input files
...
040 (6705.000.000) 2026-04-20 18:51:45 Started transferring output files
...
040 (6705.000.000) 2026-04-20 18:51:45 Finished transferring output files
...
021 (6705.000.000) 2026-04-20 18:51:45 Error from starter on slot1_31@e2481.chtc.wisc.edu:
	Failed to transfer files: FILETRANSFER:1:non-zero exit (1) from /usr/libexec/condor/curl_plugin. |Error: Couldn't open file /staging/jgillett/r_packages.sif (with environment: http_proxy='http://squid-cs-2360.chtc.wisc.edu:3128', https_proxy='') ( URL file = file:///staging/jgillett/r_packages.sif )|
	Code 12 Subcode 256
...
004 (6705.000.000) 2026-04-20 18:51:46 Job was evicted. Code 13 Subcode 256
	(0) CPU times
		Usr 0 00:00:00, Sys 0 00:00:00  -  Run Remote Usage
		Usr 0 00:00:00, Sys 0 00:00:00  -  Run Local Usage
	0  -  Run Bytes Sent By Job
	0  -  Run Bytes Received By Job
	Reason: Transfer input files failure at execution point slot1_31@e2481.chtc.wisc.edu using protocol file. Details: Couldn't open file /staging/jgillett/r_packages.sif (with environment: http_proxy='http://squid-cs-2360.chtc.wisc.edu:3128', https_proxy='') ( URL file = file:///staging/jgillett/r_packages.sif )|
	Partitionable Resources :      Usage  Request Allocated 
	   Cpus                 :       0.98        1         1 
	   Disk (KB)            : 2822089     5242880   5242880 
	   GPUs                 :                             0 
	   IoHeavy              :                             0 
	   Memory (MB)          :                1024      1024 
...
012 (6705.000.000) 2026-04-20 18:51:46 Job was held.
	Transfer input files failure at execution point slot1_31@e2481.chtc.wisc.edu using protocol file. Details: Couldn't open file /staging/jgillett/r_packages.sif (with environment: http_proxy='http://squid-cs-2360.chtc.wisc.edu:3128', https_proxy='') ( URL file = file:///staging/jgillett/r_packages.sif )|
	Code 13 Subcode 256
...
009 (6705.000.000) 2026-04-20 19:03:24 Job was aborted.
	via condor_rm (by user sbasnet3)
...
