000 (6708.000.000) 2026-04-20 19:03:07 Job submitted from host: <128.105.76.6:9618?addrs=128.105.76.6-9618+[2607-f388-2200-100-216-3eff-fe63-f8a5]-9618&alias=learn.chtc.wisc.edu&noUDP&sock=schedd_6739_f8d1>
...
040 (6708.000.000) 2026-04-20 19:03:17 Started transferring input files
	Transferring to host: <128.105.68.38:9618?addrs=128.105.68.38-9618+[2607-f388-2200-100-3680-dff-fe2e-8660]-9618&alias=e2468.chtc.wisc.edu&noUDP&sock=slot1_33_2585800_c5b8_94965>
...
040 (6708.000.000) 2026-04-20 19:03:49 Finished transferring input files
...
040 (6708.000.000) 2026-04-20 19:03:50 Started transferring output files
...
040 (6708.000.000) 2026-04-20 19:03:50 Finished transferring output files
...
021 (6708.000.000) 2026-04-20 19:03:50 Error from starter on slot1_33@e2468.chtc.wisc.edu:
	Failed to transfer files: FILETRANSFER:1:non-zero exit (1) from /usr/libexec/condor/curl_plugin. |Error: Couldn't open file /staging/jgillett/r_packages.sif (with environment: http_proxy='http://squid-cs-2360.chtc.wisc.edu:3128', https_proxy='') ( URL file = file:///staging/jgillett/r_packages.sif )|
	Code 12 Subcode 256
...
004 (6708.000.000) 2026-04-20 19:03:51 Job was evicted. Code 13 Subcode 256
	(0) CPU times
		Usr 0 00:00:00, Sys 0 00:00:00  -  Run Remote Usage
		Usr 0 00:00:00, Sys 0 00:00:00  -  Run Local Usage
	0  -  Run Bytes Sent By Job
	0  -  Run Bytes Received By Job
	Reason: Transfer input files failure at execution point slot1_33@e2468.chtc.wisc.edu using protocol file. Details: Couldn't open file /staging/jgillett/r_packages.sif (with environment: http_proxy='http://squid-cs-2360.chtc.wisc.edu:3128', https_proxy='') ( URL file = file:///staging/jgillett/r_packages.sif )|
	Partitionable Resources :    Usage  Request Allocated 
	   Cpus                 :        0        1         1 
	   Disk (KB)            :  2822089  5242880   5242880 
	   GPUs                 :                           0 
	   IoHeavy              :                           0 
	   Memory (MB)          :              1024      1024 
...
012 (6708.000.000) 2026-04-20 19:03:51 Job was held.
	Transfer input files failure at execution point slot1_33@e2468.chtc.wisc.edu using protocol file. Details: Couldn't open file /staging/jgillett/r_packages.sif (with environment: http_proxy='http://squid-cs-2360.chtc.wisc.edu:3128', https_proxy='') ( URL file = file:///staging/jgillett/r_packages.sif )|
	Code 13 Subcode 256
...
009 (6708.000.000) 2026-04-20 19:20:24 Job was aborted.
	via condor_rm (by user sbasnet3)
...
