000 (6733.000.000) 2026-04-20 19:45:51 Job submitted from host: <128.105.76.6:9618?addrs=128.105.76.6-9618+[2607-f388-2200-100-216-3eff-fe63-f8a5]-9618&alias=learn.chtc.wisc.edu&noUDP&sock=schedd_6739_f8d1>
...
040 (6733.000.000) 2026-04-20 19:46:07 Started transferring input files
	Transferring to host: <128.105.68.150:9618?addrs=128.105.68.150-9618+[2607-f388-2200-100-b226-28ff-fe50-1774]-9618&alias=e2009.chtc.wisc.edu&noUDP&sock=slot1_19_2878906_7707_74004>
...
040 (6733.000.000) 2026-04-20 19:46:10 Finished transferring input files
...
040 (6733.000.000) 2026-04-20 19:46:11 Started transferring output files
...
040 (6733.000.000) 2026-04-20 19:46:11 Finished transferring output files
...
021 (6733.000.000) 2026-04-20 19:46:11 Error from starter on slot1_19@e2009.chtc.wisc.edu:
	Failed to transfer files: SHADOW at 128.105.76.6 failed to send file(s) to <128.105.68.150:40859>: |Error: 1 total failures: first failure: reading from file /home/sbasnet3/DSCP-Project/src/analysis/analysis.R: (errno 2) No such file or directory; STARTER failed to receive file(s) from <128.105.76.6:9618>
	Code 13 Subcode 2
...
004 (6733.000.000) 2026-04-20 19:46:12 Job was evicted. Code 13 Subcode 2
	(0) CPU times
		Usr 0 00:00:00, Sys 0 00:00:00  -  Run Remote Usage
		Usr 0 00:00:00, Sys 0 00:00:00  -  Run Local Usage
	0  -  Run Bytes Sent By Job
	0  -  Run Bytes Received By Job
	Reason: Transfer input files failure at access point learn while sending files to execution point slot1_19@e2009.chtc.wisc.edu. Details: 1 total failures: first failure: reading from file /home/sbasnet3/DSCP-Project/src/analysis/analysis.R: (errno 2) No such file or directory
	Partitionable Resources :    Usage  Request Allocated 
	   Cpus                 :        0        1         1 
	   Disk (KB)            :   778328  5242880   5242880 
	   GPUs                 :                           0 
	   IoHeavy              :                           0 
	   Memory (MB)          :              3072      3072 
...
012 (6733.000.000) 2026-04-20 19:46:12 Job was held.
	Transfer input files failure at access point learn while sending files to execution point slot1_19@e2009.chtc.wisc.edu. Details: 1 total failures: first failure: reading from file /home/sbasnet3/DSCP-Project/src/analysis/analysis.R: (errno 2) No such file or directory
	Code 13 Subcode 2
...
009 (6733.000.000) 2026-04-20 19:48:45 Job was aborted.
	via condor_rm (by user sbasnet3)
...
