000 (6736.000.000) 2026-04-20 19:49:22 Job submitted from host: <128.105.76.6:9618?addrs=128.105.76.6-9618+[2607-f388-2200-100-216-3eff-fe63-f8a5]-9618&alias=learn.chtc.wisc.edu&noUDP&sock=schedd_6739_f8d1>
...
040 (6736.000.000) 2026-04-20 19:50:07 Started transferring input files
	Transferring to host: <128.105.68.159:9618?addrs=128.105.68.159-9618+[2607-f388-2200-100-b226-28ff-fe51-396c]-9618&alias=e2018.chtc.wisc.edu&noUDP&sock=slot1_13_3497627_61af_91101>
...
040 (6736.000.000) 2026-04-20 19:50:11 Finished transferring input files
...
040 (6736.000.000) 2026-04-20 19:50:12 Started transferring output files
...
040 (6736.000.000) 2026-04-20 19:50:12 Finished transferring output files
...
021 (6736.000.000) 2026-04-20 19:50:12 Error from starter on slot1_13@e2018.chtc.wisc.edu:
	Failed to transfer files: FILETRANSFER:1:non-zero exit (1) from /usr/libexec/condor/curl_plugin. |Error: Couldn't open file /staging/groups/STAT_DSCP/boss/part-0.csv (with environment: http_proxy='http://squid-cs-2360.chtc.wisc.edu:3128', https_proxy='') ( URL file = file:///staging/groups/STAT_DSCP/boss/part-0.csv )|
	Code 12 Subcode 256
...
004 (6736.000.000) 2026-04-20 19:50:12 Job was evicted. Code 13 Subcode 256
	(0) CPU times
		Usr 0 00:00:00, Sys 0 00:00:00  -  Run Remote Usage
		Usr 0 00:00:00, Sys 0 00:00:00  -  Run Local Usage
	0  -  Run Bytes Sent By Job
	0  -  Run Bytes Received By Job
	Reason: Transfer input files failure at execution point slot1_13@e2018.chtc.wisc.edu using protocol file. Details: Couldn't open file /staging/groups/STAT_DSCP/boss/part-0.csv (with environment: http_proxy='http://squid-cs-2360.chtc.wisc.edu:3128', https_proxy='') ( URL file = file:///staging/groups/STAT_DSCP/boss/part-0.csv )|
	Partitionable Resources :    Usage  Request Allocated 
	   Cpus                 :        0        1         1 
	   Disk (KB)            :   778302  1048576   1048576 
	   GPUs                 :                           0 
	   IoHeavy              :                           0 
	   Memory (MB)          :              1024      1024 
...
012 (6736.000.000) 2026-04-20 19:50:12 Job was held.
	Transfer input files failure at execution point slot1_13@e2018.chtc.wisc.edu using protocol file. Details: Couldn't open file /staging/groups/STAT_DSCP/boss/part-0.csv (with environment: http_proxy='http://squid-cs-2360.chtc.wisc.edu:3128', https_proxy='') ( URL file = file:///staging/groups/STAT_DSCP/boss/part-0.csv )|
	Code 13 Subcode 256
...
009 (6736.000.000) 2026-04-20 19:52:45 Job was aborted.
	via condor_rm (by user sbasnet3)
...
