000 (6738.000.000) 2026-04-20 19:52:17 Job submitted from host: <128.105.76.6:9618?addrs=128.105.76.6-9618+[2607-f388-2200-100-216-3eff-fe63-f8a5]-9618&alias=learn.chtc.wisc.edu&noUDP&sock=schedd_6739_f8d1>
...
040 (6738.000.000) 2026-04-20 19:52:32 Started transferring input files
	Transferring to host: <128.105.69.118:9618?addrs=128.105.69.118-9618+[2607-f388-2200-100-1270-fdff-fe56-ccac]-9618&alias=e4067.chtc.wisc.edu&noUDP&sock=slot1_59_3543684_b460_104904>
...
040 (6738.000.000) 2026-04-20 19:52:40 Finished transferring input files
...
040 (6738.000.000) 2026-04-20 19:52:41 Started transferring output files
...
021 (6738.000.000) 2026-04-20 19:52:41 Error from starter on slot1_59@e4067.chtc.wisc.edu:
	Failed to transfer files: FILETRANSFER:1:non-zero exit (1) from /usr/libexec/condor/curl_plugin. |Error: Couldn't open file /home/groups/STAT_DSCP/Group4_NYCTaxi/part-0.csv (with environment: http_proxy='http://squid-cs-2360.chtc.wisc.edu:3128', https_proxy='') ( URL file = file:///home/groups/STAT_DSCP/Group4_NYCTaxi/part-0.csv )|
	Code 12 Subcode 256
...
004 (6738.000.000) 2026-04-20 19:52:42 Job was evicted. Code 13 Subcode 256
	(0) CPU times
		Usr 0 00:00:00, Sys 0 00:00:00  -  Run Remote Usage
		Usr 0 00:00:00, Sys 0 00:00:00  -  Run Local Usage
	0  -  Run Bytes Sent By Job
	0  -  Run Bytes Received By Job
	Reason: Transfer input files failure at execution point slot1_59@e4067.chtc.wisc.edu using protocol file. Details: Couldn't open file /home/groups/STAT_DSCP/Group4_NYCTaxi/part-0.csv (with environment: http_proxy='http://squid-cs-2360.chtc.wisc.edu:3128', https_proxy='') ( URL file = file:///home/groups/STAT_DSCP/Group4_NYCTaxi/part-0.csv )|
	Partitionable Resources :    Usage  Request Allocated 
	   Cpus                 :        0        1         1 
	   Disk (KB)            :   778332  1048576   1048576 
	   GPUs                 :                           0 
	   IoHeavy              :                           0 
	   Memory (MB)          :              1024      1024 
...
012 (6738.000.000) 2026-04-20 19:52:42 Job was held.
	Transfer input files failure at execution point slot1_59@e4067.chtc.wisc.edu using protocol file. Details: Couldn't open file /home/groups/STAT_DSCP/Group4_NYCTaxi/part-0.csv (with environment: http_proxy='http://squid-cs-2360.chtc.wisc.edu:3128', https_proxy='') ( URL file = file:///home/groups/STAT_DSCP/Group4_NYCTaxi/part-0.csv )|
	Code 13 Subcode 256
...
009 (6738.000.000) 2026-04-21 08:43:45 Job was aborted.
	via condor_rm (by user sbasnet3)
...
