000 (6786.000.000) 2026-04-21 08:43:30 Job submitted from host: <128.105.76.6:9618?addrs=128.105.76.6-9618+[2607-f388-2200-100-216-3eff-fe63-f8a5]-9618&alias=learn.chtc.wisc.edu&noUDP&sock=schedd_6739_f8d1>
...
040 (6786.000.000) 2026-04-21 08:44:19 Started transferring input files
	Transferring to host: <128.105.69.108:9618?addrs=128.105.69.108-9618+[2607-f388-2200-100-1270-fdff-fe56-3214]-9618&alias=e4057.chtc.wisc.edu&noUDP&sock=slot1_6_2553389_4a72_114944>
...
040 (6786.000.000) 2026-04-21 08:44:34 Finished transferring input files
...
001 (6786.000.000) 2026-04-21 08:44:35 Job executing on host: <128.105.69.108:9618?addrs=128.105.69.108-9618+[2607-f388-2200-100-1270-fdff-fe56-3214]-9618&alias=e4057.chtc.wisc.edu&noUDP&sock=startd_15189_f817>
	SlotName: slot1_6@e4057.chtc.wisc.edu
	CondorScratchDir = "/var/lib/condor/execute/slot1/dir_3871110/scratch"
	Cpus = 2
	Disk = 8388608
	GPUs = 0
	IoHeavy = 0
	Memory = 10240
...
006 (6786.000.000) 2026-04-21 08:44:38 Image size of job updated: 1572
	0  -  MemoryUsage of job (MB)
	0  -  ResidentSetSize of job (KB)
...
040 (6786.000.000) 2026-04-21 08:44:38 Started transferring output files
...
040 (6786.000.000) 2026-04-21 08:44:38 Finished transferring output files
...
005 (6786.000.000) 2026-04-21 08:44:39 Job terminated.
	(1) Normal termination (return value 1)
		Usr 0 00:00:01, Sys 0 00:00:00  -  Run Remote Usage
		Usr 0 00:00:00, Sys 0 00:00:00  -  Run Local Usage
		Usr 0 00:00:01, Sys 0 00:00:00  -  Total Remote Usage
		Usr 0 00:00:00, Sys 0 00:00:00  -  Total Local Usage
	577  -  Run Bytes Sent By Job
	2803447512  -  Run Bytes Received By Job
	577  -  Total Bytes Sent By Job
	2803447512  -  Total Bytes Received By Job
	Partitionable Resources :    Usage  Request Allocated 
	   Cpus                 :                 2         2 
	   Disk (KB)            :  2737760  8388608   8388608 
	   GPUs                 :                           0 
	   IoHeavy              :                           0 
	   Memory (MB)          :        0    10240     10240 
	   TimeExecute (s)      :        3                    
	   TimeSlotBusy (s)     :       20                    
...
