000 (6788.000.000) 2026-04-21 08:46:13 Job submitted from host: <128.105.76.6:9618?addrs=128.105.76.6-9618+[2607-f388-2200-100-216-3eff-fe63-f8a5]-9618&alias=learn.chtc.wisc.edu&noUDP&sock=schedd_6739_f8d1>
...
040 (6788.000.000) 2026-04-21 08:47:08 Started transferring input files
	Transferring to host: <128.105.69.141:9618?addrs=128.105.69.141-9618+[2607-f388-2200-100-1270-fdff-fe56-767c]-9618&alias=e4018.chtc.wisc.edu&noUDP&sock=slot1_8_1380862_f291_114659>
...
040 (6788.000.000) 2026-04-21 08:47:59 Finished transferring input files
...
001 (6788.000.000) 2026-04-21 08:48:00 Job executing on host: <128.105.69.141:9618?addrs=128.105.69.141-9618+[2607-f388-2200-100-1270-fdff-fe56-767c]-9618&alias=e4018.chtc.wisc.edu&noUDP&sock=startd_16588_9116>
	SlotName: slot1_8@e4018.chtc.wisc.edu
	CondorScratchDir = "/var/lib/condor/execute/slot1/dir_175226/scratch"
	Cpus = 2
	Disk = 8388608
	GPUs = 0
	IoHeavy = 0
	Memory = 10240
...
006 (6788.000.000) 2026-04-21 08:48:09 Image size of job updated: 322984
	316  -  MemoryUsage of job (MB)
	322984  -  ResidentSetSize of job (KB)
...
006 (6788.000.000) 2026-04-21 08:50:52 Image size of job updated: 4459264
	316  -  MemoryUsage of job (MB)
	322984  -  ResidentSetSize of job (KB)
...
040 (6788.000.000) 2026-04-21 08:50:52 Started transferring output files
...
040 (6788.000.000) 2026-04-21 08:50:52 Finished transferring output files
...
005 (6788.000.000) 2026-04-21 08:50:53 Job terminated.
	(1) Normal termination (return value 0)
		Usr 0 00:02:37, Sys 0 00:00:11  -  Run Remote Usage
		Usr 0 00:00:00, Sys 0 00:00:00  -  Run Local Usage
		Usr 0 00:02:37, Sys 0 00:00:11  -  Total Remote Usage
		Usr 0 00:00:00, Sys 0 00:00:00  -  Total Local Usage
	3979  -  Run Bytes Sent By Job
	2803447505  -  Run Bytes Received By Job
	3979  -  Total Bytes Sent By Job
	2803447505  -  Total Bytes Received By Job
	Partitionable Resources :      Usage  Request Allocated 
	   Cpus                 :       0.99        2         2 
	   Disk (KB)            : 2737860     8388608   8388608 
	   GPUs                 :                             0 
	   IoHeavy              :                             0 
	   Memory (MB)          :     316       10240     10240 
	   TimeExecute (s)      :     172                       
	   TimeSlotBusy (s)     :     225                       
...
