000 (6697.005.000) 2026-04-20 17:58:33 Job submitted from host: <128.105.76.6:9618?addrs=128.105.76.6-9618+[2607-f388-2200-100-216-3eff-fe63-f8a5]-9618&alias=learn.chtc.wisc.edu&noUDP&sock=schedd_6739_f8d1>
...
040 (6697.005.000) 2026-04-20 17:58:57 Started transferring input files
	Transferring to host: <128.105.68.157:9618?addrs=128.105.68.157-9618+[2607-f388-2200-100-b226-28ff-fe50-2c68]-9618&alias=e2016.chtc.wisc.edu&noUDP&sock=slot1_34_3352233_27d7_76025>
...
040 (6697.005.000) 2026-04-20 17:59:02 Finished transferring input files
...
040 (6697.005.000) 2026-04-20 17:59:03 Started transferring output files
...
040 (6697.005.000) 2026-04-20 17:59:03 Finished transferring output files
...
021 (6697.005.000) 2026-04-20 17:59:03 Error from starter on slot1_34@e2016.chtc.wisc.edu:
	Failed to transfer files: FILETRANSFER:1:non-zero exit (1) from /usr/libexec/condor/curl_plugin. |Error: Couldn't open file /staging/sbasnet3/r_packages.sif (with environment: http_proxy='http://squid-cs-2360.chtc.wisc.edu:3128', https_proxy='') ( URL file = file:///staging/sbasnet3/r_packages.sif )|
	Code 12 Subcode 256
...
004 (6697.005.000) 2026-04-20 17:59:03 Job was evicted. Code 13 Subcode 256
	(0) CPU times
		Usr 0 00:00:00, Sys 0 00:00:00  -  Run Remote Usage
		Usr 0 00:00:00, Sys 0 00:00:00  -  Run Local Usage
	0  -  Run Bytes Sent By Job
	0  -  Run Bytes Received By Job
	Reason: Transfer input files failure at execution point slot1_34@e2016.chtc.wisc.edu using protocol file. Details: Couldn't open file /staging/sbasnet3/r_packages.sif (with environment: http_proxy='http://squid-cs-2360.chtc.wisc.edu:3128', https_proxy='') ( URL file = file:///staging/sbasnet3/r_packages.sif )|
	Partitionable Resources :    Usage  Request Allocated 
	   Cpus                 :        0        1         1 
	   Disk (KB)            :   473124  5242880   5242880 
	   GPUs                 :                           0 
	   IoHeavy              :                           0 
	   Memory (MB)          :              1024      1024 
...
012 (6697.005.000) 2026-04-20 17:59:03 Job was held.
	Transfer input files failure at execution point slot1_34@e2016.chtc.wisc.edu using protocol file. Details: Couldn't open file /staging/sbasnet3/r_packages.sif (with environment: http_proxy='http://squid-cs-2360.chtc.wisc.edu:3128', https_proxy='') ( URL file = file:///staging/sbasnet3/r_packages.sif )|
	Code 13 Subcode 256
...
009 (6697.005.000) 2026-04-20 18:02:10 Job was aborted.
	via condor_rm (by user sbasnet3)
...
