000 (6696.001.000) 2026-04-20 17:51:14 Job submitted from host: <128.105.76.6:9618?addrs=128.105.76.6-9618+[2607-f388-2200-100-216-3eff-fe63-f8a5]-9618&alias=learn.chtc.wisc.edu&noUDP&sock=schedd_6739_f8d1>
...
040 (6696.001.000) 2026-04-20 17:52:13 Started transferring input files
	Transferring to host: <128.105.69.163:9618?addrs=128.105.69.163-9618+[2607-f388-2200-100-1270-fdff-fe56-c6f4]-9618&alias=e4096.chtc.wisc.edu&noUDP&sock=slot1_75_4010799_7ab3_108736>
...
040 (6696.001.000) 2026-04-20 17:52:16 Finished transferring input files
...
040 (6696.001.000) 2026-04-20 17:52:17 Started transferring output files
...
040 (6696.001.000) 2026-04-20 17:52:17 Finished transferring output files
...
021 (6696.001.000) 2026-04-20 17:52:17 Error from starter on slot1_75@e4096.chtc.wisc.edu:
	Failed to transfer files: FILETRANSFER:1:non-zero exit (1) from /usr/libexec/condor/curl_plugin. |Error: Couldn't open file /staging/jgillett/r_packages.sif (with environment: http_proxy='http://squid-cs-2360.chtc.wisc.edu:3128', https_proxy='') ( URL file = file:///staging/jgillett/r_packages.sif )|
	Code 12 Subcode 256
...
004 (6696.001.000) 2026-04-20 17:52:23 Job was evicted. Code 13 Subcode 256
	(0) CPU times
		Usr 0 00:00:00, Sys 0 00:00:00  -  Run Remote Usage
		Usr 0 00:00:00, Sys 0 00:00:00  -  Run Local Usage
	0  -  Run Bytes Sent By Job
	0  -  Run Bytes Received By Job
	Reason: Transfer input files failure at execution point slot1_75@e4096.chtc.wisc.edu using protocol file. Details: Couldn't open file /staging/jgillett/r_packages.sif (with environment: http_proxy='http://squid-cs-2360.chtc.wisc.edu:3128', https_proxy='') ( URL file = file:///staging/jgillett/r_packages.sif )|
	Partitionable Resources :    Usage  Request Allocated 
	   Cpus                 :        0        1         1 
	   Disk (KB)            :   451696  5242880   5242880 
	   GPUs                 :                           0 
	   IoHeavy              :                           0 
	   Memory (MB)          :              1024      1024 
...
012 (6696.001.000) 2026-04-20 17:52:23 Job was held.
	Transfer input files failure at execution point slot1_75@e4096.chtc.wisc.edu using protocol file. Details: Couldn't open file /staging/jgillett/r_packages.sif (with environment: http_proxy='http://squid-cs-2360.chtc.wisc.edu:3128', https_proxy='') ( URL file = file:///staging/jgillett/r_packages.sif )|
	Code 13 Subcode 256
...
009 (6696.001.000) 2026-04-20 17:59:12 Job was aborted.
	via condor_rm (by user sbasnet3)
...
