000 (7068.006.000) 2026-04-22 17:16:50 Job submitted from host: <128.105.76.6:9618?addrs=128.105.76.6-9618+[2607-f388-2200-100-216-3eff-fe63-f8a5]-9618&alias=learn.chtc.wisc.edu&noUDP&sock=schedd_6739_f8d1>
...
040 (7068.006.000) 2026-04-22 17:19:22 Started transferring input files
	Transferring to host: <128.105.68.48:9618?addrs=128.105.68.48-9618+[2607-f388-2200-100-3680-dff-fe2e-8420]-9618&alias=e2478.chtc.wisc.edu&noUDP&sock=slot1_14_2535867_74e9_114691>
...
040 (7068.006.000) 2026-04-22 17:19:32 Finished transferring input files
...
001 (7068.006.000) 2026-04-22 17:19:33 Job executing on host: <128.105.68.48:9618?addrs=128.105.68.48-9618+[2607-f388-2200-100-3680-dff-fe2e-8420]-9618&alias=e2478.chtc.wisc.edu&noUDP&sock=startd_11568_43a8>
	SlotName: slot1_14@e2478.chtc.wisc.edu
	CondorScratchDir = "/var/lib/condor/execute/slot1/dir_1614656/scratch"
	Cpus = 2
	Disk = 8388608
	GPUs = 0
	IoHeavy = 0
	Memory = 10240
...
006 (7068.006.000) 2026-04-22 17:19:36 Image size of job updated: 212
	0  -  MemoryUsage of job (MB)
	0  -  ResidentSetSize of job (KB)
...
040 (7068.006.000) 2026-04-22 17:19:36 Started transferring output files
...
040 (7068.006.000) 2026-04-22 17:19:36 Finished transferring output files
...
005 (7068.006.000) 2026-04-22 17:19:36 Job terminated.
	(1) Normal termination (return value 0)
		Usr 0 00:00:01, Sys 0 00:00:00  -  Run Remote Usage
		Usr 0 00:00:00, Sys 0 00:00:00  -  Run Local Usage
		Usr 0 00:00:01, Sys 0 00:00:00  -  Total Remote Usage
		Usr 0 00:00:00, Sys 0 00:00:00  -  Total Local Usage
	421  -  Run Bytes Sent By Job
	1207885185  -  Run Bytes Received By Job
	421  -  Total Bytes Sent By Job
	1207885185  -  Total Bytes Received By Job
	Partitionable Resources :    Usage  Request Allocated 
	   Cpus                 :                 2         2 
	   Disk (KB)            :  1179594  8388608   8388608 
	   GPUs                 :                           0 
	   IoHeavy              :                           0 
	   Memory (MB)          :        0    10240     10240 
	   TimeExecute (s)      :        3                    
	   TimeSlotBusy (s)     :       14                    
...
