000 (7068.001.000) 2026-04-22 17:16:50 Job submitted from host: <128.105.76.6:9618?addrs=128.105.76.6-9618+[2607-f388-2200-100-216-3eff-fe63-f8a5]-9618&alias=learn.chtc.wisc.edu&noUDP&sock=schedd_6739_f8d1>
...
040 (7068.001.000) 2026-04-22 17:19:15 Started transferring input files
	Transferring to host: <128.105.69.104:9618?addrs=128.105.69.104-9618+[2607-f388-2200-100-1270-fdff-fe56-bccc]-9618&alias=e4032.chtc.wisc.edu&noUDP&sock=slot1_11_1890611_3b6a_118916>
...
040 (7068.001.000) 2026-04-22 17:19:26 Finished transferring input files
...
001 (7068.001.000) 2026-04-22 17:19:27 Job executing on host: <128.105.69.104:9618?addrs=128.105.69.104-9618+[2607-f388-2200-100-1270-fdff-fe56-bccc]-9618&alias=e4032.chtc.wisc.edu&noUDP&sock=startd_16580_1454>
	SlotName: slot1_11@e4032.chtc.wisc.edu
	CondorScratchDir = "/var/lib/condor/execute/slot1/dir_2985650/scratch"
	Cpus = 2
	Disk = 8388608
	GPUs = 0
	IoHeavy = 0
	Memory = 10240
...
006 (7068.001.000) 2026-04-22 17:19:30 Image size of job updated: 1732
	0  -  MemoryUsage of job (MB)
	0  -  ResidentSetSize of job (KB)
...
040 (7068.001.000) 2026-04-22 17:19:30 Started transferring output files
...
040 (7068.001.000) 2026-04-22 17:19:30 Finished transferring output files
...
005 (7068.001.000) 2026-04-22 17:19:30 Job terminated.
	(1) Normal termination (return value 0)
		Usr 0 00:00:01, Sys 0 00:00:00  -  Run Remote Usage
		Usr 0 00:00:00, Sys 0 00:00:00  -  Run Local Usage
		Usr 0 00:00:01, Sys 0 00:00:00  -  Total Remote Usage
		Usr 0 00:00:00, Sys 0 00:00:00  -  Total Local Usage
	421  -  Run Bytes Sent By Job
	1099584280  -  Run Bytes Received By Job
	421  -  Total Bytes Sent By Job
	1099584280  -  Total Bytes Received By Job
	Partitionable Resources :    Usage  Request Allocated 
	   Cpus                 :        0        2         2 
	   Disk (KB)            :  1073928  8388608   8388608 
	   GPUs                 :                           0 
	   IoHeavy              :                           0 
	   Memory (MB)          :        0    10240     10240 
	   TimeExecute (s)      :        3                    
	   TimeSlotBusy (s)     :       15                    
...
