000 (7068.002.000) 2026-04-22 17:16:50 Job submitted from host: <128.105.76.6:9618?addrs=128.105.76.6-9618+[2607-f388-2200-100-216-3eff-fe63-f8a5]-9618&alias=learn.chtc.wisc.edu&noUDP&sock=schedd_6739_f8d1>
...
040 (7068.002.000) 2026-04-22 17:19:08 Started transferring input files
	Transferring to host: <128.105.68.45:9618?addrs=128.105.68.45-9618+[2607-f388-2200-100-3680-dff-fe2e-87e0]-9618&alias=e2475.chtc.wisc.edu&noUDP&sock=slot1_92_3340648_799f_107647>
...
040 (7068.002.000) 2026-04-22 17:19:17 Finished transferring input files
...
001 (7068.002.000) 2026-04-22 17:19:18 Job executing on host: <128.105.68.45:9618?addrs=128.105.68.45-9618+[2607-f388-2200-100-3680-dff-fe2e-87e0]-9618&alias=e2475.chtc.wisc.edu&noUDP&sock=startd_12055_4e47>
	SlotName: slot1_92@e2475.chtc.wisc.edu
	CondorScratchDir = "/var/lib/condor/execute/slot1/dir_1335791/scratch"
	Cpus = 2
	Disk = 8388608
	GPUs = 0
	IoHeavy = 0
	Memory = 10240
...
006 (7068.002.000) 2026-04-22 17:19:21 Image size of job updated: 1412
	0  -  MemoryUsage of job (MB)
	0  -  ResidentSetSize of job (KB)
...
040 (7068.002.000) 2026-04-22 17:19:21 Started transferring output files
...
040 (7068.002.000) 2026-04-22 17:19:21 Finished transferring output files
...
005 (7068.002.000) 2026-04-22 17:19:22 Job terminated.
	(1) Normal termination (return value 0)
		Usr 0 00:00:01, Sys 0 00:00:00  -  Run Remote Usage
		Usr 0 00:00:00, Sys 0 00:00:00  -  Run Local Usage
		Usr 0 00:00:01, Sys 0 00:00:00  -  Total Remote Usage
		Usr 0 00:00:00, Sys 0 00:00:00  -  Total Local Usage
	421  -  Run Bytes Sent By Job
	1165321984  -  Run Bytes Received By Job
	421  -  Total Bytes Sent By Job
	1165321984  -  Total Bytes Received By Job
	Partitionable Resources :    Usage  Request Allocated 
	   Cpus                 :        0        2         2 
	   Disk (KB)            :  1138038  8388608   8388608 
	   GPUs                 :                           0 
	   IoHeavy              :                           0 
	   Memory (MB)          :        0    10240     10240 
	   TimeExecute (s)      :        3                    
	   TimeSlotBusy (s)     :       13                    
...
