000 (7106.000.000) 2026-04-22 17:34:07 Job submitted from host: <128.105.76.6:9618?addrs=128.105.76.6-9618+[2607-f388-2200-100-216-3eff-fe63-f8a5]-9618&alias=learn.chtc.wisc.edu&noUDP&sock=schedd_6739_f8d1>
...
040 (7106.000.000) 2026-04-22 17:36:12 Started transferring input files
	Transferring to host: <128.105.69.105:9618?addrs=128.105.69.105-9618+[2607-f388-2200-100-1270-fdff-fe56-460c]-9618&alias=e4054.chtc.wisc.edu&noUDP&sock=slot1_61_1513894_06b3_117682>
...
040 (7106.000.000) 2026-04-22 17:36:21 Finished transferring input files
...
001 (7106.000.000) 2026-04-22 17:36:22 Job executing on host: <128.105.69.105:9618?addrs=128.105.69.105-9618+[2607-f388-2200-100-1270-fdff-fe56-460c]-9618&alias=e4054.chtc.wisc.edu&noUDP&sock=startd_16695_f5b8>
	SlotName: slot1_61@e4054.chtc.wisc.edu
	CondorScratchDir = "/var/lib/condor/execute/slot1/dir_850777/scratch"
	Cpus = 2
	Disk = 20971520
	GPUs = 0
	IoHeavy = 0
	Memory = 10240
...
006 (7106.000.000) 2026-04-22 17:36:23 Image size of job updated: 4696
	0  -  MemoryUsage of job (MB)
	0  -  ResidentSetSize of job (KB)
...
040 (7106.000.000) 2026-04-22 17:36:23 Started transferring output files
...
040 (7106.000.000) 2026-04-22 17:36:23 Finished transferring output files
...
005 (7106.000.000) 2026-04-22 17:36:24 Job terminated.
	(1) Normal termination (return value 1)
		Usr 0 00:00:00, Sys 0 00:00:00  -  Run Remote Usage
		Usr 0 00:00:00, Sys 0 00:00:00  -  Run Local Usage
		Usr 0 00:00:00, Sys 0 00:00:00  -  Total Remote Usage
		Usr 0 00:00:00, Sys 0 00:00:00  -  Total Local Usage
	94  -  Run Bytes Sent By Job
	796951733  -  Run Bytes Received By Job
	94  -  Total Bytes Sent By Job
	796951733  -  Total Bytes Received By Job
	Partitionable Resources :    Usage  Request Allocated 
	   Cpus                 :        0        2         2 
	   Disk (KB)            :   778376 20971520  20971520 
	   GPUs                 :                           0 
	   IoHeavy              :                           0 
	   Memory (MB)          :        0    10240     10240 
	   TimeExecute (s)      :        1                    
	   TimeSlotBusy (s)     :       11                    
...
