000 (7107.000.000) 2026-04-22 17:37:53 Job submitted from host: <128.105.76.6:9618?addrs=128.105.76.6-9618+[2607-f388-2200-100-216-3eff-fe63-f8a5]-9618&alias=learn.chtc.wisc.edu&noUDP&sock=schedd_6739_f8d1>
...
040 (7107.000.000) 2026-04-22 17:39:55 Started transferring input files
	Transferring to host: <128.105.69.226:9618?addrs=128.105.69.226-9618+[2607-f388-2200-100-eaeb-d3ff-fe40-10fc]-9618&alias=e2609.chtc.wisc.edu&noUDP&sock=slot1_17_1140169_f476_132224>
...
040 (7107.000.000) 2026-04-22 17:40:29 Finished transferring input files
...
001 (7107.000.000) 2026-04-22 17:40:30 Job executing on host: <128.105.69.226:9618?addrs=128.105.69.226-9618+[2607-f388-2200-100-eaeb-d3ff-fe40-10fc]-9618&alias=e2609.chtc.wisc.edu&noUDP&sock=startd_14598_979e>
	SlotName: slot1_17@e2609.chtc.wisc.edu
	CondorScratchDir = "/var/lib/condor/execute/slot1/dir_2066080/scratch"
	Cpus = 2
	Disk = 20971520
	GPUs = 0
	IoHeavy = 0
	Memory = 10240
...
006 (7107.000.000) 2026-04-22 17:40:34 Image size of job updated: 2548
	0  -  MemoryUsage of job (MB)
	0  -  ResidentSetSize of job (KB)
...
040 (7107.000.000) 2026-04-22 17:40:34 Started transferring output files
...
040 (7107.000.000) 2026-04-22 17:40:34 Finished transferring output files
...
005 (7107.000.000) 2026-04-22 17:40:34 Job terminated.
	(1) Normal termination (return value 1)
		Usr 0 00:00:02, Sys 0 00:00:00  -  Run Remote Usage
		Usr 0 00:00:00, Sys 0 00:00:00  -  Run Local Usage
		Usr 0 00:00:02, Sys 0 00:00:00  -  Total Remote Usage
		Usr 0 00:00:00, Sys 0 00:00:00  -  Total Local Usage
	661  -  Run Bytes Sent By Job
	796951727  -  Run Bytes Received By Job
	661  -  Total Bytes Sent By Job
	796951727  -  Total Bytes Received By Job
	Partitionable Resources :    Usage  Request Allocated 
	   Cpus                 :        0        2         2 
	   Disk (KB)            :   778301 20971520  20971520 
	   GPUs                 :                           0 
	   IoHeavy              :                           0 
	   Memory (MB)          :        0    10240     10240 
	   TimeExecute (s)      :        4                    
	   TimeSlotBusy (s)     :       39                    
...
