000 (7396.000.000) 2026-04-25 16:11:37 Job submitted from host: <128.105.76.6:9618?addrs=128.105.76.6-9618+[2607-f388-2200-100-216-3eff-fe63-f8a5]-9618&alias=learn.chtc.wisc.edu&noUDP&sock=schedd_6739_f8d1>
...
040 (7396.000.000) 2026-04-25 16:11:50 Started transferring input files
	Transferring to host: <128.105.69.135:9618?addrs=128.105.69.135-9618+[2607-f388-2200-100-1270-fdff-fe56-635c]-9618&alias=e4084.chtc.wisc.edu&noUDP&sock=slot1_48_64493_e718_7978>
...
040 (7396.000.000) 2026-04-25 16:11:57 Finished transferring input files
...
001 (7396.000.000) 2026-04-25 16:11:58 Job executing on host: <128.105.69.135:9618?addrs=128.105.69.135-9618+[2607-f388-2200-100-1270-fdff-fe56-635c]-9618&alias=e4084.chtc.wisc.edu&noUDP&sock=startd_64425_c513>
	SlotName: slot1_48@e4084.chtc.wisc.edu
	CondorScratchDir = "/var/lib/condor/execute/slot1/dir_3866256/scratch"
	Cpus = 2
	Disk = 8388608
	GPUs = 0
	IoHeavy = 0
	Memory = 10240
...
006 (7396.000.000) 2026-04-25 16:12:01 Image size of job updated: 84
	0  -  MemoryUsage of job (MB)
	0  -  ResidentSetSize of job (KB)
...
040 (7396.000.000) 2026-04-25 16:12:01 Started transferring output files
...
040 (7396.000.000) 2026-04-25 16:12:01 Finished transferring output files
...
005 (7396.000.000) 2026-04-25 16:12:02 Job terminated.
	(1) Normal termination (return value 1)
		Usr 0 00:00:01, Sys 0 00:00:00  -  Run Remote Usage
		Usr 0 00:00:00, Sys 0 00:00:00  -  Run Local Usage
		Usr 0 00:00:01, Sys 0 00:00:00  -  Total Remote Usage
		Usr 0 00:00:00, Sys 0 00:00:00  -  Total Local Usage
	216  -  Run Bytes Sent By Job
	796950882  -  Run Bytes Received By Job
	216  -  Total Bytes Sent By Job
	796950882  -  Total Bytes Received By Job
	Partitionable Resources :    Usage  Request Allocated 
	   Cpus                 :        0        2         2 
	   Disk (KB)            :   778372  8388608   8388608 
	   GPUs                 :                           0 
	   IoHeavy              :                           0 
	   Memory (MB)          :        0    10240     10240 
	   TimeExecute (s)      :        3                    
	   TimeSlotBusy (s)     :       11                    
...
