000 (7399.000.000) 2026-04-25 16:31:26 Job submitted from host: <128.105.76.6:9618?addrs=128.105.76.6-9618+[2607-f388-2200-100-216-3eff-fe63-f8a5]-9618&alias=learn.chtc.wisc.edu&noUDP&sock=schedd_6739_f8d1>
...
040 (7399.000.000) 2026-04-25 16:31:31 Started transferring input files
	Transferring to host: <128.105.69.216:9618?addrs=128.105.69.216-9618+[2607-f388-2200-100-eaeb-d3ff-fe40-33c]-9618&alias=e2599.chtc.wisc.edu&noUDP&sock=slot1_7_2272014_2620_943>
...
040 (7399.000.000) 2026-04-25 16:32:00 Finished transferring input files
...
001 (7399.000.000) 2026-04-25 16:32:01 Job executing on host: <128.105.69.216:9618?addrs=128.105.69.216-9618+[2607-f388-2200-100-eaeb-d3ff-fe40-33c]-9618&alias=e2599.chtc.wisc.edu&noUDP&sock=startd_14113_ec2f>
	SlotName: slot1_7@e2599.chtc.wisc.edu
	CondorScratchDir = "/var/lib/condor/execute/slot1/dir_3251062/scratch"
	Cpus = 2
	Disk = 8388608
	GPUs = 0
	IoHeavy = 0
	Memory = 10240
...
006 (7399.000.000) 2026-04-25 16:32:04 Image size of job updated: 2884
	0  -  MemoryUsage of job (MB)
	0  -  ResidentSetSize of job (KB)
...
040 (7399.000.000) 2026-04-25 16:32:04 Started transferring output files
...
040 (7399.000.000) 2026-04-25 16:32:04 Finished transferring output files
...
005 (7399.000.000) 2026-04-25 16:32:04 Job terminated.
	(1) Normal termination (return value 0)
		Usr 0 00:00:01, Sys 0 00:00:00  -  Run Remote Usage
		Usr 0 00:00:00, Sys 0 00:00:00  -  Run Local Usage
		Usr 0 00:00:01, Sys 0 00:00:00  -  Total Remote Usage
		Usr 0 00:00:00, Sys 0 00:00:00  -  Total Local Usage
	106  -  Run Bytes Sent By Job
	796952002  -  Run Bytes Received By Job
	106  -  Total Bytes Sent By Job
	796952002  -  Total Bytes Received By Job
	Partitionable Resources :    Usage  Request Allocated 
	   Cpus                 :        0        2         2 
	   Disk (KB)            :   778301  8388608   8388608 
	   GPUs                 :                           0 
	   IoHeavy              :                           0 
	   Memory (MB)          :        0    10240     10240 
	   TimeExecute (s)      :        3                    
	   TimeSlotBusy (s)     :       33                    
...
