000 (7404.009.000) 2026-04-25 17:05:53 Job submitted from host: <128.105.76.6:9618?addrs=128.105.76.6-9618+[2607-f388-2200-100-216-3eff-fe63-f8a5]-9618&alias=learn.chtc.wisc.edu&noUDP&sock=schedd_6739_f8d1>
...
040 (7404.009.000) 2026-04-25 17:07:09 Started transferring input files
	Transferring to host: <128.105.69.216:9618?addrs=128.105.69.216-9618+[2607-f388-2200-100-eaeb-d3ff-fe40-33c]-9618&alias=e2599.chtc.wisc.edu&noUDP&sock=slot1_24_2272014_2620_1045>
...
040 (7404.009.000) 2026-04-25 17:07:15 Finished transferring input files
...
001 (7404.009.000) 2026-04-25 17:07:16 Job executing on host: <128.105.69.216:9618?addrs=128.105.69.216-9618+[2607-f388-2200-100-eaeb-d3ff-fe40-33c]-9618&alias=e2599.chtc.wisc.edu&noUDP&sock=startd_14113_ec2f>
	SlotName: slot1_24@e2599.chtc.wisc.edu
	CondorScratchDir = "/var/lib/condor/execute/slot1/dir_3321009/scratch"
	Cpus = 2
	Disk = 8388608
	GPUs = 0
	IoHeavy = 0
	Memory = 10240
...
006 (7404.009.000) 2026-04-25 17:07:19 Image size of job updated: 80
	0  -  MemoryUsage of job (MB)
	0  -  ResidentSetSize of job (KB)
...
040 (7404.009.000) 2026-04-25 17:07:19 Started transferring output files
...
040 (7404.009.000) 2026-04-25 17:07:19 Finished transferring output files
...
005 (7404.009.000) 2026-04-25 17:07:19 Job terminated.
	(1) Normal termination (return value 1)
		Usr 0 00:00:01, Sys 0 00:00:00  -  Run Remote Usage
		Usr 0 00:00:00, Sys 0 00:00:00  -  Run Local Usage
		Usr 0 00:00:01, Sys 0 00:00:00  -  Total Remote Usage
		Usr 0 00:00:00, Sys 0 00:00:00  -  Total Local Usage
	310  -  Run Bytes Sent By Job
	1227068827  -  Run Bytes Received By Job
	310  -  Total Bytes Sent By Job
	1227068827  -  Total Bytes Received By Job
	Partitionable Resources :      Usage  Request Allocated 
	   Cpus                 :       0.09        2         2 
	   Disk (KB)            : 1198337     8388608   8388608 
	   GPUs                 :                             0 
	   IoHeavy              :                             0 
	   Memory (MB)          :       0       10240     10240 
	   TimeExecute (s)      :       3                       
	   TimeSlotBusy (s)     :      10                       
...
