000 (7407.003.000) 2026-04-25 17:17:09 Job submitted from host: <128.105.76.6:9618?addrs=128.105.76.6-9618+[2607-f388-2200-100-216-3eff-fe63-f8a5]-9618&alias=learn.chtc.wisc.edu&noUDP&sock=schedd_6739_f8d1>
...
040 (7407.003.000) 2026-04-25 17:18:15 Started transferring input files
	Transferring to host: <128.105.68.155:9618?addrs=128.105.68.155-9618+[2607-f388-2200-100-b226-28ff-fe50-5c14]-9618&alias=e2014.chtc.wisc.edu&noUDP&sock=slot1_2_2729155_569d_5923>
...
040 (7407.003.000) 2026-04-25 17:18:26 Finished transferring input files
...
001 (7407.003.000) 2026-04-25 17:18:27 Job executing on host: <128.105.68.155:9618?addrs=128.105.68.155-9618+[2607-f388-2200-100-b226-28ff-fe50-5c14]-9618&alias=e2014.chtc.wisc.edu&noUDP&sock=startd_9440_a21f>
	SlotName: slot1_2@e2014.chtc.wisc.edu
	CondorScratchDir = "/var/lib/condor/execute/slot1/dir_4011475/scratch"
	Cpus = 2
	Disk = 8388608
	GPUs = 0
	IoHeavy = 0
	Memory = 10240
...
006 (7407.003.000) 2026-04-25 17:18:32 Image size of job updated: 632
	0  -  MemoryUsage of job (MB)
	0  -  ResidentSetSize of job (KB)
...
040 (7407.003.000) 2026-04-25 17:18:32 Started transferring output files
...
040 (7407.003.000) 2026-04-25 17:18:32 Finished transferring output files
...
005 (7407.003.000) 2026-04-25 17:18:33 Job terminated.
	(1) Normal termination (return value 1)
		Usr 0 00:00:02, Sys 0 00:00:00  -  Run Remote Usage
		Usr 0 00:00:00, Sys 0 00:00:00  -  Run Local Usage
		Usr 0 00:00:02, Sys 0 00:00:00  -  Total Remote Usage
		Usr 0 00:00:00, Sys 0 00:00:00  -  Total Local Usage
	441  -  Run Bytes Sent By Job
	1165369734  -  Run Bytes Received By Job
	441  -  Total Bytes Sent By Job
	1165369734  -  Total Bytes Received By Job
	Partitionable Resources :    Usage  Request Allocated 
	   Cpus                 :        0        2         2 
	   Disk (KB)            :  1138160  8388608   8388608 
	   GPUs                 :                           0 
	   IoHeavy              :                           0 
	   Memory (MB)          :        0    10240     10240 
	   TimeExecute (s)      :        5                    
	   TimeSlotBusy (s)     :       18                    
...
