000 (7409.007.000) 2026-04-25 17:26:01 Job submitted from host: <128.105.76.6:9618?addrs=128.105.76.6-9618+[2607-f388-2200-100-216-3eff-fe63-f8a5]-9618&alias=learn.chtc.wisc.edu&noUDP&sock=schedd_6739_f8d1>
...
040 (7409.007.000) 2026-04-25 17:29:42 Started transferring input files
	Transferring to host: <128.105.69.155:9618?addrs=128.105.69.155-9618+[2607-f388-2200-100-1270-fdff-fe56-476c]-9618&alias=e4088.chtc.wisc.edu&noUDP&sock=slot1_60_13973_fe11_32029>
...
040 (7409.007.000) 2026-04-25 17:29:47 Finished transferring input files
...
001 (7409.007.000) 2026-04-25 17:29:48 Job executing on host: <128.105.69.155:9618?addrs=128.105.69.155-9618+[2607-f388-2200-100-1270-fdff-fe56-476c]-9618&alias=e4088.chtc.wisc.edu&noUDP&sock=startd_10617_f517>
	SlotName: slot1_60@e4088.chtc.wisc.edu
	CondorScratchDir = "/var/lib/condor/execute/slot1/dir_3170609/scratch"
	Cpus = 2
	Disk = 8389843
	GPUs = 0
	IoHeavy = 0
	Memory = 10240
...
006 (7409.007.000) 2026-04-25 17:29:56 Image size of job updated: 3692744
	3607  -  MemoryUsage of job (MB)
	3692744  -  ResidentSetSize of job (KB)
...
006 (7409.007.000) 2026-04-25 17:32:51 Image size of job updated: 3902136
	3609  -  MemoryUsage of job (MB)
	3694792  -  ResidentSetSize of job (KB)
...
004 (7409.007.000) 2026-04-25 17:32:51 Job was evicted. Code 1023 Subcode 0
	(0) CPU times
		Usr 0 00:01:49, Sys 0 00:00:04  -  Run Remote Usage
		Usr 0 00:00:00, Sys 0 00:00:00  -  Run Local Usage
	0  -  Run Bytes Sent By Job
	1179280871  -  Run Bytes Received By Job
	Reason: via condor_rm (by user sbasnet3)
	Partitionable Resources :      Usage  Request Allocated 
	   Cpus                 :       0.50        2         2 
	   Disk (KB)            : 3391504     8388608   8389843 
	   GPUs                 :                             0 
	   IoHeavy              :                             0 
	   Memory (MB)          :    3609       10240     10240 
	   TimeExecute (s)      :     183                       
	   TimeSlotBusy (s)     :     189                       
...
009 (7409.007.000) 2026-04-25 17:32:51 Job was aborted.
	via condor_rm (by user sbasnet3)
...
