000 (7409.009.000) 2026-04-25 17:26:01 Job submitted from host: <128.105.76.6:9618?addrs=128.105.76.6-9618+[2607-f388-2200-100-216-3eff-fe63-f8a5]-9618&alias=learn.chtc.wisc.edu&noUDP&sock=schedd_6739_f8d1>
...
040 (7409.009.000) 2026-04-25 17:30:15 Started transferring input files
	Transferring to host: <128.105.69.98:9618?addrs=128.105.69.98-9618+[2607-f388-2200-100-1270-fdff-fe56-45f4]-9618&alias=e4009.chtc.wisc.edu&noUDP&sock=slot1_44_1535308_205a_4552>
...
040 (7409.009.000) 2026-04-25 17:30:19 Finished transferring input files
...
001 (7409.009.000) 2026-04-25 17:30:20 Job executing on host: <128.105.69.98:9618?addrs=128.105.69.98-9618+[2607-f388-2200-100-1270-fdff-fe56-45f4]-9618&alias=e4009.chtc.wisc.edu&noUDP&sock=startd_10511_400d>
	SlotName: slot1_44@e4009.chtc.wisc.edu
	CondorScratchDir = "/var/lib/condor/execute/slot1/dir_3782526/scratch"
	Cpus = 2
	Disk = 8388608
	GPUs = 0
	IoHeavy = 0
	Memory = 10240
...
006 (7409.009.000) 2026-04-25 17:30:28 Image size of job updated: 4430400
	4327  -  MemoryUsage of job (MB)
	4430400  -  ResidentSetSize of job (KB)
...
006 (7409.009.000) 2026-04-25 17:32:51 Image size of job updated: 4430872
	4327  -  MemoryUsage of job (MB)
	4430400  -  ResidentSetSize of job (KB)
...
004 (7409.009.000) 2026-04-25 17:32:51 Job was evicted. Code 1023 Subcode 0
	(0) CPU times
		Usr 0 00:01:22, Sys 0 00:00:04  -  Run Remote Usage
		Usr 0 00:00:00, Sys 0 00:00:00  -  Run Local Usage
	0  -  Run Bytes Sent By Job
	1227069769  -  Run Bytes Received By Job
	Reason: via condor_rm (by user sbasnet3)
	Partitionable Resources :      Usage  Request Allocated 
	   Cpus                 :       0.57        2         2 
	   Disk (KB)            : 4220104     8388608   8388608 
	   GPUs                 :                             0 
	   IoHeavy              :                             0 
	   Memory (MB)          :    4327       10240     10240 
	   TimeExecute (s)      :     151                       
	   TimeSlotBusy (s)     :     156                       
...
009 (7409.009.000) 2026-04-25 17:32:51 Job was aborted.
	via condor_rm (by user sbasnet3)
...
