000 (7409.002.000) 2026-04-25 17:26:01 Job submitted from host: <128.105.76.6:9618?addrs=128.105.76.6-9618+[2607-f388-2200-100-216-3eff-fe63-f8a5]-9618&alias=learn.chtc.wisc.edu&noUDP&sock=schedd_6739_f8d1>
...
040 (7409.002.000) 2026-04-25 17:28:10 Started transferring input files
	Transferring to host: <128.105.69.155:9618?addrs=128.105.69.155-9618+[2607-f388-2200-100-1270-fdff-fe56-476c]-9618&alias=e4088.chtc.wisc.edu&noUDP&sock=slot1_18_13973_fe11_32021>
...
040 (7409.002.000) 2026-04-25 17:28:14 Finished transferring input files
...
001 (7409.002.000) 2026-04-25 17:28:15 Job executing on host: <128.105.69.155:9618?addrs=128.105.69.155-9618+[2607-f388-2200-100-1270-fdff-fe56-476c]-9618&alias=e4088.chtc.wisc.edu&noUDP&sock=startd_10617_f517>
	SlotName: slot1_18@e4088.chtc.wisc.edu
	CondorScratchDir = "/var/lib/condor/execute/slot1/dir_3168564/scratch"
	Cpus = 2
	Disk = 8389843
	GPUs = 0
	IoHeavy = 0
	Memory = 10240
...
006 (7409.002.000) 2026-04-25 17:28:24 Image size of job updated: 3838976
	3749  -  MemoryUsage of job (MB)
	3838976  -  ResidentSetSize of job (KB)
...
006 (7409.002.000) 2026-04-25 17:32:21 Image size of job updated: 3839564
	3749  -  MemoryUsage of job (MB)
	3838976  -  ResidentSetSize of job (KB)
...
040 (7409.002.000) 2026-04-25 17:32:21 Started transferring output files
...
040 (7409.002.000) 2026-04-25 17:32:30 Finished transferring output files
...
005 (7409.002.000) 2026-04-25 17:32:32 Job terminated.
	(1) Normal termination (return value 0)
		Usr 0 00:02:24, Sys 0 00:00:05  -  Run Remote Usage
		Usr 0 00:00:00, Sys 0 00:00:00  -  Run Local Usage
		Usr 0 00:02:24, Sys 0 00:00:05  -  Total Remote Usage
		Usr 0 00:00:00, Sys 0 00:00:00  -  Total Local Usage
	2988668419  -  Run Bytes Sent By Job
	1165324799  -  Run Bytes Received By Job
	2988668419  -  Total Bytes Sent By Job
	1165324799  -  Total Bytes Received By Job
	Partitionable Resources :      Usage  Request Allocated 
	   Cpus                 :       0.64        2         2 
	   Disk (KB)            : 4056756     8388608   8389843 
	   GPUs                 :                             0 
	   IoHeavy              :                             0 
	   Memory (MB)          :    3749       10240     10240 
	   TimeExecute (s)      :     246                       
	   TimeSlotBusy (s)     :     261                       
...
