000 (7409.001.000) 2026-04-25 17:26:01 Job submitted from host: <128.105.76.6:9618?addrs=128.105.76.6-9618+[2607-f388-2200-100-216-3eff-fe63-f8a5]-9618&alias=learn.chtc.wisc.edu&noUDP&sock=schedd_6739_f8d1>
...
040 (7409.001.000) 2026-04-25 17:27:28 Started transferring input files
	Transferring to host: <128.105.69.98:9618?addrs=128.105.69.98-9618+[2607-f388-2200-100-1270-fdff-fe56-45f4]-9618&alias=e4009.chtc.wisc.edu&noUDP&sock=slot1_44_1535308_205a_4548>
...
040 (7409.001.000) 2026-04-25 17:28:01 Finished transferring input files
...
001 (7409.001.000) 2026-04-25 17:28:02 Job executing on host: <128.105.69.98:9618?addrs=128.105.69.98-9618+[2607-f388-2200-100-1270-fdff-fe56-45f4]-9618&alias=e4009.chtc.wisc.edu&noUDP&sock=startd_10511_400d>
	SlotName: slot1_44@e4009.chtc.wisc.edu
	CondorScratchDir = "/var/lib/condor/execute/slot1/dir_3762085/scratch"
	Cpus = 2
	Disk = 8388608
	GPUs = 0
	IoHeavy = 0
	Memory = 10240
...
006 (7409.001.000) 2026-04-25 17:28:10 Image size of job updated: 3178468
	3104  -  MemoryUsage of job (MB)
	3178468  -  ResidentSetSize of job (KB)
...
006 (7409.001.000) 2026-04-25 17:30:05 Image size of job updated: 3179836
	3104  -  MemoryUsage of job (MB)
	3178468  -  ResidentSetSize of job (KB)
...
040 (7409.001.000) 2026-04-25 17:30:05 Started transferring output files
...
040 (7409.001.000) 2026-04-25 17:30:13 Finished transferring output files
...
005 (7409.001.000) 2026-04-25 17:30:15 Job terminated.
	(1) Normal termination (return value 0)
		Usr 0 00:01:06, Sys 0 00:00:03  -  Run Remote Usage
		Usr 0 00:00:00, Sys 0 00:00:00  -  Run Local Usage
		Usr 0 00:01:06, Sys 0 00:00:03  -  Total Remote Usage
		Usr 0 00:00:00, Sys 0 00:00:00  -  Total Local Usage
	2436614104  -  Run Bytes Sent By Job
	1099587095  -  Run Bytes Received By Job
	2436614104  -  Total Bytes Sent By Job
	1099587095  -  Total Bytes Received By Job
	Partitionable Resources :    Usage  Request Allocated 
	   Cpus                 :        0        2         2 
	   Disk (KB)            :  3453432  8388608   8388608 
	   GPUs                 :                           0 
	   IoHeavy              :                           0 
	   Memory (MB)          :     3104    10240     10240 
	   TimeExecute (s)      :      123                    
	   TimeSlotBusy (s)     :      165                    
...
