000 (7409.011.000) 2026-04-25 17:26:01 Job submitted from host: <128.105.76.6:9618?addrs=128.105.76.6-9618+[2607-f388-2200-100-216-3eff-fe63-f8a5]-9618&alias=learn.chtc.wisc.edu&noUDP&sock=schedd_6739_f8d1>
...
040 (7409.011.000) 2026-04-25 17:30:25 Started transferring input files
	Transferring to host: <128.105.69.155:9618?addrs=128.105.69.155-9618+[2607-f388-2200-100-1270-fdff-fe56-476c]-9618&alias=e4088.chtc.wisc.edu&noUDP&sock=slot1_56_13973_fe11_32030>
...
040 (7409.011.000) 2026-04-25 17:30:30 Finished transferring input files
...
001 (7409.011.000) 2026-04-25 17:30:31 Job executing on host: <128.105.69.155:9618?addrs=128.105.69.155-9618+[2607-f388-2200-100-1270-fdff-fe56-476c]-9618&alias=e4088.chtc.wisc.edu&noUDP&sock=startd_10617_f517>
	SlotName: slot1_56@e4088.chtc.wisc.edu
	CondorScratchDir = "/var/lib/condor/execute/slot1/dir_3171381/scratch"
	Cpus = 2
	Disk = 8389843
	GPUs = 0
	IoHeavy = 0
	Memory = 10240
...
006 (7409.011.000) 2026-04-25 17:30:40 Image size of job updated: 4129924
	4034  -  MemoryUsage of job (MB)
	4129924  -  ResidentSetSize of job (KB)
...
006 (7409.011.000) 2026-04-25 17:32:51 Image size of job updated: 4301952
	4036  -  MemoryUsage of job (MB)
	4131972  -  ResidentSetSize of job (KB)
...
004 (7409.011.000) 2026-04-25 17:32:51 Job was evicted. Code 1023 Subcode 0
	(0) CPU times
		Usr 0 00:01:33, Sys 0 00:00:04  -  Run Remote Usage
		Usr 0 00:00:00, Sys 0 00:00:00  -  Run Local Usage
	0  -  Run Bytes Sent By Job
	1207888000  -  Run Bytes Received By Job
	Reason: via condor_rm (by user sbasnet3)
	Partitionable Resources :      Usage  Request Allocated 
	   Cpus                 :       0.52        2         2 
	   Disk (KB)            : 2987484     8388608   8389843 
	   GPUs                 :                             0 
	   IoHeavy              :                             0 
	   Memory (MB)          :    4036       10240     10240 
	   TimeExecute (s)      :     140                       
	   TimeSlotBusy (s)     :     147                       
...
009 (7409.011.000) 2026-04-25 17:32:51 Job was aborted.
	via condor_rm (by user sbasnet3)
...
