000 (7409.000.000) 2026-04-25 17:26:01 Job submitted from host: <128.105.76.6:9618?addrs=128.105.76.6-9618+[2607-f388-2200-100-216-3eff-fe63-f8a5]-9618&alias=learn.chtc.wisc.edu&noUDP&sock=schedd_6739_f8d1>
...
040 (7409.000.000) 2026-04-25 17:27:28 Started transferring input files
	Transferring to host: <128.105.69.98:9618?addrs=128.105.69.98-9618+[2607-f388-2200-100-1270-fdff-fe56-45f4]-9618&alias=e4009.chtc.wisc.edu&noUDP&sock=slot1_10_1535308_205a_4547>
...
040 (7409.000.000) 2026-04-25 17:28:01 Finished transferring input files
...
001 (7409.000.000) 2026-04-25 17:28:02 Job executing on host: <128.105.69.98:9618?addrs=128.105.69.98-9618+[2607-f388-2200-100-1270-fdff-fe56-45f4]-9618&alias=e4009.chtc.wisc.edu&noUDP&sock=startd_10511_400d>
	SlotName: slot1_10@e4009.chtc.wisc.edu
	CondorScratchDir = "/var/lib/condor/execute/slot1/dir_3762061/scratch"
	Cpus = 2
	Disk = 8388608
	GPUs = 0
	IoHeavy = 0
	Memory = 10240
...
006 (7409.000.000) 2026-04-25 17:28:10 Image size of job updated: 3244580
	3169  -  MemoryUsage of job (MB)
	3244580  -  ResidentSetSize of job (KB)
...
006 (7409.000.000) 2026-04-25 17:30:01 Image size of job updated: 3244752
	3169  -  MemoryUsage of job (MB)
	3244580  -  ResidentSetSize of job (KB)
...
040 (7409.000.000) 2026-04-25 17:30:01 Started transferring output files
...
040 (7409.000.000) 2026-04-25 17:30:09 Finished transferring output files
...
005 (7409.000.000) 2026-04-25 17:30:10 Job terminated.
	(1) Normal termination (return value 0)
		Usr 0 00:01:09, Sys 0 00:00:03  -  Run Remote Usage
		Usr 0 00:00:00, Sys 0 00:00:00  -  Run Local Usage
		Usr 0 00:01:09, Sys 0 00:00:03  -  Total Remote Usage
		Usr 0 00:00:00, Sys 0 00:00:00  -  Total Local Usage
	2503092471  -  Run Bytes Sent By Job
	1105878821  -  Run Bytes Received By Job
	2503092471  -  Total Bytes Sent By Job
	1105878821  -  Total Bytes Received By Job
	Partitionable Resources :    Usage  Request Allocated 
	   Cpus                 :        0        2         2 
	   Disk (KB)            :  3524500  8388608   8388608 
	   GPUs                 :                           0 
	   IoHeavy              :                           0 
	   Memory (MB)          :     3169    10240     10240 
	   TimeExecute (s)      :      119                    
	   TimeSlotBusy (s)     :      161                    
...
