000 (7409.008.000) 2026-04-25 17:26:01 Job submitted from host: <128.105.76.6:9618?addrs=128.105.76.6-9618+[2607-f388-2200-100-216-3eff-fe63-f8a5]-9618&alias=learn.chtc.wisc.edu&noUDP&sock=schedd_6739_f8d1>
...
040 (7409.008.000) 2026-04-25 17:30:10 Started transferring input files
	Transferring to host: <128.105.69.98:9618?addrs=128.105.69.98-9618+[2607-f388-2200-100-1270-fdff-fe56-45f4]-9618&alias=e4009.chtc.wisc.edu&noUDP&sock=slot1_10_1535308_205a_4551>
...
040 (7409.008.000) 2026-04-25 17:30:14 Finished transferring input files
...
001 (7409.008.000) 2026-04-25 17:30:15 Job executing on host: <128.105.69.98:9618?addrs=128.105.69.98-9618+[2607-f388-2200-100-1270-fdff-fe56-45f4]-9618&alias=e4009.chtc.wisc.edu&noUDP&sock=startd_10511_400d>
	SlotName: slot1_10@e4009.chtc.wisc.edu
	CondorScratchDir = "/var/lib/condor/execute/slot1/dir_3782036/scratch"
	Cpus = 2
	Disk = 8388608
	GPUs = 0
	IoHeavy = 0
	Memory = 10240
...
006 (7409.008.000) 2026-04-25 17:30:24 Image size of job updated: 3992344
	3899  -  MemoryUsage of job (MB)
	3992344  -  ResidentSetSize of job (KB)
...
006 (7409.008.000) 2026-04-25 17:32:47 Image size of job updated: 3993612
	3899  -  MemoryUsage of job (MB)
	3992344  -  ResidentSetSize of job (KB)
...
040 (7409.008.000) 2026-04-25 17:32:47 Started transferring output files
...
040 (7409.008.000) 2026-04-25 17:32:53 Finished transferring output files
...
004 (7409.008.000) 2026-04-25 17:32:53 Job was evicted. Code 1023 Subcode 0
	(0) CPU times
		Usr 0 00:01:22, Sys 0 00:00:04  -  Run Remote Usage
		Usr 0 00:00:00, Sys 0 00:00:00  -  Run Local Usage
	3149878236  -  Run Bytes Sent By Job
	1190641666  -  Run Bytes Received By Job
	Reason: via condor_rm (by user sbasnet3)
	Partitionable Resources :      Usage  Request Allocated 
	   Cpus                 :       0.57        2         2 
	   Disk (KB)            : 4238904     8388608   8388608 
	   GPUs                 :                             0 
	   IoHeavy              :                             0 
	   Memory (MB)          :    3899       10240     10240 
	   TimeExecute (s)      :     152                       
	   TimeSlotBusy (s)     :     163                       
...
009 (7409.008.000) 2026-04-25 17:32:53 Job was aborted.
	via condor_rm (by user sbasnet3)
...
