000 (7409.003.000) 2026-04-25 17:26:01 Job submitted from host: <128.105.76.6:9618?addrs=128.105.76.6-9618+[2607-f388-2200-100-216-3eff-fe63-f8a5]-9618&alias=learn.chtc.wisc.edu&noUDP&sock=schedd_6739_f8d1>
...
040 (7409.003.000) 2026-04-25 17:28:10 Started transferring input files
	Transferring to host: <128.105.69.155:9618?addrs=128.105.69.155-9618+[2607-f388-2200-100-1270-fdff-fe56-476c]-9618&alias=e4088.chtc.wisc.edu&noUDP&sock=slot1_55_13973_fe11_32022>
...
040 (7409.003.000) 2026-04-25 17:28:14 Finished transferring input files
...
001 (7409.003.000) 2026-04-25 17:28:15 Job executing on host: <128.105.69.155:9618?addrs=128.105.69.155-9618+[2607-f388-2200-100-1270-fdff-fe56-476c]-9618&alias=e4088.chtc.wisc.edu&noUDP&sock=startd_10617_f517>
	SlotName: slot1_55@e4088.chtc.wisc.edu
	CondorScratchDir = "/var/lib/condor/execute/slot1/dir_3168565/scratch"
	Cpus = 2
	Disk = 8389843
	GPUs = 0
	IoHeavy = 0
	Memory = 10240
...
006 (7409.003.000) 2026-04-25 17:28:24 Image size of job updated: 3610124
	3526  -  MemoryUsage of job (MB)
	3610124  -  ResidentSetSize of job (KB)
...
006 (7409.003.000) 2026-04-25 17:32:34 Image size of job updated: 3778208
	3526  -  MemoryUsage of job (MB)
	3610124  -  ResidentSetSize of job (KB)
...
040 (7409.003.000) 2026-04-25 17:32:34 Started transferring output files
...
040 (7409.003.000) 2026-04-25 17:32:45 Finished transferring output files
...
005 (7409.003.000) 2026-04-25 17:32:47 Job terminated.
	(1) Normal termination (return value 0)
		Usr 0 00:02:34, Sys 0 00:00:05  -  Run Remote Usage
		Usr 0 00:00:00, Sys 0 00:00:00  -  Run Local Usage
		Usr 0 00:02:34, Sys 0 00:00:05  -  Total Remote Usage
		Usr 0 00:00:00, Sys 0 00:00:00  -  Total Local Usage
	2985878492  -  Run Bytes Sent By Job
	1165369924  -  Run Bytes Received By Job
	2985878492  -  Total Bytes Sent By Job
	1165369924  -  Total Bytes Received By Job
	Partitionable Resources :      Usage  Request Allocated 
	   Cpus                 :       0.67        2         2 
	   Disk (KB)            : 4054076     8388608   8389843 
	   GPUs                 :                             0 
	   IoHeavy              :                             0 
	   Memory (MB)          :    3526       10240     10240 
	   TimeExecute (s)      :     259                       
	   TimeSlotBusy (s)     :     276                       
...
