000 (7410.008.000) 2026-04-25 17:37:10 Job submitted from host: <128.105.76.6:9618?addrs=128.105.76.6-9618+[2607-f388-2200-100-216-3eff-fe63-f8a5]-9618&alias=learn.chtc.wisc.edu&noUDP&sock=schedd_6739_f8d1>
...
040 (7410.008.000) 2026-04-25 17:39:00 Started transferring input files
	Transferring to host: <128.105.69.144:9618?addrs=128.105.69.144-9618+[2607-f388-2200-100-1270-fdff-fe56-7714]-9618&alias=e4021.chtc.wisc.edu&noUDP&sock=slot1_46_3992578_22ee_1319>
...
040 (7410.008.000) 2026-04-25 17:39:04 Finished transferring input files
...
001 (7410.008.000) 2026-04-25 17:39:05 Job executing on host: <128.105.69.144:9618?addrs=128.105.69.144-9618+[2607-f388-2200-100-1270-fdff-fe56-7714]-9618&alias=e4021.chtc.wisc.edu&noUDP&sock=startd_14377_0130>
	SlotName: slot1_46@e4021.chtc.wisc.edu
	CondorScratchDir = "/var/lib/condor/execute/slot1/dir_1903064/scratch"
	Cpus = 2
	Disk = 8388608
	GPUs = 0
	IoHeavy = 0
	Memory = 10240
...
006 (7410.008.000) 2026-04-25 17:39:06 Image size of job updated: 4440
	0  -  MemoryUsage of job (MB)
	0  -  ResidentSetSize of job (KB)
...
004 (7410.008.000) 2026-04-25 17:39:06 Job was evicted. Code 1023 Subcode 0
	(0) CPU times
		Usr 0 00:00:00, Sys 0 00:00:00  -  Run Remote Usage
		Usr 0 00:00:00, Sys 0 00:00:00  -  Run Local Usage
	0  -  Run Bytes Sent By Job
	1190641743  -  Run Bytes Received By Job
	Reason: via condor_rm (by user sbasnet3)
	Partitionable Resources :    Usage  Request Allocated 
	   Cpus                 :        0        2         2 
	   Disk (KB)            :  1162844  8388608   8388608 
	   GPUs                 :                           0 
	   IoHeavy              :                           0 
	   Memory (MB)          :        0    10240     10240 
	   TimeExecute (s)      :        1                    
	   TimeSlotBusy (s)     :        6                    
...
009 (7410.008.000) 2026-04-25 17:39:06 Job was aborted.
	via condor_rm (by user sbasnet3)
...
