000 (7410.001.000) 2026-04-25 17:37:10 Job submitted from host: <128.105.76.6:9618?addrs=128.105.76.6-9618+[2607-f388-2200-100-216-3eff-fe63-f8a5]-9618&alias=learn.chtc.wisc.edu&noUDP&sock=schedd_6739_f8d1>
...
040 (7410.001.000) 2026-04-25 17:38:20 Started transferring input files
	Transferring to host: <128.105.69.158:9618?addrs=128.105.69.158-9618+[2607-f388-2200-100-1270-fdff-fe56-4684]-9618&alias=e4091.chtc.wisc.edu&noUDP&sock=slot1_34_1067004_97f6_8251>
...
040 (7410.001.000) 2026-04-25 17:38:24 Finished transferring input files
...
001 (7410.001.000) 2026-04-25 17:38:25 Job executing on host: <128.105.69.158:9618?addrs=128.105.69.158-9618+[2607-f388-2200-100-1270-fdff-fe56-4684]-9618&alias=e4091.chtc.wisc.edu&noUDP&sock=startd_15620_9969>
	SlotName: slot1_34@e4091.chtc.wisc.edu
	CondorScratchDir = "/var/lib/condor/execute/slot1/dir_1207755/scratch"
	Cpus = 2
	Disk = 8388608
	GPUs = 0
	IoHeavy = 0
	Memory = 10240
...
006 (7410.001.000) 2026-04-25 17:38:31 Image size of job updated: 3014160
	0  -  MemoryUsage of job (MB)
	0  -  ResidentSetSize of job (KB)
...
040 (7410.001.000) 2026-04-25 17:38:31 Started transferring output files
...
040 (7410.001.000) 2026-04-25 17:38:31 Finished transferring output files
...
005 (7410.001.000) 2026-04-25 17:38:32 Job terminated.
	(1) Normal termination (return value 1)
		Usr 0 00:00:06, Sys 0 00:00:02  -  Run Remote Usage
		Usr 0 00:00:00, Sys 0 00:00:00  -  Run Local Usage
		Usr 0 00:00:06, Sys 0 00:00:02  -  Total Remote Usage
		Usr 0 00:00:00, Sys 0 00:00:00  -  Total Local Usage
	491  -  Run Bytes Sent By Job
	1099587172  -  Run Bytes Received By Job
	491  -  Total Bytes Sent By Job
	1099587172  -  Total Bytes Received By Job
	Partitionable Resources :    Usage  Request Allocated 
	   Cpus                 :        0        2         2 
	   Disk (KB)            :  1073924  8388608   8388608 
	   GPUs                 :                           0 
	   IoHeavy              :                           0 
	   Memory (MB)          :        0    10240     10240 
	   TimeExecute (s)      :        6                    
	   TimeSlotBusy (s)     :       11                    
...
