000 (7410.010.000) 2026-04-25 17:37:10 Job submitted from host: <128.105.76.6:9618?addrs=128.105.76.6-9618+[2607-f388-2200-100-216-3eff-fe63-f8a5]-9618&alias=learn.chtc.wisc.edu&noUDP&sock=schedd_6739_f8d1>
...
040 (7410.010.000) 2026-04-25 17:39:02 Started transferring input files
	Transferring to host: <128.105.69.158:9618?addrs=128.105.69.158-9618+[2607-f388-2200-100-1270-fdff-fe56-4684]-9618&alias=e4091.chtc.wisc.edu&noUDP&sock=slot1_34_1067004_97f6_8257>
...
040 (7410.010.000) 2026-04-25 17:39:06 Finished transferring input files
...
004 (7410.010.000) 2026-04-25 17:39:06 Job was evicted. Code 1023 Subcode 0
	(0) CPU times
		Usr 0 00:00:00, Sys 0 00:00:00  -  Run Remote Usage
		Usr 0 00:00:00, Sys 0 00:00:00  -  Run Local Usage
	0  -  Run Bytes Sent By Job
	0  -  Run Bytes Received By Job
	Reason: via condor_rm (by user sbasnet3)
	Partitionable Resources :    Usage  Request Allocated 
	   Cpus                 :        0        2         2 
	   Disk (KB)            :  1094672  8388608   8388608 
	   GPUs                 :                           0 
	   IoHeavy              :                           0 
	   Memory (MB)          :             10240     10240 
...
009 (7410.010.000) 2026-04-25 17:39:06 Job was aborted.
	via condor_rm (by user sbasnet3)
...
