000 (7411.005.000) 2026-04-25 17:44:01 Job submitted from host: <128.105.76.6:9618?addrs=128.105.76.6-9618+[2607-f388-2200-100-216-3eff-fe63-f8a5]-9618&alias=learn.chtc.wisc.edu&noUDP&sock=schedd_6739_f8d1>
...
040 (7411.005.000) 2026-04-25 17:44:20 Started transferring input files
	Transferring to host: <128.105.69.201:9618?addrs=128.105.69.201-9618+[2607-f388-2200-100-1270-fdff-fe56-62e4]-9618&alias=e4030.chtc.wisc.edu&noUDP&sock=slot1_64_1479145_364e_116018>
...
040 (7411.005.000) 2026-04-25 17:44:27 Finished transferring input files
...
001 (7411.005.000) 2026-04-25 17:44:28 Job executing on host: <128.105.69.201:9618?addrs=128.105.69.201-9618+[2607-f388-2200-100-1270-fdff-fe56-62e4]-9618&alias=e4030.chtc.wisc.edu&noUDP&sock=startd_14070_6d9d>
	SlotName: slot1_64@e4030.chtc.wisc.edu
	CondorScratchDir = "/var/lib/condor/execute/slot1/dir_1115238/scratch"
	Cpus = 2
	Disk = 8388608
	GPUs = 0
	IoHeavy = 0
	Memory = 10240
...
006 (7411.005.000) 2026-04-25 17:44:34 Image size of job updated: 3695260
	0  -  MemoryUsage of job (MB)
	0  -  ResidentSetSize of job (KB)
...
040 (7411.005.000) 2026-04-25 17:44:34 Started transferring output files
...
040 (7411.005.000) 2026-04-25 17:44:34 Finished transferring output files
...
005 (7411.005.000) 2026-04-25 17:44:35 Job terminated.
	(1) Normal termination (return value 1)
		Usr 0 00:00:07, Sys 0 00:00:02  -  Run Remote Usage
		Usr 0 00:00:00, Sys 0 00:00:00  -  Run Local Usage
		Usr 0 00:00:07, Sys 0 00:00:02  -  Total Remote Usage
		Usr 0 00:00:00, Sys 0 00:00:00  -  Total Local Usage
	635  -  Run Bytes Sent By Job
	1191066691  -  Run Bytes Received By Job
	635  -  Total Bytes Sent By Job
	1191066691  -  Total Bytes Received By Job
	Partitionable Resources :    Usage  Request Allocated 
	   Cpus                 :        0        2         2 
	   Disk (KB)            :  1163264  8388608   8388608 
	   GPUs                 :                           0 
	   IoHeavy              :                           0 
	   Memory (MB)          :        0    10240     10240 
	   TimeExecute (s)      :        6                    
	   TimeSlotBusy (s)     :       14                    
...
