000 (7411.007.000) 2026-04-25 17:44:01 Job submitted from host: <128.105.76.6:9618?addrs=128.105.76.6-9618+[2607-f388-2200-100-216-3eff-fe63-f8a5]-9618&alias=learn.chtc.wisc.edu&noUDP&sock=schedd_6739_f8d1>
...
040 (7411.007.000) 2026-04-25 17:44:21 Started transferring input files
	Transferring to host: <128.105.69.200:9618?addrs=128.105.69.200-9618+[2607-f388-2200-100-1270-fdff-fe36-581c]-9618&alias=e4029.chtc.wisc.edu&noUDP&sock=slot1_41_1622343_284d_1499>
...
040 (7411.007.000) 2026-04-25 17:44:28 Finished transferring input files
...
001 (7411.007.000) 2026-04-25 17:44:29 Job executing on host: <128.105.69.200:9618?addrs=128.105.69.200-9618+[2607-f388-2200-100-1270-fdff-fe36-581c]-9618&alias=e4029.chtc.wisc.edu&noUDP&sock=startd_11479_37ba>
	SlotName: slot1_41@e4029.chtc.wisc.edu
	CondorScratchDir = "/var/lib/condor/execute/slot1/dir_3905759/scratch"
	Cpus = 2
	Disk = 8388608
	GPUs = 0
	IoHeavy = 0
	Memory = 10240
...
006 (7411.007.000) 2026-04-25 17:44:38 Image size of job updated: 3710216
	3624  -  MemoryUsage of job (MB)
	3710216  -  ResidentSetSize of job (KB)
...
006 (7411.007.000) 2026-04-25 17:44:39 Image size of job updated: 3712272
	3626  -  MemoryUsage of job (MB)
	3712272  -  ResidentSetSize of job (KB)
...
040 (7411.007.000) 2026-04-25 17:44:39 Started transferring output files
...
040 (7411.007.000) 2026-04-25 17:44:39 Finished transferring output files
...
005 (7411.007.000) 2026-04-25 17:44:39 Job terminated.
	(1) Normal termination (return value 1)
		Usr 0 00:00:10, Sys 0 00:00:02  -  Run Remote Usage
		Usr 0 00:00:00, Sys 0 00:00:00  -  Run Local Usage
		Usr 0 00:00:10, Sys 0 00:00:02  -  Total Remote Usage
		Usr 0 00:00:00, Sys 0 00:00:00  -  Total Local Usage
	635  -  Run Bytes Sent By Job
	1179278928  -  Run Bytes Received By Job
	635  -  Total Bytes Sent By Job
	1179278928  -  Total Bytes Received By Job
	Partitionable Resources :    Usage  Request Allocated 
	   Cpus                 :        0        2         2 
	   Disk (KB)            :  1151752  8388608   8388608 
	   GPUs                 :                           0 
	   IoHeavy              :                           0 
	   Memory (MB)          :     3626    10240     10240 
	   TimeExecute (s)      :       10                    
	   TimeSlotBusy (s)     :       19                    
...
