000 (7412.004.000) 2026-04-25 17:46:44 Job submitted from host: <128.105.76.6:9618?addrs=128.105.76.6-9618+[2607-f388-2200-100-216-3eff-fe63-f8a5]-9618&alias=learn.chtc.wisc.edu&noUDP&sock=schedd_6739_f8d1>
...
040 (7412.004.000) 2026-04-25 17:47:16 Started transferring input files
	Transferring to host: <128.105.69.216:9618?addrs=128.105.69.216-9618+[2607-f388-2200-100-eaeb-d3ff-fe40-33c]-9618&alias=e2599.chtc.wisc.edu&noUDP&sock=slot1_6_2272014_2620_1168>
...
040 (7412.004.000) 2026-04-25 17:47:21 Finished transferring input files
...
001 (7412.004.000) 2026-04-25 17:47:22 Job executing on host: <128.105.69.216:9618?addrs=128.105.69.216-9618+[2607-f388-2200-100-eaeb-d3ff-fe40-33c]-9618&alias=e2599.chtc.wisc.edu&noUDP&sock=startd_14113_ec2f>
	SlotName: slot1_6@e2599.chtc.wisc.edu
	CondorScratchDir = "/var/lib/condor/execute/slot1/dir_3454054/scratch"
	Cpus = 2
	Disk = 8388608
	GPUs = 0
	IoHeavy = 0
	Memory = 10240
...
006 (7412.004.000) 2026-04-25 17:47:31 Image size of job updated: 3751844
	3664  -  MemoryUsage of job (MB)
	3751844  -  ResidentSetSize of job (KB)
...
006 (7412.004.000) 2026-04-25 17:47:32 Image size of job updated: 3754268
	3667  -  MemoryUsage of job (MB)
	3754268  -  ResidentSetSize of job (KB)
...
040 (7412.004.000) 2026-04-25 17:47:32 Started transferring output files
...
040 (7412.004.000) 2026-04-25 17:47:32 Finished transferring output files
...
005 (7412.004.000) 2026-04-25 17:47:32 Job terminated.
	(1) Normal termination (return value 1)
		Usr 0 00:00:10, Sys 0 00:00:02  -  Run Remote Usage
		Usr 0 00:00:00, Sys 0 00:00:00  -  Run Local Usage
		Usr 0 00:00:10, Sys 0 00:00:02  -  Total Remote Usage
		Usr 0 00:00:00, Sys 0 00:00:00  -  Total Local Usage
	491  -  Run Bytes Sent By Job
	1184203284  -  Run Bytes Received By Job
	491  -  Total Bytes Sent By Job
	1184203284  -  Total Bytes Received By Job
	Partitionable Resources :    Usage  Request Allocated 
	   Cpus                 :        0        2         2 
	   Disk (KB)            :  1156477  8388608   8388608 
	   GPUs                 :                           0 
	   IoHeavy              :                           0 
	   Memory (MB)          :     3667    10240     10240 
	   TimeExecute (s)      :       10                    
	   TimeSlotBusy (s)     :       16                    
...
