000 (7413.004.000) 2026-04-25 17:53:26 Job submitted from host: <128.105.76.6:9618?addrs=128.105.76.6-9618+[2607-f388-2200-100-216-3eff-fe63-f8a5]-9618&alias=learn.chtc.wisc.edu&noUDP&sock=schedd_6739_f8d1>
...
040 (7413.004.000) 2026-04-25 17:54:05 Started transferring input files
	Transferring to host: <128.105.69.198:9618?addrs=128.105.69.198-9618+[2607-f388-2200-100-1270-fdff-fe56-bc84]-9618&alias=e4051.chtc.wisc.edu&noUDP&sock=slot1_32_1693669_c6e2_8382>
...
040 (7413.004.000) 2026-04-25 17:54:27 Finished transferring input files
...
001 (7413.004.000) 2026-04-25 17:54:28 Job executing on host: <128.105.69.198:9618?addrs=128.105.69.198-9618+[2607-f388-2200-100-1270-fdff-fe56-bc84]-9618&alias=e4051.chtc.wisc.edu&noUDP&sock=startd_16764_49c1>
	SlotName: slot1_32@e4051.chtc.wisc.edu
	CondorScratchDir = "/var/lib/condor/execute/slot1/dir_3572532/scratch"
	Cpus = 2
	Disk = 8388608
	GPUs = 0
	IoHeavy = 0
	Memory = 10240
...
006 (7413.004.000) 2026-04-25 17:54:29 Image size of job updated: 1216
	0  -  MemoryUsage of job (MB)
	0  -  ResidentSetSize of job (KB)
...
040 (7413.004.000) 2026-04-25 17:54:29 Started transferring output files
...
040 (7413.004.000) 2026-04-25 17:54:29 Finished transferring output files
...
005 (7413.004.000) 2026-04-25 17:54:29 Job terminated.
	(1) Normal termination (return value 1)
		Usr 0 00:00:00, Sys 0 00:00:00  -  Run Remote Usage
		Usr 0 00:00:00, Sys 0 00:00:00  -  Run Local Usage
		Usr 0 00:00:00, Sys 0 00:00:00  -  Total Remote Usage
		Usr 0 00:00:00, Sys 0 00:00:00  -  Total Local Usage
	278  -  Run Bytes Sent By Job
	1184204430  -  Run Bytes Received By Job
	278  -  Total Bytes Sent By Job
	1184204430  -  Total Bytes Received By Job
	Partitionable Resources :    Usage  Request Allocated 
	   Cpus                 :        0        2         2 
	   Disk (KB)            :  1156552  8388608   8388608 
	   GPUs                 :                           0 
	   IoHeavy              :                           0 
	   Memory (MB)          :        0    10240     10240 
	   TimeExecute (s)      :        1                    
	   TimeSlotBusy (s)     :       24                    
...
