000 (7414.003.000) 2026-04-25 17:56:14 Job submitted from host: <128.105.76.6:9618?addrs=128.105.76.6-9618+[2607-f388-2200-100-216-3eff-fe63-f8a5]-9618&alias=learn.chtc.wisc.edu&noUDP&sock=schedd_6739_f8d1>
...
040 (7414.003.000) 2026-04-25 17:56:45 Started transferring input files
	Transferring to host: <128.105.68.53:9618?addrs=128.105.68.53-9618+[2607-f388-2200-100-3680-dff-fe2e-8828]-9618&alias=e2483.chtc.wisc.edu&noUDP&sock=slot1_18_1763521_d47a_1135>
...
040 (7414.003.000) 2026-04-25 17:56:51 Finished transferring input files
...
001 (7414.003.000) 2026-04-25 17:56:52 Job executing on host: <128.105.68.53:9618?addrs=128.105.68.53-9618+[2607-f388-2200-100-3680-dff-fe2e-8828]-9618&alias=e2483.chtc.wisc.edu&noUDP&sock=startd_11660_5e5f>
	SlotName: slot1_18@e2483.chtc.wisc.edu
	CondorScratchDir = "/var/lib/condor/execute/slot1/dir_3013344/scratch"
	Cpus = 2
	Disk = 8388608
	GPUs = 0
	IoHeavy = 0
	Memory = 10240
...
006 (7414.003.000) 2026-04-25 17:56:53 Image size of job updated: 184
	0  -  MemoryUsage of job (MB)
	0  -  ResidentSetSize of job (KB)
...
040 (7414.003.000) 2026-04-25 17:56:53 Started transferring output files
...
040 (7414.003.000) 2026-04-25 17:56:53 Finished transferring output files
...
005 (7414.003.000) 2026-04-25 17:56:54 Job terminated.
	(1) Normal termination (return value 1)
		Usr 0 00:00:01, Sys 0 00:00:00  -  Run Remote Usage
		Usr 0 00:00:00, Sys 0 00:00:00  -  Run Local Usage
		Usr 0 00:00:01, Sys 0 00:00:00  -  Total Remote Usage
		Usr 0 00:00:00, Sys 0 00:00:00  -  Total Local Usage
	369  -  Run Bytes Sent By Job
	1165368841  -  Run Bytes Received By Job
	369  -  Total Bytes Sent By Job
	1165368841  -  Total Bytes Received By Job
	Partitionable Resources :    Usage  Request Allocated 
	   Cpus                 :        0        2         2 
	   Disk (KB)            :  1138084  8388608   8388608 
	   GPUs                 :                           0 
	   IoHeavy              :                           0 
	   Memory (MB)          :        0    10240     10240 
	   TimeExecute (s)      :        1                    
	   TimeSlotBusy (s)     :        8                    
...
