000 (7415.002.000) 2026-04-25 18:01:22 Job submitted from host: <128.105.76.6:9618?addrs=128.105.76.6-9618+[2607-f388-2200-100-216-3eff-fe63-f8a5]-9618&alias=learn.chtc.wisc.edu&noUDP&sock=schedd_6739_f8d1>
...
040 (7415.002.000) 2026-04-25 18:03:39 Started transferring input files
	Transferring to host: <128.105.69.216:9618?addrs=128.105.69.216-9618+[2607-f388-2200-100-eaeb-d3ff-fe40-33c]-9618&alias=e2599.chtc.wisc.edu&noUDP&sock=slot1_24_2272014_2620_1225>
...
040 (7415.002.000) 2026-04-25 18:03:44 Finished transferring input files
...
001 (7415.002.000) 2026-04-25 18:03:45 Job executing on host: <128.105.69.216:9618?addrs=128.105.69.216-9618+[2607-f388-2200-100-eaeb-d3ff-fe40-33c]-9618&alias=e2599.chtc.wisc.edu&noUDP&sock=startd_14113_ec2f>
	SlotName: slot1_24@e2599.chtc.wisc.edu
	CondorScratchDir = "/var/lib/condor/execute/slot1/dir_3526733/scratch"
	Cpus = 2
	Disk = 8388608
	GPUs = 0
	IoHeavy = 0
	Memory = 10240
...
006 (7415.002.000) 2026-04-25 18:03:47 Image size of job updated: 4424
	0  -  MemoryUsage of job (MB)
	0  -  ResidentSetSize of job (KB)
...
040 (7415.002.000) 2026-04-25 18:03:47 Started transferring output files
...
040 (7415.002.000) 2026-04-25 18:03:47 Finished transferring output files
...
005 (7415.002.000) 2026-04-25 18:03:47 Job terminated.
	(1) Normal termination (return value 1)
		Usr 0 00:00:01, Sys 0 00:00:00  -  Run Remote Usage
		Usr 0 00:00:00, Sys 0 00:00:00  -  Run Local Usage
		Usr 0 00:00:01, Sys 0 00:00:00  -  Total Remote Usage
		Usr 0 00:00:00, Sys 0 00:00:00  -  Total Local Usage
	369  -  Run Bytes Sent By Job
	1165322721  -  Run Bytes Received By Job
	369  -  Total Bytes Sent By Job
	1165322721  -  Total Bytes Received By Job
	Partitionable Resources :    Usage  Request Allocated 
	   Cpus                 :        0        2         2 
	   Disk (KB)            :  1138038  8388608   8388608 
	   GPUs                 :                           0 
	   IoHeavy              :                           0 
	   Memory (MB)          :        0    10240     10240 
	   TimeExecute (s)      :        2                    
	   TimeSlotBusy (s)     :        8                    
...
