000 (7415.009.000) 2026-04-25 18:01:22 Job submitted from host: <128.105.76.6:9618?addrs=128.105.76.6-9618+[2607-f388-2200-100-216-3eff-fe63-f8a5]-9618&alias=learn.chtc.wisc.edu&noUDP&sock=schedd_6739_f8d1>
...
040 (7415.009.000) 2026-04-25 18:04:19 Started transferring input files
	Transferring to host: <128.105.69.188:9618?addrs=128.105.69.188-9618+[2607-f388-2200-100-1270-fdff-fe56-bf54]-9618&alias=e4040.chtc.wisc.edu&noUDP&sock=slot1_12_2072534_7170_1177>
...
040 (7415.009.000) 2026-04-25 18:04:27 Finished transferring input files
...
001 (7415.009.000) 2026-04-25 18:04:28 Job executing on host: <128.105.69.188:9618?addrs=128.105.69.188-9618+[2607-f388-2200-100-1270-fdff-fe56-bf54]-9618&alias=e4040.chtc.wisc.edu&noUDP&sock=startd_16698_0481>
	SlotName: slot1_12@e4040.chtc.wisc.edu
	CondorScratchDir = "/var/lib/condor/execute/slot1/dir_3239322/scratch"
	Cpus = 2
	Disk = 8388608
	GPUs = 0
	IoHeavy = 0
	Memory = 10240
...
006 (7415.009.000) 2026-04-25 18:04:30 Image size of job updated: 3568
	0  -  MemoryUsage of job (MB)
	0  -  ResidentSetSize of job (KB)
...
040 (7415.009.000) 2026-04-25 18:04:30 Started transferring output files
...
040 (7415.009.000) 2026-04-25 18:04:30 Finished transferring output files
...
005 (7415.009.000) 2026-04-25 18:04:31 Job terminated.
	(1) Normal termination (return value 1)
		Usr 0 00:00:02, Sys 0 00:00:00  -  Run Remote Usage
		Usr 0 00:00:00, Sys 0 00:00:00  -  Run Local Usage
		Usr 0 00:00:02, Sys 0 00:00:00  -  Total Remote Usage
		Usr 0 00:00:00, Sys 0 00:00:00  -  Total Local Usage
	369  -  Run Bytes Sent By Job
	1227067691  -  Run Bytes Received By Job
	369  -  Total Bytes Sent By Job
	1227067691  -  Total Bytes Received By Job
	Partitionable Resources :    Usage  Request Allocated 
	   Cpus                 :        0        2         2 
	   Disk (KB)            :  1198412  8388608   8388608 
	   GPUs                 :                           0 
	   IoHeavy              :                           0 
	   Memory (MB)          :        0    10240     10240 
	   TimeExecute (s)      :        2                    
	   TimeSlotBusy (s)     :       12                    
...
