000 (7416.011.000) 2026-04-25 18:15:30 Job submitted from host: <128.105.76.6:9618?addrs=128.105.76.6-9618+[2607-f388-2200-100-216-3eff-fe63-f8a5]-9618&alias=learn.chtc.wisc.edu&noUDP&sock=schedd_6739_f8d1>
...
040 (7416.011.000) 2026-04-25 18:19:55 Started transferring input files
	Transferring to host: <128.105.68.53:9618?addrs=128.105.68.53-9618+[2607-f388-2200-100-3680-dff-fe2e-8828]-9618&alias=e2483.chtc.wisc.edu&noUDP&sock=slot1_31_1763521_d47a_1192>
...
040 (7416.011.000) 2026-04-25 18:20:00 Finished transferring input files
...
001 (7416.011.000) 2026-04-25 18:20:01 Job executing on host: <128.105.68.53:9618?addrs=128.105.68.53-9618+[2607-f388-2200-100-3680-dff-fe2e-8828]-9618&alias=e2483.chtc.wisc.edu&noUDP&sock=startd_11660_5e5f>
	SlotName: slot1_31@e2483.chtc.wisc.edu
	CondorScratchDir = "/var/lib/condor/execute/slot1/dir_3097878/scratch"
	Cpus = 2
	Disk = 8388608
	GPUs = 0
	IoHeavy = 0
	Memory = 10240
...
006 (7416.011.000) 2026-04-25 18:20:09 Image size of job updated: 4224668
	4126  -  MemoryUsage of job (MB)
	4224668  -  ResidentSetSize of job (KB)
...
040 (7416.011.000) 2026-04-25 18:22:13 Started transferring output files
...
040 (7416.011.000) 2026-04-25 18:22:21 Finished transferring output files
...
021 (7416.011.000) 2026-04-25 18:22:21 Error from starter on slot1_31@e2483.chtc.wisc.edu:
	STARTER at 128.105.68.53 failed to send file(s) to <128.105.76.6:9618>; SHADOW at 128.105.76.6 - |Error: writing to file /home/sbasnet3/DSCP-Project/src/clean_data/fhvhv_tripdata_2021-12.csv: (errno 122) Disk quota exceeded
	Code 12 Subcode 122
...
004 (7416.011.000) 2026-04-25 18:22:22 Job was evicted. Code 12 Subcode 122
	(0) CPU times
		Usr 0 00:02:01, Sys 0 00:00:13  -  Run Remote Usage
		Usr 0 00:00:00, Sys 0 00:00:00  -  Run Local Usage
	0  -  Run Bytes Sent By Job
	1207885623  -  Run Bytes Received By Job
	Reason: Transfer output files failure at access point learn while receiving files from execution point slot1_31@e2483.chtc.wisc.edu. Details: writing to file /home/sbasnet3/DSCP-Project/src/clean_data/fhvhv_tripdata_2021-12.csv: (errno 122) Disk quota exceeded
	Partitionable Resources :    Usage  Request Allocated 
	   Cpus                 :        0        2         2 
	   Disk (KB)            :  4511277  8388608   8388608 
	   GPUs                 :                           0 
	   IoHeavy              :                           0 
	   Memory (MB)          :     4126    10240     10240 
	   TimeExecute (s)      :      132                    
	   TimeSlotBusy (s)     :      146                    
...
012 (7416.011.000) 2026-04-25 18:22:22 Job was held.
	Transfer output files failure at access point learn while receiving files from execution point slot1_31@e2483.chtc.wisc.edu. Details: writing to file /home/sbasnet3/DSCP-Project/src/clean_data/fhvhv_tripdata_2021-12.csv: (errno 122) Disk quota exceeded
	Code 12 Subcode 122
...
009 (7416.011.000) 2026-04-25 18:27:13 Job was aborted.
	via condor_rm (by user sbasnet3)
...
