000 (7416.009.000) 2026-04-25 18:15:30 Job submitted from host: <128.105.76.6:9618?addrs=128.105.76.6-9618+[2607-f388-2200-100-216-3eff-fe63-f8a5]-9618&alias=learn.chtc.wisc.edu&noUDP&sock=schedd_6739_f8d1>
...
040 (7416.009.000) 2026-04-25 18:19:45 Started transferring input files
	Transferring to host: <128.105.68.46:9618?addrs=128.105.68.46-9618+[2607-f388-2200-100-3680-dff-fe2e-8780]-9618&alias=e2476.chtc.wisc.edu&noUDP&sock=slot1_6_2894634_4386_111083>
...
040 (7416.009.000) 2026-04-25 18:19:56 Finished transferring input files
...
001 (7416.009.000) 2026-04-25 18:19:57 Job executing on host: <128.105.68.46:9618?addrs=128.105.68.46-9618+[2607-f388-2200-100-3680-dff-fe2e-8780]-9618&alias=e2476.chtc.wisc.edu&noUDP&sock=startd_11549_3b5b>
	SlotName: slot1_6@e2476.chtc.wisc.edu
	CondorScratchDir = "/var/lib/condor/execute/slot1/dir_3734214/scratch"
	Cpus = 2
	Disk = 8388608
	GPUs = 0
	IoHeavy = 0
	Memory = 10240
...
006 (7416.009.000) 2026-04-25 18:20:06 Image size of job updated: 4347444
	4246  -  MemoryUsage of job (MB)
	4347444  -  ResidentSetSize of job (KB)
...
040 (7416.009.000) 2026-04-25 18:22:26 Started transferring output files
...
040 (7416.009.000) 2026-04-25 18:22:33 Finished transferring output files
...
021 (7416.009.000) 2026-04-25 18:22:33 Error from starter on slot1_6@e2476.chtc.wisc.edu:
	STARTER at 128.105.68.46 failed to send file(s) to <128.105.76.6:9618>; SHADOW at 128.105.76.6 - |Error: writing to file /home/sbasnet3/DSCP-Project/src/clean_data/fhvhv_tripdata_2021-10.csv: (errno 122) Disk quota exceeded
	Code 12 Subcode 122
...
004 (7416.009.000) 2026-04-25 18:22:34 Job was evicted. Code 12 Subcode 122
	(0) CPU times
		Usr 0 00:02:14, Sys 0 00:00:15  -  Run Remote Usage
		Usr 0 00:00:00, Sys 0 00:00:00  -  Run Local Usage
	0  -  Run Bytes Sent By Job
	1227067392  -  Run Bytes Received By Job
	Reason: Transfer output files failure at access point learn while receiving files from execution point slot1_6@e2476.chtc.wisc.edu. Details: writing to file /home/sbasnet3/DSCP-Project/src/clean_data/fhvhv_tripdata_2021-10.csv: (errno 122) Disk quota exceeded
	Partitionable Resources :      Usage  Request Allocated 
	   Cpus                 :       0.98        2         2 
	   Disk (KB)            : 4631355     8388608   8388608 
	   GPUs                 :                             0 
	   IoHeavy              :                             0 
	   Memory (MB)          :    4246       10240     10240 
	   TimeExecute (s)      :     149                       
	   TimeSlotBusy (s)     :     169                       
...
012 (7416.009.000) 2026-04-25 18:22:34 Job was held.
	Transfer output files failure at access point learn while receiving files from execution point slot1_6@e2476.chtc.wisc.edu. Details: writing to file /home/sbasnet3/DSCP-Project/src/clean_data/fhvhv_tripdata_2021-10.csv: (errno 122) Disk quota exceeded
	Code 12 Subcode 122
...
009 (7416.009.000) 2026-04-25 18:27:13 Job was aborted.
	via condor_rm (by user sbasnet3)
...
