000 (7416.000.000) 2026-04-25 18:15:30 Job submitted from host: <128.105.76.6:9618?addrs=128.105.76.6-9618+[2607-f388-2200-100-216-3eff-fe63-f8a5]-9618&alias=learn.chtc.wisc.edu&noUDP&sock=schedd_6739_f8d1>
...
040 (7416.000.000) 2026-04-25 18:17:01 Started transferring input files
	Transferring to host: <128.105.68.159:9618?addrs=128.105.68.159-9618+[2607-f388-2200-100-b226-28ff-fe51-396c]-9618&alias=e2018.chtc.wisc.edu&noUDP&sock=slot1_9_1753716_520b_5418>
...
040 (7416.000.000) 2026-04-25 18:17:10 Finished transferring input files
...
001 (7416.000.000) 2026-04-25 18:17:11 Job executing on host: <128.105.68.159:9618?addrs=128.105.68.159-9618+[2607-f388-2200-100-b226-28ff-fe51-396c]-9618&alias=e2018.chtc.wisc.edu&noUDP&sock=startd_9513_b489>
	SlotName: slot1_9@e2018.chtc.wisc.edu
	CondorScratchDir = "/var/lib/condor/execute/slot1/dir_2140153/scratch"
	Cpus = 2
	Disk = 8388608
	GPUs = 0
	IoHeavy = 0
	Memory = 10240
...
006 (7416.000.000) 2026-04-25 18:17:20 Image size of job updated: 1975396
	1930  -  MemoryUsage of job (MB)
	1975396  -  ResidentSetSize of job (KB)
...
006 (7416.000.000) 2026-04-25 18:20:18 Image size of job updated: 3172272
	1931  -  MemoryUsage of job (MB)
	1976888  -  ResidentSetSize of job (KB)
...
040 (7416.000.000) 2026-04-25 18:20:18 Started transferring output files
...
040 (7416.000.000) 2026-04-25 18:20:30 Finished transferring output files
...
005 (7416.000.000) 2026-04-25 18:20:31 Job terminated.
	(1) Normal termination (return value 0)
		Usr 0 00:02:54, Sys 0 00:00:17  -  Run Remote Usage
		Usr 0 00:00:00, Sys 0 00:00:00  -  Run Local Usage
		Usr 0 00:02:54, Sys 0 00:00:17  -  Total Remote Usage
		Usr 0 00:00:00, Sys 0 00:00:00  -  Total Local Usage
	2503092473  -  Run Bytes Sent By Job
	1105876444  -  Run Bytes Received By Job
	2503092473  -  Total Bytes Sent By Job
	1105876444  -  Total Bytes Received By Job
	Partitionable Resources :    Usage  Request Allocated 
	   Cpus                 :                 2         2 
	   Disk (KB)            :  3524402  8388608   8388608 
	   GPUs                 :                           0 
	   IoHeavy              :                           0 
	   Memory (MB)          :     1931    10240     10240 
	   TimeExecute (s)      :      187                    
	   TimeSlotBusy (s)     :      209                    
...
