000 (7416.006.000) 2026-04-25 18:15:30 Job submitted from host: <128.105.76.6:9618?addrs=128.105.76.6-9618+[2607-f388-2200-100-216-3eff-fe63-f8a5]-9618&alias=learn.chtc.wisc.edu&noUDP&sock=schedd_6739_f8d1>
...
040 (7416.006.000) 2026-04-25 18:19:35 Started transferring input files
	Transferring to host: <128.105.68.53:9618?addrs=128.105.68.53-9618+[2607-f388-2200-100-3680-dff-fe2e-8828]-9618&alias=e2483.chtc.wisc.edu&noUDP&sock=slot1_1_1763521_d47a_1191>
...
040 (7416.006.000) 2026-04-25 18:19:40 Finished transferring input files
...
001 (7416.006.000) 2026-04-25 18:19:41 Job executing on host: <128.105.68.53:9618?addrs=128.105.68.53-9618+[2607-f388-2200-100-3680-dff-fe2e-8828]-9618&alias=e2483.chtc.wisc.edu&noUDP&sock=startd_11660_5e5f>
	SlotName: slot1_1@e2483.chtc.wisc.edu
	CondorScratchDir = "/var/lib/condor/execute/slot1/dir_3097501/scratch"
	Cpus = 2
	Disk = 8388608
	GPUs = 0
	IoHeavy = 0
	Memory = 10240
...
006 (7416.006.000) 2026-04-25 18:19:50 Image size of job updated: 3965428
	3873  -  MemoryUsage of job (MB)
	3965428  -  ResidentSetSize of job (KB)
...
006 (7416.006.000) 2026-04-25 18:21:47 Image size of job updated: 3965788
	3873  -  MemoryUsage of job (MB)
	3965428  -  ResidentSetSize of job (KB)
...
040 (7416.006.000) 2026-04-25 18:21:47 Started transferring output files
...
040 (7416.006.000) 2026-04-25 18:21:53 Finished transferring output files
...
005 (7416.006.000) 2026-04-25 18:21:53 Job terminated.
	(1) Normal termination (return value 0)
		Usr 0 00:01:56, Sys 0 00:00:11  -  Run Remote Usage
		Usr 0 00:00:00, Sys 0 00:00:00  -  Run Local Usage
		Usr 0 00:01:56, Sys 0 00:00:11  -  Total Remote Usage
		Usr 0 00:00:00, Sys 0 00:00:00  -  Total Local Usage
	3178215340  -  Run Bytes Sent By Job
	1192918419  -  Run Bytes Received By Job
	3178215340  -  Total Bytes Sent By Job
	1192918419  -  Total Bytes Received By Job
	Partitionable Resources :    Usage  Request Allocated 
	   Cpus                 :        0        2         2 
	   Disk (KB)            :  4268714  8388608   8388608 
	   GPUs                 :                           0 
	   IoHeavy              :                           0 
	   Memory (MB)          :     3873    10240     10240 
	   TimeExecute (s)      :      126                    
	   TimeSlotBusy (s)     :      138                    
...
