000 (7416.003.000) 2026-04-25 18:15:30 Job submitted from host: <128.105.76.6:9618?addrs=128.105.76.6-9618+[2607-f388-2200-100-216-3eff-fe63-f8a5]-9618&alias=learn.chtc.wisc.edu&noUDP&sock=schedd_6739_f8d1>
...
040 (7416.003.000) 2026-04-25 18:17:48 Started transferring input files
	Transferring to host: <128.105.69.144:9618?addrs=128.105.69.144-9618+[2607-f388-2200-100-1270-fdff-fe56-7714]-9618&alias=e4021.chtc.wisc.edu&noUDP&sock=slot1_19_3992578_22ee_1396>
...
040 (7416.003.000) 2026-04-25 18:17:54 Finished transferring input files
...
001 (7416.003.000) 2026-04-25 18:17:55 Job executing on host: <128.105.69.144:9618?addrs=128.105.69.144-9618+[2607-f388-2200-100-1270-fdff-fe56-7714]-9618&alias=e4021.chtc.wisc.edu&noUDP&sock=startd_14377_0130>
	SlotName: slot1_19@e4021.chtc.wisc.edu
	CondorScratchDir = "/var/lib/condor/execute/slot1/dir_2012189/scratch"
	Cpus = 2
	Disk = 8388608
	GPUs = 0
	IoHeavy = 0
	Memory = 10240
...
006 (7416.003.000) 2026-04-25 18:18:04 Image size of job updated: 3734420
	3647  -  MemoryUsage of job (MB)
	3734420  -  ResidentSetSize of job (KB)
...
006 (7416.003.000) 2026-04-25 18:20:25 Image size of job updated: 3735404
	3647  -  MemoryUsage of job (MB)
	3734420  -  ResidentSetSize of job (KB)
...
040 (7416.003.000) 2026-04-25 18:20:25 Started transferring output files
...
040 (7416.003.000) 2026-04-25 18:20:33 Finished transferring output files
...
005 (7416.003.000) 2026-04-25 18:20:34 Job terminated.
	(1) Normal termination (return value 0)
		Usr 0 00:02:13, Sys 0 00:00:18  -  Run Remote Usage
		Usr 0 00:00:00, Sys 0 00:00:00  -  Run Local Usage
		Usr 0 00:02:13, Sys 0 00:00:18  -  Total Remote Usage
		Usr 0 00:00:00, Sys 0 00:00:00  -  Total Local Usage
	2985878494  -  Run Bytes Sent By Job
	1165367547  -  Run Bytes Received By Job
	2985878494  -  Total Bytes Sent By Job
	1165367547  -  Total Bytes Received By Job
	Partitionable Resources :      Usage  Request Allocated 
	   Cpus                 :       0.99        2         2 
	   Disk (KB)            : 4054064     8388608   8388608 
	   GPUs                 :                             0 
	   IoHeavy              :                             0 
	   Memory (MB)          :    3647       10240     10240 
	   TimeExecute (s)      :     150                       
	   TimeSlotBusy (s)     :     165                       
...
