000 (7416.004.000) 2026-04-25 18:15:30 Job submitted from host: <128.105.76.6:9618?addrs=128.105.76.6-9618+[2607-f388-2200-100-216-3eff-fe63-f8a5]-9618&alias=learn.chtc.wisc.edu&noUDP&sock=schedd_6739_f8d1>
...
040 (7416.004.000) 2026-04-25 18:17:47 Started transferring input files
	Transferring to host: <128.105.69.229:9618?addrs=128.105.69.229-9618+[2607-f388-2200-100-eaeb-d3ff-fe40-1104]-9618&alias=e2612.chtc.wisc.edu&noUDP&sock=slot1_4_4023415_97b4_4946>
...
040 (7416.004.000) 2026-04-25 18:17:55 Finished transferring input files
...
001 (7416.004.000) 2026-04-25 18:17:56 Job executing on host: <128.105.69.229:9618?addrs=128.105.69.229-9618+[2607-f388-2200-100-eaeb-d3ff-fe40-1104]-9618&alias=e2612.chtc.wisc.edu&noUDP&sock=startd_14546_ecb2>
	SlotName: slot1_4@e2612.chtc.wisc.edu
	CondorScratchDir = "/var/lib/condor/execute/slot1/dir_2196952/scratch"
	Cpus = 2
	Disk = 8388608
	GPUs = 0
	IoHeavy = 0
	Memory = 10240
...
006 (7416.004.000) 2026-04-25 18:18:05 Image size of job updated: 3894672
	3804  -  MemoryUsage of job (MB)
	3894672  -  ResidentSetSize of job (KB)
...
006 (7416.004.000) 2026-04-25 18:19:30 Image size of job updated: 3894868
	3804  -  MemoryUsage of job (MB)
	3894672  -  ResidentSetSize of job (KB)
...
040 (7416.004.000) 2026-04-25 18:19:30 Started transferring output files
...
040 (7416.004.000) 2026-04-25 18:19:39 Finished transferring output files
...
005 (7416.004.000) 2026-04-25 18:19:40 Job terminated.
	(1) Normal termination (return value 0)
		Usr 0 00:01:19, Sys 0 00:00:16  -  Run Remote Usage
		Usr 0 00:00:00, Sys 0 00:00:00  -  Run Local Usage
		Usr 0 00:01:19, Sys 0 00:00:16  -  Total Remote Usage
		Usr 0 00:00:00, Sys 0 00:00:00  -  Total Local Usage
	3123366107  -  Run Bytes Sent By Job
	1184202929  -  Run Bytes Received By Job
	3123366107  -  Total Bytes Sent By Job
	1184202929  -  Total Bytes Received By Job
	Partitionable Resources :    Usage  Request Allocated 
	   Cpus                 :        0        2         2 
	   Disk (KB)            :  4206638  8388608   8388608 
	   GPUs                 :                           0 
	   IoHeavy              :                           0 
	   Memory (MB)          :     3804    10240     10240 
	   TimeExecute (s)      :       94                    
	   TimeSlotBusy (s)     :      112                    
...
