000 (7416.001.000) 2026-04-25 18:15:30 Job submitted from host: <128.105.76.6:9618?addrs=128.105.76.6-9618+[2607-f388-2200-100-216-3eff-fe63-f8a5]-9618&alias=learn.chtc.wisc.edu&noUDP&sock=schedd_6739_f8d1>
...
040 (7416.001.000) 2026-04-25 18:17:42 Started transferring input files
	Transferring to host: <128.105.68.53:9618?addrs=128.105.68.53-9618+[2607-f388-2200-100-3680-dff-fe2e-8828]-9618&alias=e2483.chtc.wisc.edu&noUDP&sock=slot1_1_1763521_d47a_1185>
...
040 (7416.001.000) 2026-04-25 18:17:46 Finished transferring input files
...
001 (7416.001.000) 2026-04-25 18:17:47 Job executing on host: <128.105.68.53:9618?addrs=128.105.68.53-9618+[2607-f388-2200-100-3680-dff-fe2e-8828]-9618&alias=e2483.chtc.wisc.edu&noUDP&sock=startd_11660_5e5f>
	SlotName: slot1_1@e2483.chtc.wisc.edu
	CondorScratchDir = "/var/lib/condor/execute/slot1/dir_3094828/scratch"
	Cpus = 2
	Disk = 8388608
	GPUs = 0
	IoHeavy = 0
	Memory = 10240
...
006 (7416.001.000) 2026-04-25 18:17:56 Image size of job updated: 3101656
	3029  -  MemoryUsage of job (MB)
	3101656  -  ResidentSetSize of job (KB)
...
040 (7416.001.000) 2026-04-25 18:19:28 Started transferring output files
...
040 (7416.001.000) 2026-04-25 18:19:34 Finished transferring output files
...
005 (7416.001.000) 2026-04-25 18:19:35 Job terminated.
	(1) Normal termination (return value 0)
		Usr 0 00:01:31, Sys 0 00:00:10  -  Run Remote Usage
		Usr 0 00:00:00, Sys 0 00:00:00  -  Run Local Usage
		Usr 0 00:01:31, Sys 0 00:00:10  -  Total Remote Usage
		Usr 0 00:00:00, Sys 0 00:00:00  -  Total Local Usage
	2436614106  -  Run Bytes Sent By Job
	1099584718  -  Run Bytes Received By Job
	2436614106  -  Total Bytes Sent By Job
	1099584718  -  Total Bytes Received By Job
	Partitionable Resources :      Usage  Request Allocated 
	   Cpus                 :       0.99        2         2 
	   Disk (KB)            : 3453347     8388608   8388608 
	   GPUs                 :                             0 
	   IoHeavy              :                             0 
	   Memory (MB)          :    3029       10240     10240 
	   TimeExecute (s)      :     101                       
	   TimeSlotBusy (s)     :     112                       
...
