000 (7417.007.000) 2026-04-25 18:27:52 Job submitted from host: <128.105.76.6:9618?addrs=128.105.76.6-9618+[2607-f388-2200-100-216-3eff-fe63-f8a5]-9618&alias=learn.chtc.wisc.edu&noUDP&sock=schedd_6739_f8d1>
...
040 (7417.007.000) 2026-04-25 18:28:59 Started transferring input files
	Transferring to host: <128.105.68.151:9618?addrs=128.105.68.151-9618+[2607-f388-2200-100-b226-28ff-fe50-4e4c]-9618&alias=e2010.chtc.wisc.edu&noUDP&sock=slot1_4_2783016_490c_6973>
...
040 (7417.007.000) 2026-04-25 18:29:04 Finished transferring input files
...
001 (7417.007.000) 2026-04-25 18:29:05 Job executing on host: <128.105.68.151:9618?addrs=128.105.68.151-9618+[2607-f388-2200-100-b226-28ff-fe50-4e4c]-9618&alias=e2010.chtc.wisc.edu&noUDP&sock=startd_10092_d9df>
	SlotName: slot1_4@e2010.chtc.wisc.edu
	CondorScratchDir = "/var/lib/condor/execute/slot1/dir_1661037/scratch"
	Cpus = 2
	Disk = 8388608
	GPUs = 0
	IoHeavy = 0
	Memory = 10240
...
006 (7417.007.000) 2026-04-25 18:29:08 Image size of job updated: 188
	0  -  MemoryUsage of job (MB)
	0  -  ResidentSetSize of job (KB)
...
004 (7417.007.000) 2026-04-25 18:29:08 Job was evicted. Code 1023 Subcode 0
	(0) CPU times
		Usr 0 00:00:02, Sys 0 00:00:00  -  Run Remote Usage
		Usr 0 00:00:00, Sys 0 00:00:00  -  Run Local Usage
	0  -  Run Bytes Sent By Job
	1179278596  -  Run Bytes Received By Job
	Reason: via condor_rm (by user sbasnet3)
	Partitionable Resources :    Usage  Request Allocated 
	   Cpus                 :        0        2         2 
	   Disk (KB)            :  1151752  8388608   8388608 
	   GPUs                 :                           0 
	   IoHeavy              :                           0 
	   Memory (MB)          :        0    10240     10240 
	   TimeExecute (s)      :        3                    
	   TimeSlotBusy (s)     :        9                    
...
009 (7417.007.000) 2026-04-25 18:29:08 Job was aborted.
	via condor_rm (by user sbasnet3)
...
