000 (7418.001.000) 2026-04-25 18:29:57 Job submitted from host: <128.105.76.6:9618?addrs=128.105.76.6-9618+[2607-f388-2200-100-216-3eff-fe63-f8a5]-9618&alias=learn.chtc.wisc.edu&noUDP&sock=schedd_6739_f8d1>
...
040 (7418.001.000) 2026-04-25 18:33:32 Started transferring input files
	Transferring to host: <128.105.68.38:9618?addrs=128.105.68.38-9618+[2607-f388-2200-100-3680-dff-fe2e-8660]-9618&alias=e2468.chtc.wisc.edu&noUDP&sock=slot1_19_2585800_c5b8_110598>
...
040 (7418.001.000) 2026-04-25 18:33:39 Finished transferring input files
...
001 (7418.001.000) 2026-04-25 18:33:40 Job executing on host: <128.105.68.38:9618?addrs=128.105.68.38-9618+[2607-f388-2200-100-3680-dff-fe2e-8660]-9618&alias=e2468.chtc.wisc.edu&noUDP&sock=startd_11697_bf60>
	SlotName: slot1_19@e2468.chtc.wisc.edu
	CondorScratchDir = "/var/lib/condor/execute/slot1/dir_2790049/scratch"
	Cpus = 2
	Disk = 8388608
	GPUs = 0
	IoHeavy = 0
	Memory = 10240
...
006 (7418.001.000) 2026-04-25 18:33:47 Image size of job updated: 2791676
	0  -  MemoryUsage of job (MB)
	0  -  ResidentSetSize of job (KB)
...
040 (7418.001.000) 2026-04-25 18:33:47 Started transferring output files
...
040 (7418.001.000) 2026-04-25 18:33:47 Finished transferring output files
...
005 (7418.001.000) 2026-04-25 18:33:47 Job terminated.
	(1) Normal termination (return value 1)
		Usr 0 00:00:07, Sys 0 00:00:01  -  Run Remote Usage
		Usr 0 00:00:00, Sys 0 00:00:00  -  Run Local Usage
		Usr 0 00:00:07, Sys 0 00:00:01  -  Total Remote Usage
		Usr 0 00:00:00, Sys 0 00:00:00  -  Total Local Usage
	491  -  Run Bytes Sent By Job
	1099584817  -  Run Bytes Received By Job
	491  -  Total Bytes Sent By Job
	1099584817  -  Total Bytes Received By Job
	Partitionable Resources :    Usage  Request Allocated 
	   Cpus                 :        0        2         2 
	   Disk (KB)            :  1073842  8388608   8388608 
	   GPUs                 :                           0 
	   IoHeavy              :                           0 
	   Memory (MB)          :        0    10240     10240 
	   TimeExecute (s)      :        7                    
	   TimeSlotBusy (s)     :       15                    
...
