000 (7419.000.000) 2026-04-25 21:32:25 Job submitted from host: <128.105.76.6:9618?addrs=128.105.76.6-9618+[2607-f388-2200-100-216-3eff-fe63-f8a5]-9618&alias=learn.chtc.wisc.edu&noUDP&sock=schedd_6739_f8d1>
...
040 (7419.000.000) 2026-04-25 21:33:04 Started transferring input files
	Transferring to host: <128.105.69.131:9618?addrs=128.105.69.131-9618+[2607-f388-2200-100-1270-fdff-fe56-6724]-9618&alias=e4080.chtc.wisc.edu&noUDP&sock=slot1_23_57475_163a_4389>
...
040 (7419.000.000) 2026-04-25 21:33:14 Finished transferring input files
...
001 (7419.000.000) 2026-04-25 21:33:15 Job executing on host: <128.105.69.131:9618?addrs=128.105.69.131-9618+[2607-f388-2200-100-1270-fdff-fe56-6724]-9618&alias=e4080.chtc.wisc.edu&noUDP&sock=startd_10470_20ab>
	SlotName: slot1_23@e4080.chtc.wisc.edu
	CondorScratchDir = "/var/lib/condor/execute/slot1/dir_603354/scratch"
	Cpus = 2
	Disk = 8388608
	GPUs = 0
	IoHeavy = 0
	Memory = 10240
...
006 (7419.000.000) 2026-04-25 21:33:17 Image size of job updated: 80
	0  -  MemoryUsage of job (MB)
	0  -  ResidentSetSize of job (KB)
...
040 (7419.000.000) 2026-04-25 21:33:17 Started transferring output files
...
040 (7419.000.000) 2026-04-25 21:33:17 Finished transferring output files
...
005 (7419.000.000) 2026-04-25 21:33:18 Job terminated.
	(1) Normal termination (return value 1)
		Usr 0 00:00:00, Sys 0 00:00:00  -  Run Remote Usage
		Usr 0 00:00:00, Sys 0 00:00:00  -  Run Local Usage
		Usr 0 00:00:00, Sys 0 00:00:00  -  Total Remote Usage
		Usr 0 00:00:00, Sys 0 00:00:00  -  Total Local Usage
	1250  -  Run Bytes Sent By Job
	3300043502  -  Run Bytes Received By Job
	1250  -  Total Bytes Sent By Job
	3300043502  -  Total Bytes Received By Job
	Partitionable Resources :    Usage  Request Allocated 
	   Cpus                 :        0        2         2 
	   Disk (KB)            :  3222808  8388608   8388608 
	   GPUs                 :                           0 
	   IoHeavy              :                           0 
	   Memory (MB)          :        0    10240     10240 
	   TimeExecute (s)      :        2                    
	   TimeSlotBusy (s)     :       14                    
...
