000 (7420.000.000) 2026-04-25 21:35:20 Job submitted from host: <128.105.76.6:9618?addrs=128.105.76.6-9618+[2607-f388-2200-100-216-3eff-fe63-f8a5]-9618&alias=learn.chtc.wisc.edu&noUDP&sock=schedd_6739_f8d1>
...
040 (7420.000.000) 2026-04-25 21:35:55 Started transferring input files
	Transferring to host: <128.105.69.133:9618?addrs=128.105.69.133-9618+[2607-f388-2200-100-1270-fdff-fe56-70f4]-9618&alias=e4082.chtc.wisc.edu&noUDP&sock=slot1_4_10859_e5d3_8884>
...
040 (7420.000.000) 2026-04-25 21:36:13 Finished transferring input files
...
001 (7420.000.000) 2026-04-25 21:36:14 Job executing on host: <128.105.69.133:9618?addrs=128.105.69.133-9618+[2607-f388-2200-100-1270-fdff-fe56-70f4]-9618&alias=e4082.chtc.wisc.edu&noUDP&sock=startd_10460_44b9>
	SlotName: slot1_4@e4082.chtc.wisc.edu
	CondorScratchDir = "/var/lib/condor/execute/slot1/dir_2512013/scratch"
	Cpus = 2
	Disk = 8388608
	GPUs = 0
	IoHeavy = 0
	Memory = 10240
...
006 (7420.000.000) 2026-04-25 21:36:16 Image size of job updated: 68
	0  -  MemoryUsage of job (MB)
	0  -  ResidentSetSize of job (KB)
...
040 (7420.000.000) 2026-04-25 21:36:16 Started transferring output files
...
040 (7420.000.000) 2026-04-25 21:36:16 Finished transferring output files
...
005 (7420.000.000) 2026-04-25 21:36:17 Job terminated.
	(1) Normal termination (return value 1)
		Usr 0 00:00:01, Sys 0 00:00:01  -  Run Remote Usage
		Usr 0 00:00:00, Sys 0 00:00:00  -  Run Local Usage
		Usr 0 00:00:01, Sys 0 00:00:01  -  Total Remote Usage
		Usr 0 00:00:00, Sys 0 00:00:00  -  Total Local Usage
	867  -  Run Bytes Sent By Job
	3300043520  -  Run Bytes Received By Job
	867  -  Total Bytes Sent By Job
	3300043520  -  Total Bytes Received By Job
	Partitionable Resources :    Usage  Request Allocated 
	   Cpus                 :        0        2         2 
	   Disk (KB)            :  3222812  8388608   8388608 
	   GPUs                 :                           0 
	   IoHeavy              :                           0 
	   Memory (MB)          :        0    10240     10240 
	   TimeExecute (s)      :        2                    
	   TimeSlotBusy (s)     :       21                    
...
