000 (6701.018.000) 2026-04-20 18:04:11 Job submitted from host: <128.105.76.6:9618?addrs=128.105.76.6-9618+[2607-f388-2200-100-216-3eff-fe63-f8a5]-9618&alias=learn.chtc.wisc.edu&noUDP&sock=schedd_6739_f8d1>
...
040 (6701.018.000) 2026-04-20 18:05:14 Started transferring input files
	Transferring to host: <128.105.68.46:9618?addrs=128.105.68.46-9618+[2607-f388-2200-100-3680-dff-fe2e-8780]-9618&alias=e2476.chtc.wisc.edu&noUDP&sock=slot1_17_2894634_4386_92538>
...
040 (6701.018.000) 2026-04-20 18:05:33 Finished transferring input files
...
001 (6701.018.000) 2026-04-20 18:05:34 Job executing on host: <128.105.68.46:9618?addrs=128.105.68.46-9618+[2607-f388-2200-100-3680-dff-fe2e-8780]-9618&alias=e2476.chtc.wisc.edu&noUDP&sock=startd_11549_3b5b>
	SlotName: slot1_17@e2476.chtc.wisc.edu
	CondorScratchDir = "/var/lib/condor/execute/slot1/dir_4047305/scratch"
	Cpus = 1
	Disk = 5242880
	GPUs = 0
	IoHeavy = 0
	Memory = 1024
...
006 (6701.018.000) 2026-04-20 18:05:34 Image size of job updated: 388
	0  -  MemoryUsage of job (MB)
	0  -  ResidentSetSize of job (KB)
...
040 (6701.018.000) 2026-04-20 18:05:34 Started transferring output files
...
040 (6701.018.000) 2026-04-20 18:05:34 Finished transferring output files
...
005 (6701.018.000) 2026-04-20 18:05:35 Job terminated.
	(1) Normal termination (return value 127)
		Usr 0 00:00:00, Sys 0 00:00:00  -  Run Remote Usage
		Usr 0 00:00:00, Sys 0 00:00:00  -  Run Local Usage
		Usr 0 00:00:00, Sys 0 00:00:00  -  Total Remote Usage
		Usr 0 00:00:00, Sys 0 00:00:00  -  Total Local Usage
	133  -  Run Bytes Sent By Job
	1609507126  -  Run Bytes Received By Job
	133  -  Total Bytes Sent By Job
	1609507126  -  Total Bytes Received By Job
	Partitionable Resources :    Usage  Request Allocated 
	   Cpus                 :        0        1         1 
	   Disk (KB)            :  1571812  5242880   5242880 
	   GPUs                 :                           0 
	   IoHeavy              :                           0 
	   Memory (MB)          :        0     1024      1024 
	   TimeExecute (s)      :        0                    
	   TimeSlotBusy (s)     :       20                    
...
