000 (6701.012.000) 2026-04-20 18:04:11 Job submitted from host: <128.105.76.6:9618?addrs=128.105.76.6-9618+[2607-f388-2200-100-216-3eff-fe63-f8a5]-9618&alias=learn.chtc.wisc.edu&noUDP&sock=schedd_6739_f8d1>
...
040 (6701.012.000) 2026-04-20 18:05:14 Started transferring input files
	Transferring to host: <128.105.69.230:9618?addrs=128.105.69.230-9618+[2607-f388-2200-100-eaeb-d3ff-fe40-17bc]-9618&alias=e2613.chtc.wisc.edu&noUDP&sock=slot1_57_1963934_eb30_118752>
...
040 (6701.012.000) 2026-04-20 18:05:34 Finished transferring input files
...
001 (6701.012.000) 2026-04-20 18:05:35 Job executing on host: <128.105.69.230:9618?addrs=128.105.69.230-9618+[2607-f388-2200-100-eaeb-d3ff-fe40-17bc]-9618&alias=e2613.chtc.wisc.edu&noUDP&sock=startd_14544_8d81>
	SlotName: slot1_57@e2613.chtc.wisc.edu
	CondorScratchDir = "/var/lib/condor/execute/slot1/dir_1838738/scratch"
	Cpus = 1
	Disk = 5242880
	GPUs = 0
	IoHeavy = 0
	Memory = 1024
...
006 (6701.012.000) 2026-04-20 18:05:35 Image size of job updated: 60
	0  -  MemoryUsage of job (MB)
	0  -  ResidentSetSize of job (KB)
...
040 (6701.012.000) 2026-04-20 18:05:36 Started transferring output files
...
040 (6701.012.000) 2026-04-20 18:05:36 Finished transferring output files
...
005 (6701.012.000) 2026-04-20 18:05:36 Job terminated.
	(1) Normal termination (return value 127)
		Usr 0 00:00:00, Sys 0 00:00:00  -  Run Remote Usage
		Usr 0 00:00:00, Sys 0 00:00:00  -  Run Local Usage
		Usr 0 00:00:00, Sys 0 00:00:00  -  Total Remote Usage
		Usr 0 00:00:00, Sys 0 00:00:00  -  Total Local Usage
	133  -  Run Bytes Sent By Job
	1613360788  -  Run Bytes Received By Job
	133  -  Total Bytes Sent By Job
	1613360788  -  Total Bytes Received By Job
	Partitionable Resources :      Usage  Request Allocated 
	   Cpus                 :       0.92        1         1 
	   Disk (KB)            : 1575575     5242880   5242880 
	   GPUs                 :                             0 
	   IoHeavy              :                             0 
	   Memory (MB)          :       0        1024      1024 
	   TimeExecute (s)      :       0                       
	   TimeSlotBusy (s)     :      22                       
...
