
Attaching package: ‘dplyr’

The following objects are masked from ‘package:stats’:

    filter, lag

The following objects are masked from ‘package:base’:

    intersect, setdiff, setequal, union

Error in `mutate()`:
ℹ In argument: `pickup_datetime = ymd_hms(pickup_datetime)`.
Caused by error in `ymd_hms()`:
! could not find function "ymd_hms"
Backtrace:
     ▆
  1. ├─... %>% mutate(pickup_datetime = ymd_hms(pickup_datetime))
  2. ├─dplyr::mutate(., pickup_datetime = ymd_hms(pickup_datetime))
  3. ├─dplyr:::mutate.data.frame(., pickup_datetime = ymd_hms(pickup_datetime))
  4. │ └─dplyr:::mutate_cols(.data, dplyr_quosures(...), by)
  5. │   ├─base::withCallingHandlers(...)
  6. │   └─dplyr:::mutate_col(dots[[i]], data, mask, new_columns)
  7. │     └─mask$eval_all_mutate(quo)
  8. │       └─dplyr (local) eval()
  9. └─base::.handleSimpleError(...)
 10.   └─dplyr (local) h(simpleError(msg, call))
 11.     └─rlang::abort(message, class = error_class, parent = parent, call = error_call)
Execution halted
