000 (6790.000.000) 2026-04-21 08:58:22 Job submitted from host: <128.105.76.6:9618?addrs=128.105.76.6-9618+[2607-f388-2200-100-216-3eff-fe63-f8a5]-9618&alias=learn.chtc.wisc.edu&noUDP&sock=schedd_6739_f8d1>
...
040 (6790.000.000) 2026-04-21 08:58:28 Started transferring input files
	Transferring to host: <128.105.69.89:9618?addrs=128.105.69.89-9618+[2607-f388-2200-100-1270-fdff-fe56-41cc]-9618&alias=build4000.chtc.wisc.edu&noUDP&sock=build2_2_1962395_8dd1_154380>
...
040 (6790.000.000) 2026-04-21 08:58:28 Finished transferring input files
...
001 (6790.000.000) 2026-04-21 08:58:29 Job executing on host: <128.105.69.89:9618?addrs=128.105.69.89-9618+[2607-f388-2200-100-1270-fdff-fe56-41cc]-9618&alias=build4000.chtc.wisc.edu&noUDP&sock=startd_3876964_6912>
	SlotName: build2_2@build4000.chtc.wisc.edu
	CondorScratchDir = "/var/lib/condor/execute/slot2/dir_3735380/scratch"
	Cpus = 1
	Disk = 10485760
	GPUs = 0
	IoHeavy = 0
	Memory = 4096
...
006 (6790.000.000) 2026-04-21 08:58:38 Image size of job updated: 1500
	1  -  MemoryUsage of job (MB)
	372  -  ResidentSetSize of job (KB)
...
006 (6790.000.000) 2026-04-21 08:58:40 Image size of job updated: 2224
	3  -  MemoryUsage of job (MB)
	2224  -  ResidentSetSize of job (KB)
...
000 (6793.000.000) 2026-04-21 09:02:52 Job submitted from host: <128.105.76.6:9618?addrs=128.105.76.6-9618+[2607-f388-2200-100-216-3eff-fe63-f8a5]-9618&alias=learn.chtc.wisc.edu&noUDP&sock=schedd_6739_f8d1>
...
006 (6790.000.000) 2026-04-21 09:03:39 Image size of job updated: 4156
	5  -  MemoryUsage of job (MB)
	4156  -  ResidentSetSize of job (KB)
...
000 (6799.000.000) 2026-04-21 09:15:27 Job submitted from host: <128.105.76.6:9618?addrs=128.105.76.6-9618+[2607-f388-2200-100-216-3eff-fe63-f8a5]-9618&alias=learn.chtc.wisc.edu&noUDP&sock=schedd_6739_f8d1>
...
004 (6790.000.000) 2026-04-21 09:16:19 Job was evicted. Code 1023 Subcode 0
	(0) CPU times
		Usr 0 00:00:00, Sys 0 00:00:00  -  Run Remote Usage
		Usr 0 00:00:00, Sys 0 00:00:00  -  Run Local Usage
	0  -  Run Bytes Sent By Job
	685  -  Run Bytes Received By Job
	Reason: via condor_rm (by user sbasnet3)
	Partitionable Resources :    Usage  Request Allocated 
	   Cpus                 :        0        1         1 
	   Disk (KB)            :       44 10485760  10485760 
	   GPUs                 :                           0 
	   IoHeavy              :                           0 
	   Memory (MB)          :        5     4096      4096 
	   TimeExecute (s)      :     1070                    
	   TimeSlotBusy (s)     :     1071                    
...
009 (6790.000.000) 2026-04-21 09:16:19 Job was aborted.
	via condor_rm (by user sbasnet3)
...
040 (6793.000.000) 2026-04-21 09:16:19 Started transferring input files
	Transferring to host: <128.105.69.89:9618?addrs=128.105.69.89-9618+[2607-f388-2200-100-1270-fdff-fe56-41cc]-9618&alias=build4000.chtc.wisc.edu&noUDP&sock=build2_2_1962395_8dd1_154446>
...
040 (6793.000.000) 2026-04-21 09:16:19 Finished transferring input files
...
001 (6793.000.000) 2026-04-21 09:16:20 Job executing on host: <128.105.69.89:9618?addrs=128.105.69.89-9618+[2607-f388-2200-100-1270-fdff-fe56-41cc]-9618&alias=build4000.chtc.wisc.edu&noUDP&sock=startd_3876964_6912>
	SlotName: build2_2@build4000.chtc.wisc.edu
	CondorScratchDir = "/var/lib/condor/execute/slot2/dir_3918730/scratch"
	Cpus = 1
	Disk = 10485760
	GPUs = 0
	IoHeavy = 0
	Memory = 4096
...
006 (6793.000.000) 2026-04-21 09:16:27 Image size of job updated: 1500
	1  -  MemoryUsage of job (MB)
	100  -  ResidentSetSize of job (KB)
...
004 (6793.000.000) 2026-04-21 09:16:27 Job was evicted. Code 1023 Subcode 0
	(0) CPU times
		Usr 0 00:00:00, Sys 0 00:00:00  -  Run Remote Usage
		Usr 0 00:00:00, Sys 0 00:00:00  -  Run Local Usage
	0  -  Run Bytes Sent By Job
	685  -  Run Bytes Received By Job
	Reason: via condor_rm (by user sbasnet3)
	Partitionable Resources :    Usage  Request Allocated 
	   Cpus                 :        0        1         1 
	   Disk (KB)            :       30 10485760  10485760 
	   GPUs                 :                           0 
	   IoHeavy              :                           0 
	   Memory (MB)          :        1     4096      4096 
	   TimeExecute (s)      :        7                    
	   TimeSlotBusy (s)     :        8                    
...
009 (6793.000.000) 2026-04-21 09:16:27 Job was aborted.
	via condor_rm (by user sbasnet3)
...
040 (6799.000.000) 2026-04-21 09:16:27 Started transferring input files
	Transferring to host: <128.105.69.89:9618?addrs=128.105.69.89-9618+[2607-f388-2200-100-1270-fdff-fe56-41cc]-9618&alias=build4000.chtc.wisc.edu&noUDP&sock=build2_2_1962395_8dd1_154448>
...
040 (6799.000.000) 2026-04-21 09:16:27 Finished transferring input files
...
001 (6799.000.000) 2026-04-21 09:16:28 Job executing on host: <128.105.69.89:9618?addrs=128.105.69.89-9618+[2607-f388-2200-100-1270-fdff-fe56-41cc]-9618&alias=build4000.chtc.wisc.edu&noUDP&sock=startd_3876964_6912>
	SlotName: build2_2@build4000.chtc.wisc.edu
	CondorScratchDir = "/var/lib/condor/execute/slot2/dir_3919608/scratch"
	Cpus = 1
	Disk = 10485760
	GPUs = 0
	IoHeavy = 0
	Memory = 4096
...
006 (6799.000.000) 2026-04-21 09:16:36 Image size of job updated: 1500
	1  -  MemoryUsage of job (MB)
	372  -  ResidentSetSize of job (KB)
...
006 (6799.000.000) 2026-04-21 09:16:41 Image size of job updated: 2512
	3  -  MemoryUsage of job (MB)
	2512  -  ResidentSetSize of job (KB)
...
006 (6799.000.000) 2026-04-21 09:21:36 Image size of job updated: 4076
	4  -  MemoryUsage of job (MB)
	4076  -  ResidentSetSize of job (KB)
...
021 (6799.000.000) 2026-04-21 13:16:28 Error from starter on build2_2@build4000.chtc.wisc.edu:
	Job failed to complete in 4 hrs
	Code 21 Subcode 0
...
004 (6799.000.000) 2026-04-21 13:16:29 Job was evicted. Code 21 Subcode 0
	(0) CPU times
		Usr 0 00:00:00, Sys 0 00:00:00  -  Run Remote Usage
		Usr 0 00:00:00, Sys 0 00:00:00  -  Run Local Usage
	0  -  Run Bytes Sent By Job
	685  -  Run Bytes Received By Job
	Reason: Error from build2_2@build4000.chtc.wisc.edu: Job failed to complete in 4 hrs
	Partitionable Resources :    Usage  Request Allocated 
	   Cpus                 :        0        1         1 
	   Disk (KB)            :       44 10485760  10485760 
	   GPUs                 :                           0 
	   IoHeavy              :                           0 
	   Memory (MB)          :        4     4096      4096 
	   TimeExecute (s)      :       13                    
	   TimeSlotBusy (s)     :    14401                    
...
012 (6799.000.000) 2026-04-21 13:16:29 Job was held.
	Error from build2_2@build4000.chtc.wisc.edu: Job failed to complete in 4 hrs
	Code 21 Subcode 0
...
009 (6799.000.000) 2026-04-21 13:47:14 Job was aborted.
	via condor_rm (by user sbasnet3)
...
000 (6823.000.000) 2026-04-21 14:21:25 Job submitted from host: <128.105.76.6:9618?addrs=128.105.76.6-9618+[2607-f388-2200-100-216-3eff-fe63-f8a5]-9618&alias=learn.chtc.wisc.edu&noUDP&sock=schedd_6739_f8d1>
...
040 (6823.000.000) 2026-04-21 14:21:28 Started transferring input files
	Transferring to host: <128.105.69.89:9618?addrs=128.105.69.89-9618+[2607-f388-2200-100-1270-fdff-fe56-41cc]-9618&alias=build4000.chtc.wisc.edu&noUDP&sock=build2_1_1962395_8dd1_155159>
...
040 (6823.000.000) 2026-04-21 14:21:28 Finished transferring input files
...
001 (6823.000.000) 2026-04-21 14:21:29 Job executing on host: <128.105.69.89:9618?addrs=128.105.69.89-9618+[2607-f388-2200-100-1270-fdff-fe56-41cc]-9618&alias=build4000.chtc.wisc.edu&noUDP&sock=startd_3876964_6912>
	SlotName: build2_1@build4000.chtc.wisc.edu
	CondorScratchDir = "/var/lib/condor/execute/slot2/dir_1568603/scratch"
	Cpus = 1
	Disk = 10485760
	GPUs = 0
	IoHeavy = 0
	Memory = 4096
...
006 (6823.000.000) 2026-04-21 14:21:37 Image size of job updated: 1500
	1  -  MemoryUsage of job (MB)
	376  -  ResidentSetSize of job (KB)
...
006 (6823.000.000) 2026-04-21 14:21:38 Image size of job updated: 2924
	3  -  MemoryUsage of job (MB)
	2924  -  ResidentSetSize of job (KB)
...
006 (6823.000.000) 2026-04-21 14:26:37 Image size of job updated: 4060
	4  -  MemoryUsage of job (MB)
	4060  -  ResidentSetSize of job (KB)
...
004 (6823.000.000) 2026-04-21 16:33:24 Job was evicted. Code 1023 Subcode 0
	(0) CPU times
		Usr 0 00:00:00, Sys 0 00:00:00  -  Run Remote Usage
		Usr 0 00:00:00, Sys 0 00:00:00  -  Run Local Usage
	0  -  Run Bytes Sent By Job
	247  -  Run Bytes Received By Job
	Reason: via condor_rm (by user sbasnet3)
	Partitionable Resources :    Usage  Request Allocated 
	   Cpus                 :     0.00        1         1 
	   Disk (KB)            :    43    10485760  10485760 
	   GPUs                 :                           0 
	   IoHeavy              :                           0 
	   Memory (MB)          :     4        4096      4096 
	   TimeExecute (s)      :  7915                       
	   TimeSlotBusy (s)     :  7917                       
...
009 (6823.000.000) 2026-04-21 16:33:24 Job was aborted.
	via condor_rm (by user sbasnet3)
...
