000 (6485.046.000) 2026-04-18 14:29:37 Job submitted from host: <128.105.76.6:9618?addrs=128.105.76.6-9618+[2607-f388-2200-100-216-3eff-fe63-f8a5]-9618&alias=learn.chtc.wisc.edu&noUDP&sock=schedd_6739_f8d1>
...
040 (6485.046.000) 2026-04-18 14:29:48 Started transferring input files
	Transferring to host: <128.105.68.157:9618?addrs=128.105.68.157-9618+[2607-f388-2200-100-b226-28ff-fe50-2c68]-9618&alias=e2016.chtc.wisc.edu&noUDP&sock=slot1_19_3352233_27d7_70387>
...
040 (6485.046.000) 2026-04-18 14:29:48 Finished transferring input files
...
001 (6485.046.000) 2026-04-18 14:29:49 Job executing on host: <128.105.68.157:9618?addrs=128.105.68.157-9618+[2607-f388-2200-100-b226-28ff-fe50-2c68]-9618&alias=e2016.chtc.wisc.edu&noUDP&sock=startd_9315_e4c8>
	SlotName: slot1_19@e2016.chtc.wisc.edu
	CondorScratchDir = "/var/lib/condor/execute/slot1/dir_2983180/scratch"
	Cpus = 1
	Disk = 4194304
	GPUs = 0
	IoHeavy = 0
	Memory = 1024
...
006 (6485.046.000) 2026-04-18 14:29:49 Image size of job updated: 272
	0  -  MemoryUsage of job (MB)
	0  -  ResidentSetSize of job (KB)
...
040 (6485.046.000) 2026-04-18 14:29:49 Started transferring output files
...
040 (6485.046.000) 2026-04-18 14:29:49 Finished transferring output files
...
005 (6485.046.000) 2026-04-18 14:29:50 Job terminated.
	(1) Normal termination (return value 3)
		Usr 0 00:00:00, Sys 0 00:00:00  -  Run Remote Usage
		Usr 0 00:00:00, Sys 0 00:00:00  -  Run Local Usage
		Usr 0 00:00:00, Sys 0 00:00:00  -  Total Remote Usage
		Usr 0 00:00:00, Sys 0 00:00:00  -  Total Local Usage
	793  -  Run Bytes Sent By Job
	363  -  Run Bytes Received By Job
	793  -  Total Bytes Sent By Job
	363  -  Total Bytes Received By Job
	Partitionable Resources :    Usage  Request Allocated 
	   Cpus                 :        0        1         1 
	   Disk (KB)            :       68  4194304   4194304 
	   GPUs                 :                           0 
	   IoHeavy              :                           0 
	   Memory (MB)          :        0     1024      1024 
	   TimeExecute (s)      :        0                    
	   TimeSlotBusy (s)     :        1                    
...
