000 (6485.055.000) 2026-04-18 14:29:37 Job submitted from host: <128.105.76.6:9618?addrs=128.105.76.6-9618+[2607-f388-2200-100-216-3eff-fe63-f8a5]-9618&alias=learn.chtc.wisc.edu&noUDP&sock=schedd_6739_f8d1>
...
040 (6485.055.000) 2026-04-18 14:29:49 Started transferring input files
	Transferring to host: <128.105.69.94:9618?addrs=128.105.69.94-9618+[2607-f388-2200-100-1270-fdff-fe56-3dcc]-9618&alias=e4005.chtc.wisc.edu&noUDP&sock=slot1_93_3916913_4c89_69050>
...
040 (6485.055.000) 2026-04-18 14:29:49 Finished transferring input files
...
001 (6485.055.000) 2026-04-18 14:29:50 Job executing on host: <128.105.69.94:9618?addrs=128.105.69.94-9618+[2607-f388-2200-100-1270-fdff-fe56-3dcc]-9618&alias=e4005.chtc.wisc.edu&noUDP&sock=startd_16794_dd98>
	SlotName: slot1_93@e4005.chtc.wisc.edu
	CondorScratchDir = "/var/lib/condor/execute/slot1/dir_2111908/scratch"
	Cpus = 1
	Disk = 4194304
	GPUs = 0
	IoHeavy = 0
	Memory = 1024
...
006 (6485.055.000) 2026-04-18 14:29:50 Image size of job updated: 60
	0  -  MemoryUsage of job (MB)
	0  -  ResidentSetSize of job (KB)
...
040 (6485.055.000) 2026-04-18 14:29:50 Started transferring output files
...
040 (6485.055.000) 2026-04-18 14:29:50 Finished transferring output files
...
005 (6485.055.000) 2026-04-18 14:29:51 Job terminated.
	(1) Normal termination (return value 3)
		Usr 0 00:00:00, Sys 0 00:00:00  -  Run Remote Usage
		Usr 0 00:00:00, Sys 0 00:00:00  -  Run Local Usage
		Usr 0 00:00:00, Sys 0 00:00:00  -  Total Remote Usage
		Usr 0 00:00:00, Sys 0 00:00:00  -  Total Local Usage
	793  -  Run Bytes Sent By Job
	363  -  Run Bytes Received By Job
	793  -  Total Bytes Sent By Job
	363  -  Total Bytes Received By Job
	Partitionable Resources :    Usage  Request Allocated 
	   Cpus                 :                 1         1 
	   Disk (KB)            :       68  4194304   4194304 
	   GPUs                 :                           0 
	   IoHeavy              :                           0 
	   Memory (MB)          :        0     1024      1024 
	   TimeExecute (s)      :        0                    
	   TimeSlotBusy (s)     :        2                    
...
