000 (6485.001.000) 2026-04-18 14:29:37 Job submitted from host: <128.105.76.6:9618?addrs=128.105.76.6-9618+[2607-f388-2200-100-216-3eff-fe63-f8a5]-9618&alias=learn.chtc.wisc.edu&noUDP&sock=schedd_6739_f8d1>
...
040 (6485.001.000) 2026-04-18 14:29:46 Started transferring input files
	Transferring to host: <128.105.69.102:9618?addrs=128.105.69.102-9618+[2607-f388-2200-100-1270-fdff-fe56-cbc4]-9618&alias=e4013.chtc.wisc.edu&noUDP&sock=slot1_53_907800_f92c_92100>
...
040 (6485.001.000) 2026-04-18 14:29:46 Finished transferring input files
...
001 (6485.001.000) 2026-04-18 14:29:47 Job executing on host: <128.105.69.102:9618?addrs=128.105.69.102-9618+[2607-f388-2200-100-1270-fdff-fe56-cbc4]-9618&alias=e4013.chtc.wisc.edu&noUDP&sock=startd_14901_6cd1>
	SlotName: slot1_53@e4013.chtc.wisc.edu
	CondorScratchDir = "/var/lib/condor/execute/slot1/dir_2785996/scratch"
	Cpus = 1
	Disk = 4194304
	GPUs = 0
	IoHeavy = 0
	Memory = 1024
...
006 (6485.001.000) 2026-04-18 14:29:47 Image size of job updated: 348
	0  -  MemoryUsage of job (MB)
	0  -  ResidentSetSize of job (KB)
...
040 (6485.001.000) 2026-04-18 14:29:47 Started transferring output files
...
040 (6485.001.000) 2026-04-18 14:29:47 Finished transferring output files
...
005 (6485.001.000) 2026-04-18 14:29:48 Job terminated.
	(1) Normal termination (return value 3)
		Usr 0 00:00:00, Sys 0 00:00:00  -  Run Remote Usage
		Usr 0 00:00:00, Sys 0 00:00:00  -  Run Local Usage
		Usr 0 00:00:00, Sys 0 00:00:00  -  Total Remote Usage
		Usr 0 00:00:00, Sys 0 00:00:00  -  Total Local Usage
	807  -  Run Bytes Sent By Job
	363  -  Run Bytes Received By Job
	807  -  Total Bytes Sent By Job
	363  -  Total Bytes Received By Job
	Partitionable Resources :    Usage  Request Allocated 
	   Cpus                 :        0        1         1 
	   Disk (KB)            :       68  4194304   4194304 
	   GPUs                 :                           0 
	   IoHeavy              :                           0 
	   Memory (MB)          :        0     1024      1024 
	   TimeExecute (s)      :        0                    
	   TimeSlotBusy (s)     :        1                    
...
