000 (6699.021.000) 2026-04-20 18:02:20 Job submitted from host: <128.105.76.6:9618?addrs=128.105.76.6-9618+[2607-f388-2200-100-216-3eff-fe63-f8a5]-9618&alias=learn.chtc.wisc.edu&noUDP&sock=schedd_6739_f8d1>
...
040 (6699.021.000) 2026-04-20 18:02:31 Started transferring input files
	Transferring to host: <128.105.68.15:9618?addrs=128.105.68.15-9618+[2607-f388-2200-100-b226-28ff-fe51-615c]-9618&alias=e2008.chtc.wisc.edu&noUDP&sock=slot1_32_960781_e177_75686>
...
040 (6699.021.000) 2026-04-20 18:02:37 Finished transferring input files
...
040 (6699.021.000) 2026-04-20 18:02:38 Started transferring output files
...
040 (6699.021.000) 2026-04-20 18:02:38 Finished transferring output files
...
021 (6699.021.000) 2026-04-20 18:02:38 Error from starter on slot1_32@e2008.chtc.wisc.edu:
	Failed to transfer files: FILETRANSFER:1:non-zero exit (1) from /usr/libexec/condor/curl_plugin. |Error: Couldn't open file /home/sbasnet3/r_packages.sif (with environment: http_proxy='http://squid-cs-2360.chtc.wisc.edu:3128', https_proxy='') ( URL file = file:///home/sbasnet3/r_packages.sif )|
	Code 12 Subcode 256
...
004 (6699.021.000) 2026-04-20 18:02:39 Job was evicted. Code 13 Subcode 256
	(0) CPU times
		Usr 0 00:00:00, Sys 0 00:00:00  -  Run Remote Usage
		Usr 0 00:00:00, Sys 0 00:00:00  -  Run Local Usage
	0  -  Run Bytes Sent By Job
	0  -  Run Bytes Received By Job
	Reason: Transfer input files failure at execution point slot1_32@e2008.chtc.wisc.edu using protocol file. Details: Couldn't open file /home/sbasnet3/r_packages.sif (with environment: http_proxy='http://squid-cs-2360.chtc.wisc.edu:3128', https_proxy='') ( URL file = file:///home/sbasnet3/r_packages.sif )|
	Partitionable Resources :    Usage  Request Allocated 
	   Cpus                 :        0        1         1 
	   Disk (KB)            :   506392  5242880   5242880 
	   GPUs                 :                           0 
	   IoHeavy              :                           0 
	   Memory (MB)          :              1024      1024 
...
012 (6699.021.000) 2026-04-20 18:02:39 Job was held.
	Transfer input files failure at execution point slot1_32@e2008.chtc.wisc.edu using protocol file. Details: Couldn't open file /home/sbasnet3/r_packages.sif (with environment: http_proxy='http://squid-cs-2360.chtc.wisc.edu:3128', https_proxy='') ( URL file = file:///home/sbasnet3/r_packages.sif )|
	Code 13 Subcode 256
...
009 (6699.021.000) 2026-04-20 18:04:22 Job was aborted.
	via condor_rm (by user sbasnet3)
...
